nohup: ignoring input
Namespace(epoch=200, lr=0.05, model='vgg13_bn', noise=None, resume=False, root='./data', type='train')
test mean and std: [tensor(0.4942), tensor(0.4851), tensor(0.4504)] [tensor(0.2467), tensor(0.2429), tensor(0.2616)]
train mean and std: [tensor(0.4914), tensor(0.4822), tensor(0.4465)] [tensor(0.2470), tensor(0.2435), tensor(0.2616)]
[33mThe trained model will be saved in: outputs/vgg13_bn/default[0m
epoch= 0 	 time= 0.5919557332992553 min 	 lr= 0.05 	 loss= 1.6520552982759598 	 error= 62.09838554987213 percent
accuracy on test set = 50.7499989271164 percent
 
epoch= 1 	 time= 1.3578012585639954 min 	 lr= 0.04999691581204152 	 loss= 1.1475125412501948 	 error= 40.338075450619165 percent
accuracy on test set = 62.05999857187271 percent
 
epoch= 2 	 time= 2.1541547417640685 min 	 lr= 0.04998766400914329 	 loss= 0.9150882611799118 	 error= 30.626598465473148 percent
accuracy on test set = 72.68999814987183 percent
 
epoch= 3 	 time= 2.9476301749547322 min 	 lr= 0.049972246874049255 	 loss= 0.7792062462900605 	 error= 25.705322890025577 percent
accuracy on test set = 74.79999816417694 percent
 
epoch= 4 	 time= 3.7454481959342956 min 	 lr= 0.049950668210706796 	 loss= 0.6944866265787188 	 error= 22.71779091156962 percent
accuracy on test set = 77.80999797582626 percent
 
epoch= 5 	 time= 4.7568535804748535 min 	 lr= 0.04992293334332821 	 loss= 0.6285570539019601 	 error= 20.380834392879322 percent
accuracy on test set = 78.76999801397324 percent
 
epoch= 6 	 time= 5.593831447760264 min 	 lr= 0.04988904911507701 	 loss= 0.5818368661434145 	 error= 18.84630753865937 percent
accuracy on test set = 79.68999779224396 percent
 
epoch= 7 	 time= 6.349827853838603 min 	 lr= 0.049849023886379504 	 loss= 0.5379661012183675 	 error= 17.533168158567776 percent
accuracy on test set = 80.91999799013138 percent
 
epoch= 8 	 time= 7.098124889532725 min 	 lr= 0.04980286753286196 	 loss= 0.5073353339491598 	 error= 16.38147378211741 percent
accuracy on test set = 82.58999824523926 percent
 
epoch= 9 	 time= 7.867803919315338 min 	 lr= 0.049750591442913945 	 loss= 0.4850387840014894 	 error= 15.845588238342948 percent
accuracy on test set = 81.84999787807465 percent
 
epoch= 10 	 time= 8.64406285683314 min 	 lr= 0.049692208514878454 	 loss= 0.4562955333296295 	 error= 14.918078638403617 percent
accuracy on test set = 82.32999819517136 percent
 
epoch= 11 	 time= 9.399692805608113 min 	 lr= 0.049627733153869355 	 loss= 0.44735127763675 	 error= 14.641144498229941 percent
accuracy on test set = 82.04999792575836 percent
 
epoch= 12 	 time= 10.319360824426015 min 	 lr= 0.049557181268217225 	 loss= 0.4259322314997158 	 error= 13.991767899764469 percent
accuracy on test set = 82.7099979519844 percent
 
epoch= 13 	 time= 11.229761226971943 min 	 lr= 0.04948057026554415 	 loss= 0.4178451217348923 	 error= 13.536604850188546 percent
accuracy on test set = 83.4799981713295 percent
 
epoch= 14 	 time= 12.153171157836914 min 	 lr= 0.04939791904846869 	 loss= 0.40390221915586527 	 error= 13.158168161616606 percent
accuracy on test set = 83.8299977183342 percent
 
epoch= 15 	 time= 13.041545848051706 min 	 lr= 0.04930924800994192 	 loss= 0.39333272296601857 	 error= 12.74816175860822 percent
accuracy on test set = 84.33999782800674 percent
 
epoch= 16 	 time= 13.936549139022826 min 	 lr= 0.049214579028215785 	 loss= 0.387056259166859 	 error= 12.493606128960923 percent
accuracy on test set = 84.74999809265137 percent
 
epoch= 17 	 time= 14.834701565901439 min 	 lr= 0.04911393546144496 	 loss= 0.37939008376787386 	 error= 12.38411125319693 percent
accuracy on test set = 84.06999784708023 percent
 
epoch= 18 	 time= 15.751830410957336 min 	 lr= 0.049007342141923586 	 loss= 0.3725758585554864 	 error= 12.124360613810742 percent
accuracy on test set = 85.17999768257141 percent
 
epoch= 19 	 time= 16.640142436822256 min 	 lr= 0.04889482536995826 	 loss= 0.3632227939641689 	 error= 11.838634910485933 percent
accuracy on test set = 84.88999801874161 percent
 
epoch= 20 	 time= 17.523415370782217 min 	 lr= 0.04877641290737885 	 loss= 0.3609472348943086 	 error= 11.763107410782133 percent
accuracy on test set = 84.41999793052673 percent
 
epoch= 21 	 time= 18.417985379695892 min 	 lr= 0.04865213397068864 	 loss= 0.3461597819081353 	 error= 11.145700121779575 percent
accuracy on test set = 85.2799980044365 percent
 
epoch= 22 	 time= 19.33723982175191 min 	 lr= 0.04852201922385564 	 loss= 0.3448874277760611 	 error= 11.187260230179028 percent
accuracy on test set = 84.30999821424484 percent
 
epoch= 23 	 time= 20.243848339716592 min 	 lr= 0.04838610077074669 	 loss= 0.335307777423383 	 error= 10.953085029216679 percent
accuracy on test set = 85.16999799013138 percent
 
epoch= 24 	 time= 21.149644656976065 min 	 lr= 0.04824441214720629 	 loss= 0.3375964077461101 	 error= 10.911924546332004 percent
accuracy on test set = 85.52999794483185 percent
 
epoch= 25 	 time= 22.06111629406611 min 	 lr= 0.048096988312782175 	 loss= 0.3333142842630596 	 error= 10.775255745329211 percent
accuracy on test set = 85.02999782562256 percent
 
epoch= 26 	 time= 22.962567512194315 min 	 lr= 0.04794386564209953 	 loss= 0.3326092094868955 	 error= 10.775255745329211 percent
accuracy on test set = 86.9299978017807 percent
 
epoch= 27 	 time= 23.891620806852977 min 	 lr= 0.04778508191588613 	 loss= 0.3170355618609797 	 error= 10.256553702342236 percent
accuracy on test set = 84.81999802589417 percent
 
epoch= 28 	 time= 24.812683737277986 min 	 lr= 0.04762067631165049 	 loss= 0.3118712417686077 	 error= 10.222586311037889 percent
accuracy on test set = 86.83999782800674 percent
 
epoch= 29 	 time= 25.738781710465748 min 	 lr= 0.047450689394015394 	 loss= 0.3190845111218255 	 error= 10.306505748378042 percent
accuracy on test set = 84.8199976682663 percent
 
epoch= 30 	 time= 26.650004720687868 min 	 lr= 0.0472751631047092 	 loss= 0.31841775523427196 	 error= 10.457560732541486 percent
accuracy on test set = 86.48999780416489 percent
 
epoch= 31 	 time= 27.55702317158381 min 	 lr= 0.04709414075221735 	 loss= 0.3093012604871979 	 error= 10.041959709523583 percent
accuracy on test set = 85.92999798059464 percent
 
epoch= 32 	 time= 28.453993741671244 min 	 lr= 0.046907667001096595 	 loss= 0.3078647017326501 	 error= 9.99080881743175 percent
accuracy on test set = 86.35999810695648 percent
 
epoch= 33 	 time= 29.362351457277935 min 	 lr= 0.04671578786095479 	 loss= 0.3034399821020453 	 error= 9.653932222015108 percent
accuracy on test set = 87.47999781370163 percent
 
epoch= 34 	 time= 30.28613704442978 min 	 lr= 0.0465185506750986 	 loss= 0.2959157308501661 	 error= 9.57281010230179 percent
accuracy on test set = 86.51999771595001 percent
 
epoch= 35 	 time= 31.185081724325816 min 	 lr= 0.04631600410885232 	 loss= 0.30158310715118636 	 error= 9.656329914127165 percent
accuracy on test set = 87.82999789714813 percent
 
epoch= 36 	 time= 32.098499059677124 min 	 lr= 0.04610819813755039 	 loss= 0.29493609922545033 	 error= 9.506074165749123 percent
accuracy on test set = 87.02999782562256 percent
 
epoch= 37 	 time= 32.98906774520874 min 	 lr= 0.045895184034206775 	 loss= 0.2918347733100052 	 error= 9.367007672634271 percent
accuracy on test set = 86.16999793052673 percent
 
epoch= 38 	 time= 33.894952313105264 min 	 lr= 0.04567701435686406 	 loss= 0.2923113669809478 	 error= 9.406170073677512 percent
accuracy on test set = 86.72999811172485 percent
 
epoch= 39 	 time= 34.808107205231984 min 	 lr= 0.0454537429356256 	 loss= 0.28361380976789136 	 error= 9.11844628851127 percent
accuracy on test set = 86.98999786376953 percent
 
epoch= 40 	 time= 35.72233307361603 min 	 lr= 0.045225424859373704 	 loss= 0.2825445429138515 	 error= 9.144820962720516 percent
accuracy on test set = 86.84999793767929 percent
 
epoch= 41 	 time= 36.61117018461228 min 	 lr= 0.04499211646217729 	 loss= 0.274814159287821 	 error= 8.876278775427346 percent
accuracy on test set = 86.14999824762344 percent
 
epoch= 42 	 time= 37.49188130696614 min 	 lr= 0.044753875309392274 	 loss= 0.27618759935316833 	 error= 8.845108686505682 percent
accuracy on test set = 86.64999788999557 percent
 
epoch= 43 	 time= 38.402147483825686 min 	 lr= 0.044510760183458266 	 loss= 0.27150053868208396 	 error= 8.915441176470589 percent
accuracy on test set = 86.32999795675278 percent
 
epoch= 44 	 time= 39.293598008155826 min 	 lr= 0.044262831069394756 	 loss= 0.2706304921213623 	 error= 8.757592710997443 percent
accuracy on test set = 87.69999808073044 percent
 
epoch= 45 	 time= 40.19251214663188 min 	 lr= 0.0440101491400008 	 loss= 0.27541955821501934 	 error= 8.87348145780051 percent
accuracy on test set = 87.82999789714813 percent
 
epoch= 46 	 time= 41.08813729683558 min 	 lr= 0.043752776740761515 	 loss= 0.2688523593842221 	 error= 8.6912563847154 percent
accuracy on test set = 87.14999812841415 percent
 
epoch= 47 	 time= 41.998021471500394 min 	 lr= 0.04349077737446526 	 loss= 0.2659575045299347 	 error= 8.463874680306906 percent
accuracy on test set = 87.4599980711937 percent
 
epoch= 48 	 time= 42.88642758925756 min 	 lr= 0.043224215685535305 	 loss= 0.26910488732406856 	 error= 8.695652173913043 percent
accuracy on test set = 85.07999789714813 percent
 
epoch= 49 	 time= 43.79594933191935 min 	 lr= 0.04295315744407974 	 loss= 0.26389490978797076 	 error= 8.48545395504788 percent
accuracy on test set = 87.17999792098999 percent
 
epoch= 50 	 time= 44.69887759288152 min 	 lr= 0.0426776695296637 	 loss= 0.2572612919465965 	 error= 8.204124040920716 percent
accuracy on test set = 87.11999797821045 percent
 
epoch= 51 	 time= 45.59958333571752 min 	 lr= 0.04239781991480787 	 loss= 0.26428604326056093 	 error= 8.435901534526854 percent
accuracy on test set = 87.57999777793884 percent
 
epoch= 52 	 time= 46.50829281012217 min 	 lr= 0.04211367764821723 	 loss= 0.26063854944751697 	 error= 8.407528763232024 percent
accuracy on test set = 87.03999817371368 percent
 
epoch= 53 	 time= 47.41530600786209 min 	 lr= 0.04182531283774434 	 loss= 0.2523760591512141 	 error= 8.148976985146017 percent
accuracy on test set = 87.16999804973602 percent
 
epoch= 54 	 time= 48.31518433888753 min 	 lr= 0.041532796633091305 	 loss= 0.25137367213854706 	 error= 8.116208439897699 percent
accuracy on test set = 86.6299979686737 percent
 
epoch= 55 	 time= 49.21589635213216 min 	 lr= 0.0412362012082546 	 loss= 0.2506150954291034 	 error= 8.20452365119134 percent
accuracy on test set = 88.29999780654907 percent
 
epoch= 56 	 time= 50.1359282096227 min 	 lr= 0.04093559974371725 	 loss= 0.24830028359466197 	 error= 8.032289002557546 percent
accuracy on test set = 86.66999787092209 percent
 
epoch= 57 	 time= 51.038867104053494 min 	 lr= 0.04063106640839264 	 loss= 0.23812029120105002 	 error= 7.6958120174115265 percent
accuracy on test set = 88.28999781608582 percent
 
epoch= 58 	 time= 51.94482026100159 min 	 lr= 0.04032267634132442 	 loss= 0.2418022435491957 	 error= 7.887228263918396 percent
accuracy on test set = 87.49999797344208 percent
 
epoch= 59 	 time= 52.86021984020869 min 	 lr= 0.040010505633147106 	 loss= 0.24011450674375304 	 error= 7.790521099744245 percent
accuracy on test set = 87.94999772310257 percent
 
epoch= 60 	 time= 53.783983866373696 min 	 lr= 0.03969463130731184 	 loss= 0.24309951207979255 	 error= 7.880035157093916 percent
accuracy on test set = 87.18999791145325 percent
 
epoch= 61 	 time= 54.69468756516775 min 	 lr= 0.03937513130108197 	 loss= 0.2318617444857002 	 error= 7.592710997442455 percent
accuracy on test set = 86.99999755620956 percent
 
epoch= 62 	 time= 55.59692296187083 min 	 lr= 0.03905208444630328 	 loss= 0.23824540817219278 	 error= 7.792119556070899 percent
accuracy on test set = 87.8799979686737 percent
 
epoch= 63 	 time= 56.51524402697881 min 	 lr= 0.038725570449953305 	 loss= 0.2246656233201856 	 error= 7.281809465964432 percent
accuracy on test set = 87.37999773025513 percent
 
epoch= 64 	 time= 57.426369710763296 min 	 lr= 0.03839566987447492 	 loss= 0.22852866536439836 	 error= 7.420875959079284 percent
accuracy on test set = 87.75999790430069 percent
 
epoch= 65 	 time= 58.33858360449473 min 	 lr= 0.03806246411789873 	 loss= 0.2317863355397873 	 error= 7.521579286936299 percent
accuracy on test set = 87.57999783754349 percent
 
epoch= 66 	 time= 59.24331435362498 min 	 lr= 0.037726035393759294 	 loss= 0.21763942478334203 	 error= 7.028452682373164 percent
accuracy on test set = 87.85999810695648 percent
 
epoch= 67 	 time= 60.15532219807307 min 	 lr= 0.0373864667108102 	 loss= 0.218018448871115 	 error= 7.003676464490573 percent
accuracy on test set = 86.39999788999557 percent
 
epoch= 68 	 time= 61.072206322352095 min 	 lr= 0.03704384185254289 	 loss= 0.22950387778489487 	 error= 7.418478251723072 percent
accuracy on test set = 88.04999792575836 percent
 
epoch= 69 	 time= 61.982232550779976 min 	 lr= 0.03669824535651435 	 loss= 0.21441274298274 	 error= 6.971307544757033 percent
accuracy on test set = 86.98999798297882 percent
 
epoch= 70 	 time= 62.89800507624944 min 	 lr= 0.03634976249348868 	 loss= 0.2120271958696568 	 error= 6.915361253196931 percent
accuracy on test set = 88.01999777555466 percent
 
epoch= 71 	 time= 63.79993957678477 min 	 lr= 0.03599847924639789 	 loss= 0.2192857738231759 	 error= 6.986892573973711 percent
accuracy on test set = 87.34999811649323 percent
 
epoch= 72 	 time= 64.70259637832642 min 	 lr= 0.03564448228912683 	 loss= 0.21608517004553315 	 error= 6.982097189749598 percent
accuracy on test set = 87.65999788045883 percent
 
epoch= 73 	 time= 65.59097958008448 min 	 lr= 0.03528785896512774 	 loss= 0.20648025694634298 	 error= 6.71435422299768 percent
accuracy on test set = 88.57999789714813 percent
 
epoch= 74 	 time= 66.50773579676947 min 	 lr= 0.03492869726586953 	 loss= 0.20833718210763638 	 error= 6.759510869565218 percent
accuracy on test set = 88.15999782085419 percent
 
epoch= 75 	 time= 67.40557817220687 min 	 lr= 0.03456708580912726 	 loss= 0.20137676844359054 	 error= 6.5625000030488305 percent
accuracy on test set = 87.65999799966812 percent
 
epoch= 76 	 time= 68.32324676911036 min 	 lr= 0.03420311381711697 	 loss= 0.20423459757090834 	 error= 6.628436703816094 percent
accuracy on test set = 89.0899983048439 percent
 
epoch= 77 	 time= 69.23646056254705 min 	 lr= 0.03383687109448145 	 loss= 0.19952610415666153 	 error= 6.410246157585203 percent
accuracy on test set = 87.5599981546402 percent
 
epoch= 78 	 time= 70.14450957377751 min 	 lr= 0.03346844800613231 	 loss= 0.1916842996464361 	 error= 6.255994245524296 percent
accuracy on test set = 88.6199980378151 percent
 
epoch= 79 	 time= 71.05764627059301 min 	 lr= 0.03309793545495376 	 loss= 0.19201737705170346 	 error= 6.234814581053946 percent
accuracy on test set = 88.7399982213974 percent
 
epoch= 80 	 time= 71.97676556110382 min 	 lr= 0.03272542485937371 	 loss= 0.18990159527305753 	 error= 6.139705873206449 percent
accuracy on test set = 88.27999782562256 percent
 
epoch= 81 	 time= 72.86720156669617 min 	 lr= 0.03235100813080762 	 loss= 0.19275104338327026 	 error= 6.277173909994647 percent
accuracy on test set = 87.5699982047081 percent
 
epoch= 82 	 time= 73.76417570114135 min 	 lr= 0.03197477765098076 	 loss= 0.18890607957263736 	 error= 6.021019824020698 percent
accuracy on test set = 88.29999834299088 percent
 
epoch= 83 	 time= 74.64941127300263 min 	 lr= 0.03159682624913434 	 loss= 0.18672870881760212 	 error= 5.992247442455243 percent
accuracy on test set = 88.19999814033508 percent
 
epoch= 84 	 time= 75.56141073703766 min 	 lr= 0.031217247179121384 	 loss= 0.18421732651455627 	 error= 5.997442452194136 percent
accuracy on test set = 88.35999792814255 percent
 
epoch= 85 	 time= 76.48676031033197 min 	 lr= 0.03083613409639766 	 loss= 0.17879951508034525 	 error= 5.812420076726343 percent
accuracy on test set = 88.02999824285507 percent
 
epoch= 86 	 time= 77.38530668814977 min 	 lr= 0.03045358103491359 	 loss= 0.1745303699275112 	 error= 5.62739770125855 percent
accuracy on test set = 87.69999796152115 percent
 
epoch= 87 	 time= 78.28681690692902 min 	 lr= 0.03006968238391284 	 loss= 0.1766784402453686 	 error= 5.837995515150182 percent
accuracy on test set = 87.69999808073044 percent
 
epoch= 88 	 time= 79.1840433160464 min 	 lr= 0.029684532864643145 	 loss= 0.17915950157224675 	 error= 5.76086955911973 percent
accuracy on test set = 88.36999785900116 percent
 
epoch= 89 	 time= 80.09922779003779 min 	 lr= 0.02929822750698526 	 loss= 0.169373097255483 	 error= 5.515105492623565 percent
accuracy on test set = 88.71999800205231 percent
 
epoch= 90 	 time= 81.01233768463135 min 	 lr= 0.028910861626005795 	 loss= 0.17588041651317532 	 error= 5.701726339662167 percent
accuracy on test set = 88.51999825239182 percent
 
epoch= 91 	 time= 81.92049452463786 min 	 lr= 0.028522530798439593 	 loss= 0.17034615113226045 	 error= 5.582640664961637 percent
accuracy on test set = 87.82999795675278 percent
 
epoch= 92 	 time= 82.8072768608729 min 	 lr= 0.028133330839107632 	 loss= 0.1713348466836278 	 error= 5.664162394945579 percent
accuracy on test set = 88.15999799966812 percent
 
epoch= 93 	 time= 83.70216905673345 min 	 lr= 0.027743357777276153 	 loss= 0.16297813809817405 	 error= 5.308104216900018 percent
accuracy on test set = 89.08999806642532 percent
 
epoch= 94 	 time= 84.61359668175379 min 	 lr= 0.027352707832962876 	 loss= 0.16546700718572072 	 error= 5.345668161616606 percent
accuracy on test set = 88.09999805688858 percent
 
epoch= 95 	 time= 85.51068993409474 min 	 lr= 0.026961477393196143 	 loss= 0.1569409829176143 	 error= 5.166640016428955 percent
accuracy on test set = 88.86999809741974 percent
 
epoch= 96 	 time= 86.4101193745931 min 	 lr= 0.026569762988232853 	 loss= 0.1548201640986878 	 error= 5.049952049084636 percent
accuracy on test set = 88.96999824047089 percent
 
epoch= 97 	 time= 87.31550927956899 min 	 lr= 0.02617766126774108 	 loss= 0.14905172109108447 	 error= 4.862931576531256 percent
accuracy on test set = 88.99999797344208 percent
 
epoch= 98 	 time= 88.22243055502574 min 	 lr= 0.025785268976953223 	 loss= 0.15295618594340657 	 error= 5.025575441472671 percent
accuracy on test set = 87.93999791145325 percent
 
epoch= 99 	 time= 89.1412256439527 min 	 lr= 0.02539268293279553 	 loss= 0.151273165231623 	 error= 4.88171354888955 percent
accuracy on test set = 89.2099980711937 percent
 
epoch= 100 	 time= 90.04968359470368 min 	 lr= 0.025000000000000012 	 loss= 0.15232922172988467 	 error= 4.944852932029978 percent
accuracy on test set = 89.75999826192856 percent
 
epoch= 101 	 time= 90.95609601338704 min 	 lr= 0.0246073170672045 	 loss= 0.14833624904875256 	 error= 4.783407928388747 percent
accuracy on test set = 88.63999789953232 percent
 
epoch= 102 	 time= 91.85743091106414 min 	 lr= 0.024214731023046804 	 loss= 0.14338445342372141 	 error= 4.687100374485221 percent
accuracy on test set = 88.72999799251556 percent
 
epoch= 103 	 time= 92.75930364131928 min 	 lr= 0.023822338732258946 	 loss= 0.13815109530354247 	 error= 4.592790917667282 percent
accuracy on test set = 89.36999785900116 percent
 
epoch= 104 	 time= 93.67237686713537 min 	 lr= 0.023430237011767177 	 loss= 0.13690118109593002 	 error= 4.437739769820972 percent
accuracy on test set = 88.81999790668488 percent
 
epoch= 105 	 time= 94.58621318737666 min 	 lr= 0.02303852260680389 	 loss= 0.1355367260401511 	 error= 4.361812659846547 percent
accuracy on test set = 88.95999819040298 percent
 
epoch= 106 	 time= 95.5020001967748 min 	 lr= 0.022647292167037154 	 loss= 0.13095008380368084 	 error= 4.351422625124607 percent
accuracy on test set = 89.7399982213974 percent
 
epoch= 107 	 time= 96.41770526568095 min 	 lr= 0.02225664222272388 	 loss= 0.12795883966871843 	 error= 4.120044757033249 percent
accuracy on test set = 89.18999814987183 percent
 
epoch= 108 	 time= 97.3276852051417 min 	 lr= 0.02186666916089241 	 loss= 0.12594806236665115 	 error= 4.1867806935859155 percent
accuracy on test set = 88.94999831914902 percent
 
epoch= 109 	 time= 98.23465445439021 min 	 lr= 0.02147746920156045 	 loss= 0.12223711708451018 	 error= 3.8642902813299234 percent
accuracy on test set = 88.63999795913696 percent
 
epoch= 110 	 time= 99.13616354862849 min 	 lr= 0.021089138373994242 	 loss= 0.12059949612830911 	 error= 3.9466112470992694 percent
accuracy on test set = 88.97999787330627 percent
 
epoch= 111 	 time= 100.02709376414617 min 	 lr= 0.02070177249301477 	 loss= 0.11877216547346481 	 error= 3.928228900255754 percent
accuracy on test set = 90.20999830961227 percent
 
epoch= 112 	 time= 100.92810235420863 min 	 lr= 0.0203154671353569 	 loss= 0.11618803933624873 	 error= 3.9054507642145966 percent
accuracy on test set = 89.80999797582626 percent
 
epoch= 113 	 time= 101.84532514413198 min 	 lr= 0.019930317616087205 	 loss= 0.11402408429004653 	 error= 3.6788682803473507 percent
accuracy on test set = 89.50999802350998 percent
 
epoch= 114 	 time= 102.74470314582189 min 	 lr= 0.019546418965086458 	 loss= 0.1121123107031102 	 error= 3.6417039611455424 percent
accuracy on test set = 89.08999800682068 percent
 
epoch= 115 	 time= 103.65099418958029 min 	 lr= 0.019163865903602376 	 loss= 0.11488947899692961 	 error= 3.6460997350990314 percent
accuracy on test set = 89.75999808311462 percent
 
epoch= 116 	 time= 104.56094230016073 min 	 lr= 0.018782752820878643 	 loss= 0.1077625566612348 	 error= 3.493046669094154 percent
accuracy on test set = 90.00999826192856 percent
 
epoch= 117 	 time= 105.45131595134735 min 	 lr= 0.01840317375086569 	 loss= 0.10569725645815625 	 error= 3.454283878321538 percent
accuracy on test set = 90.29999822378159 percent
 
epoch= 118 	 time= 106.36154389778773 min 	 lr= 0.018025222349019283 	 loss= 0.10352581831843347 	 error= 3.296835038363171 percent
accuracy on test set = 89.10999774932861 percent
 
epoch= 119 	 time= 107.26744428475698 min 	 lr= 0.017648991869192415 	 loss= 0.10132655299380612 	 error= 3.2648657289002556 percent
accuracy on test set = 89.85999816656113 percent
 
epoch= 120 	 time= 108.17322492202123 min 	 lr= 0.017274575140626334 	 loss= 0.09846218931667335 	 error= 3.2476822281127693 percent
accuracy on test set = 89.64999800920486 percent
 
epoch= 121 	 time= 109.08250943024953 min 	 lr= 0.016902064545046273 	 loss= 0.09628020969631575 	 error= 3.112212273166003 percent
accuracy on test set = 88.86999797821045 percent
 
epoch= 122 	 time= 109.98909004529317 min 	 lr= 0.016531551993867726 	 loss= 0.09594323378427864 	 error= 3.170955882352941 percent
accuracy on test set = 89.64999788999557 percent
 
epoch= 123 	 time= 110.89879456361135 min 	 lr= 0.016163128905518586 	 loss= 0.08914880198724282 	 error= 2.8544597156212457 percent
accuracy on test set = 89.94999819993973 percent
 
epoch= 124 	 time= 111.80088605880738 min 	 lr= 0.015796886182883066 	 loss= 0.08623308749855174 	 error= 2.785725697227146 percent
accuracy on test set = 89.5399979352951 percent
 
epoch= 125 	 time= 112.70801678101222 min 	 lr= 0.015432914190872771 	 loss= 0.08600792440268999 	 error= 2.7865249330125503 percent
accuracy on test set = 89.27999812364578 percent
 
epoch= 126 	 time= 113.61096333265304 min 	 lr= 0.01507130273413049 	 loss= 0.08604262544370977 	 error= 2.8164961606340335 percent
accuracy on test set = 89.55999803543091 percent
 
epoch= 127 	 time= 114.51620622475942 min 	 lr= 0.01471214103487229 	 loss= 0.08233521829652207 	 error= 2.6378676409611614 percent
accuracy on test set = 89.54999822378159 percent
 
epoch= 128 	 time= 115.4068799217542 min 	 lr= 0.014355517710873194 	 loss= 0.07641312599067798 	 error= 2.515185412848392 percent
accuracy on test set = 89.46999830007553 percent
 
epoch= 129 	 time= 116.3156121412913 min 	 lr= 0.01400152075360213 	 loss= 0.0798169830551995 	 error= 2.5507512757235475 percent
accuracy on test set = 89.2899980545044 percent
 
epoch= 130 	 time= 117.19848081270854 min 	 lr= 0.01365023750651134 	 loss= 0.06933812031050778 	 error= 2.2770140634473326 percent
accuracy on test set = 89.43999820947647 percent
 
epoch= 131 	 time= 118.08857525984446 min 	 lr= 0.013301754643485679 	 loss= 0.07330364011266195 	 error= 2.376918155518944 percent
accuracy on test set = 90.40999805927277 percent
 
epoch= 132 	 time= 118.98905903100967 min 	 lr= 0.012956158147457122 	 loss= 0.07321309128209301 	 error= 2.35813618316065 percent
accuracy on test set = 89.60999804735184 percent
 
epoch= 133 	 time= 119.88573116461436 min 	 lr= 0.012613533289189816 	 loss= 0.0678813276131211 	 error= 2.261429018986499 percent
accuracy on test set = 89.78999799489975 percent
 
epoch= 134 	 time= 120.79211275974909 min 	 lr= 0.012273964606240723 	 loss= 0.06769415623772784 	 error= 2.1699168797953963 percent
accuracy on test set = 90.45999783277512 percent
 
epoch= 135 	 time= 121.72960124810537 min 	 lr= 0.011937535882101285 	 loss= 0.06017912336436989 	 error= 1.9741048593350383 percent
accuracy on test set = 89.83999794721603 percent
 
epoch= 136 	 time= 122.64162352085114 min 	 lr= 0.011604330125525083 	 loss= 0.061560792638860704 	 error= 2.0324488430071974 percent
accuracy on test set = 90.36999821662903 percent
 
epoch= 137 	 time= 123.53413570721945 min 	 lr= 0.011274429550046707 	 loss= 0.05840832395169436 	 error= 1.882193094629156 percent
accuracy on test set = 89.88999795913696 percent
 
epoch= 138 	 time= 124.42828832864761 min 	 lr= 0.010947915553696737 	 loss= 0.05457949762701836 	 error= 1.7535166209920898 percent
accuracy on test set = 90.00999784469604 percent
 
epoch= 139 	 time= 125.32728409369787 min 	 lr= 0.01062486869891804 	 loss= 0.05274121516653339 	 error= 1.7207480757437703 percent
accuracy on test set = 90.05999833345413 percent
 
epoch= 140 	 time= 126.2194947361946 min 	 lr= 0.01030536869268818 	 loss= 0.05017601706735466 	 error= 1.6252397728698027 percent
accuracy on test set = 90.40999817848206 percent
 
epoch= 141 	 time= 127.11406428019205 min 	 lr= 0.009989494366852907 	 loss= 0.04986598203554178 	 error= 1.582880428684947 percent
accuracy on test set = 90.34999799728394 percent
 
epoch= 142 	 time= 128.02232890923818 min 	 lr= 0.00967732365867559 	 loss= 0.050295310066369794 	 error= 1.6088554926235659 percent
accuracy on test set = 90.42999809980392 percent
 
epoch= 143 	 time= 128.91983471711475 min 	 lr= 0.009368933591607374 	 loss= 0.04736485009741448 	 error= 1.4829763366133355 percent
accuracy on test set = 90.70999842882156 percent
 
epoch= 144 	 time= 129.8235830148061 min 	 lr= 0.00906440025628276 	 loss= 0.044906870307176924 	 error= 1.4090473084803432 percent
accuracy on test set = 90.48999810218811 percent
 
epoch= 145 	 time= 130.74227041800816 min 	 lr= 0.008763798791745414 	 loss= 0.03841253398629406 	 error= 1.2527973145780051 percent
accuracy on test set = 90.92999786138535 percent
 
epoch= 146 	 time= 131.6437794526418 min 	 lr= 0.00846720336690871 	 loss= 0.03555349648341803 	 error= 1.1708759590792839 percent
accuracy on test set = 90.44999808073044 percent
 
epoch= 147 	 time= 132.5432995716731 min 	 lr= 0.008174687162255667 	 loss= 0.03700644096545399 	 error= 1.1940537053910667 percent
accuracy on test set = 90.68999820947647 percent
 
epoch= 148 	 time= 133.46150987148286 min 	 lr= 0.007886322351782785 	 loss= 0.03300686290158945 	 error= 1.0541879764908109 percent
accuracy on test set = 90.96999806165695 percent
 
epoch= 149 	 time= 134.36846126317977 min 	 lr= 0.007602180085192145 	 loss= 0.03067000624735642 	 error= 0.9630754475703324 percent
accuracy on test set = 90.1899978518486 percent
 
epoch= 150 	 time= 135.27923259337743 min 	 lr= 0.007322330470336316 	 loss= 0.029732789839510724 	 error= 0.9351023017902813 percent
accuracy on test set = 90.65999835729599 percent
 
epoch= 151 	 time= 136.17969910701115 min 	 lr= 0.007046842555920285 	 loss= 0.028006497884879026 	 error= 0.901534520756558 percent
accuracy on test set = 91.03999829292297 percent
 
epoch= 152 	 time= 137.07676990429562 min 	 lr= 0.006775784314464719 	 loss= 0.02671436741090644 	 error= 0.8483855468232918 percent
accuracy on test set = 90.94999814033508 percent
 
epoch= 153 	 time= 137.97160929441452 min 	 lr= 0.006509222625534758 	 loss= 0.024974614161464487 	 error= 0.7672634271099744 percent
accuracy on test set = 91.19999814033508 percent
 
epoch= 154 	 time= 138.8751113375028 min 	 lr= 0.006247223259238513 	 loss= 0.024192871622350592 	 error= 0.7912404092071612 percent
accuracy on test set = 90.30999797582626 percent
 
epoch= 155 	 time= 139.77523132562638 min 	 lr= 0.0059898508599992295 	 loss= 0.019408614689703372 	 error= 0.6034207161125319 percent
accuracy on test set = 90.89999854564667 percent
 
epoch= 156 	 time= 140.66946900288264 min 	 lr= 0.005737168930605274 	 loss= 0.01766643700811564 	 error= 0.5434782608695652 percent
accuracy on test set = 90.99999803304672 percent
 
epoch= 157 	 time= 141.56092081069946 min 	 lr= 0.005489239816541763 	 loss= 0.018727131330829754 	 error= 0.577445652173913 percent
accuracy on test set = 90.72999858856201 percent
 
epoch= 158 	 time= 142.44815633296966 min 	 lr= 0.005246124690607742 	 loss= 0.018031570336321735 	 error= 0.5874360613810742 percent
accuracy on test set = 91.13999849557877 percent
 
epoch= 159 	 time= 143.35455773274103 min 	 lr= 0.005007883537822737 	 loss= 0.015352497027372307 	 error= 0.4835358056265985 percent
accuracy on test set = 91.49999815225601 percent
 
epoch= 160 	 time= 144.27649719317753 min 	 lr= 0.004774575140626318 	 loss= 0.014962450607413011 	 error= 0.4235933503836317 percent
accuracy on test set = 91.64999806880951 percent
 
epoch= 161 	 time= 145.18788537581761 min 	 lr= 0.00454625706437442 	 loss= 0.011435739686498251 	 error= 0.33088234989234555 percent
accuracy on test set = 91.71999859809875 percent
 
epoch= 162 	 time= 146.11291421254475 min 	 lr= 0.004322985643135959 	 loss= 0.009628516358985564 	 error= 0.2757352941176471 percent
accuracy on test set = 91.7399982213974 percent
 
epoch= 163 	 time= 147.0190432826678 min 	 lr= 0.0041048159657932504 	 loss= 0.010058470308552009 	 error= 0.30570652173913043 percent
accuracy on test set = 91.6199980378151 percent
 
epoch= 164 	 time= 147.92345853249233 min 	 lr= 0.0038918018624496302 	 loss= 0.008795940459680879 	 error= 0.27373721227621484 percent
accuracy on test set = 91.68999814987183 percent
 
epoch= 165 	 time= 148.82889475425085 min 	 lr= 0.0036839958911477027 	 loss= 0.008129148811930815 	 error= 0.24376598465473145 percent
accuracy on test set = 91.96999847888947 percent
 
epoch= 166 	 time= 149.72431339422863 min 	 lr= 0.0034814493249014076 	 loss= 0.008649710892125621 	 error= 0.25495523991792096 percent
accuracy on test set = 91.8899981379509 percent
 
epoch= 167 	 time= 150.61654970645904 min 	 lr= 0.003284212139045219 	 loss= 0.0073024579049909815 	 error= 0.21379475703324807 percent
accuracy on test set = 91.85999810695648 percent
 
epoch= 168 	 time= 151.51102638641993 min 	 lr= 0.003092332998903412 	 loss= 0.004343728643253712 	 error= 0.10989450127877239 percent
accuracy on test set = 92.3199982047081 percent
 
epoch= 169 	 time= 152.41127911408742 min 	 lr= 0.002905859247782665 	 loss= 0.0048174408414517825 	 error= 0.13786764705882354 percent
accuracy on test set = 92.15999829769135 percent
 
epoch= 170 	 time= 153.29575992425282 min 	 lr= 0.0027248368952908068 	 loss= 0.004881728496795515 	 error= 0.11588874680306906 percent
accuracy on test set = 92.05999821424484 percent
 
epoch= 171 	 time= 154.19627434810002 min 	 lr= 0.002549310605984613 	 loss= 0.003887667766083842 	 error= 0.09990409207161126 percent
accuracy on test set = 92.43999856710434 percent
 
epoch= 172 	 time= 155.1016727288564 min 	 lr= 0.0023793236883495176 	 loss= 0.003319674007156316 	 error= 0.0879156010230179 percent
accuracy on test set = 92.54999858140945 percent
 
epoch= 173 	 time= 156.001128021876 min 	 lr= 0.002214918084113875 	 loss= 0.003410964221928788 	 error= 0.09191176470588235 percent
accuracy on test set = 92.37999826669693 percent
 
epoch= 174 	 time= 156.90772783358892 min 	 lr= 0.0020561343579004786 	 loss= 0.002837063700003583 	 error= 0.06194053708439898 percent
accuracy on test set = 92.58999842405319 percent
 
epoch= 175 	 time= 157.8327908396721 min 	 lr= 0.0019030116872178384 	 loss= 0.0023174816289978565 	 error= 0.04995204603580563 percent
accuracy on test set = 92.35999834537506 percent
 
epoch= 176 	 time= 158.74456576506296 min 	 lr= 0.0017555878527937174 	 loss= 0.002601439271436628 	 error= 0.0559462915601023 percent
accuracy on test set = 92.51999831199646 percent
 
epoch= 177 	 time= 159.63684432903926 min 	 lr= 0.0016138992292533167 	 loss= 0.002490520095297843 	 error= 0.05394820971867007 percent
accuracy on test set = 92.60999810695648 percent
 
epoch= 178 	 time= 160.54167513052622 min 	 lr= 0.0014779807761443645 	 loss= 0.0021527615959977594 	 error= 0.04195971867007673 percent
accuracy on test set = 92.58999800682068 percent
 
epoch= 179 	 time= 161.4385607123375 min 	 lr= 0.0013478660293113683 	 loss= 0.0018807969462779133 	 error= 0.0399616368286445 percent
accuracy on test set = 92.64999806880951 percent
 
epoch= 180 	 time= 162.32315609057744 min 	 lr= 0.0012235870926211624 	 loss= 0.001680436829948212 	 error= 0.017982736572890026 percent
accuracy on test set = 92.65999811887741 percent
 
epoch= 181 	 time= 163.22507569392522 min 	 lr= 0.0011051746300417477 	 loss= 0.0018013228752824198 	 error= 0.02797314578005115 percent
accuracy on test set = 92.79999792575836 percent
 
epoch= 182 	 time= 164.11798526446026 min 	 lr= 0.0009926578580764268 	 loss= 0.0015961670728675459 	 error= 0.0239769820971867 percent
accuracy on test set = 92.50999814271927 percent
 
epoch= 183 	 time= 165.01658457517624 min 	 lr= 0.0008860645385550515 	 loss= 0.0015541539525093934 	 error= 0.01998081841432225 percent
accuracy on test set = 92.62999790906906 percent
 
epoch= 184 	 time= 165.9045158346494 min 	 lr= 0.0007854209717842264 	 loss= 0.0016320480752493377 	 error= 0.02597506393861893 percent
accuracy on test set = 92.549997985363 percent
 
epoch= 185 	 time= 166.79033643404642 min 	 lr= 0.0006907519900580866 	 loss= 0.0015455568566575379 	 error= 0.013986572890025575 percent
accuracy on test set = 92.68999803066254 percent
 
epoch= 186 	 time= 167.70332521597544 min 	 lr= 0.0006020809515313173 	 loss= 0.0014596107746938916 	 error= 0.01198849104859335 percent
accuracy on test set = 92.71999824047089 percent
 
epoch= 187 	 time= 168.588907400767 min 	 lr= 0.0005194297344558538 	 loss= 0.0014886596318110443 	 error= 0.0159846547314578 percent
accuracy on test set = 92.68999814987183 percent
 
epoch= 188 	 time= 169.49573424657186 min 	 lr= 0.00044281873178278225 	 loss= 0.0014722777001769341 	 error= 0.021978900255754476 percent
accuracy on test set = 92.75999790430069 percent
 
epoch= 189 	 time= 170.39892843961715 min 	 lr= 0.0003722668461306535 	 loss= 0.0011712869461339987 	 error= 0.005994245524296675 percent
accuracy on test set = 92.75999826192856 percent
 
epoch= 190 	 time= 171.29724967082342 min 	 lr= 0.0003077914851215587 	 loss= 0.0014278038974751331 	 error= 0.0159846547314578 percent
accuracy on test set = 92.63999825716019 percent
 
epoch= 191 	 time= 172.19374075333278 min 	 lr= 0.00024940855708606175 	 loss= 0.0014320304870362515 	 error= 0.02597506393861893 percent
accuracy on test set = 92.66999834775925 percent
 
epoch= 192 	 time= 173.0852440516154 min 	 lr= 0.00019713246713805603 	 loss= 0.0013753002218585319 	 error= 0.017982736572890026 percent
accuracy on test set = 92.64999812841415 percent
 
epoch= 193 	 time= 173.993095767498 min 	 lr= 0.00015097611362051023 	 loss= 0.0012539289311131897 	 error= 0.0079923273657289 percent
accuracy on test set = 92.52999830245972 percent
 
epoch= 194 	 time= 174.88135552008947 min 	 lr= 0.00011095088492300018 	 loss= 0.0015856741401759902 	 error= 0.02597506393861893 percent
accuracy on test set = 92.83999836444855 percent
 
epoch= 195 	 time= 175.78941082954407 min 	 lr= 7.706665667180096e-05 	 loss= 0.0014382907650326295 	 error= 0.009990409207161126 percent
accuracy on test set = 92.7899980545044 percent
 
epoch= 196 	 time= 176.67296406030655 min 	 lr= 4.9331789293211064e-05 	 loss= 0.0013938567102731913 	 error= 0.0159846547314578 percent
accuracy on test set = 92.6499981880188 percent
 
epoch= 197 	 time= 177.5669175585111 min 	 lr= 2.7753125950752432e-05 	 loss= 0.0014156970411927327 	 error= 0.0159846547314578 percent
accuracy on test set = 92.93999809026718 percent
 
epoch= 198 	 time= 178.485852710406 min 	 lr= 1.2335990856710008e-05 	 loss= 0.0013837682869573555 	 error= 0.013986572890025575 percent
accuracy on test set = 92.74999833106995 percent
 
epoch= 199 	 time= 179.3871515115102 min 	 lr= 3.0841879584853094e-06 	 loss= 0.0016831484089707932 	 error= 0.02797314578005115 percent
accuracy on test set = 92.62999814748764 percent
 
