nohup: ignoring input
Namespace(epoch=200, lr=0.05, model='mobilenetv2', noise=None, resume=False, root='./data', type='train')
test mean and std: [tensor(0.4942), tensor(0.4851), tensor(0.4504)] [tensor(0.2467), tensor(0.2429), tensor(0.2616)]
train mean and std: [tensor(0.4914), tensor(0.4822), tensor(0.4465)] [tensor(0.2470), tensor(0.2435), tensor(0.2616)]
[33mThe trained model will be saved in: outputs/mobilenetv2[0m
epoch= 0 	 time= 1.029311768213908 min 	 lr= 0.05 	 loss= 1.602335350897611 	 error= 58.29843349773866 percent
accuracy on test set = 51.69999951124191 percent
 
epoch= 1 	 time= 2.1839529911677045 min 	 lr= 0.04999691581204152 	 loss= 1.0603009643762007 	 error= 37.83807544147267 percent
accuracy on test set = 60.87999898195267 percent
 
epoch= 2 	 time= 3.317851940790812 min 	 lr= 0.04998766400914329 	 loss= 0.8415844732385767 	 error= 29.398177743262956 percent
accuracy on test set = 66.59999853372574 percent
 
epoch= 3 	 time= 4.456442232926687 min 	 lr= 0.049972246874049255 	 loss= 0.713496725425086 	 error= 24.789402170864214 percent
accuracy on test set = 71.28999841213226 percent
 
epoch= 4 	 time= 5.653287549813588 min 	 lr= 0.049950668210706796 	 loss= 0.6377365110475389 	 error= 22.05962276519717 percent
accuracy on test set = 74.58999818563461 percent
 
epoch= 5 	 time= 6.768431663513184 min 	 lr= 0.04992293334332821 	 loss= 0.5928330563218392 	 error= 20.452365728900258 percent
accuracy on test set = 75.44999837875366 percent
 
epoch= 6 	 time= 7.899534777800242 min 	 lr= 0.04988904911507701 	 loss= 0.5529664587181853 	 error= 18.930626601514305 percent
accuracy on test set = 75.1299979686737 percent
 
epoch= 7 	 time= 9.049766008059184 min 	 lr= 0.049849023886379504 	 loss= 0.5248478576350395 	 error= 18.22650255754476 percent
accuracy on test set = 78.74999821186066 percent
 
epoch= 8 	 time= 10.208189447720846 min 	 lr= 0.04980286753286196 	 loss= 0.5032895098409385 	 error= 17.285805620500806 percent
accuracy on test set = 78.90999817848206 percent
 
epoch= 9 	 time= 11.348390789826711 min 	 lr= 0.049750591442913945 	 loss= 0.47942892254313546 	 error= 16.51094949153988 percent
accuracy on test set = 79.96999806165695 percent
 
epoch= 10 	 time= 12.49159920612971 min 	 lr= 0.049692208514878454 	 loss= 0.4652975334230896 	 error= 16.173273660337834 percent
accuracy on test set = 80.31999808549881 percent
 
epoch= 11 	 time= 13.665250289440156 min 	 lr= 0.049627733153869355 	 loss= 0.44795118843960335 	 error= 15.34526854219949 percent
accuracy on test set = 79.81999790668488 percent
 
epoch= 12 	 time= 14.805931262175243 min 	 lr= 0.049557181268217225 	 loss= 0.43748841124117527 	 error= 15.047953958096711 percent
accuracy on test set = 78.97999781370163 percent
 
epoch= 13 	 time= 15.935922571023305 min 	 lr= 0.04948057026554415 	 loss= 0.4362534241145834 	 error= 15.10669756728365 percent
accuracy on test set = 80.30999732017517 percent
 
epoch= 14 	 time= 17.096331532796224 min 	 lr= 0.04939791904846869 	 loss= 0.42692811169740186 	 error= 14.798992963703087 percent
accuracy on test set = 80.38999807834625 percent
 
epoch= 15 	 time= 18.26565376520157 min 	 lr= 0.04930924800994192 	 loss= 0.42102988548291004 	 error= 14.478101023017903 percent
accuracy on test set = 81.0199978351593 percent
 
epoch= 16 	 time= 19.428409028053284 min 	 lr= 0.049214579028215785 	 loss= 0.4151857508265454 	 error= 14.331042202537322 percent
accuracy on test set = 80.46999788284302 percent
 
epoch= 17 	 time= 20.55894851287206 min 	 lr= 0.04911393546144496 	 loss= 0.41117040195580945 	 error= 14.20955882048058 percent
accuracy on test set = 82.17999762296677 percent
 
epoch= 18 	 time= 21.7095405459404 min 	 lr= 0.049007342141923586 	 loss= 0.4105136128490233 	 error= 14.071691173421758 percent
accuracy on test set = 81.34999811649323 percent
 
epoch= 19 	 time= 22.86762483914693 min 	 lr= 0.04889482536995826 	 loss= 0.40431409937036616 	 error= 13.98937020765241 percent
accuracy on test set = 82.27999806404114 percent
 
epoch= 20 	 time= 23.99999320904414 min 	 lr= 0.04877641290737885 	 loss= 0.4026197347494647 	 error= 13.859894498229941 percent
accuracy on test set = 82.57999759912491 percent
 
epoch= 21 	 time= 25.132186671098072 min 	 lr= 0.04865213397068864 	 loss= 0.39888924173534374 	 error= 13.775175825104386 percent
accuracy on test set = 81.34999793767929 percent
 
epoch= 22 	 time= 26.28891002337138 min 	 lr= 0.04852201922385564 	 loss= 0.4060046846604408 	 error= 13.87228259954916 percent
accuracy on test set = 81.39999788999557 percent
 
epoch= 23 	 time= 27.44330675601959 min 	 lr= 0.04838610077074669 	 loss= 0.396711200399472 	 error= 13.590952685421994 percent
accuracy on test set = 80.58999788761139 percent
 
epoch= 24 	 time= 28.584529260794323 min 	 lr= 0.04824441214720629 	 loss= 0.3952775324320854 	 error= 13.415121483375959 percent
accuracy on test set = 82.04999768733978 percent
 
epoch= 25 	 time= 29.70098395347595 min 	 lr= 0.048096988312782175 	 loss= 0.40060238033304435 	 error= 13.74200766958544 percent
accuracy on test set = 83.02999782562256 percent
 
epoch= 26 	 time= 30.87598687807719 min 	 lr= 0.04794386564209953 	 loss= 0.39411619679092447 	 error= 13.469469303365253 percent
accuracy on test set = 80.57999789714813 percent
 
epoch= 27 	 time= 31.979403909047445 min 	 lr= 0.04778508191588613 	 loss= 0.3865730231604003 	 error= 13.333999363662642 percent
accuracy on test set = 81.46999782323837 percent
 
epoch= 28 	 time= 33.04680595000585 min 	 lr= 0.04762067631165049 	 loss= 0.3910034337769384 	 error= 13.474264702833521 percent
accuracy on test set = 79.61999773979187 percent
 
epoch= 29 	 time= 33.997195506095885 min 	 lr= 0.047450689394015394 	 loss= 0.39122402328816824 	 error= 13.495843992818651 percent
accuracy on test set = 82.35999763011932 percent
 
epoch= 30 	 time= 34.86009335120519 min 	 lr= 0.0472751631047092 	 loss= 0.3952531965111223 	 error= 13.664082477769584 percent
accuracy on test set = 82.32999813556671 percent
 
epoch= 31 	 time= 35.71957682768504 min 	 lr= 0.04709414075221735 	 loss= 0.3896553778968504 	 error= 13.333200127877237 percent
accuracy on test set = 80.67999792098999 percent
 
epoch= 32 	 time= 36.57711489200592 min 	 lr= 0.046907667001096595 	 loss= 0.38936393988101986 	 error= 13.456281966260633 percent
accuracy on test set = 82.73999786376953 percent
 
epoch= 33 	 time= 37.42950847943624 min 	 lr= 0.04671578786095479 	 loss= 0.38411022878973683 	 error= 13.202125962128115 percent
accuracy on test set = 82.6599977016449 percent
 
epoch= 34 	 time= 38.27534596920013 min 	 lr= 0.0465185506750986 	 loss= 0.38571398383211297 	 error= 13.434702676275503 percent
accuracy on test set = 82.47999775409698 percent
 
epoch= 35 	 time= 39.11176347732544 min 	 lr= 0.04631600410885232 	 loss= 0.3875738397964736 	 error= 13.346787075252484 percent
accuracy on test set = 81.94999772310257 percent
 
epoch= 36 	 time= 39.94141985177994 min 	 lr= 0.04610819813755039 	 loss= 0.3788204323071653 	 error= 13.090233379007909 percent
accuracy on test set = 81.92999756336212 percent
 
epoch= 37 	 time= 40.76450936794281 min 	 lr= 0.045895184034206775 	 loss= 0.37832116021219725 	 error= 12.873641304347828 percent
accuracy on test set = 82.76999795436859 percent
 
epoch= 38 	 time= 41.58287978569667 min 	 lr= 0.04567701435686406 	 loss= 0.3755936015902273 	 error= 12.77533566860287 percent
accuracy on test set = 82.41999781131744 percent
 
epoch= 39 	 time= 42.40619424978892 min 	 lr= 0.0454537429356256 	 loss= 0.37349364473996566 	 error= 12.86405050541129 percent
accuracy on test set = 82.23999780416489 percent
 
epoch= 40 	 time= 43.225064786275226 min 	 lr= 0.045225424859373704 	 loss= 0.3733004702021704 	 error= 12.908407931437576 percent
accuracy on test set = 81.49999761581421 percent
 
epoch= 41 	 time= 44.038443152109785 min 	 lr= 0.04499211646217729 	 loss= 0.37404788912409714 	 error= 12.922394504327603 percent
accuracy on test set = 82.39999812841415 percent
 
epoch= 42 	 time= 44.853778572877246 min 	 lr= 0.044753875309392274 	 loss= 0.37233867136108906 	 error= 12.809702685421994 percent
accuracy on test set = 81.35999768972397 percent
 
epoch= 43 	 time= 45.67040362358093 min 	 lr= 0.044510760183458266 	 loss= 0.3674164553889838 	 error= 12.70540280415274 percent
accuracy on test set = 81.38999783992767 percent
 
epoch= 44 	 time= 46.49069303671519 min 	 lr= 0.044262831069394756 	 loss= 0.37156996172864726 	 error= 12.738171349401059 percent
accuracy on test set = 81.36999779939651 percent
 
epoch= 45 	 time= 47.31177004178365 min 	 lr= 0.0440101491400008 	 loss= 0.3647320612388499 	 error= 12.523577356582408 percent
accuracy on test set = 81.00999772548676 percent
 
epoch= 46 	 time= 48.13745987017949 min 	 lr= 0.043752776740761515 	 loss= 0.3675973486641179 	 error= 12.63706841127342 percent
accuracy on test set = 83.75999760627747 percent
 
epoch= 47 	 time= 48.971684245268506 min 	 lr= 0.04349077737446526 	 loss= 0.35701953697844846 	 error= 12.39969628241361 percent
accuracy on test set = 82.63999801874161 percent
 
epoch= 48 	 time= 49.79360847473144 min 	 lr= 0.043224215685535305 	 loss= 0.3651470051473364 	 error= 12.541560093155296 percent
accuracy on test set = 82.81999778747559 percent
 
epoch= 49 	 time= 50.61718619267146 min 	 lr= 0.04295315744407974 	 loss= 0.362022740837863 	 error= 12.332960361105098 percent
accuracy on test set = 82.33999782800674 percent
 
epoch= 50 	 time= 51.44762414296468 min 	 lr= 0.0426776695296637 	 loss= 0.362288442604682 	 error= 12.523976982097187 percent
accuracy on test set = 83.44999766349792 percent
 
epoch= 51 	 time= 52.46247727473577 min 	 lr= 0.04239781991480787 	 loss= 0.3616722510446368 	 error= 12.33495844294653 percent
accuracy on test set = 83.5399979352951 percent
 
epoch= 52 	 time= 53.658429253101346 min 	 lr= 0.04211367764821723 	 loss= 0.36000657626582533 	 error= 12.348545390321776 percent
accuracy on test set = 83.20999789237976 percent
 
epoch= 53 	 time= 54.82537797689438 min 	 lr= 0.04182531283774434 	 loss= 0.3579152958548587 	 error= 12.364530045053232 percent
accuracy on test set = 81.65999799966812 percent
 
epoch= 54 	 time= 55.824701861540476 min 	 lr= 0.041532796633091305 	 loss= 0.35996785942855697 	 error= 12.253037087447808 percent
accuracy on test set = 81.90999794006348 percent
 
epoch= 55 	 time= 56.79282207489014 min 	 lr= 0.0412362012082546 	 loss= 0.3561827989719103 	 error= 12.180306905370845 percent
accuracy on test set = 82.57999777793884 percent
 
epoch= 56 	 time= 57.754244871934254 min 	 lr= 0.04093559974371725 	 loss= 0.3580425185010866 	 error= 12.438459073186225 percent
accuracy on test set = 81.93999779224396 percent
 
epoch= 57 	 time= 58.71060055891673 min 	 lr= 0.04063106640839264 	 loss= 0.34853717376051657 	 error= 12.056825441472672 percent
accuracy on test set = 82.42999786138535 percent
 
epoch= 58 	 time= 59.66633800665537 min 	 lr= 0.04032267634132442 	 loss= 0.34260737366231203 	 error= 11.771499363662642 percent
accuracy on test set = 82.3199982047081 percent
 
epoch= 59 	 time= 60.635762619972226 min 	 lr= 0.040010505633147106 	 loss= 0.3483890991305451 	 error= 12.059223148828883 percent
accuracy on test set = 83.03999763727188 percent
 
epoch= 60 	 time= 61.59670997063319 min 	 lr= 0.03969463130731184 	 loss= 0.34505982144409436 	 error= 11.897378519672872 percent
accuracy on test set = 83.24999779462814 percent
 
epoch= 61 	 time= 62.55862593650818 min 	 lr= 0.03937513130108197 	 loss= 0.3401523066298736 	 error= 11.70196610948314 percent
accuracy on test set = 82.2799978852272 percent
 
epoch= 62 	 time= 63.52547591527303 min 	 lr= 0.03905208444630328 	 loss= 0.34328073354633265 	 error= 11.75151854524832 percent
accuracy on test set = 82.94999796152115 percent
 
epoch= 63 	 time= 64.52331193288167 min 	 lr= 0.038725570449953305 	 loss= 0.3396741287482669 	 error= 11.677589517115328 percent
accuracy on test set = 83.28999799489975 percent
 
epoch= 64 	 time= 65.50428336461385 min 	 lr= 0.03839566987447492 	 loss= 0.3400523802051154 	 error= 11.67798912738595 percent
accuracy on test set = 82.64999783039093 percent
 
epoch= 65 	 time= 66.49475566943487 min 	 lr= 0.03806246411789873 	 loss= 0.33413497009850524 	 error= 11.550911125319693 percent
accuracy on test set = 83.24999797344208 percent
 
epoch= 66 	 time= 67.48790092070898 min 	 lr= 0.037726035393759294 	 loss= 0.3369735864269764 	 error= 11.586476972950694 percent
accuracy on test set = 83.29999780654907 percent
 
epoch= 67 	 time= 68.4569612344106 min 	 lr= 0.0373864667108102 	 loss= 0.33547717066067256 	 error= 11.669597189749597 percent
accuracy on test set = 84.42999774217606 percent
 
epoch= 68 	 time= 69.44289788802465 min 	 lr= 0.03704384185254289 	 loss= 0.3311101708494489 	 error= 11.523337589810266 percent
accuracy on test set = 82.92999768257141 percent
 
epoch= 69 	 time= 70.55760790506999 min 	 lr= 0.03669824535651435 	 loss= 0.32845601774847416 	 error= 11.262388104368048 percent
accuracy on test set = 82.11999797821045 percent
 
epoch= 70 	 time= 71.77526447772979 min 	 lr= 0.03634976249348868 	 loss= 0.32398915450896143 	 error= 11.255195012787723 percent
accuracy on test set = 83.95999801158905 percent
 
epoch= 71 	 time= 72.92464555899302 min 	 lr= 0.03599847924639789 	 loss= 0.3232793076263974 	 error= 11.010230182076963 percent
accuracy on test set = 82.90999764204025 percent
 
epoch= 72 	 time= 74.04365885257721 min 	 lr= 0.03564448228912683 	 loss= 0.3255751828479645 	 error= 11.209638740705408 percent
accuracy on test set = 82.96999776363373 percent
 
epoch= 73 	 time= 75.20706260999044 min 	 lr= 0.03528785896512774 	 loss= 0.3217013171109397 	 error= 10.999840147355023 percent
accuracy on test set = 83.16999799013138 percent
 
epoch= 74 	 time= 76.30471875270207 min 	 lr= 0.03492869726586953 	 loss= 0.3169158086981005 	 error= 10.956681582628919 percent
accuracy on test set = 83.91999763250351 percent
 
epoch= 75 	 time= 77.4459535519282 min 	 lr= 0.03456708580912726 	 loss= 0.31998713169713766 	 error= 11.163682858352466 percent
accuracy on test set = 82.07999801635742 percent
 
epoch= 76 	 time= 78.57581610679627 min 	 lr= 0.03420311381711697 	 loss= 0.3160564274434238 	 error= 10.926710355007435 percent
accuracy on test set = 82.31999802589417 percent
 
epoch= 77 	 time= 79.73707921107611 min 	 lr= 0.03383687109448145 	 loss= 0.3144540578279349 	 error= 10.930306908419675 percent
accuracy on test set = 82.42999792098999 percent
 
epoch= 78 	 time= 80.90914465983708 min 	 lr= 0.03346844800613231 	 loss= 0.3074641851208094 	 error= 10.622202679324333 percent
accuracy on test set = 83.90999799966812 percent
 
epoch= 79 	 time= 82.1370106180509 min 	 lr= 0.03309793545495376 	 loss= 0.3143116958687068 	 error= 10.918318417371081 percent
accuracy on test set = 83.73999810218811 percent
 
epoch= 80 	 time= 83.31252645254135 min 	 lr= 0.03272542485937371 	 loss= 0.30686219288107686 	 error= 10.467551141748647 percent
accuracy on test set = 84.14999788999557 percent
 
epoch= 81 	 time= 84.53914038340251 min 	 lr= 0.03235100813080762 	 loss= 0.3056192884740927 	 error= 10.424392577022543 percent
accuracy on test set = 83.95999783277512 percent
 
epoch= 82 	 time= 85.75636896689733 min 	 lr= 0.03197477765098076 	 loss= 0.2999252652192055 	 error= 10.292918801002795 percent
accuracy on test set = 81.12999820709229 percent
 
epoch= 83 	 time= 86.93231542905171 min 	 lr= 0.03159682624913434 	 loss= 0.308725468318938 	 error= 10.68574168797954 percent
accuracy on test set = 83.3999981880188 percent
 
epoch= 84 	 time= 87.9584173043569 min 	 lr= 0.031217247179121384 	 loss= 0.2954041544357529 	 error= 10.218190537084398 percent
accuracy on test set = 84.94999760389328 percent
 
epoch= 85 	 time= 89.12347317536673 min 	 lr= 0.03083613409639766 	 loss= 0.3026070782671804 	 error= 10.481138104368048 percent
accuracy on test set = 83.5499981045723 percent
 
epoch= 86 	 time= 90.29825025399526 min 	 lr= 0.03045358103491359 	 loss= 0.30057773767682294 	 error= 10.330482730475229 percent
accuracy on test set = 84.9999977350235 percent
 
epoch= 87 	 time= 91.47059323390324 min 	 lr= 0.03006968238391284 	 loss= 0.2914450950444202 	 error= 10.084718663979064 percent
accuracy on test set = 84.12999773025513 percent
 
epoch= 88 	 time= 92.64318544467291 min 	 lr= 0.029684532864643145 	 loss= 0.2914674195182293 	 error= 10.010390025575447 percent
accuracy on test set = 84.35999792814255 percent
 
epoch= 89 	 time= 93.81588575442632 min 	 lr= 0.02929822750698526 	 loss= 0.2910646955146814 	 error= 9.91128516928924 percent
accuracy on test set = 85.03999763727188 percent
 
epoch= 90 	 time= 94.92457735141119 min 	 lr= 0.028910861626005795 	 loss= 0.2852341030221766 	 error= 9.885709715621246 percent
accuracy on test set = 84.90999764204025 percent
 
epoch= 91 	 time= 96.1160786430041 min 	 lr= 0.028522530798439593 	 loss= 0.28571125342870307 	 error= 9.884910479835842 percent
accuracy on test set = 83.71999776363373 percent
 
epoch= 92 	 time= 97.30499248107274 min 	 lr= 0.028133330839107632 	 loss= 0.27626913938375997 	 error= 9.596387458884198 percent
accuracy on test set = 84.64999812841415 percent
 
epoch= 93 	 time= 98.4343072215716 min 	 lr= 0.027743357777276153 	 loss= 0.2812019557408664 	 error= 9.78620523382026 percent
accuracy on test set = 84.99999791383743 percent
 
epoch= 94 	 time= 99.6272380510966 min 	 lr= 0.027352707832962876 	 loss= 0.27726632766330334 	 error= 9.553628519672872 percent
accuracy on test set = 84.35999774932861 percent
 
epoch= 95 	 time= 100.77982172171275 min 	 lr= 0.026961477393196143 	 loss= 0.27217057413990847 	 error= 9.405770463406887 percent
accuracy on test set = 84.75999814271927 percent
 
epoch= 96 	 time= 101.93089122374853 min 	 lr= 0.026569762988232853 	 loss= 0.2697509790930297 	 error= 9.20636188953429 percent
accuracy on test set = 85.88999783992767 percent
 
epoch= 97 	 time= 103.12905285755794 min 	 lr= 0.02617766126774108 	 loss= 0.26206214714538106 	 error= 8.881873395436864 percent
accuracy on test set = 84.28999811410904 percent
 
epoch= 98 	 time= 104.31006088256837 min 	 lr= 0.025785268976953223 	 loss= 0.2650419946979074 	 error= 9.282288999508715 percent
accuracy on test set = 84.52999818325043 percent
 
epoch= 99 	 time= 105.27255146503448 min 	 lr= 0.02539268293279553 	 loss= 0.26578844382482414 	 error= 9.108056269033487 percent
accuracy on test set = 85.56999814510345 percent
 
epoch= 100 	 time= 106.25038015047708 min 	 lr= 0.025000000000000012 	 loss= 0.26382250588415834 	 error= 9.1883791529614 percent
accuracy on test set = 84.30999773740768 percent
 
epoch= 101 	 time= 107.17361083825429 min 	 lr= 0.0246073170672045 	 loss= 0.25959708867475506 	 error= 8.869485294117647 percent
accuracy on test set = 85.24999797344208 percent
 
epoch= 102 	 time= 107.98811541398366 min 	 lr= 0.024214731023046804 	 loss= 0.25677946573861726 	 error= 8.84550831202046 percent
accuracy on test set = 83.25999802350998 percent
 
epoch= 103 	 time= 108.75813626050949 min 	 lr= 0.023822338732258946 	 loss= 0.25366951921559355 	 error= 8.813938612828169 percent
accuracy on test set = 84.95999777317047 percent
 
epoch= 104 	 time= 109.57258246739705 min 	 lr= 0.023430237011767177 	 loss= 0.25091781385261996 	 error= 8.556186055283414 percent
accuracy on test set = 86.15999799966812 percent
 
epoch= 105 	 time= 110.32757113377254 min 	 lr= 0.02303852260680389 	 loss= 0.24471300398297322 	 error= 8.33080243271635 percent
accuracy on test set = 84.88999807834625 percent
 
epoch= 106 	 time= 111.08891815344492 min 	 lr= 0.022647292167037154 	 loss= 0.2435674682983657 	 error= 8.427909207161125 percent
accuracy on test set = 85.53999781608582 percent
 
epoch= 107 	 time= 111.85834454695383 min 	 lr= 0.02225664222272388 	 loss= 0.23739149326177508 	 error= 8.125399613319455 percent
accuracy on test set = 86.10999798774719 percent
 
epoch= 108 	 time= 112.63536114692688 min 	 lr= 0.02186666916089241 	 loss= 0.24039350244242821 	 error= 8.353180943242728 percent
accuracy on test set = 85.78999829292297 percent
 
epoch= 109 	 time= 113.4088650226593 min 	 lr= 0.02147746920156045 	 loss= 0.23756654819716577 	 error= 8.214114450127877 percent
accuracy on test set = 84.59999799728394 percent
 
epoch= 110 	 time= 114.18278021812439 min 	 lr= 0.021089138373994242 	 loss= 0.23349563990864913 	 error= 8.03948209413787 percent
accuracy on test set = 86.69999784231186 percent
 
epoch= 111 	 time= 114.97746318976084 min 	 lr= 0.02070177249301477 	 loss= 0.2313838728972713 	 error= 8.045875949932793 percent
accuracy on test set = 85.1199979186058 percent
 
epoch= 112 	 time= 115.86505107482274 min 	 lr= 0.0203154671353569 	 loss= 0.2305474810854858 	 error= 8.167758942260157 percent
accuracy on test set = 85.49999797344208 percent
 
epoch= 113 	 time= 116.81962378025055 min 	 lr= 0.019930317616087205 	 loss= 0.22502962393147866 	 error= 7.779331844481057 percent
accuracy on test set = 85.82999777793884 percent
 
epoch= 114 	 time= 117.76993031899134 min 	 lr= 0.019546418965086458 	 loss= 0.22430287720754627 	 error= 7.930786438915126 percent
accuracy on test set = 85.129998087883 percent
 
epoch= 115 	 time= 118.70674005746841 min 	 lr= 0.019163865903602376 	 loss= 0.22124851596020068 	 error= 7.688219300316423 percent
accuracy on test set = 85.32999807596207 percent
 
epoch= 116 	 time= 119.67341082890829 min 	 lr= 0.018782752820878643 	 loss= 0.21617603412522074 	 error= 7.490409198014633 percent
accuracy on test set = 85.09999793767929 percent
 
epoch= 117 	 time= 120.65772657394409 min 	 lr= 0.01840317375086569 	 loss= 0.21788052536185135 	 error= 7.5747282608695645 percent
accuracy on test set = 84.93999803066254 percent
 
epoch= 118 	 time= 121.55658864180246 min 	 lr= 0.018025222349019283 	 loss= 0.2110076642135525 	 error= 7.373321605155534 percent
accuracy on test set = 86.4899982213974 percent
 
epoch= 119 	 time= 122.47175676425299 min 	 lr= 0.017648991869192415 	 loss= 0.20994815863001987 	 error= 7.388107413830965 percent
accuracy on test set = 86.25999790430069 percent
 
epoch= 120 	 time= 123.34790496428808 min 	 lr= 0.017274575140626334 	 loss= 0.2059361414455087 	 error= 7.135949491539879 percent
accuracy on test set = 86.59999787807465 percent
 
epoch= 121 	 time= 124.24105795621873 min 	 lr= 0.016902064545046273 	 loss= 0.2035202392760445 	 error= 7.076007036296912 percent
accuracy on test set = 87.08999812602997 percent
 
epoch= 122 	 time= 125.10955094099045 min 	 lr= 0.016531551993867726 	 loss= 0.19460540139080618 	 error= 6.747921988787249 percent
accuracy on test set = 86.50999802350998 percent
 
epoch= 123 	 time= 126.00190003315608 min 	 lr= 0.016163128905518586 	 loss= 0.19937976444964214 	 error= 6.888187343202283 percent
accuracy on test set = 86.8699980378151 percent
 
epoch= 124 	 time= 126.92382565339406 min 	 lr= 0.015796886182883066 	 loss= 0.1894680386614007 	 error= 6.513347177554274 percent
accuracy on test set = 87.27999782562256 percent
 
epoch= 125 	 time= 127.85213515758514 min 	 lr= 0.015432914190872771 	 loss= 0.18097372551250945 	 error= 6.252397692112057 percent
accuracy on test set = 85.90999788045883 percent
 
epoch= 126 	 time= 128.71291269461315 min 	 lr= 0.01507130273413049 	 loss= 0.18200045734491493 	 error= 6.396659210209957 percent
accuracy on test set = 86.43999803066254 percent
 
epoch= 127 	 time= 129.6025076508522 min 	 lr= 0.01471214103487229 	 loss= 0.17504946170065105 	 error= 6.072170716112532 percent
accuracy on test set = 86.9099982380867 percent
 
epoch= 128 	 time= 130.45687766869864 min 	 lr= 0.014355517710873194 	 loss= 0.17634526497262823 	 error= 6.158487845564743 percent
accuracy on test set = 86.01999765634537 percent
 
epoch= 129 	 time= 131.35575927893322 min 	 lr= 0.01400152075360213 	 loss= 0.17261507335450033 	 error= 6.027413679815619 percent
accuracy on test set = 86.89999788999557 percent
 
epoch= 130 	 time= 132.23900120258332 min 	 lr= 0.01365023750651134 	 loss= 0.1698475828789689 	 error= 5.941096550363409 percent
accuracy on test set = 87.30999797582626 percent
 
epoch= 131 	 time= 133.14990994930267 min 	 lr= 0.013301754643485679 	 loss= 0.16812690164503233 	 error= 5.942295396419437 percent
accuracy on test set = 87.29999828338623 percent
 
epoch= 132 	 time= 134.1290785352389 min 	 lr= 0.012956158147457122 	 loss= 0.16126257550838352 	 error= 5.57664641943734 percent
accuracy on test set = 86.92999804019928 percent
 
epoch= 133 	 time= 135.1086771408717 min 	 lr= 0.012613533289189816 	 loss= 0.1562296739586479 	 error= 5.426790281329923 percent
accuracy on test set = 87.21999800205231 percent
 
epoch= 134 	 time= 136.07283614079157 min 	 lr= 0.012273964606240723 	 loss= 0.15524038566690881 	 error= 5.475143855794921 percent
accuracy on test set = 87.2299981713295 percent
 
epoch= 135 	 time= 137.05976704756418 min 	 lr= 0.011937535882101285 	 loss= 0.14872166998398578 	 error= 5.095108695652174 percent
accuracy on test set = 87.10999792814255 percent
 
epoch= 136 	 time= 138.03850440581638 min 	 lr= 0.011604330125525083 	 loss= 0.14149545174082526 	 error= 4.912883622567063 percent
accuracy on test set = 87.42999774217606 percent
 
epoch= 137 	 time= 138.97908343076705 min 	 lr= 0.011274429550046707 	 loss= 0.14088805871622642 	 error= 4.868126601514304 percent
accuracy on test set = 88.03999799489975 percent
 
epoch= 138 	 time= 139.89893201589584 min 	 lr= 0.010947915553696737 	 loss= 0.1384504824457571 	 error= 4.8049872031297225 percent
accuracy on test set = 87.85999810695648 percent
 
epoch= 139 	 time= 140.82723709344864 min 	 lr= 0.01062486869891804 	 loss= 0.13270171674544853 	 error= 4.575607416879795 percent
accuracy on test set = 88.0099977850914 percent
 
epoch= 140 	 time= 141.79814582268398 min 	 lr= 0.01030536869268818 	 loss= 0.1323375790987326 	 error= 4.629555626598465 percent
accuracy on test set = 87.77999770641327 percent
 
epoch= 141 	 time= 142.7571339249611 min 	 lr= 0.009989494366852907 	 loss= 0.12256735605199623 	 error= 4.2115568962243515 percent
accuracy on test set = 87.91999799013138 percent
 
epoch= 142 	 time= 143.70316998561222 min 	 lr= 0.00967732365867559 	 loss= 0.11797008828243331 	 error= 4.120843992818652 percent
accuracy on test set = 88.45999830961227 percent
 
epoch= 143 	 time= 144.67777212063473 min 	 lr= 0.009368933591607374 	 loss= 0.11642247383170726 	 error= 3.8950607447368104 percent
accuracy on test set = 88.43999797105789 percent
 
epoch= 144 	 time= 145.66063126325608 min 	 lr= 0.00906440025628276 	 loss= 0.1110684591181138 	 error= 3.8978580471194917 percent
accuracy on test set = 88.3399983048439 percent
 
epoch= 145 	 time= 146.5870283047358 min 	 lr= 0.008763798791745414 	 loss= 0.11181779775549383 	 error= 3.9434143192018087 percent
accuracy on test set = 88.47999799251556 percent
 
epoch= 146 	 time= 147.48120613098143 min 	 lr= 0.00846720336690871 	 loss= 0.09799438430105939 	 error= 3.3703644409813847 percent
accuracy on test set = 88.30999821424484 percent
 
epoch= 147 	 time= 148.43175767262775 min 	 lr= 0.008174687162255667 	 loss= 0.0971719420912778 	 error= 3.3435901565015165 percent
accuracy on test set = 88.60999816656113 percent
 
epoch= 148 	 time= 149.33464147647223 min 	 lr= 0.007886322351782785 	 loss= 0.0971269648417335 	 error= 3.419117640961162 percent
accuracy on test set = 87.07999789714813 percent
 
epoch= 149 	 time= 150.22761088212332 min 	 lr= 0.007602180085192145 	 loss= 0.09454171427661348 	 error= 3.218110610761911 percent
accuracy on test set = 89.25999844074249 percent
 
epoch= 150 	 time= 151.14490603605907 min 	 lr= 0.007322330470336316 	 loss= 0.08640796918412456 	 error= 2.985533881370369 percent
accuracy on test set = 88.66999840736389 percent
 
epoch= 151 	 time= 152.0484802087148 min 	 lr= 0.007046842555920285 	 loss= 0.08148537529989734 	 error= 2.7553548593350383 percent
accuracy on test set = 88.44999808073044 percent
 
epoch= 152 	 time= 152.97797986666362 min 	 lr= 0.006775784314464719 	 loss= 0.07813785923525805 	 error= 2.6538522956926194 percent
accuracy on test set = 88.52999824285507 percent
 
epoch= 153 	 time= 153.8451434135437 min 	 lr= 0.006509222625534758 	 loss= 0.07109536602616767 	 error= 2.3885070362969127 percent
accuracy on test set = 88.00999802350998 percent
 
epoch= 154 	 time= 154.7497407833735 min 	 lr= 0.006247223259238513 	 loss= 0.07156268480564933 	 error= 2.4668318383833943 percent
accuracy on test set = 88.21999794244766 percent
 
epoch= 155 	 time= 155.67819874684017 min 	 lr= 0.0059898508599992295 	 loss= 0.06546609889706383 	 error= 2.177509581646346 percent
accuracy on test set = 88.80999797582626 percent
 
epoch= 156 	 time= 156.62231622536976 min 	 lr= 0.005737168930605274 	 loss= 0.06330888902725619 	 error= 2.1355498629762693 percent
accuracy on test set = 88.3699979186058 percent
 
epoch= 157 	 time= 157.52048987547556 min 	 lr= 0.005489239816541763 	 loss= 0.06248132555800326 	 error= 2.080402807201571 percent
accuracy on test set = 88.77999812364578 percent
 
epoch= 158 	 time= 158.42468006213505 min 	 lr= 0.005246124690607742 	 loss= 0.05474262977080882 	 error= 1.7822890025575449 percent
accuracy on test set = 88.84999811649323 percent
 
epoch= 159 	 time= 159.3655999660492 min 	 lr= 0.005007883537822737 	 loss= 0.051452482867118954 	 error= 1.7331361923071429 percent
accuracy on test set = 88.93999814987183 percent
 
epoch= 160 	 time= 160.3274871110916 min 	 lr= 0.004774575140626318 	 loss= 0.049783616095705106 	 error= 1.6667998660251002 percent
accuracy on test set = 88.76999801397324 percent
 
epoch= 161 	 time= 161.29173014561334 min 	 lr= 0.00454625706437442 	 loss= 0.04418977153251696 	 error= 1.4394181616166057 percent
accuracy on test set = 88.98999828100204 percent
 
epoch= 162 	 time= 162.23012651999792 min 	 lr= 0.004322985643135959 	 loss= 0.039734313917129546 	 error= 1.2631873340557909 percent
accuracy on test set = 88.81999778747559 percent
 
epoch= 163 	 time= 163.20305707057318 min 	 lr= 0.0041048159657932504 	 loss= 0.03532640286780837 	 error= 1.0989450127877238 percent
accuracy on test set = 89.0599974989891 percent
 
epoch= 164 	 time= 164.19056038856507 min 	 lr= 0.0038918018624496302 	 loss= 0.034437735095772595 	 error= 1.105338868582645 percent
accuracy on test set = 89.36999821662903 percent
 
epoch= 165 	 time= 165.16664661963782 min 	 lr= 0.0036839958911477027 	 loss= 0.03245846163529112 	 error= 0.9794597125724148 percent
accuracy on test set = 89.32999813556671 percent
 
epoch= 166 	 time= 166.13813140392304 min 	 lr= 0.0034814493249014076 	 loss= 0.029166733555476682 	 error= 0.898737203129722 percent
accuracy on test set = 89.40999805927277 percent
 
epoch= 167 	 time= 167.0937972108523 min 	 lr= 0.003284212139045219 	 loss= 0.024986294534085962 	 error= 0.72370523686909 percent
accuracy on test set = 90.09999781847 percent
 
epoch= 168 	 time= 168.0429529070854 min 	 lr= 0.003092332998903412 	 loss= 0.023092591873062847 	 error= 0.6333919437340153 percent
accuracy on test set = 90.26999819278717 percent
 
epoch= 169 	 time= 169.02403948307037 min 	 lr= 0.002905859247782665 	 loss= 0.02210141731726239 	 error= 0.639386189258312 percent
accuracy on test set = 89.87999802827835 percent
 
epoch= 170 	 time= 169.98435600996018 min 	 lr= 0.0027248368952908068 	 loss= 0.020504899932752788 	 error= 0.5786444982299415 percent
accuracy on test set = 90.26999819278717 percent
 
epoch= 171 	 time= 170.9435424367587 min 	 lr= 0.002549310605984613 	 loss= 0.01980541258707376 	 error= 0.5766464163885092 percent
accuracy on test set = 89.84999793767929 percent
 
epoch= 172 	 time= 171.88612840572992 min 	 lr= 0.0023793236883495176 	 loss= 0.017313357771319503 	 error= 0.4455722506393862 percent
accuracy on test set = 89.50999826192856 percent
 
epoch= 173 	 time= 172.82916946411132 min 	 lr= 0.002214918084113875 	 loss= 0.016560845029399827 	 error= 0.43757992327365725 percent
accuracy on test set = 89.7099979519844 percent
 
epoch= 174 	 time= 173.80534245967866 min 	 lr= 0.0020561343579004786 	 loss= 0.013858531756550455 	 error= 0.34167199488491046 percent
accuracy on test set = 90.12999826669693 percent
 
epoch= 175 	 time= 174.690158144633 min 	 lr= 0.0019030116872178384 	 loss= 0.012196559692397142 	 error= 0.2897218670076726 percent
accuracy on test set = 89.93999791145325 percent
 
epoch= 176 	 time= 175.60126144886016 min 	 lr= 0.0017555878527937174 	 loss= 0.011861576274742403 	 error= 0.265744884910486 percent
accuracy on test set = 89.94999825954437 percent
 
epoch= 177 	 time= 176.49727164506913 min 	 lr= 0.0016138992292533167 	 loss= 0.012172198142198956 	 error= 0.2977141943734015 percent
accuracy on test set = 90.049997985363 percent
 
epoch= 178 	 time= 177.4231317917506 min 	 lr= 0.0014779807761443645 	 loss= 0.011333980409385602 	 error= 0.2617487212276215 percent
accuracy on test set = 89.97999811172485 percent
 
epoch= 179 	 time= 178.3090051094691 min 	 lr= 0.0013478660293113683 	 loss= 0.010212872620395688 	 error= 0.22698209413786982 percent
accuracy on test set = 90.28999817371368 percent
 
epoch= 180 	 time= 179.23910154104232 min 	 lr= 0.0012235870926211624 	 loss= 0.009815773241283835 	 error= 0.20580242966751916 percent
accuracy on test set = 90.33999806642532 percent
 
epoch= 181 	 time= 180.18255600134532 min 	 lr= 0.0011051746300417477 	 loss= 0.008981056601914299 	 error= 0.17303388441919976 percent
accuracy on test set = 90.19999831914902 percent
 
epoch= 182 	 time= 181.15803828636805 min 	 lr= 0.0009926578580764268 	 loss= 0.008366344149445976 	 error= 0.16983695652173914 percent
accuracy on test set = 90.41999840736389 percent
 
epoch= 183 	 time= 182.1379377404849 min 	 lr= 0.0008860645385550515 	 loss= 0.0077762980290386075 	 error= 0.13387148337595908 percent
accuracy on test set = 90.34999805688858 percent
 
epoch= 184 	 time= 183.10150226751963 min 	 lr= 0.0007854209717842264 	 loss= 0.008175809812896392 	 error= 0.16504155705347084 percent
accuracy on test set = 90.39999824762344 percent
 
epoch= 185 	 time= 184.04423794349034 min 	 lr= 0.0006907519900580866 	 loss= 0.0072894446918612245 	 error= 0.13187340153452684 percent
accuracy on test set = 90.62999790906906 percent
 
epoch= 186 	 time= 184.9415610829989 min 	 lr= 0.0006020809515313173 	 loss= 0.007567215777571549 	 error= 0.14306265679771638 percent
accuracy on test set = 90.34999793767929 percent
 
epoch= 187 	 time= 185.90086287260056 min 	 lr= 0.0005194297344558538 	 loss= 0.006964810330735143 	 error= 0.1118925831202046 percent
accuracy on test set = 90.31999796628952 percent
 
epoch= 188 	 time= 186.8737404227257 min 	 lr= 0.00044281873178278225 	 loss= 0.00662403818293739 	 error= 0.10190217391304347 percent
accuracy on test set = 90.34999781847 percent
 
epoch= 189 	 time= 187.78170322974523 min 	 lr= 0.0003722668461306535 	 loss= 0.006770546715992414 	 error= 0.12587915601023017 percent
accuracy on test set = 90.49999809265137 percent
 
epoch= 190 	 time= 188.68765227397282 min 	 lr= 0.0003077914851215587 	 loss= 0.006406049997381428 	 error= 0.10589833759590793 percent
accuracy on test set = 90.45999819040298 percent
 
epoch= 191 	 time= 189.61360039313635 min 	 lr= 0.00024940855708606175 	 loss= 0.006695503283225362 	 error= 0.11389066496163684 percent
accuracy on test set = 90.35999810695648 percent
 
epoch= 192 	 time= 190.5147557258606 min 	 lr= 0.00019713246713805603 	 loss= 0.00597748139401531 	 error= 0.08511828339618185 percent
accuracy on test set = 90.40999799966812 percent
 
epoch= 193 	 time= 191.42046490907668 min 	 lr= 0.00015097611362051023 	 loss= 0.005775363348862704 	 error= 0.07392902813299233 percent
accuracy on test set = 90.52999806404114 percent
 
epoch= 194 	 time= 192.32554612159728 min 	 lr= 0.00011095088492300018 	 loss= 0.006415123977433995 	 error= 0.10789641943734014 percent
accuracy on test set = 90.48999810218811 percent
 
epoch= 195 	 time= 193.23745648463566 min 	 lr= 7.706665667180096e-05 	 loss= 0.005727821194073733 	 error= 0.07792519181585678 percent
accuracy on test set = 90.46999794244766 percent
 
epoch= 196 	 time= 194.13322964509328 min 	 lr= 4.9331789293211064e-05 	 loss= 0.005964250484829211 	 error= 0.09790601023017902 percent
accuracy on test set = 90.45999801158905 percent
 
epoch= 197 	 time= 195.01538654963176 min 	 lr= 2.7753125950752432e-05 	 loss= 0.006111575397746185 	 error= 0.10589833759590793 percent
accuracy on test set = 90.4499980211258 percent
 
epoch= 198 	 time= 195.91788196961085 min 	 lr= 1.2335990856710008e-05 	 loss= 0.005675598339456351 	 error= 0.08391943734015346 percent
accuracy on test set = 90.42999804019928 percent
 
epoch= 199 	 time= 196.76815833648047 min 	 lr= 3.0841879584853094e-06 	 loss= 0.006170832216167999 	 error= 0.0879156010230179 percent
accuracy on test set = 90.41999804973602 percent
 
