nohup: ignoring input
Namespace(epoch=200, lr=0.05, model='vgg19', noise=None, resume=False, root='./data', type='train')
test mean and std: [tensor(0.4942), tensor(0.4851), tensor(0.4504)] [tensor(0.2467), tensor(0.2429), tensor(0.2616)]
train mean and std: [tensor(0.4914), tensor(0.4822), tensor(0.4465)] [tensor(0.2470), tensor(0.2435), tensor(0.2616)]
[33mThe trained model will be saved in: outputs/vgg19[0m
epoch= 0 	 time= 0.740630300839742 min 	 lr= 0.05 	 loss= 2.1735734512738865 	 error= 85.07073209108904 percent
accuracy on test set = 18.439999759197235 percent
 
epoch= 1 	 time= 1.8628149032592773 min 	 lr= 0.04999691581204152 	 loss= 1.9136082769354896 	 error= 79.33823528801999 percent
accuracy on test set = 20.569999754428856 percent
 
epoch= 2 	 time= 2.9957855621973675 min 	 lr= 0.04998766400914329 	 loss= 1.84865152348033 	 error= 76.05978261174448 percent
accuracy on test set = 22.789999723434452 percent
 
epoch= 3 	 time= 4.164878165721893 min 	 lr= 0.049972246874049255 	 loss= 1.805248573612984 	 error= 73.16815856167727 percent
accuracy on test set = 32.759998917579644 percent
 
epoch= 4 	 time= 5.325181301434835 min 	 lr= 0.049950668210706796 	 loss= 1.6811729806768314 	 error= 66.6783887407054 percent
accuracy on test set = 37.54999893903732 percent
 
epoch= 5 	 time= 6.458185768127441 min 	 lr= 0.04992293334332821 	 loss= 1.5125736912802967 	 error= 58.71723146389818 percent
accuracy on test set = 45.87999898195266 percent
 
epoch= 6 	 time= 7.647740530967712 min 	 lr= 0.04988904911507701 	 loss= 1.3846563826436582 	 error= 52.68462275909951 percent
accuracy on test set = 45.66999930143356 percent
 
epoch= 7 	 time= 8.7865185379982 min 	 lr= 0.049849023886379504 	 loss= 1.2692594546491227 	 error= 46.3347186670279 percent
accuracy on test set = 59.05999892950058 percent
 
epoch= 8 	 time= 9.954089951515197 min 	 lr= 0.04980286753286196 	 loss= 1.2102586416637195 	 error= 42.324568411273425 percent
accuracy on test set = 61.629998862743385 percent
 
epoch= 9 	 time= 11.114782651265463 min 	 lr= 0.049750591442913945 	 loss= 1.1367873505253316 	 error= 38.929427752409445 percent
accuracy on test set = 64.30999863147736 percent
 
epoch= 10 	 time= 12.266607685883839 min 	 lr= 0.049692208514878454 	 loss= 1.0321430137090366 	 error= 35.06194052793791 percent
accuracy on test set = 66.45999830961227 percent
 
epoch= 11 	 time= 13.434353991349537 min 	 lr= 0.049627733153869355 	 loss= 0.9863806865404329 	 error= 32.87244245524297 percent
accuracy on test set = 65.33999848365784 percent
 
epoch= 12 	 time= 14.57074688275655 min 	 lr= 0.049557181268217225 	 loss= 0.9466484272876359 	 error= 30.825607413830962 percent
accuracy on test set = 73.51999843120576 percent
 
epoch= 13 	 time= 15.724979750315349 min 	 lr= 0.04948057026554415 	 loss= 0.8890457922387915 	 error= 28.78956201741153 percent
accuracy on test set = 70.27999806404114 percent
 
epoch= 14 	 time= 16.871595152219136 min 	 lr= 0.04939791904846869 	 loss= 0.849633821288643 	 error= 26.851822241492897 percent
accuracy on test set = 72.1799983382225 percent
 
epoch= 15 	 time= 17.990358130137125 min 	 lr= 0.04930924800994192 	 loss= 0.8253621503215312 	 error= 25.89554027523226 percent
accuracy on test set = 75.67999839782715 percent
 
epoch= 16 	 time= 19.137767815589903 min 	 lr= 0.049214579028215785 	 loss= 0.7782754542882485 	 error= 24.350223776019746 percent
accuracy on test set = 77.83999824523926 percent
 
epoch= 17 	 time= 20.27909726301829 min 	 lr= 0.04911393546144496 	 loss= 0.7559167354003243 	 error= 23.540201409698447 percent
accuracy on test set = 77.9599980711937 percent
 
epoch= 18 	 time= 21.43134512901306 min 	 lr= 0.049007342141923586 	 loss= 0.7138305804918489 	 error= 22.162723785166243 percent
accuracy on test set = 76.89999806880951 percent
 
epoch= 19 	 time= 22.5587175210317 min 	 lr= 0.04889482536995826 	 loss= 0.6728744571623595 	 error= 20.690936703816096 percent
accuracy on test set = 74.60999822616576 percent
 
epoch= 20 	 time= 23.715174015363058 min 	 lr= 0.04877641290737885 	 loss= 0.6507800893710397 	 error= 20.12907608085886 percent
accuracy on test set = 79.0299980044365 percent
 
epoch= 21 	 time= 24.892349211374917 min 	 lr= 0.04865213397068864 	 loss= 0.6304398048716737 	 error= 19.589993609186937 percent
accuracy on test set = 78.44999825954437 percent
 
epoch= 22 	 time= 26.044324894746143 min 	 lr= 0.04852201922385564 	 loss= 0.6295122585790541 	 error= 19.477301790281327 percent
accuracy on test set = 74.91999828815462 percent
 
epoch= 23 	 time= 27.164197862148285 min 	 lr= 0.04838610077074669 	 loss= 0.628968982897756 	 error= 19.379795390321775 percent
accuracy on test set = 80.41999793052673 percent
 
epoch= 24 	 time= 28.313938204447428 min 	 lr= 0.04824441214720629 	 loss= 0.5889788187678208 	 error= 17.990728900255753 percent
accuracy on test set = 78.49999779462814 percent
 
epoch= 25 	 time= 29.436886155605315 min 	 lr= 0.048096988312782175 	 loss= 0.5667185449539243 	 error= 17.43566175860822 percent
accuracy on test set = 81.68999767303467 percent
 
epoch= 26 	 time= 30.604001144568127 min 	 lr= 0.04794386564209953 	 loss= 0.5674634969143002 	 error= 17.480818405175757 percent
accuracy on test set = 81.3199976682663 percent
 
epoch= 27 	 time= 31.744657413164774 min 	 lr= 0.04778508191588613 	 loss= 0.5430945005563214 	 error= 16.524936064429905 percent
accuracy on test set = 83.59999793767929 percent
 
epoch= 28 	 time= 32.914542313416796 min 	 lr= 0.04762067631165049 	 loss= 0.5515266672119765 	 error= 16.797074805135313 percent
accuracy on test set = 79.63999766111374 percent
 
epoch= 29 	 time= 34.047460770606996 min 	 lr= 0.047450689394015394 	 loss= 0.5167586405563842 	 error= 15.891144495181111 percent
accuracy on test set = 81.36999750137329 percent
 
epoch= 30 	 time= 35.173452190558116 min 	 lr= 0.0472751631047092 	 loss= 0.5267589253842678 	 error= 15.992247433308751 percent
accuracy on test set = 82.86999779939651 percent
 
epoch= 31 	 time= 36.306135121981306 min 	 lr= 0.04709414075221735 	 loss= 0.5080998999535885 	 error= 15.474744236377806 percent
accuracy on test set = 81.79999816417694 percent
 
epoch= 32 	 time= 37.44944415887197 min 	 lr= 0.046907667001096595 	 loss= 0.502135745171086 	 error= 15.444373398485695 percent
accuracy on test set = 83.96999800205231 percent
 
epoch= 33 	 time= 38.61393265326818 min 	 lr= 0.04671578786095479 	 loss= 0.49425409913367935 	 error= 15.15744884910486 percent
accuracy on test set = 82.7799978852272 percent
 
epoch= 34 	 time= 39.76940682331721 min 	 lr= 0.0465185506750986 	 loss= 0.5074336584038137 	 error= 15.501918161616606 percent
accuracy on test set = 84.4199977517128 percent
 
epoch= 35 	 time= 40.93097800811132 min 	 lr= 0.04631600410885232 	 loss= 0.4763154889006749 	 error= 14.53564577090466 percent
accuracy on test set = 82.58999758958817 percent
 
epoch= 36 	 time= 42.080291509628296 min 	 lr= 0.04610819813755039 	 loss= 0.4647067249431025 	 error= 14.088475063938619 percent
accuracy on test set = 83.08999788761139 percent
 
epoch= 37 	 time= 43.21728063821793 min 	 lr= 0.045895184034206775 	 loss= 0.453345530097137 	 error= 13.858296026659133 percent
accuracy on test set = 85.0499975681305 percent
 
epoch= 38 	 time= 44.35096290508906 min 	 lr= 0.04567701435686406 	 loss= 0.45098121738647257 	 error= 14.071291563151133 percent
accuracy on test set = 83.4499980211258 percent
 
epoch= 39 	 time= 45.48973985115687 min 	 lr= 0.0454537429356256 	 loss= 0.43542214610692487 	 error= 13.186940527937907 percent
accuracy on test set = 85.06999778747559 percent
 
epoch= 40 	 time= 46.63012471993764 min 	 lr= 0.045225424859373704 	 loss= 0.4421029082497063 	 error= 13.542599095712843 percent
accuracy on test set = 84.51999801397324 percent
 
epoch= 41 	 time= 47.813519807656604 min 	 lr= 0.04499211646217729 	 loss= 0.43693116349180033 	 error= 13.281649610270623 percent
accuracy on test set = 82.85999763011932 percent
 
epoch= 42 	 time= 48.94518054326375 min 	 lr= 0.044753875309392274 	 loss= 0.4225995412186893 	 error= 12.941176461441742 percent
accuracy on test set = 84.53999799489975 percent
 
epoch= 43 	 time= 50.10597978035609 min 	 lr= 0.044510760183458266 	 loss= 0.4230705541951577 	 error= 12.88762787723785 percent
accuracy on test set = 84.73999780416489 percent
 
epoch= 44 	 time= 51.2357593814532 min 	 lr= 0.044262831069394756 	 loss= 0.409940818539056 	 error= 12.547554338679594 percent
accuracy on test set = 85.95999813079834 percent
 
epoch= 45 	 time= 52.401218020915984 min 	 lr= 0.0440101491400008 	 loss= 0.40338438684525696 	 error= 12.370923916092309 percent
accuracy on test set = 84.79999822378159 percent
 
epoch= 46 	 time= 53.545682311058044 min 	 lr= 0.043752776740761515 	 loss= 0.39712504444219876 	 error= 12.179108059314816 percent
accuracy on test set = 84.42999821901321 percent
 
epoch= 47 	 time= 54.68842794497808 min 	 lr= 0.04349077737446526 	 loss= 0.40357227246169847 	 error= 12.436460991344793 percent
accuracy on test set = 77.87999773025513 percent
 
epoch= 48 	 time= 55.83986089626948 min 	 lr= 0.043224215685535305 	 loss= 0.4075693449248438 	 error= 12.523177746311784 percent
accuracy on test set = 85.01999777555466 percent
 
epoch= 49 	 time= 56.982843629519145 min 	 lr= 0.04295315744407974 	 loss= 0.39218068683086454 	 error= 12.06801469673586 percent
accuracy on test set = 83.64999747276306 percent
 
epoch= 50 	 time= 58.142198010285696 min 	 lr= 0.0426776695296637 	 loss= 0.38298718555046773 	 error= 11.70835996527806 percent
accuracy on test set = 85.55999809503555 percent
 
epoch= 51 	 time= 59.29480750163396 min 	 lr= 0.04239781991480787 	 loss= 0.3808171363437877 	 error= 11.60286125319693 percent
accuracy on test set = 84.67999786138535 percent
 
epoch= 52 	 time= 60.45859371821086 min 	 lr= 0.04211367764821723 	 loss= 0.3691181311064669 	 error= 11.376278769329685 percent
accuracy on test set = 87.30999785661697 percent
 
epoch= 53 	 time= 61.61825946172078 min 	 lr= 0.04182531283774434 	 loss= 0.3772964881890265 	 error= 11.377877240900492 percent
accuracy on test set = 84.91999799013138 percent
 
epoch= 54 	 time= 62.78458708524704 min 	 lr= 0.041532796633091305 	 loss= 0.372239248374539 	 error= 11.392263424061143 percent
accuracy on test set = 85.05999791622162 percent
 
epoch= 55 	 time= 63.94585118293762 min 	 lr= 0.0412362012082546 	 loss= 0.3738412953474942 	 error= 11.482976342710998 percent
accuracy on test set = 85.19999784231186 percent
 
epoch= 56 	 time= 65.10937299728394 min 	 lr= 0.04093559974371725 	 loss= 0.37362236199933857 	 error= 11.383871486424791 percent
accuracy on test set = 87.16999816894531 percent
 
epoch= 57 	 time= 66.26836788654327 min 	 lr= 0.04063106640839264 	 loss= 0.35910283989461184 	 error= 11.021419437340153 percent
accuracy on test set = 85.57999807596207 percent
 
epoch= 58 	 time= 67.41062097549438 min 	 lr= 0.04032267634132442 	 loss= 0.35030821373548043 	 error= 10.785645780051151 percent
accuracy on test set = 83.43999791145325 percent
 
epoch= 59 	 time= 68.55421528816223 min 	 lr= 0.040010505633147106 	 loss= 0.3401017478283714 	 error= 10.571051787232498 percent
accuracy on test set = 86.76999813318253 percent
 
epoch= 60 	 time= 69.71171216567357 min 	 lr= 0.03969463130731184 	 loss= 0.33891096646371094 	 error= 10.292519175488016 percent
accuracy on test set = 87.01999795436859 percent
 
epoch= 61 	 time= 70.85739480654398 min 	 lr= 0.03937513130108197 	 loss= 0.3273127774524567 	 error= 10.11029411764706 percent
accuracy on test set = 87.07999777793884 percent
 
epoch= 62 	 time= 72.01106425523759 min 	 lr= 0.03905208444630328 	 loss= 0.33186933767917515 	 error= 10.170236572890026 percent
accuracy on test set = 86.63999807834625 percent
 
epoch= 63 	 time= 73.13970897197723 min 	 lr= 0.038725570449953305 	 loss= 0.3296926436598039 	 error= 10.09870523686909 percent
accuracy on test set = 87.93999820947647 percent
 
epoch= 64 	 time= 74.2907088359197 min 	 lr= 0.03839566987447492 	 loss= 0.3196255603181127 	 error= 9.81457800511509 percent
accuracy on test set = 86.73999786376953 percent
 
epoch= 65 	 time= 75.42595082918803 min 	 lr= 0.03806246411789873 	 loss= 0.3372232667777849 	 error= 10.216592065513591 percent
accuracy on test set = 83.87999773025513 percent
 
epoch= 66 	 time= 76.55995786587397 min 	 lr= 0.037726035393759294 	 loss= 0.3206166374447096 	 error= 9.736652813299234 percent
accuracy on test set = 84.50999784469604 percent
 
epoch= 67 	 time= 77.69613879124323 min 	 lr= 0.0373864667108102 	 loss= 0.32467102009774473 	 error= 9.953644498229941 percent
accuracy on test set = 87.08999806642532 percent
 
epoch= 68 	 time= 78.8419750491778 min 	 lr= 0.03704384185254289 	 loss= 0.3091687344757797 	 error= 9.49408567470053 percent
accuracy on test set = 87.50999802350998 percent
 
epoch= 69 	 time= 79.9701653957367 min 	 lr= 0.03669824535651435 	 loss= 0.3088173989559074 	 error= 9.405770463406887 percent
accuracy on test set = 87.16999763250351 percent
 
epoch= 70 	 time= 81.13400656779608 min 	 lr= 0.03634976249348868 	 loss= 0.30169439750254307 	 error= 9.341432218966277 percent
accuracy on test set = 86.7199981212616 percent
 
epoch= 71 	 time= 82.28918026685714 min 	 lr= 0.03599847924639789 	 loss= 0.30632066101674227 	 error= 9.32904411764706 percent
accuracy on test set = 86.35999816656113 percent
 
epoch= 72 	 time= 83.42765851418177 min 	 lr= 0.03564448228912683 	 loss= 0.2934881193215585 	 error= 8.966991678833047 percent
accuracy on test set = 86.06999808549881 percent
 
epoch= 73 	 time= 84.57312274773916 min 	 lr= 0.03528785896512774 	 loss= 0.29081513565938794 	 error= 9.065696924848629 percent
accuracy on test set = 86.94999784231186 percent
 
epoch= 74 	 time= 85.71476074854533 min 	 lr= 0.03492869726586953 	 loss= 0.28481218676128045 	 error= 8.845907922291085 percent
accuracy on test set = 87.14999806880951 percent
 
epoch= 75 	 time= 86.85345541636148 min 	 lr= 0.03456708580912726 	 loss= 0.2889615867639442 	 error= 8.90625000304883 percent
accuracy on test set = 87.49999821186066 percent
 
epoch= 76 	 time= 88.01067113876343 min 	 lr= 0.03420311381711697 	 loss= 0.29071224832435705 	 error= 8.998161767754713 percent
accuracy on test set = 87.10999810695648 percent
 
epoch= 77 	 time= 89.14831199645997 min 	 lr= 0.03383687109448145 	 loss= 0.28086666888593104 	 error= 8.686860610761912 percent
accuracy on test set = 87.63999772071838 percent
 
epoch= 78 	 time= 90.31301166216532 min 	 lr= 0.03346844800613231 	 loss= 0.26809884731650657 	 error= 8.242087595907927 percent
accuracy on test set = 88.2699978351593 percent
 
epoch= 79 	 time= 91.46524641513824 min 	 lr= 0.03309793545495376 	 loss= 0.2775407473335181 	 error= 8.516624043969546 percent
accuracy on test set = 87.59999811649323 percent
 
epoch= 80 	 time= 92.59995497465134 min 	 lr= 0.03272542485937371 	 loss= 0.2585882144167905 	 error= 8.070652167815382 percent
accuracy on test set = 87.18999791145325 percent
 
epoch= 81 	 time= 93.75379436016082 min 	 lr= 0.03235100813080762 	 loss= 0.263695145411717 	 error= 8.105418794905134 percent
accuracy on test set = 88.42999821901321 percent
 
epoch= 82 	 time= 94.91996267239253 min 	 lr= 0.03197477765098076 	 loss= 0.26269750114139695 	 error= 8.096227621483376 percent
accuracy on test set = 87.82999819517136 percent
 
epoch= 83 	 time= 96.08450456857682 min 	 lr= 0.03159682624913434 	 loss= 0.2512067953872559 	 error= 7.671435425043716 percent
accuracy on test set = 87.64999830722809 percent
 
epoch= 84 	 time= 97.22808023691178 min 	 lr= 0.031217247179121384 	 loss= 0.23644529888049112 	 error= 7.310581832285733 percent
accuracy on test set = 88.3299977183342 percent
 
epoch= 85 	 time= 98.39561929305394 min 	 lr= 0.03083613409639766 	 loss= 0.26099660971661665 	 error= 7.986333120204605 percent
accuracy on test set = 86.7399982213974 percent
 
epoch= 86 	 time= 99.54516762892405 min 	 lr= 0.03045358103491359 	 loss= 0.2502523420754906 	 error= 7.490409198014633 percent
accuracy on test set = 86.14999771118164 percent
 
epoch= 87 	 time= 100.70084260304769 min 	 lr= 0.03006968238391284 	 loss= 0.23197160783173787 	 error= 7.171115728900255 percent
accuracy on test set = 87.00999790430069 percent
 
epoch= 88 	 time= 101.86313689549765 min 	 lr= 0.029684532864643145 	 loss= 0.2364063778954089 	 error= 7.356937340153452 percent
accuracy on test set = 88.61999773979187 percent
 
epoch= 89 	 time= 103.01426318883895 min 	 lr= 0.02929822750698526 	 loss= 0.24278170013290537 	 error= 7.601102935078809 percent
accuracy on test set = 87.13999801874161 percent
 
epoch= 90 	 time= 104.16428419748942 min 	 lr= 0.028910861626005795 	 loss= 0.22593579183111107 	 error= 6.980099107908167 percent
accuracy on test set = 88.65999788045883 percent
 
epoch= 91 	 time= 105.33170662323634 min 	 lr= 0.028522530798439593 	 loss= 0.22273196935501244 	 error= 6.910565853728663 percent
accuracy on test set = 86.41999793052673 percent
 
epoch= 92 	 time= 106.48006476561228 min 	 lr= 0.028133330839107632 	 loss= 0.22300804636972335 	 error= 6.745524296675192 percent
accuracy on test set = 87.77999818325043 percent
 
epoch= 93 	 time= 107.62149600585302 min 	 lr= 0.027743357777276153 	 loss= 0.2137356606762275 	 error= 6.564498084890263 percent
accuracy on test set = 88.63999795913696 percent
 
epoch= 94 	 time= 108.77219760815302 min 	 lr= 0.027352707832962876 	 loss= 0.20831397631208 	 error= 6.4262308123166605 percent
accuracy on test set = 87.47999823093414 percent
 
epoch= 95 	 time= 109.89177640676499 min 	 lr= 0.026961477393196143 	 loss= 0.20556584587487417 	 error= 6.5660965412169165 percent
accuracy on test set = 88.82999837398529 percent
 
epoch= 96 	 time= 111.04721953471501 min 	 lr= 0.026569762988232853 	 loss= 0.20074001738749198 	 error= 6.137308181094392 percent
accuracy on test set = 89.47999811172485 percent
 
epoch= 97 	 time= 112.2058511654536 min 	 lr= 0.02617766126774108 	 loss= 0.20165165390847894 	 error= 6.284766627089752 percent
accuracy on test set = 87.56999790668488 percent
 
epoch= 98 	 time= 113.38293065627416 min 	 lr= 0.025785268976953223 	 loss= 0.18816525107988005 	 error= 5.890345268542199 percent
accuracy on test set = 87.39999788999557 percent
 
epoch= 99 	 time= 114.54069244066874 min 	 lr= 0.02539268293279553 	 loss= 0.1945393363352093 	 error= 6.021019824020698 percent
accuracy on test set = 87.36999797821045 percent
 
epoch= 100 	 time= 115.67028065522511 min 	 lr= 0.025000000000000012 	 loss= 0.19678382431645222 	 error= 6.010230179028133 percent
accuracy on test set = 87.3799979686737 percent
 
epoch= 101 	 time= 116.81336584885915 min 	 lr= 0.0246073170672045 	 loss= 0.19928856204499673 	 error= 6.286365083416405 percent
accuracy on test set = 87.94999808073044 percent
 
epoch= 102 	 time= 117.96857544183732 min 	 lr= 0.024214731023046804 	 loss= 0.17798153634952463 	 error= 5.498721227621484 percent
accuracy on test set = 89.49999815225601 percent
 
epoch= 103 	 time= 119.12454288800558 min 	 lr= 0.023822338732258946 	 loss= 0.18371993351889693 	 error= 5.7384910485933505 percent
accuracy on test set = 88.11999797821045 percent
 
epoch= 104 	 time= 120.27558437188466 min 	 lr= 0.023430237011767177 	 loss= 0.1721182856756403 	 error= 5.332081198997205 percent
accuracy on test set = 89.02999812364578 percent
 
epoch= 105 	 time= 121.40498481591543 min 	 lr= 0.02303852260680389 	 loss= 0.1694582273988315 	 error= 5.256553699293405 percent
accuracy on test set = 88.88999783992767 percent
 
epoch= 106 	 time= 122.57438107331593 min 	 lr= 0.022647292167037154 	 loss= 0.17089099789519444 	 error= 5.284127234802831 percent
accuracy on test set = 88.5399979352951 percent
 
epoch= 107 	 time= 123.7235421538353 min 	 lr= 0.02225664222272388 	 loss= 0.1699348824274967 	 error= 5.250959079283887 percent
accuracy on test set = 89.42999786138535 percent
 
epoch= 108 	 time= 124.8623223821322 min 	 lr= 0.02186666916089241 	 loss= 0.16274761626749393 	 error= 5.077125959079284 percent
accuracy on test set = 88.99999785423279 percent
 
epoch= 109 	 time= 126.0246440132459 min 	 lr= 0.02147746920156045 	 loss= 0.16273659527721002 	 error= 5.049952049084636 percent
accuracy on test set = 88.90999841690063 percent
 
epoch= 110 	 time= 127.17223800420761 min 	 lr= 0.021089138373994242 	 loss= 0.15480987825776305 	 error= 4.876918149421281 percent
accuracy on test set = 89.61999809741974 percent
 
epoch= 111 	 time= 128.3054131825765 min 	 lr= 0.02070177249301477 	 loss= 0.14221693647791966 	 error= 4.490489133483614 percent
accuracy on test set = 89.89999788999557 percent
 
epoch= 112 	 time= 129.47305852572123 min 	 lr= 0.0203154671353569 	 loss= 0.14005362516855036 	 error= 4.3753996072217936 percent
accuracy on test set = 89.40999788045883 percent
 
epoch= 113 	 time= 130.62117287715276 min 	 lr= 0.019930317616087205 	 loss= 0.14295568107567785 	 error= 4.419357407733303 percent
accuracy on test set = 89.09999805688858 percent
 
epoch= 114 	 time= 131.75192034244537 min 	 lr= 0.019546418965086458 	 loss= 0.13832505994840807 	 error= 4.2970748051353125 percent
accuracy on test set = 89.58999794721603 percent
 
epoch= 115 	 time= 132.88864464759826 min 	 lr= 0.019163865903602376 	 loss= 0.13936330410449402 	 error= 4.351023014853983 percent
accuracy on test set = 88.99999803304672 percent
 
epoch= 116 	 time= 134.02946540514628 min 	 lr= 0.018782752820878643 	 loss= 0.12632860275714294 	 error= 4.017742957605425 percent
accuracy on test set = 89.46999806165695 percent
 
epoch= 117 	 time= 135.18412663936616 min 	 lr= 0.01840317375086569 	 loss= 0.13189803617422843 	 error= 4.152813302281568 percent
accuracy on test set = 89.16999810934067 percent
 
epoch= 118 	 time= 136.3190462509791 min 	 lr= 0.018025222349019283 	 loss= 0.12219817974530828 	 error= 3.797953955047881 percent
accuracy on test set = 88.89999788999557 percent
 
epoch= 119 	 time= 137.46452722946802 min 	 lr= 0.017648991869192415 	 loss= 0.12278520113900494 	 error= 3.8582960358056266 percent
accuracy on test set = 88.76999807357788 percent
 
epoch= 120 	 time= 138.62439852555593 min 	 lr= 0.017274575140626334 	 loss= 0.11442759466807709 	 error= 3.6596866977184326 percent
accuracy on test set = 89.34999805688858 percent
 
epoch= 121 	 time= 139.77028582493463 min 	 lr= 0.016902064545046273 	 loss= 0.11050364099290517 	 error= 3.4478900225266167 percent
accuracy on test set = 89.94999819993973 percent
 
epoch= 122 	 time= 140.93484872976939 min 	 lr= 0.016531551993867726 	 loss= 0.11154997543148372 	 error= 3.5166240409207163 percent
accuracy on test set = 90.63999783992767 percent
 
epoch= 123 	 time= 142.07011144161226 min 	 lr= 0.016163128905518586 	 loss= 0.10479754978395484 	 error= 3.305626601514304 percent
accuracy on test set = 90.18999820947647 percent
 
epoch= 124 	 time= 143.20862296819686 min 	 lr= 0.015796886182883066 	 loss= 0.10436592592150354 	 error= 3.224104856286208 percent
accuracy on test set = 89.579998254776 percent
 
epoch= 125 	 time= 144.3576402982076 min 	 lr= 0.015432914190872771 	 loss= 0.09807694807667713 	 error= 3.0586636737179576 percent
accuracy on test set = 90.11999768018723 percent
 
epoch= 126 	 time= 145.4987505197525 min 	 lr= 0.01507130273413049 	 loss= 0.09446203641479126 	 error= 2.9092071611253196 percent
accuracy on test set = 90.45999836921692 percent
 
epoch= 127 	 time= 146.65309417645136 min 	 lr= 0.01471214103487229 	 loss= 0.08920242268201488 	 error= 2.8033088235294117 percent
accuracy on test set = 90.11999851465225 percent
 
epoch= 128 	 time= 147.8137482325236 min 	 lr= 0.014355517710873194 	 loss= 0.08784669779641244 	 error= 2.7221867038160945 percent
accuracy on test set = 90.39999800920486 percent
 
epoch= 129 	 time= 148.97973601818086 min 	 lr= 0.01400152075360213 	 loss= 0.08178175382716271 	 error= 2.598705239917921 percent
accuracy on test set = 90.81999802589417 percent
 
epoch= 130 	 time= 150.15007205406826 min 	 lr= 0.01365023750651134 	 loss= 0.07908853104390452 	 error= 2.5091911673240954 percent
accuracy on test set = 89.91999816894531 percent
 
epoch= 131 	 time= 151.3079363624255 min 	 lr= 0.013301754643485679 	 loss= 0.08289751626760758 	 error= 2.619485294117647 percent
accuracy on test set = 90.62999802827835 percent
 
epoch= 132 	 time= 152.45954373280208 min 	 lr= 0.012956158147457122 	 loss= 0.08474366137724551 	 error= 2.6106937309665144 percent
accuracy on test set = 89.86999809741974 percent
 
epoch= 133 	 time= 153.6119942943255 min 	 lr= 0.012613533289189816 	 loss= 0.07395522787576289 	 error= 2.26062979844525 percent
accuracy on test set = 89.84999805688858 percent
 
epoch= 134 	 time= 154.74776012500126 min 	 lr= 0.012273964606240723 	 loss= 0.07874698999344998 	 error= 2.548353583611491 percent
accuracy on test set = 89.57999837398529 percent
 
epoch= 135 	 time= 155.90840434233348 min 	 lr= 0.011937535882101285 	 loss= 0.07124485052131174 	 error= 2.181106135058586 percent
accuracy on test set = 90.06999796628952 percent
 
epoch= 136 	 time= 157.07055924336115 min 	 lr= 0.011604330125525083 	 loss= 0.06342430238890678 	 error= 1.9613171325010412 percent
accuracy on test set = 90.329998254776 percent
 
epoch= 137 	 time= 158.23832988739014 min 	 lr= 0.011274429550046707 	 loss= 0.06176583889081045 	 error= 1.9453324777695833 percent
accuracy on test set = 90.45999813079834 percent
 
epoch= 138 	 time= 159.384896393617 min 	 lr= 0.010947915553696737 	 loss= 0.059128695670181836 	 error= 1.8514226312222686 percent
accuracy on test set = 90.45999825000763 percent
 
epoch= 139 	 time= 160.5178153793017 min 	 lr= 0.01062486869891804 	 loss= 0.058358336439179946 	 error= 1.8394341401736753 percent
accuracy on test set = 90.09999805688858 percent
 
epoch= 140 	 time= 161.67413121461868 min 	 lr= 0.01030536869268818 	 loss= 0.05763677951624936 	 error= 1.8981777493606138 percent
accuracy on test set = 90.89999806880951 percent
 
epoch= 141 	 time= 162.81727120081584 min 	 lr= 0.009989494366852907 	 loss= 0.04942949196261823 	 error= 1.5025575447570332 percent
accuracy on test set = 90.28999811410904 percent
 
epoch= 142 	 time= 163.94438736041386 min 	 lr= 0.00967732365867559 	 loss= 0.052873604976193374 	 error= 1.6496163652376141 percent
accuracy on test set = 90.48999828100204 percent
 
epoch= 143 	 time= 165.07831490834553 min 	 lr= 0.009368933591607374 	 loss= 0.05320675985987686 	 error= 1.64202364814251 percent
accuracy on test set = 90.71999788284302 percent
 
epoch= 144 	 time= 166.22028914690017 min 	 lr= 0.00906440025628276 	 loss= 0.04450481847081038 	 error= 1.4138427079486116 percent
accuracy on test set = 90.76999801397324 percent
 
epoch= 145 	 time= 167.36501496632894 min 	 lr= 0.008763798791745414 	 loss= 0.042100737183390524 	 error= 1.3267263427109974 percent
accuracy on test set = 90.94999819993973 percent
 
epoch= 146 	 time= 168.5174475590388 min 	 lr= 0.00846720336690871 	 loss= 0.04084710438576196 	 error= 1.257992324316898 percent
accuracy on test set = 91.3199982047081 percent
 
epoch= 147 	 time= 169.66465310255685 min 	 lr= 0.008174687162255667 	 loss= 0.03775366546724306 	 error= 1.1592870783013152 percent
accuracy on test set = 90.66999822854996 percent
 
epoch= 148 	 time= 170.83313914934794 min 	 lr= 0.007886322351782785 	 loss= 0.033462930818462314 	 error= 1.0114290220353306 percent
accuracy on test set = 91.12999814748764 percent
 
epoch= 149 	 time= 171.98117891550064 min 	 lr= 0.007602180085192145 	 loss= 0.035546536961108294 	 error= 1.1229219948849105 percent
accuracy on test set = 91.06999814510345 percent
 
epoch= 150 	 time= 173.12983295122783 min 	 lr= 0.007322330470336316 	 loss= 0.029064963173950114 	 error= 0.8863491018105041 percent
accuracy on test set = 90.63999801874161 percent
 
epoch= 151 	 time= 174.17228935956956 min 	 lr= 0.007046842555920285 	 loss= 0.02954510021764223 	 error= 0.9351023017902813 percent
accuracy on test set = 91.23999816179276 percent
 
epoch= 152 	 time= 175.16113979816436 min 	 lr= 0.006775784314464719 	 loss= 0.026189098925427402 	 error= 0.8535805565621847 percent
accuracy on test set = 91.29999804496765 percent
 
epoch= 153 	 time= 176.13925320704777 min 	 lr= 0.006509222625534758 	 loss= 0.02723498111281096 	 error= 0.8332001278772379 percent
accuracy on test set = 90.83999782800674 percent
 
epoch= 154 	 time= 177.13888728221258 min 	 lr= 0.006247223259238513 	 loss= 0.023977451027630617 	 error= 0.7332960358056266 percent
accuracy on test set = 91.27999806404114 percent
 
epoch= 155 	 time= 178.1173568646113 min 	 lr= 0.0059898508599992295 	 loss= 0.01998986134691464 	 error= 0.6246003805828826 percent
accuracy on test set = 91.59999817609787 percent
 
epoch= 156 	 time= 179.15432455937068 min 	 lr= 0.005737168930605274 	 loss= 0.01665482623740802 	 error= 0.47754156010230175 percent
accuracy on test set = 91.2299981713295 percent
 
epoch= 157 	 time= 180.1793047507604 min 	 lr= 0.005489239816541763 	 loss= 0.020409073285244005 	 error= 0.6425831171557727 percent
accuracy on test set = 90.99999803304672 percent
 
epoch= 158 	 time= 181.1865647673607 min 	 lr= 0.005246124690607742 	 loss= 0.0176182534829106 	 error= 0.5454763427109974 percent
accuracy on test set = 91.57999783754349 percent
 
epoch= 159 	 time= 182.1851769487063 min 	 lr= 0.005007883537822737 	 loss= 0.015064320905739084 	 error= 0.4835358056265985 percent
accuracy on test set = 91.70999813079834 percent
 
epoch= 160 	 time= 183.22137617667516 min 	 lr= 0.004774575140626318 	 loss= 0.012936703659489256 	 error= 0.38762787723785164 percent
accuracy on test set = 91.35999834537506 percent
 
epoch= 161 	 time= 184.23570613463718 min 	 lr= 0.00454625706437442 	 loss= 0.011612288427570134 	 error= 0.33168158567774936 percent
accuracy on test set = 91.83999806642532 percent
 
epoch= 162 	 time= 185.2896453777949 min 	 lr= 0.004322985643135959 	 loss= 0.010512249939658148 	 error= 0.29291879490513323 percent
accuracy on test set = 91.85999846458435 percent
 
epoch= 163 	 time= 186.340085653464 min 	 lr= 0.0041048159657932504 	 loss= 0.009287605857681435 	 error= 0.2869245493808366 percent
accuracy on test set = 91.82999807596207 percent
 
epoch= 164 	 time= 187.38722888231277 min 	 lr= 0.0038918018624496302 	 loss= 0.008863715067877413 	 error= 0.2557544757033248 percent
accuracy on test set = 91.73999804258347 percent
 
epoch= 165 	 time= 188.40905236403148 min 	 lr= 0.0036839958911477027 	 loss= 0.0076638891512308925 	 error= 0.22178708439897699 percent
accuracy on test set = 91.72999835014343 percent
 
epoch= 166 	 time= 189.4487049818039 min 	 lr= 0.0034814493249014076 	 loss= 0.005853878915348016 	 error= 0.16304347521203863 percent
accuracy on test set = 92.15999811887741 percent
 
epoch= 167 	 time= 190.46675030787785 min 	 lr= 0.003284212139045219 	 loss= 0.008172437956537623 	 error= 0.24376598465473145 percent
accuracy on test set = 92.22999823093414 percent
 
epoch= 168 	 time= 191.4865409851074 min 	 lr= 0.003092332998903412 	 loss= 0.007208772965491323 	 error= 0.20979859335038364 percent
accuracy on test set = 92.10999792814255 percent
 
epoch= 169 	 time= 192.49541802803677 min 	 lr= 0.002905859247782665 	 loss= 0.005176608828539529 	 error= 0.1518542199488491 percent
accuracy on test set = 92.2099980711937 percent
 
epoch= 170 	 time= 193.48696920077006 min 	 lr= 0.0027248368952908068 	 loss= 0.004886676281061776 	 error= 0.12388107416879796 percent
accuracy on test set = 92.06999808549881 percent
 
epoch= 171 	 time= 194.48502404689788 min 	 lr= 0.002549310605984613 	 loss= 0.003090264185157883 	 error= 0.0719309462915601 percent
accuracy on test set = 91.95999836921692 percent
 
epoch= 172 	 time= 195.5242786606153 min 	 lr= 0.0023793236883495176 	 loss= 0.003355742251599336 	 error= 0.08591751918158569 percent
accuracy on test set = 91.58999812602997 percent
 
epoch= 173 	 time= 196.55388789176942 min 	 lr= 0.002214918084113875 	 loss= 0.0027811425469179765 	 error= 0.06593670076726342 percent
accuracy on test set = 91.79999816417694 percent
 
epoch= 174 	 time= 197.60819235245387 min 	 lr= 0.0020561343579004786 	 loss= 0.0031408259850245475 	 error= 0.08391943734015346 percent
accuracy on test set = 91.98999816179276 percent
 
epoch= 175 	 time= 198.62326944271723 min 	 lr= 0.0019030116872178384 	 loss= 0.003198977740829253 	 error= 0.08192135549872123 percent
accuracy on test set = 92.08999836444855 percent
 
epoch= 176 	 time= 199.6431827823321 min 	 lr= 0.0017555878527937174 	 loss= 0.002367332783441924 	 error= 0.06194053708439898 percent
accuracy on test set = 92.18999826908112 percent
 
epoch= 177 	 time= 200.55765503644943 min 	 lr= 0.0016138992292533167 	 loss= 0.002768704237010273 	 error= 0.059942455242966756 percent
accuracy on test set = 92.16999834775925 percent
 
epoch= 178 	 time= 201.47310151259106 min 	 lr= 0.0014779807761443645 	 loss= 0.0023038490378247847 	 error= 0.05394820971867007 percent
accuracy on test set = 92.27999824285507 percent
 
epoch= 179 	 time= 202.3766600012779 min 	 lr= 0.0013478660293113683 	 loss= 0.0017190968403128235 	 error= 0.029971227621483378 percent
accuracy on test set = 92.1299979686737 percent
 
epoch= 180 	 time= 203.26188120047252 min 	 lr= 0.0012235870926211624 	 loss= 0.0017485524506291464 	 error= 0.02797314578005115 percent
accuracy on test set = 92.2099980711937 percent
 
epoch= 181 	 time= 204.2558457970619 min 	 lr= 0.0011051746300417477 	 loss= 0.001672941910298279 	 error= 0.02597506393861893 percent
accuracy on test set = 92.32999795675278 percent
 
epoch= 182 	 time= 205.30722294251123 min 	 lr= 0.0009926578580764268 	 loss= 0.0018737494593153916 	 error= 0.037963554987212274 percent
accuracy on test set = 92.16999810934067 percent
 
epoch= 183 	 time= 206.35808290243148 min 	 lr= 0.0008860645385550515 	 loss= 0.001599167302564082 	 error= 0.01998081841432225 percent
accuracy on test set = 92.31999814510345 percent
 
epoch= 184 	 time= 207.38831551472347 min 	 lr= 0.0007854209717842264 	 loss= 0.001279797212554492 	 error= 0.017982736572890026 percent
accuracy on test set = 92.2499982714653 percent
 
epoch= 185 	 time= 208.4261404077212 min 	 lr= 0.0006907519900580866 	 loss= 0.0014443693873401056 	 error= 0.029971227621483378 percent
accuracy on test set = 92.10999798774719 percent
 
epoch= 186 	 time= 209.4692384282748 min 	 lr= 0.0006020809515313173 	 loss= 0.001490931494978478 	 error= 0.0319693094629156 percent
accuracy on test set = 92.28999799489975 percent
 
epoch= 187 	 time= 210.5020916024844 min 	 lr= 0.0005194297344558538 	 loss= 0.0014003193248724303 	 error= 0.029971227621483378 percent
accuracy on test set = 92.25999790430069 percent
 
epoch= 188 	 time= 211.52241759697597 min 	 lr= 0.00044281873178278225 	 loss= 0.0013083826664619653 	 error= 0.0239769820971867 percent
accuracy on test set = 92.03999799489975 percent
 
epoch= 189 	 time= 212.55274049838383 min 	 lr= 0.0003722668461306535 	 loss= 0.0013242262032102136 	 error= 0.01998081841432225 percent
accuracy on test set = 92.22999787330627 percent
 
epoch= 190 	 time= 213.4123038371404 min 	 lr= 0.0003077914851215587 	 loss= 0.001359025438469799 	 error= 0.021978900255754476 percent
accuracy on test set = 92.25999808311462 percent
 
epoch= 191 	 time= 214.28856321175894 min 	 lr= 0.00024940855708606175 	 loss= 0.0012723054341457385 	 error= 0.0159846547314578 percent
accuracy on test set = 92.27999806404114 percent
 
epoch= 192 	 time= 215.15810614029567 min 	 lr= 0.00019713246713805603 	 loss= 0.0014887790307593163 	 error= 0.02917199183607955 percent
accuracy on test set = 92.22999787330627 percent
 
epoch= 193 	 time= 216.0720525344213 min 	 lr= 0.00015097611362051023 	 loss= 0.0012154725925547913 	 error= 0.013986572890025575 percent
accuracy on test set = 92.3599978685379 percent
 
epoch= 194 	 time= 216.97428943316143 min 	 lr= 0.00011095088492300018 	 loss= 0.00130003435573543 	 error= 0.0159846547314578 percent
accuracy on test set = 92.32999795675278 percent
 
epoch= 195 	 time= 217.831982588768 min 	 lr= 7.706665667180096e-05 	 loss= 0.0012972857307373543 	 error= 0.01998081841432225 percent
accuracy on test set = 92.14999836683273 percent
 
epoch= 196 	 time= 218.55144967635474 min 	 lr= 4.9331789293211064e-05 	 loss= 0.0012832234891684122 	 error= 0.0159846547314578 percent
accuracy on test set = 92.27999806404114 percent
 
epoch= 197 	 time= 219.26943465471268 min 	 lr= 2.7753125950752432e-05 	 loss= 0.0013141602877994327 	 error= 0.02597506393861893 percent
accuracy on test set = 92.19999808073044 percent
 
epoch= 198 	 time= 219.97313123941422 min 	 lr= 1.2335990856710008e-05 	 loss= 0.0014188590172506735 	 error= 0.0239769820971867 percent
accuracy on test set = 92.17999809980392 percent
 
epoch= 199 	 time= 220.66674251953762 min 	 lr= 3.0841879584853094e-06 	 loss= 0.0015043022249208388 	 error= 0.029971227621483378 percent
accuracy on test set = 92.35999816656113 percent
 
