nohup: ignoring input
Namespace(epoch=200, lr=0.05, model='vgg13', noise=None, resume=False, root='./data', type='train')
test mean and std: [tensor(0.4942), tensor(0.4851), tensor(0.4504)] [tensor(0.2467), tensor(0.2429), tensor(0.2616)]
train mean and std: [tensor(0.4914), tensor(0.4822), tensor(0.4465)] [tensor(0.2470), tensor(0.2435), tensor(0.2616)]
[33mThe trained model will be saved in: outputs/vgg13[0m
epoch= 0 	 time= 0.6226109862327576 min 	 lr= 0.05 	 loss= 2.0180419009664785 	 error= 78.64370204298697 percent
accuracy on test set = 29.65999919176102 percent
 
epoch= 1 	 time= 1.4426089207331338 min 	 lr= 0.04999691581204152 	 loss= 1.6786549682812313 	 error= 65.50751278162612 percent
accuracy on test set = 43.8999993801117 percent
 
epoch= 2 	 time= 2.4484741648038226 min 	 lr= 0.04998766400914329 	 loss= 1.4024384101028637 	 error= 51.633232100235524 percent
accuracy on test set = 53.88999915122985 percent
 
epoch= 3 	 time= 3.482440006732941 min 	 lr= 0.049972246874049255 	 loss= 1.178461163854965 	 error= 41.360693727917685 percent
accuracy on test set = 63.91999822854996 percent
 
epoch= 4 	 time= 4.480848789215088 min 	 lr= 0.049950668210706796 	 loss= 1.0164484633204272 	 error= 34.372202682373164 percent
accuracy on test set = 66.81999832391739 percent
 
epoch= 5 	 time= 5.498857347170512 min 	 lr= 0.04992293334332821 	 loss= 0.9020113315423737 	 error= 30.101902176961875 percent
accuracy on test set = 70.27999830245972 percent
 
epoch= 6 	 time= 6.503816429773966 min 	 lr= 0.04988904911507701 	 loss= 0.7994246559069894 	 error= 26.478580562659847 percent
accuracy on test set = 75.65999788045883 percent
 
epoch= 7 	 time= 7.518109401067098 min 	 lr= 0.049849023886379504 	 loss= 0.7497639846618828 	 error= 24.678308823529413 percent
accuracy on test set = 77.00999802350998 percent
 
epoch= 8 	 time= 8.5371795018514 min 	 lr= 0.04980286753286196 	 loss= 0.7015397812399413 	 error= 23.047074805135313 percent
accuracy on test set = 79.87999802827835 percent
 
epoch= 9 	 time= 9.570297539234161 min 	 lr= 0.049750591442913945 	 loss= 0.6511506720272171 	 error= 21.069373392388034 percent
accuracy on test set = 75.93999820947647 percent
 
epoch= 10 	 time= 10.590520119667053 min 	 lr= 0.049692208514878454 	 loss= 0.623699222150666 	 error= 20.382832474720754 percent
accuracy on test set = 79.7399982213974 percent
 
epoch= 11 	 time= 11.612221086025238 min 	 lr= 0.049627733153869355 	 loss= 0.5852987910323131 	 error= 18.86748720312972 percent
accuracy on test set = 80.16999757289886 percent
 
epoch= 12 	 time= 12.63506087064743 min 	 lr= 0.049557181268217225 	 loss= 0.5652356769727624 	 error= 18.295236575938855 percent
accuracy on test set = 79.46999776363373 percent
 
epoch= 13 	 time= 13.635278884569804 min 	 lr= 0.04948057026554415 	 loss= 0.543748074404114 	 error= 17.549152813299234 percent
accuracy on test set = 80.63999801874161 percent
 
epoch= 14 	 time= 14.653871885935466 min 	 lr= 0.04939791904846869 	 loss= 0.5265080617059528 	 error= 16.927749360613813 percent
accuracy on test set = 82.1599977016449 percent
 
epoch= 15 	 time= 15.683589446544648 min 	 lr= 0.04930924800994192 	 loss= 0.5075147275424674 	 error= 16.346307544757032 percent
accuracy on test set = 81.73999798297882 percent
 
epoch= 16 	 time= 16.70615334113439 min 	 lr= 0.049214579028215785 	 loss= 0.4880478873734584 	 error= 15.693334392879322 percent
accuracy on test set = 80.54999774694443 percent
 
epoch= 17 	 time= 17.71776022116343 min 	 lr= 0.04911393546144496 	 loss= 0.4935253882194724 	 error= 15.961476985146017 percent
accuracy on test set = 84.26999825239182 percent
 
epoch= 18 	 time= 18.734104641278584 min 	 lr= 0.049007342141923586 	 loss= 0.46600684073879894 	 error= 15.04595587625528 percent
accuracy on test set = 83.98999774456024 percent
 
epoch= 19 	 time= 19.745992370446523 min 	 lr= 0.04889482536995826 	 loss= 0.4539912455831952 	 error= 14.65393222506394 percent
accuracy on test set = 84.85999774932861 percent
 
epoch= 20 	 time= 20.759328770637513 min 	 lr= 0.04877641290737885 	 loss= 0.44374803768094545 	 error= 14.213155373892821 percent
accuracy on test set = 84.6199980378151 percent
 
epoch= 21 	 time= 21.75789991617203 min 	 lr= 0.04865213397068864 	 loss= 0.44341148123564317 	 error= 14.233535802577768 percent
accuracy on test set = 83.7999975681305 percent
 
epoch= 22 	 time= 22.774891805648803 min 	 lr= 0.04852201922385564 	 loss= 0.43319770000169955 	 error= 14.098865083416404 percent
accuracy on test set = 85.05999797582626 percent
 
epoch= 23 	 time= 23.817019295692443 min 	 lr= 0.04838610077074669 	 loss= 0.41966342693552033 	 error= 13.387947573381313 percent
accuracy on test set = 85.02999782562256 percent
 
epoch= 24 	 time= 24.836638311545055 min 	 lr= 0.04824441214720629 	 loss= 0.4148852701687142 	 error= 13.364370201554749 percent
accuracy on test set = 86.04999774694443 percent
 
epoch= 25 	 time= 25.859792586167654 min 	 lr= 0.048096988312782175 	 loss= 0.40410260730387304 	 error= 12.84167199488491 percent
accuracy on test set = 85.68999791145325 percent
 
epoch= 26 	 time= 26.87823158899943 min 	 lr= 0.04794386564209953 	 loss= 0.40640771625291966 	 error= 12.905610613810742 percent
accuracy on test set = 84.75999790430069 percent
 
epoch= 27 	 time= 27.905146431922912 min 	 lr= 0.04778508191588613 	 loss= 0.39125385289759285 	 error= 12.45404411764706 percent
accuracy on test set = 84.69999796152115 percent
 
epoch= 28 	 time= 28.912454636891685 min 	 lr= 0.04762067631165049 	 loss= 0.3912471586938404 	 error= 12.617087592859097 percent
accuracy on test set = 83.35999792814255 percent
 
epoch= 29 	 time= 29.92182345787684 min 	 lr= 0.047450689394015394 	 loss= 0.3838840441020858 	 error= 12.39170395504788 percent
accuracy on test set = 84.91999810934067 percent
 
epoch= 30 	 time= 30.948999865849814 min 	 lr= 0.0472751631047092 	 loss= 0.3715035972159232 	 error= 12.078804341728425 percent
accuracy on test set = 86.08999800682068 percent
 
epoch= 31 	 time= 31.979653934637707 min 	 lr= 0.04709414075221735 	 loss= 0.36324624084603147 	 error= 11.783487854711234 percent
accuracy on test set = 86.44999814033508 percent
 
epoch= 32 	 time= 33.00085621277491 min 	 lr= 0.046907667001096595 	 loss= 0.3600454222973046 	 error= 11.51774296980075 percent
accuracy on test set = 85.16999810934067 percent
 
epoch= 33 	 time= 34.01317432721456 min 	 lr= 0.04671578786095479 	 loss= 0.3582270734602838 	 error= 11.37348145170285 percent
accuracy on test set = 87.10999810695648 percent
 
epoch= 34 	 time= 35.041958165168765 min 	 lr= 0.0465185506750986 	 loss= 0.35988308474078506 	 error= 11.38467070696604 percent
accuracy on test set = 86.48999798297882 percent
 
epoch= 35 	 time= 36.04378048578898 min 	 lr= 0.04631600410885232 	 loss= 0.35388184790416144 	 error= 11.333120204603581 percent
accuracy on test set = 84.24999785423279 percent
 
epoch= 36 	 time= 37.05664621988932 min 	 lr= 0.04610819813755039 	 loss= 0.34759575101878026 	 error= 11.327525569349909 percent
accuracy on test set = 85.98999780416489 percent
 
epoch= 37 	 time= 38.06363896926244 min 	 lr= 0.045895184034206775 	 loss= 0.3477286350010606 	 error= 11.144101665452922 percent
accuracy on test set = 86.4699975848198 percent
 
epoch= 38 	 time= 39.08675634463628 min 	 lr= 0.04567701435686406 	 loss= 0.3312114073568598 	 error= 10.784846544265747 percent
accuracy on test set = 84.78999817371368 percent
 
epoch= 39 	 time= 40.1179923137029 min 	 lr= 0.0454537429356256 	 loss= 0.32683985141079747 	 error= 10.437579914127165 percent
accuracy on test set = 86.27999782562256 percent
 
epoch= 40 	 time= 41.134610903263095 min 	 lr= 0.045225424859373704 	 loss= 0.33226805147917376 	 error= 10.634590795887705 percent
accuracy on test set = 87.10999816656113 percent
 
epoch= 41 	 time= 42.15184832016627 min 	 lr= 0.04499211646217729 	 loss= 0.32315223025696355 	 error= 10.56745523382026 percent
accuracy on test set = 86.97999829053879 percent
 
epoch= 42 	 time= 43.156743009885155 min 	 lr= 0.044753875309392274 	 loss= 0.3197225909251386 	 error= 10.286125319693094 percent
accuracy on test set = 85.51999795436859 percent
 
epoch= 43 	 time= 44.17214895089467 min 	 lr= 0.044510760183458266 	 loss= 0.32068023409532465 	 error= 10.263347183651936 percent
accuracy on test set = 85.78999775648117 percent
 
epoch= 44 	 time= 45.18425716161728 min 	 lr= 0.044262831069394756 	 loss= 0.315724166038701 	 error= 10.071131716603817 percent
accuracy on test set = 85.92999804019928 percent
 
epoch= 45 	 time= 46.21938087940216 min 	 lr= 0.0440101491400008 	 loss= 0.31533789764279907 	 error= 10.150655364746328 percent
accuracy on test set = 86.25999808311462 percent
 
epoch= 46 	 time= 47.23365330298741 min 	 lr= 0.043752776740761515 	 loss= 0.3047718459268665 	 error= 9.90409206246476 percent
accuracy on test set = 88.3199982047081 percent
 
epoch= 47 	 time= 48.255709024270374 min 	 lr= 0.04349077737446526 	 loss= 0.3132870255986138 	 error= 10.139066499212515 percent
accuracy on test set = 86.26999801397324 percent
 
epoch= 48 	 time= 49.27238868077596 min 	 lr= 0.043224215685535305 	 loss= 0.30037666944896474 	 error= 9.809782605646822 percent
accuracy on test set = 86.11999797821045 percent
 
epoch= 49 	 time= 50.28781405289968 min 	 lr= 0.04295315744407974 	 loss= 0.30038452354233586 	 error= 9.487691818905608 percent
accuracy on test set = 87.50999796390533 percent
 
epoch= 50 	 time= 51.29346797466278 min 	 lr= 0.0426776695296637 	 loss= 0.29575304271619945 	 error= 9.536045393370607 percent
accuracy on test set = 86.26999801397324 percent
 
epoch= 51 	 time= 52.29611813227336 min 	 lr= 0.04239781991480787 	 loss= 0.30100308585426083 	 error= 9.623561384123 percent
accuracy on test set = 86.55999797582626 percent
 
epoch= 52 	 time= 53.30535317262014 min 	 lr= 0.04211367764821723 	 loss= 0.2889635581951922 	 error= 9.359814581053946 percent
accuracy on test set = 88.39999806880951 percent
 
epoch= 53 	 time= 54.32978117465973 min 	 lr= 0.04182531283774434 	 loss= 0.27857462065222927 	 error= 8.975383631713555 percent
accuracy on test set = 87.13999778032303 percent
 
epoch= 54 	 time= 55.36084399620692 min 	 lr= 0.041532796633091305 	 loss= 0.2785662821758434 	 error= 9.120444370352704 percent
accuracy on test set = 87.41999804973602 percent
 
epoch= 55 	 time= 56.37862317562103 min 	 lr= 0.0412362012082546 	 loss= 0.2763935021694054 	 error= 8.948209721718909 percent
accuracy on test set = 87.44999814033508 percent
 
epoch= 56 	 time= 57.40182503064474 min 	 lr= 0.04093559974371725 	 loss= 0.2778518436205052 	 error= 8.973385549872123 percent
accuracy on test set = 87.6399981379509 percent
 
epoch= 57 	 time= 58.41021474202474 min 	 lr= 0.04063106640839264 	 loss= 0.273260865465302 	 error= 8.757193085482664 percent
accuracy on test set = 87.98999786376953 percent
 
epoch= 58 	 time= 59.41792407433192 min 	 lr= 0.04032267634132442 	 loss= 0.27138168641063565 	 error= 8.865888740705408 percent
accuracy on test set = 87.23999828100204 percent
 
epoch= 59 	 time= 60.41999399662018 min 	 lr= 0.040010505633147106 	 loss= 0.27794266939925416 	 error= 8.98617327670612 percent
accuracy on test set = 86.87999802827835 percent
 
epoch= 60 	 time= 61.423119417826335 min 	 lr= 0.03969463130731184 	 loss= 0.2610347961906887 	 error= 8.55778452685422 percent
accuracy on test set = 87.71999788284302 percent
 
epoch= 61 	 time= 62.441834112008415 min 	 lr= 0.03937513130108197 	 loss= 0.2583050332639528 	 error= 8.353980179028133 percent
accuracy on test set = 85.46999788284302 percent
 
epoch= 62 	 time= 63.488555335998534 min 	 lr= 0.03905208444630328 	 loss= 0.26587652561762143 	 error= 8.531010227130196 percent
accuracy on test set = 87.75999814271927 percent
 
epoch= 63 	 time= 64.50646684567134 min 	 lr= 0.038725570449953305 	 loss= 0.2538573027914747 	 error= 8.19493286749896 percent
accuracy on test set = 87.33999800682068 percent
 
epoch= 64 	 time= 65.51922549009323 min 	 lr= 0.03839566987447492 	 loss= 0.26000424360146607 	 error= 8.39554027218343 percent
accuracy on test set = 88.69999825954437 percent
 
epoch= 65 	 time= 66.52933843533198 min 	 lr= 0.03806246411789873 	 loss= 0.2536516383938167 	 error= 8.123001921207399 percent
accuracy on test set = 86.74999815225601 percent
 
epoch= 66 	 time= 67.5226314942042 min 	 lr= 0.037726035393759294 	 loss= 0.2474739748003233 	 error= 8.161365086465237 percent
accuracy on test set = 87.79999792575836 percent
 
epoch= 67 	 time= 68.55442764361699 min 	 lr= 0.0373864667108102 	 loss= 0.2427232331403381 	 error= 7.755754472654494 percent
accuracy on test set = 88.02999824285507 percent
 
epoch= 68 	 time= 69.56045068502426 min 	 lr= 0.03704384185254289 	 loss= 0.23803219275401377 	 error= 7.654651534526854 percent
accuracy on test set = 87.95999830961227 percent
 
epoch= 69 	 time= 70.58734376827876 min 	 lr= 0.03669824535651435 	 loss= 0.23956969637623834 	 error= 7.718190527937906 percent
accuracy on test set = 87.15999817848206 percent
 
epoch= 70 	 time= 71.6374795238177 min 	 lr= 0.03634976249348868 	 loss= 0.2422797356725044 	 error= 7.957960348909773 percent
accuracy on test set = 88.27999806404114 percent
 
epoch= 71 	 time= 72.67200953563055 min 	 lr= 0.03599847924639789 	 loss= 0.23613826217858688 	 error= 7.642263417963481 percent
accuracy on test set = 87.31999808549881 percent
 
epoch= 72 	 time= 73.69035977522532 min 	 lr= 0.03564448228912683 	 loss= 0.22943931290179567 	 error= 7.402893222506394 percent
accuracy on test set = 88.49999815225601 percent
 
epoch= 73 	 time= 74.71372505029042 min 	 lr= 0.03528785896512774 	 loss= 0.2301330343079384 	 error= 7.423273651191341 percent
accuracy on test set = 87.34999781847 percent
 
epoch= 74 	 time= 75.76770457824071 min 	 lr= 0.03492869726586953 	 loss= 0.22633750468035183 	 error= 7.305786448061618 percent
accuracy on test set = 88.74999785423279 percent
 
epoch= 75 	 time= 76.78267175356547 min 	 lr= 0.03456708580912726 	 loss= 0.2217931662831465 	 error= 7.125959082332718 percent
accuracy on test set = 87.94999784231186 percent
 
epoch= 76 	 time= 77.79886197249094 min 	 lr= 0.03420311381711697 	 loss= 0.2205021695788864 	 error= 7.021659201063464 percent
accuracy on test set = 86.62999773025513 percent
 
epoch= 77 	 time= 78.83166721661885 min 	 lr= 0.03383687109448145 	 loss= 0.21814440011673267 	 error= 7.042039644992565 percent
accuracy on test set = 89.07999765872955 percent
 
epoch= 78 	 time= 79.86738106012345 min 	 lr= 0.03346844800613231 	 loss= 0.21301445591708887 	 error= 6.853420716112532 percent
accuracy on test set = 89.2699978351593 percent
 
epoch= 79 	 time= 80.88798881371817 min 	 lr= 0.03309793545495376 	 loss= 0.20080851203264177 	 error= 6.595668158567775 percent
accuracy on test set = 89.32999813556671 percent
 
epoch= 80 	 time= 81.93403512239456 min 	 lr= 0.03272542485937371 	 loss= 0.2060319665828934 	 error= 6.676790278281092 percent
accuracy on test set = 88.82999813556671 percent
 
epoch= 81 	 time= 82.9781563838323 min 	 lr= 0.03235100813080762 	 loss= 0.20361577126833483 	 error= 6.622842068562422 percent
accuracy on test set = 88.70999825000763 percent
 
epoch= 82 	 time= 83.98891691764196 min 	 lr= 0.03197477765098076 	 loss= 0.20289573157229995 	 error= 6.56689577700232 percent
accuracy on test set = 88.83999812602997 percent
 
epoch= 83 	 time= 85.00686038335165 min 	 lr= 0.03159682624913434 	 loss= 0.19776816919560322 	 error= 6.5169437309665135 percent
accuracy on test set = 89.3699980378151 percent
 
epoch= 84 	 time= 86.02266033093134 min 	 lr= 0.031217247179121384 	 loss= 0.18999450263159964 	 error= 6.103740400060668 percent
accuracy on test set = 88.69999819993973 percent
 
epoch= 85 	 time= 87.0495499253273 min 	 lr= 0.03083613409639766 	 loss= 0.18848149359340557 	 error= 6.0585837534931315 percent
accuracy on test set = 88.64999794960022 percent
 
epoch= 86 	 time= 88.06453413565954 min 	 lr= 0.03045358103491359 	 loss= 0.18581311392319172 	 error= 6.099744236377804 percent
accuracy on test set = 89.35999816656113 percent
 
epoch= 87 	 time= 89.07302205165227 min 	 lr= 0.03006968238391284 	 loss= 0.1859347697661813 	 error= 6.00583438983049 percent
accuracy on test set = 88.12999814748764 percent
 
epoch= 88 	 time= 90.09647487799326 min 	 lr= 0.029684532864643145 	 loss= 0.18563505599413382 	 error= 5.998641298250164 percent
accuracy on test set = 88.43999826908112 percent
 
epoch= 89 	 time= 91.1179424961408 min 	 lr= 0.02929822750698526 	 loss= 0.18384507370879277 	 error= 5.935901525380361 percent
accuracy on test set = 88.27999770641327 percent
 
epoch= 90 	 time= 92.1455302198728 min 	 lr= 0.028910861626005795 	 loss= 0.17749162814806185 	 error= 5.769261512000238 percent
accuracy on test set = 89.40999835729599 percent
 
epoch= 91 	 time= 93.18037858804067 min 	 lr= 0.028522530798439593 	 loss= 0.17105757650893058 	 error= 5.529891301298996 percent
accuracy on test set = 88.53999799489975 percent
 
epoch= 92 	 time= 94.19445798794429 min 	 lr= 0.028133330839107632 	 loss= 0.17302954382718067 	 error= 5.636189249165527 percent
accuracy on test set = 88.8099981546402 percent
 
epoch= 93 	 time= 95.20277981758117 min 	 lr= 0.027743357777276153 	 loss= 0.16969023391490093 	 error= 5.693334402025814 percent
accuracy on test set = 89.94999814033508 percent
 
epoch= 94 	 time= 96.22909863789876 min 	 lr= 0.027352707832962876 	 loss= 0.16013637167947067 	 error= 5.264146416388509 percent
accuracy on test set = 87.88999807834625 percent
 
epoch= 95 	 time= 97.25238046646118 min 	 lr= 0.026961477393196143 	 loss= 0.15670412132883316 	 error= 5.149456515641469 percent
accuracy on test set = 88.98999786376953 percent
 
epoch= 96 	 time= 98.2640133023262 min 	 lr= 0.026569762988232853 	 loss= 0.15740422865428277 	 error= 5.066735924357343 percent
accuracy on test set = 89.60999804735184 percent
 
epoch= 97 	 time= 99.27621885538102 min 	 lr= 0.02617766126774108 	 loss= 0.1513745147649132 	 error= 4.959638740705407 percent
accuracy on test set = 89.88999819755554 percent
 
epoch= 98 	 time= 100.30266938606898 min 	 lr= 0.025785268976953223 	 loss= 0.15143694199831284 	 error= 4.900495521247844 percent
accuracy on test set = 89.80999827384949 percent
 
epoch= 99 	 time= 101.32013877630234 min 	 lr= 0.02539268293279553 	 loss= 0.14913690337896957 	 error= 4.8361572920513884 percent
accuracy on test set = 88.96999794244766 percent
 
epoch= 100 	 time= 102.34142551422119 min 	 lr= 0.025000000000000012 	 loss= 0.1473918371760022 	 error= 4.868925822055553 percent
accuracy on test set = 87.89999812841415 percent
 
epoch= 101 	 time= 103.35660563707351 min 	 lr= 0.0246073170672045 	 loss= 0.14525405149382856 	 error= 4.777014057349671 percent
accuracy on test set = 90.07999795675278 percent
 
epoch= 102 	 time= 104.38916179736455 min 	 lr= 0.024214731023046804 	 loss= 0.1378274655822293 	 error= 4.621962909503361 percent
accuracy on test set = 89.98999786376953 percent
 
epoch= 103 	 time= 105.39698871771495 min 	 lr= 0.023822338732258946 	 loss= 0.13297232419557278 	 error= 4.465313290086244 percent
accuracy on test set = 89.97999823093414 percent
 
epoch= 104 	 time= 106.43126047849655 min 	 lr= 0.023430237011767177 	 loss= 0.12734635143786135 	 error= 4.216352295692619 percent
accuracy on test set = 88.82999813556671 percent
 
epoch= 105 	 time= 107.45759910742441 min 	 lr= 0.02303852260680389 	 loss= 0.13148655081191635 	 error= 4.287084395928152 percent
accuracy on test set = 88.25999802350998 percent
 
epoch= 106 	 time= 108.47001356283823 min 	 lr= 0.022647292167037154 	 loss= 0.13708236970750573 	 error= 4.556825444521501 percent
accuracy on test set = 89.33999794721603 percent
 
epoch= 107 	 time= 109.5036154905955 min 	 lr= 0.02225664222272388 	 loss= 0.12209670766806968 	 error= 3.9114450097388924 percent
accuracy on test set = 90.25999796390533 percent
 
epoch= 108 	 time= 110.53347202142079 min 	 lr= 0.02186666916089241 	 loss= 0.12165021948764086 	 error= 3.8790760900053525 percent
accuracy on test set = 90.23999816179276 percent
 
epoch= 109 	 time= 111.56366316874822 min 	 lr= 0.02147746920156045 	 loss= 0.12089804497063922 	 error= 4.001358692603342 percent
accuracy on test set = 90.09999859333038 percent
 
epoch= 110 	 time= 112.5831597685814 min 	 lr= 0.021089138373994242 	 loss= 0.11794333813040306 	 error= 3.8570971897495983 percent
accuracy on test set = 89.82999801635742 percent
 
epoch= 111 	 time= 113.59515792926153 min 	 lr= 0.02070177249301477 	 loss= 0.10944118862852568 	 error= 3.5749680245928754 percent
accuracy on test set = 90.2099986076355 percent
 
epoch= 112 	 time= 114.61542150974273 min 	 lr= 0.0203154671353569 	 loss= 0.11074506419012918 	 error= 3.592551150895141 percent
accuracy on test set = 90.03999823331833 percent
 
epoch= 113 	 time= 115.64523938099543 min 	 lr= 0.019930317616087205 	 loss= 0.10865910633769639 	 error= 3.5701726251246066 percent
accuracy on test set = 90.12999802827835 percent
 
epoch= 114 	 time= 116.64928592443466 min 	 lr= 0.019546418965086458 	 loss= 0.10859656255320667 	 error= 3.580562659846547 percent
accuracy on test set = 89.76999771595001 percent
 
epoch= 115 	 time= 117.66399970451991 min 	 lr= 0.019163865903602376 	 loss= 0.10416044845529225 	 error= 3.449488494097424 percent
accuracy on test set = 90.60999816656113 percent
 
epoch= 116 	 time= 118.6820606191953 min 	 lr= 0.018782752820878643 	 loss= 0.10360351184387799 	 error= 3.416320323334326 percent
accuracy on test set = 90.12999784946442 percent
 
epoch= 117 	 time= 119.69956533908844 min 	 lr= 0.01840317375086569 	 loss= 0.09867028028363614 	 error= 3.2129156010230178 percent
accuracy on test set = 90.15999811887741 percent
 
epoch= 118 	 time= 120.72258501847585 min 	 lr= 0.018025222349019283 	 loss= 0.09439999710225389 	 error= 3.107416873697735 percent
accuracy on test set = 90.66999793052673 percent
 
epoch= 119 	 time= 121.73911907672883 min 	 lr= 0.017648991869192415 	 loss= 0.09219375567134384 	 error= 3.0195012726747166 percent
accuracy on test set = 90.11999809741974 percent
 
epoch= 120 	 time= 122.75516595840455 min 	 lr= 0.017274575140626334 	 loss= 0.09120060443935339 	 error= 2.9971227621483374 percent
accuracy on test set = 90.60999810695648 percent
 
epoch= 121 	 time= 123.76570399999619 min 	 lr= 0.016902064545046273 	 loss= 0.08749538397087771 	 error= 2.811700761165765 percent
accuracy on test set = 90.39999783039093 percent
 
epoch= 122 	 time= 124.78356648286184 min 	 lr= 0.016531551993867726 	 loss= 0.08146091834510989 	 error= 2.7070012696258856 percent
accuracy on test set = 89.99999815225601 percent
 
epoch= 123 	 time= 125.81040801207224 min 	 lr= 0.016163128905518586 	 loss= 0.08270581613492478 	 error= 2.673833114106942 percent
accuracy on test set = 90.59999781847 percent
 
epoch= 124 	 time= 126.84275155067444 min 	 lr= 0.015796886182883066 	 loss= 0.0792185174553748 	 error= 2.6326726312222686 percent
accuracy on test set = 89.41999834775925 percent
 
epoch= 125 	 time= 127.87000976403554 min 	 lr= 0.015432914190872771 	 loss= 0.08076603155668892 	 error= 2.62468030385654 percent
accuracy on test set = 91.09999823570251 percent
 
epoch= 126 	 time= 128.89979393084843 min 	 lr= 0.01507130273413049 	 loss= 0.07248603555914539 	 error= 2.380115083416405 percent
accuracy on test set = 90.46999824047089 percent
 
epoch= 127 	 time= 129.91488492091497 min 	 lr= 0.01471214103487229 	 loss= 0.0764439875293342 	 error= 2.453244875763993 percent
accuracy on test set = 90.59999817609787 percent
 
epoch= 128 	 time= 130.94245494206746 min 	 lr= 0.014355517710873194 	 loss= 0.07118558930828596 	 error= 2.2434462824136094 percent
accuracy on test set = 91.27999806404114 percent
 
epoch= 129 	 time= 131.95674845377604 min 	 lr= 0.01400152075360213 	 loss= 0.06564873515549675 	 error= 2.137947570332481 percent
accuracy on test set = 90.9199982881546 percent
 
epoch= 130 	 time= 132.96911928653716 min 	 lr= 0.01365023750651134 	 loss= 0.05929876676739177 	 error= 2.016863813790519 percent
accuracy on test set = 90.50999814271927 percent
 
epoch= 131 	 time= 133.98278410434722 min 	 lr= 0.013301754643485679 	 loss= 0.06323842747170297 	 error= 2.120364444030215 percent
accuracy on test set = 91.35999822616577 percent
 
epoch= 132 	 time= 134.99672404925028 min 	 lr= 0.012956158147457122 	 loss= 0.06340878657863268 	 error= 2.028452679324333 percent
accuracy on test set = 90.56999832391739 percent
 
epoch= 133 	 time= 136.0040247162183 min 	 lr= 0.012613533289189816 	 loss= 0.0593545204576324 	 error= 2.012468024592875 percent
accuracy on test set = 90.8799979686737 percent
 
epoch= 134 	 time= 137.03359472354254 min 	 lr= 0.012273964606240723 	 loss= 0.05040136605853696 	 error= 1.6843829923273657 percent
accuracy on test set = 90.80999797582626 percent
 
epoch= 135 	 time= 138.04381346305212 min 	 lr= 0.011937535882101285 	 loss= 0.05081320423013566 	 error= 1.6620044665568319 percent
accuracy on test set = 91.51999831199646 percent
 
epoch= 136 	 time= 139.07727009852726 min 	 lr= 0.011604330125525083 	 loss= 0.05144937685154893 	 error= 1.7746962854624404 percent
accuracy on test set = 91.3999981880188 percent
 
epoch= 137 	 time= 140.09917974472046 min 	 lr= 0.011274429550046707 	 loss= 0.04720357850746578 	 error= 1.4909686639790645 percent
accuracy on test set = 91.43999814987183 percent
 
epoch= 138 	 time= 141.1278639157613 min 	 lr= 0.010947915553696737 	 loss= 0.04625722166874906 	 error= 1.49056905370844 percent
accuracy on test set = 90.90999817848206 percent
 
epoch= 139 	 time= 142.1600068648656 min 	 lr= 0.01062486869891804 	 loss= 0.04478234104583483 	 error= 1.4058503805828826 percent
accuracy on test set = 91.34999805688858 percent
 
epoch= 140 	 time= 143.175492755572 min 	 lr= 0.01030536869268818 	 loss= 0.0410085796328533 	 error= 1.330722506393862 percent
accuracy on test set = 90.79999840259552 percent
 
epoch= 141 	 time= 144.18934177160264 min 	 lr= 0.009989494366852907 	 loss= 0.03844139376498016 	 error= 1.1848625319693096 percent
accuracy on test set = 91.22999805212021 percent
 
epoch= 142 	 time= 145.21477363109588 min 	 lr= 0.00967732365867559 	 loss= 0.037332350545374635 	 error= 1.1884590701373947 percent
accuracy on test set = 91.61999821662903 percent
 
epoch= 143 	 time= 146.22945901155472 min 	 lr= 0.009368933591607374 	 loss= 0.03483330527477709 	 error= 1.1293158506798318 percent
accuracy on test set = 91.72999811172485 percent
 
epoch= 144 	 time= 147.27058583100637 min 	 lr= 0.00906440025628276 	 loss= 0.03187866893399249 	 error= 1.0429987212276215 percent
accuracy on test set = 91.61999833583832 percent
 
epoch= 145 	 time= 148.29413505395254 min 	 lr= 0.008763798791745414 	 loss= 0.029610866578319645 	 error= 0.9470907928388747 percent
accuracy on test set = 91.72999840974808 percent
 
epoch= 146 	 time= 149.3152982354164 min 	 lr= 0.00846720336690871 	 loss= 0.02774223978714565 	 error= 0.9023337565419618 percent
accuracy on test set = 91.81999814510345 percent
 
epoch= 147 	 time= 150.32809545199078 min 	 lr= 0.008174687162255667 	 loss= 0.026465910570243435 	 error= 0.8775575386593715 percent
accuracy on test set = 91.6299979686737 percent
 
epoch= 148 	 time= 151.3315678159396 min 	 lr= 0.007886322351782785 	 loss= 0.027480143453458995 	 error= 0.8343989739332662 percent
accuracy on test set = 91.68999820947647 percent
 
epoch= 149 	 time= 152.36082168022793 min 	 lr= 0.007602180085192145 	 loss= 0.024084367210526602 	 error= 0.752477618434545 percent
accuracy on test set = 91.6299979686737 percent
 
epoch= 150 	 time= 153.3901185075442 min 	 lr= 0.007322330470336316 	 loss= 0.02075144001151747 	 error= 0.6405850353143404 percent
accuracy on test set = 91.00999826192856 percent
 
epoch= 151 	 time= 154.38962099949518 min 	 lr= 0.007046842555920285 	 loss= 0.02076841549723959 	 error= 0.6645620174115271 percent
accuracy on test set = 91.67999804019928 percent
 
epoch= 152 	 time= 155.40763033628463 min 	 lr= 0.006775784314464719 	 loss= 0.019641419443899712 	 error= 0.6178068992731821 percent
accuracy on test set = 91.80999803543091 percent
 
epoch= 153 	 time= 156.42054849465688 min 	 lr= 0.006509222625534758 	 loss= 0.01674046742794154 	 error= 0.48953005115089515 percent
accuracy on test set = 92.40999829769135 percent
 
epoch= 154 	 time= 157.41984693606693 min 	 lr= 0.006247223259238513 	 loss= 0.017614734952178454 	 error= 0.5574648337595908 percent
accuracy on test set = 92.43999814987183 percent
 
epoch= 155 	 time= 158.41954536835354 min 	 lr= 0.0059898508599992295 	 loss= 0.014292458152098347 	 error= 0.4315856777493606 percent
accuracy on test set = 92.52999848127365 percent
 
epoch= 156 	 time= 159.41278967062632 min 	 lr= 0.005737168930605274 	 loss= 0.01312520795161157 	 error= 0.37284206856242225 percent
accuracy on test set = 92.58999824523926 percent
 
epoch= 157 	 time= 160.41359826723735 min 	 lr= 0.005489239816541763 	 loss= 0.014126280409014782 	 error= 0.4136029411764706 percent
accuracy on test set = 92.01999795436859 percent
 
epoch= 158 	 time= 161.41248745123545 min 	 lr= 0.005246124690607742 	 loss= 0.011617652952785383 	 error= 0.33567774936061384 percent
accuracy on test set = 92.30999827384949 percent
 
epoch= 159 	 time= 162.41865946451824 min 	 lr= 0.005007883537822737 	 loss= 0.010485978650591334 	 error= 0.2717391304347826 percent
accuracy on test set = 92.14999830722809 percent
 
epoch= 160 	 time= 163.42362125317257 min 	 lr= 0.004774575140626318 	 loss= 0.01177457173157226 	 error= 0.36365089514066495 percent
accuracy on test set = 92.54999816417694 percent
 
epoch= 161 	 time= 164.43050263722736 min 	 lr= 0.00454625706437442 	 loss= 0.008891425178865034 	 error= 0.24176790281329924 percent
accuracy on test set = 92.03999817371368 percent
 
epoch= 162 	 time= 165.43050963083903 min 	 lr= 0.004322985643135959 	 loss= 0.010175626707838519 	 error= 0.28172953964194375 percent
accuracy on test set = 92.75999790430069 percent
 
epoch= 163 	 time= 166.43769265413283 min 	 lr= 0.0041048159657932504 	 loss= 0.007757525835090967 	 error= 0.18582161125319693 percent
accuracy on test set = 92.71999818086624 percent
 
epoch= 164 	 time= 167.44640914996464 min 	 lr= 0.0038918018624496302 	 loss= 0.007509013508086848 	 error= 0.18182544757033248 percent
accuracy on test set = 92.3699980378151 percent
 
epoch= 165 	 time= 168.447625096639 min 	 lr= 0.0036839958911477027 	 loss= 0.007595009124025588 	 error= 0.19980818414322252 percent
accuracy on test set = 92.65999859571457 percent
 
epoch= 166 	 time= 169.46947238047917 min 	 lr= 0.0034814493249014076 	 loss= 0.007396444739342746 	 error= 0.19581202046035803 percent
accuracy on test set = 92.43999797105789 percent
 
epoch= 167 	 time= 170.4757830818494 min 	 lr= 0.003284212139045219 	 loss= 0.005850609061439209 	 error= 0.13187340153452684 percent
accuracy on test set = 92.48999816179276 percent
 
epoch= 168 	 time= 171.50522322654723 min 	 lr= 0.003092332998903412 	 loss= 0.005671350078781128 	 error= 0.12987531969309463 percent
accuracy on test set = 92.61999815702438 percent
 
epoch= 169 	 time= 172.53742878039677 min 	 lr= 0.002905859247782665 	 loss= 0.005030319493626008 	 error= 0.0959079283887468 percent
accuracy on test set = 92.74999815225601 percent
 
epoch= 170 	 time= 173.54209913015364 min 	 lr= 0.0027248368952908068 	 loss= 0.005916176768748656 	 error= 0.13187340153452684 percent
accuracy on test set = 92.80999827384949 percent
 
epoch= 171 	 time= 174.52420508861542 min 	 lr= 0.002549310605984613 	 loss= 0.004890408806974435 	 error= 0.0959079283887468 percent
accuracy on test set = 92.70999825000763 percent
 
epoch= 172 	 time= 175.42127164999644 min 	 lr= 0.0023793236883495176 	 loss= 0.004526436366998326 	 error= 0.08711636523761407 percent
accuracy on test set = 92.62999790906906 percent
 
epoch= 173 	 time= 176.32017507950465 min 	 lr= 0.002214918084113875 	 loss= 0.00490177574727084 	 error= 0.09710677444477521 percent
accuracy on test set = 92.84999817609787 percent
 
epoch= 174 	 time= 177.21624958117803 min 	 lr= 0.0020561343579004786 	 loss= 0.004682204004882089 	 error= 0.079923273657289 percent
accuracy on test set = 92.70999836921692 percent
 
epoch= 175 	 time= 178.10593137343724 min 	 lr= 0.0019030116872178384 	 loss= 0.003758426489787238 	 error= 0.06593670076726342 percent
accuracy on test set = 92.91999822854996 percent
 
epoch= 176 	 time= 179.01603515545528 min 	 lr= 0.0017555878527937174 	 loss= 0.003950735008048698 	 error= 0.07392902813299233 percent
accuracy on test set = 92.95999848842621 percent
 
epoch= 177 	 time= 179.94148703018826 min 	 lr= 0.0016138992292533167 	 loss= 0.003375189967782182 	 error= 0.059942455242966756 percent
accuracy on test set = 92.9599980711937 percent
 
epoch= 178 	 time= 180.84726044336955 min 	 lr= 0.0014779807761443645 	 loss= 0.004042112396534561 	 error= 0.08591751918158569 percent
accuracy on test set = 92.98999810218811 percent
 
epoch= 179 	 time= 181.77129646937053 min 	 lr= 0.0013478660293113683 	 loss= 0.003738878786687732 	 error= 0.06793478260869565 percent
accuracy on test set = 92.71999835968018 percent
 
epoch= 180 	 time= 182.68062375783921 min 	 lr= 0.0012235870926211624 	 loss= 0.0036498159944267985 	 error= 0.059942455242966756 percent
accuracy on test set = 92.90999805927277 percent
 
epoch= 181 	 time= 183.5838256676992 min 	 lr= 0.0011051746300417477 	 loss= 0.0032714310839362538 	 error= 0.05195012787723786 percent
accuracy on test set = 92.80999797582626 percent
 
epoch= 182 	 time= 184.4929228067398 min 	 lr= 0.0009926578580764268 	 loss= 0.0033279384922264787 	 error= 0.0639386189258312 percent
accuracy on test set = 92.9499980211258 percent
 
epoch= 183 	 time= 185.41129900614422 min 	 lr= 0.0008860645385550515 	 loss= 0.0033382179964062237 	 error= 0.05195012787723786 percent
accuracy on test set = 92.93999803066254 percent
 
epoch= 184 	 time= 186.32608110904692 min 	 lr= 0.0007854209717842264 	 loss= 0.003379814637303257 	 error= 0.04995204603580563 percent
accuracy on test set = 92.83999836444855 percent
 
epoch= 185 	 time= 187.25269105037054 min 	 lr= 0.0006907519900580866 	 loss= 0.0029205533275690376 	 error= 0.03596547314578005 percent
accuracy on test set = 92.94999849796295 percent
 
epoch= 186 	 time= 188.18398309548695 min 	 lr= 0.0006020809515313173 	 loss= 0.0029097898479770214 	 error= 0.033967391304347824 percent
accuracy on test set = 92.86999821662903 percent
 
epoch= 187 	 time= 189.11656171480814 min 	 lr= 0.0005194297344558538 	 loss= 0.003242517064642304 	 error= 0.033967391304347824 percent
accuracy on test set = 92.84999823570251 percent
 
epoch= 188 	 time= 190.0327049255371 min 	 lr= 0.00044281873178278225 	 loss= 0.003025925835854162 	 error= 0.05394820971867007 percent
accuracy on test set = 92.95999830961227 percent
 
epoch= 189 	 time= 190.92918685277303 min 	 lr= 0.0003722668461306535 	 loss= 0.0032731823097971622 	 error= 0.04195971867007673 percent
accuracy on test set = 92.80999827384949 percent
 
epoch= 190 	 time= 191.8233326792717 min 	 lr= 0.0003077914851215587 	 loss= 0.0030945584720895028 	 error= 0.04995204603580563 percent
accuracy on test set = 92.89999812841415 percent
 
epoch= 191 	 time= 192.73019535541533 min 	 lr= 0.00024940855708606175 	 loss= 0.002732809026823248 	 error= 0.02597506393861893 percent
accuracy on test set = 92.8099981546402 percent
 
epoch= 192 	 time= 193.6113711953163 min 	 lr= 0.00019713246713805603 	 loss= 0.002840501517700532 	 error= 0.033967391304347824 percent
accuracy on test set = 92.96999830007553 percent
 
epoch= 193 	 time= 194.50485770304996 min 	 lr= 0.00015097611362051023 	 loss= 0.0030605848612147084 	 error= 0.04995204603580563 percent
accuracy on test set = 92.94999825954437 percent
 
epoch= 194 	 time= 195.40125716129938 min 	 lr= 0.00011095088492300018 	 loss= 0.0029748504338434675 	 error= 0.04195971867007673 percent
accuracy on test set = 92.87999850511551 percent
 
epoch= 195 	 time= 196.30821578502656 min 	 lr= 7.706665667180096e-05 	 loss= 0.0030770977992383417 	 error= 0.04195971867007673 percent
accuracy on test set = 92.83999824523926 percent
 
epoch= 196 	 time= 197.24024979273477 min 	 lr= 4.9331789293211064e-05 	 loss= 0.003025400459461505 	 error= 0.04595588235294117 percent
accuracy on test set = 92.97999835014343 percent
 
epoch= 197 	 time= 198.19617613951365 min 	 lr= 2.7753125950752432e-05 	 loss= 0.0026846629617464208 	 error= 0.029971227621483378 percent
accuracy on test set = 92.90999817848206 percent
 
epoch= 198 	 time= 199.12290282646816 min 	 lr= 1.2335990856710008e-05 	 loss= 0.003255604465296754 	 error= 0.04395780051150895 percent
accuracy on test set = 93.02999806404114 percent
 
epoch= 199 	 time= 200.05532348950703 min 	 lr= 3.0841879584853094e-06 	 loss= 0.0027841337967802154 	 error= 0.04395780051150895 percent
accuracy on test set = 93.06999796628952 percent
 
