nohup: ignoring input
Namespace(epoch=200, lr=0.05, model='vgg16', noise=None, resume=False, root='./data', type='train')
test mean and std: [tensor(0.4942), tensor(0.4851), tensor(0.4504)] [tensor(0.2467), tensor(0.2429), tensor(0.2616)]
train mean and std: [tensor(0.4914), tensor(0.4822), tensor(0.4465)] [tensor(0.2470), tensor(0.2435), tensor(0.2616)]
[33mThe trained model will be saved in: outputs/vgg16[0m
epoch= 0 	 time= 0.6577490925788879 min 	 lr= 0.05 	 loss= 2.0787424757657456 	 error= 81.39785805626599 percent
accuracy on test set = 29.369999051094055 percent
 
epoch= 1 	 time= 1.5271535913149517 min 	 lr= 0.04999691581204152 	 loss= 1.7094746928690645 	 error= 67.7889226342711 percent
accuracy on test set = 36.6399992108345 percent
 
epoch= 2 	 time= 2.6256620208422343 min 	 lr= 0.04998766400914329 	 loss= 1.5545290833543939 	 error= 59.856537723785166 percent
accuracy on test set = 49.68999910354614 percent
 
epoch= 3 	 time= 3.7215925375620524 min 	 lr= 0.049972246874049255 	 loss= 1.3181974005211345 	 error= 47.08160166545292 percent
accuracy on test set = 55.93999886512757 percent
 
epoch= 4 	 time= 4.815858089923859 min 	 lr= 0.049950668210706796 	 loss= 1.130713830366159 	 error= 39.19197569417832 percent
accuracy on test set = 58.51999872922897 percent
 
epoch= 5 	 time= 5.924405173460642 min 	 lr= 0.04992293334332821 	 loss= 1.0216651119844382 	 error= 35.01558503531434 percent
accuracy on test set = 68.25999850034714 percent
 
epoch= 6 	 time= 7.040974839528402 min 	 lr= 0.04988904911507701 	 loss= 0.9398033487827272 	 error= 31.615648976982097 percent
accuracy on test set = 71.60999810695647 percent
 
epoch= 7 	 time= 8.15078107913335 min 	 lr= 0.049849023886379504 	 loss= 0.8543261553320434 	 error= 27.95716112531969 percent
accuracy on test set = 76.06999826431274 percent
 
epoch= 8 	 time= 9.253392553329467 min 	 lr= 0.04980286753286196 	 loss= 0.7953671325198219 	 error= 25.60621803373937 percent
accuracy on test set = 75.02999824285507 percent
 
epoch= 9 	 time= 10.356032804648082 min 	 lr= 0.049750591442913945 	 loss= 0.7395751015152163 	 error= 23.738810732541488 percent
accuracy on test set = 76.42999827861786 percent
 
epoch= 10 	 time= 11.457480390866598 min 	 lr= 0.049692208514878454 	 loss= 0.7048122522318759 	 error= 22.542359335038363 percent
accuracy on test set = 77.21999835968018 percent
 
epoch= 11 	 time= 12.545299434661866 min 	 lr= 0.049627733153869355 	 loss= 0.6679038408467227 	 error= 21.27917198573842 percent
accuracy on test set = 79.80999827384949 percent
 
epoch= 12 	 time= 13.634044722716014 min 	 lr= 0.049557181268217225 	 loss= 0.6273378509542217 	 error= 19.95164642248617 percent
accuracy on test set = 74.97999811172485 percent
 
epoch= 13 	 time= 14.715639146169027 min 	 lr= 0.04948057026554415 	 loss= 0.6175406279466341 	 error= 19.65832800206626 percent
accuracy on test set = 80.96999794244766 percent
 
epoch= 14 	 time= 15.819544915358225 min 	 lr= 0.04939791904846869 	 loss= 0.581607835981852 	 error= 18.455882343794684 percent
accuracy on test set = 79.83999788761139 percent
 
epoch= 15 	 time= 16.92363985379537 min 	 lr= 0.04930924800994192 	 loss= 0.5723040247207407 	 error= 18.0662563847154 percent
accuracy on test set = 80.18999803066254 percent
 
epoch= 16 	 time= 18.005173961321514 min 	 lr= 0.049214579028215785 	 loss= 0.5481945096760454 	 error= 17.344948839958366 percent
accuracy on test set = 81.85999798774719 percent
 
epoch= 17 	 time= 19.10455812215805 min 	 lr= 0.04911393546144496 	 loss= 0.5465491375197535 	 error= 17.19269500973889 percent
accuracy on test set = 82.63999778032303 percent
 
epoch= 18 	 time= 20.194560666879017 min 	 lr= 0.049007342141923586 	 loss= 0.518505089651898 	 error= 16.313139389238092 percent
accuracy on test set = 82.0399980545044 percent
 
epoch= 19 	 time= 21.304305585225425 min 	 lr= 0.04889482536995826 	 loss= 0.510733144438785 	 error= 16.291160488982335 percent
accuracy on test set = 83.21999800205231 percent
 
epoch= 20 	 time= 22.42363937695821 min 	 lr= 0.04877641290737885 	 loss= 0.4943136534346339 	 error= 15.77645459443407 percent
accuracy on test set = 82.38999789953232 percent
 
epoch= 21 	 time= 23.501535272598268 min 	 lr= 0.04865213397068864 	 loss= 0.48656608251964345 	 error= 15.189418158567774 percent
accuracy on test set = 82.17999792098999 percent
 
epoch= 22 	 time= 24.579541969299317 min 	 lr= 0.04852201922385564 	 loss= 0.4862018292364867 	 error= 15.391624034823053 percent
accuracy on test set = 81.00999802350998 percent
 
epoch= 23 	 time= 25.652073307832083 min 	 lr= 0.04838610077074669 	 loss= 0.4775528126512952 	 error= 15.089514066496163 percent
accuracy on test set = 84.34999775886536 percent
 
epoch= 24 	 time= 26.74233128229777 min 	 lr= 0.04824441214720629 	 loss= 0.46661492599093396 	 error= 14.748641307396657 percent
accuracy on test set = 82.06999802589417 percent
 
epoch= 25 	 time= 27.836024522781372 min 	 lr= 0.048096988312782175 	 loss= 0.459504545344721 	 error= 14.508072250639387 percent
accuracy on test set = 83.80999827384949 percent
 
epoch= 26 	 time= 28.92379287083944 min 	 lr= 0.04794386564209953 	 loss= 0.4525049238101296 	 error= 14.101262790772617 percent
accuracy on test set = 84.57999801635742 percent
 
epoch= 27 	 time= 30.021618417898814 min 	 lr= 0.04778508191588613 	 loss= 0.434987382815622 	 error= 13.726822250639387 percent
accuracy on test set = 84.37999802827835 percent
 
epoch= 28 	 time= 31.121882220109303 min 	 lr= 0.04762067631165049 	 loss= 0.43094133835314485 	 error= 13.530610604664247 percent
accuracy on test set = 83.91999763250351 percent
 
epoch= 29 	 time= 32.21032988627751 min 	 lr= 0.047450689394015394 	 loss= 0.41914010150810643 	 error= 13.218909837400822 percent
accuracy on test set = 86.09999823570251 percent
 
epoch= 30 	 time= 33.32326750357946 min 	 lr= 0.0472751631047092 	 loss= 0.4076866671785979 	 error= 12.933983369861418 percent
accuracy on test set = 85.77999794483185 percent
 
epoch= 31 	 time= 34.41661684115728 min 	 lr= 0.04709414075221735 	 loss= 0.41540905025304126 	 error= 12.973545396419436 percent
accuracy on test set = 82.53999787569046 percent
 
epoch= 32 	 time= 35.500877515474954 min 	 lr= 0.046907667001096595 	 loss= 0.42215084046354073 	 error= 13.23049871817879 percent
accuracy on test set = 86.29999774694443 percent
 
epoch= 33 	 time= 36.595482019583386 min 	 lr= 0.04671578786095479 	 loss= 0.3959972206741343 	 error= 12.314577999017427 percent
accuracy on test set = 86.37999778985977 percent
 
epoch= 34 	 time= 37.69458663066228 min 	 lr= 0.0465185506750986 	 loss= 0.39778620320970143 	 error= 12.54395780051151 percent
accuracy on test set = 85.31999802589417 percent
 
epoch= 35 	 time= 38.80482819477717 min 	 lr= 0.04631600410885232 	 loss= 0.38260980426807845 	 error= 11.99328644806162 percent
accuracy on test set = 84.37999767065048 percent
 
epoch= 36 	 time= 39.912539605299635 min 	 lr= 0.04610819813755039 	 loss= 0.38191240137952676 	 error= 12.070012778577292 percent
accuracy on test set = 84.29999792575836 percent
 
epoch= 37 	 time= 41.00459452470144 min 	 lr= 0.045895184034206775 	 loss= 0.3814278977453861 	 error= 11.944932858352466 percent
accuracy on test set = 80.87999767065048 percent
 
epoch= 38 	 time= 42.09146970510483 min 	 lr= 0.04567701435686406 	 loss= 0.3748271178711406 	 error= 11.71994884605603 percent
accuracy on test set = 84.06999802589417 percent
 
epoch= 39 	 time= 43.18441052834193 min 	 lr= 0.0454537429356256 	 loss= 0.36832662486969053 	 error= 11.542519172439185 percent
accuracy on test set = 84.99999809265137 percent
 
epoch= 40 	 time= 44.28146955569585 min 	 lr= 0.045225424859373704 	 loss= 0.36944228578406524 	 error= 11.620044753984416 percent
accuracy on test set = 85.60999816656113 percent
 
epoch= 41 	 time= 45.35496923128764 min 	 lr= 0.04499211646217729 	 loss= 0.36434927369322617 	 error= 11.58248080926783 percent
accuracy on test set = 84.78999787569046 percent
 
epoch= 42 	 time= 46.4414091984431 min 	 lr= 0.044753875309392274 	 loss= 0.3602035654627759 	 error= 11.246403449636592 percent
accuracy on test set = 85.95999759435654 percent
 
epoch= 43 	 time= 47.51422765254974 min 	 lr= 0.044510760183458266 	 loss= 0.3501787114402522 	 error= 11.001438618925832 percent
accuracy on test set = 87.13999849557877 percent
 
epoch= 44 	 time= 48.61294983625412 min 	 lr= 0.044262831069394756 	 loss= 0.3434868532678355 	 error= 10.763267254280617 percent
accuracy on test set = 87.11999797821045 percent
 
epoch= 45 	 time= 49.707544620831804 min 	 lr= 0.0440101491400008 	 loss= 0.3442548065234328 	 error= 10.691735933503836 percent
accuracy on test set = 86.57999807596207 percent
 
epoch= 46 	 time= 50.78952330350876 min 	 lr= 0.043752776740761515 	 loss= 0.3420458884952623 	 error= 10.840393225555225 percent
accuracy on test set = 85.2599977850914 percent
 
epoch= 47 	 time= 51.886961817741394 min 	 lr= 0.04349077737446526 	 loss= 0.32707694477742283 	 error= 10.315297311529175 percent
accuracy on test set = 86.56999826431274 percent
 
epoch= 48 	 time= 52.989392228921254 min 	 lr= 0.043224215685535305 	 loss= 0.3308535686996587 	 error= 10.355658558628443 percent
accuracy on test set = 87.19999784231186 percent
 
epoch= 49 	 time= 54.087269171079 min 	 lr= 0.04295315744407974 	 loss= 0.33955030882602455 	 error= 10.672953961145543 percent
accuracy on test set = 86.9999977350235 percent
 
epoch= 50 	 time= 55.18329977591832 min 	 lr= 0.0426776695296637 	 loss= 0.32388918776341413 	 error= 10.165840783692381 percent
accuracy on test set = 86.62999802827835 percent
 
epoch= 51 	 time= 56.28120909929275 min 	 lr= 0.04239781991480787 	 loss= 0.3326527487362742 	 error= 10.591432215917445 percent
accuracy on test set = 86.58999800682068 percent
 
epoch= 52 	 time= 57.37426844437917 min 	 lr= 0.04211367764821723 	 loss= 0.32146274285090853 	 error= 10.097106780542438 percent
accuracy on test set = 87.29999804496765 percent
 
epoch= 53 	 time= 58.46926909685135 min 	 lr= 0.04182531283774434 	 loss= 0.3153412075870482 	 error= 10.039562017411527 percent
accuracy on test set = 86.29999804496765 percent
 
epoch= 54 	 time= 59.54503144423167 min 	 lr= 0.041532796633091305 	 loss= 0.3144970764894315 	 error= 9.849744242475465 percent
accuracy on test set = 87.79999822378159 percent
 
epoch= 55 	 time= 60.62640717426936 min 	 lr= 0.0412362012082546 	 loss= 0.30422656394331654 	 error= 9.60557864755011 percent
accuracy on test set = 86.91999787092209 percent
 
epoch= 56 	 time= 61.69478989839554 min 	 lr= 0.04093559974371725 	 loss= 0.3090225588673216 	 error= 9.780210988295963 percent
accuracy on test set = 85.22999793291092 percent
 
epoch= 57 	 time= 62.76588672399521 min 	 lr= 0.04063106640839264 	 loss= 0.3015703723939788 	 error= 9.413762790772616 percent
accuracy on test set = 87.66999816894531 percent
 
epoch= 58 	 time= 63.8423000852267 min 	 lr= 0.04032267634132442 	 loss= 0.2926786314229221 	 error= 9.377397692112057 percent
accuracy on test set = 85.80999821424484 percent
 
epoch= 59 	 time= 64.90689637263615 min 	 lr= 0.040010505633147106 	 loss= 0.3023727906634436 	 error= 9.47290601023018 percent
accuracy on test set = 87.86999785900116 percent
 
epoch= 60 	 time= 65.99327783981958 min 	 lr= 0.03969463130731184 	 loss= 0.2956458155227744 	 error= 9.314657919242254 percent
accuracy on test set = 87.90999805927277 percent
 
epoch= 61 	 time= 67.05881108045578 min 	 lr= 0.03937513130108197 	 loss= 0.2894248314335218 	 error= 9.151614444030216 percent
accuracy on test set = 87.18999797105789 percent
 
epoch= 62 	 time= 68.09839473168056 min 	 lr= 0.03905208444630328 	 loss= 0.27698942151901973 	 error= 8.759590792838875 percent
accuracy on test set = 86.93999797105789 percent
 
epoch= 63 	 time= 69.17591665188472 min 	 lr= 0.038725570449953305 	 loss= 0.28179676461097836 	 error= 8.815936694669603 percent
accuracy on test set = 88.38999795913696 percent
 
epoch= 64 	 time= 70.27713470856348 min 	 lr= 0.03839566987447492 	 loss= 0.28093360278688734 	 error= 8.938618922782371 percent
accuracy on test set = 87.22999823093414 percent
 
epoch= 65 	 time= 71.36926650206247 min 	 lr= 0.03806246411789873 	 loss= 0.2772162297688177 	 error= 8.67367327365729 percent
accuracy on test set = 88.14999800920486 percent
 
epoch= 66 	 time= 72.47837975422541 min 	 lr= 0.037726035393759294 	 loss= 0.26684599583182494 	 error= 8.345987851662404 percent
accuracy on test set = 88.75999814271927 percent
 
epoch= 67 	 time= 73.55866769154866 min 	 lr= 0.0373864667108102 	 loss= 0.2651421832649604 	 error= 8.34159206246476 percent
accuracy on test set = 87.52999824285507 percent
 
epoch= 68 	 time= 74.61538259585699 min 	 lr= 0.03704384185254289 	 loss= 0.26621915499115234 	 error= 8.431106135058586 percent
accuracy on test set = 87.22999775409698 percent
 
epoch= 69 	 time= 75.67699023882548 min 	 lr= 0.03669824535651435 	 loss= 0.2587114729158714 	 error= 8.138986575938857 percent
accuracy on test set = 87.85999774932861 percent
 
epoch= 70 	 time= 76.73657772143682 min 	 lr= 0.03634976249348868 	 loss= 0.2677278369474594 	 error= 8.406329917175995 percent
accuracy on test set = 88.57999783754349 percent
 
epoch= 71 	 time= 77.81369570493698 min 	 lr= 0.03599847924639789 	 loss= 0.2592144419088998 	 error= 8.199728251723073 percent
accuracy on test set = 87.54999786615372 percent
 
epoch= 72 	 time= 78.88047299782436 min 	 lr= 0.03564448228912683 	 loss= 0.2518080659687062 	 error= 8.014306265984656 percent
accuracy on test set = 87.37999820709229 percent
 
epoch= 73 	 time= 79.93402443726858 min 	 lr= 0.03528785896512774 	 loss= 0.24536889823882477 	 error= 7.836476982097186 percent
accuracy on test set = 87.22999793291092 percent
 
epoch= 74 	 time= 81.01947278579077 min 	 lr= 0.03492869726586953 	 loss= 0.24939613810280706 	 error= 7.828085029216679 percent
accuracy on test set = 86.6199979186058 percent
 
epoch= 75 	 time= 82.10968414545059 min 	 lr= 0.03456708580912726 	 loss= 0.24352803304219794 	 error= 7.630674552429667 percent
accuracy on test set = 87.69999814033508 percent
 
epoch= 76 	 time= 83.20744355916977 min 	 lr= 0.03420311381711697 	 loss= 0.2411509180808311 	 error= 7.719788999508714 percent
accuracy on test set = 86.84999805688858 percent
 
epoch= 77 	 time= 84.28678279717764 min 	 lr= 0.03383687109448145 	 loss= 0.22995417730887527 	 error= 7.31218030385654 percent
accuracy on test set = 87.94999796152115 percent
 
epoch= 78 	 time= 85.37554372151693 min 	 lr= 0.03346844800613231 	 loss= 0.22920423103948992 	 error= 7.292599095712843 percent
accuracy on test set = 87.13999789953232 percent
 
epoch= 79 	 time= 86.46396631002426 min 	 lr= 0.03309793545495376 	 loss= 0.22784649839867716 	 error= 7.117167519181586 percent
accuracy on test set = 88.21999806165695 percent
 
epoch= 80 	 time= 87.56339103778204 min 	 lr= 0.03272542485937371 	 loss= 0.23088844116691434 	 error= 7.401294750935586 percent
accuracy on test set = 88.78999775648117 percent
 
epoch= 81 	 time= 88.66570335626602 min 	 lr= 0.03235100813080762 	 loss= 0.2211785096379802 	 error= 6.9761029442253015 percent
accuracy on test set = 89.1999980211258 percent
 
epoch= 82 	 time= 89.76124413808186 min 	 lr= 0.03197477765098076 	 loss= 0.2162659452070513 	 error= 6.903372762148338 percent
accuracy on test set = 88.74999815225601 percent
 
epoch= 83 	 time= 90.86104565858841 min 	 lr= 0.03159682624913434 	 loss= 0.21578418311027006 	 error= 6.8258471806031045 percent
accuracy on test set = 87.61999815702438 percent
 
epoch= 84 	 time= 91.95519143342972 min 	 lr= 0.031217247179121384 	 loss= 0.21383589462322347 	 error= 6.831042190341999 percent
accuracy on test set = 87.22999781370163 percent
 
epoch= 85 	 time= 93.03627338012059 min 	 lr= 0.03083613409639766 	 loss= 0.21186496035369765 	 error= 6.686381077217629 percent
accuracy on test set = 88.25999802350998 percent
 
epoch= 86 	 time= 94.13440754810969 min 	 lr= 0.03045358103491359 	 loss= 0.20218818698583357 	 error= 6.432225057840957 percent
accuracy on test set = 87.99999833106995 percent
 
epoch= 87 	 time= 95.20801545381546 min 	 lr= 0.03006968238391284 	 loss= 0.20081311903531898 	 error= 6.36229219339083 percent
accuracy on test set = 87.35999792814255 percent
 
epoch= 88 	 time= 96.29684714078903 min 	 lr= 0.029684532864643145 	 loss= 0.1997316481016786 	 error= 6.464593992818651 percent
accuracy on test set = 89.15999799966812 percent
 
epoch= 89 	 time= 97.3735689997673 min 	 lr= 0.02929822750698526 	 loss= 0.2005992753007223 	 error= 6.388267257329448 percent
accuracy on test set = 88.29999786615372 percent
 
epoch= 90 	 time= 98.46844427585602 min 	 lr= 0.028910861626005795 	 loss= 0.1970143516731384 	 error= 6.319533238935349 percent
accuracy on test set = 90.18999814987183 percent
 
epoch= 91 	 time= 99.55745946963629 min 	 lr= 0.028522530798439593 	 loss= 0.18690755036290344 	 error= 5.973065859826324 percent
accuracy on test set = 89.58999818563461 percent
 
epoch= 92 	 time= 100.63515052000682 min 	 lr= 0.028133330839107632 	 loss= 0.1793137322396726 	 error= 5.748481457800512 percent
accuracy on test set = 89.00999808311462 percent
 
epoch= 93 	 time= 101.72894842624665 min 	 lr= 0.027743357777276153 	 loss= 0.18531301276534415 	 error= 6.010230179028133 percent
accuracy on test set = 89.14999836683273 percent
 
epoch= 94 	 time= 102.82551129261653 min 	 lr= 0.027352707832962876 	 loss= 0.17330172541729935 	 error= 5.484335029216679 percent
accuracy on test set = 88.85999792814255 percent
 
epoch= 95 	 time= 103.90662790139517 min 	 lr= 0.026961477393196143 	 loss= 0.18488218347587243 	 error= 5.873561378025338 percent
accuracy on test set = 89.01999825239182 percent
 
epoch= 96 	 time= 104.98441584507624 min 	 lr= 0.026569762988232853 	 loss= 0.1693202283357263 	 error= 5.449568417371082 percent
accuracy on test set = 88.31999802589417 percent
 
epoch= 97 	 time= 106.0632664124171 min 	 lr= 0.02617766126774108 	 loss= 0.17182659125312819 	 error= 5.441176464490574 percent
accuracy on test set = 88.87999790906906 percent
 
epoch= 98 	 time= 107.1375261982282 min 	 lr= 0.025785268976953223 	 loss= 0.17803875061557117 	 error= 5.720907922291085 percent
accuracy on test set = 89.81999802589417 percent
 
epoch= 99 	 time= 108.22085704803467 min 	 lr= 0.02539268293279553 	 loss= 0.16677729979805325 	 error= 5.228580553513354 percent
accuracy on test set = 89.64999806880951 percent
 
epoch= 100 	 time= 109.29930771191916 min 	 lr= 0.025000000000000012 	 loss= 0.16837031984954234 	 error= 5.3712436000404455 percent
accuracy on test set = 89.97999823093414 percent
 
epoch= 101 	 time= 110.37886139949163 min 	 lr= 0.0246073170672045 	 loss= 0.15958129541229105 	 error= 5.0671355498721224 percent
accuracy on test set = 88.65999805927277 percent
 
epoch= 102 	 time= 111.45195721387863 min 	 lr= 0.024214731023046804 	 loss= 0.15452281860134487 	 error= 4.920476339662167 percent
accuracy on test set = 89.27999794483185 percent
 
epoch= 103 	 time= 112.52469582955042 min 	 lr= 0.023822338732258946 	 loss= 0.15496755427564196 	 error= 5.002397695160888 percent
accuracy on test set = 89.85999822616577 percent
 
epoch= 104 	 time= 113.60903255939483 min 	 lr= 0.023430237011767177 	 loss= 0.14887062205797266 	 error= 4.8369565125926375 percent
accuracy on test set = 89.7499982714653 percent
 
epoch= 105 	 time= 114.68459988037745 min 	 lr= 0.02303852260680389 	 loss= 0.14622412601490611 	 error= 4.696691173421757 percent
accuracy on test set = 89.99999797344208 percent
 
epoch= 106 	 time= 115.76335851748784 min 	 lr= 0.022647292167037154 	 loss= 0.14889718957073853 	 error= 4.814178391795634 percent
accuracy on test set = 89.78999811410904 percent
 
epoch= 107 	 time= 116.86115661462148 min 	 lr= 0.02225664222272388 	 loss= 0.13930987958293742 	 error= 4.337436052234581 percent
accuracy on test set = 89.5399979352951 percent
 
epoch= 108 	 time= 117.96605719725291 min 	 lr= 0.02186666916089241 	 loss= 0.1319036993872174 	 error= 4.233535796480106 percent
accuracy on test set = 88.90999805927277 percent
 
epoch= 109 	 time= 119.05273072719574 min 	 lr= 0.02147746920156045 	 loss= 0.13307243639893848 	 error= 4.225543469114377 percent
accuracy on test set = 89.35999810695648 percent
 
epoch= 110 	 time= 120.14360909064611 min 	 lr= 0.021089138373994242 	 loss= 0.12913835036766041 	 error= 4.118845910977219 percent
accuracy on test set = 90.5399979352951 percent
 
epoch= 111 	 time= 121.24411730766296 min 	 lr= 0.02070177249301477 	 loss= 0.1258859536979738 	 error= 4.0045556205008035 percent
accuracy on test set = 88.75999826192856 percent
 
epoch= 112 	 time= 122.3395875175794 min 	 lr= 0.0203154671353569 	 loss= 0.12608274895593027 	 error= 3.960597819989295 percent
accuracy on test set = 89.2399982213974 percent
 
epoch= 113 	 time= 123.41720781326293 min 	 lr= 0.019930317616087205 	 loss= 0.12281682885840269 	 error= 3.935022381565455 percent
accuracy on test set = 90.23999786376953 percent
 
epoch= 114 	 time= 124.499802060922 min 	 lr= 0.019546418965086458 	 loss= 0.11773807396802603 	 error= 3.783967382157855 percent
accuracy on test set = 90.08999800682068 percent
 
epoch= 115 	 time= 125.59714241027832 min 	 lr= 0.019163865903602376 	 loss= 0.11596765598791944 	 error= 3.6684782608695654 percent
accuracy on test set = 89.77999812364578 percent
 
epoch= 116 	 time= 126.6828558921814 min 	 lr= 0.018782752820878643 	 loss= 0.11459938526782386 	 error= 3.6900575356105407 percent
accuracy on test set = 89.43999814987183 percent
 
epoch= 117 	 time= 127.7654012799263 min 	 lr= 0.01840317375086569 	 loss= 0.11113938091375182 	 error= 3.6313139416677567 percent
accuracy on test set = 89.20999771356583 percent
 
epoch= 118 	 time= 128.84846915801367 min 	 lr= 0.018025222349019283 	 loss= 0.10913041174945319 	 error= 3.566975697227146 percent
accuracy on test set = 90.46999794244766 percent
 
epoch= 119 	 time= 129.9463182648023 min 	 lr= 0.017648991869192415 	 loss= 0.10116353682468614 	 error= 3.180546666045323 percent
accuracy on test set = 89.54999828338623 percent
 
epoch= 120 	 time= 131.0430066347122 min 	 lr= 0.017274575140626334 	 loss= 0.1090248712836324 	 error= 3.5481937248688524 percent
accuracy on test set = 90.76999789476395 percent
 
epoch= 121 	 time= 132.15322646299998 min 	 lr= 0.016902064545046273 	 loss= 0.09710189447645336 	 error= 3.1473785105263787 percent
accuracy on test set = 89.56999802589417 percent
 
epoch= 122 	 time= 133.23851101001102 min 	 lr= 0.016531551993867726 	 loss= 0.09319711333650457 	 error= 3.029491681881878 percent
accuracy on test set = 88.75999826192856 percent
 
epoch= 123 	 time= 134.34397826592127 min 	 lr= 0.016163128905518586 	 loss= 0.09348790573380182 	 error= 3.03148976372331 percent
accuracy on test set = 90.62999844551086 percent
 
epoch= 124 	 time= 135.44102279742557 min 	 lr= 0.015796886182883066 	 loss= 0.08430340083416009 	 error= 2.7725383601225246 percent
accuracy on test set = 90.74999803304672 percent
 
epoch= 125 	 time= 136.5363828341166 min 	 lr= 0.015432914190872771 	 loss= 0.08289993981190046 	 error= 2.7237851601427474 percent
accuracy on test set = 90.57999813556671 percent
 
epoch= 126 	 time= 137.63390739361446 min 	 lr= 0.01507130273413049 	 loss= 0.0851751899589663 	 error= 2.7177909146184507 percent
accuracy on test set = 89.23999798297882 percent
 
epoch= 127 	 time= 138.72907576958337 min 	 lr= 0.01471214103487229 	 loss= 0.07923838727014221 	 error= 2.593510230179028 percent
accuracy on test set = 90.60999810695648 percent
 
epoch= 128 	 time= 139.82355799277624 min 	 lr= 0.014355517710873194 	 loss= 0.07294741780270854 	 error= 2.3029891273859517 percent
accuracy on test set = 90.4299983382225 percent
 
epoch= 129 	 time= 140.9159410516421 min 	 lr= 0.01400152075360213 	 loss= 0.07727320521326779 	 error= 2.523976975999525 percent
accuracy on test set = 90.28999817371368 percent
 
epoch= 130 	 time= 141.9975632548332 min 	 lr= 0.01365023750651134 	 loss= 0.07051176364388308 	 error= 2.2142742905775297 percent
accuracy on test set = 90.80999857187271 percent
 
epoch= 131 	 time= 143.08927932580312 min 	 lr= 0.013301754643485679 	 loss= 0.07259068338919783 	 error= 2.3201726281734376 percent
accuracy on test set = 89.49999791383743 percent
 
epoch= 132 	 time= 144.18742359081904 min 	 lr= 0.012956158147457122 	 loss= 0.06755016285383031 	 error= 2.158327999017428 percent
accuracy on test set = 90.12999802827835 percent
 
epoch= 133 	 time= 145.27976099650064 min 	 lr= 0.012613533289189816 	 loss= 0.0609497200850102 	 error= 1.990089514066496 percent
accuracy on test set = 90.75999814271927 percent
 
epoch= 134 	 time= 146.3497377316157 min 	 lr= 0.012273964606240723 	 loss= 0.058000205646809716 	 error= 1.84343030385654 percent
accuracy on test set = 90.74999850988388 percent
 
epoch= 135 	 time= 147.44722952842713 min 	 lr= 0.011937535882101285 	 loss= 0.05699453980226041 	 error= 1.9157608604187244 percent
accuracy on test set = 90.92999804019928 percent
 
epoch= 136 	 time= 148.5355215748151 min 	 lr= 0.011604330125525083 	 loss= 0.05545667990508592 	 error= 1.7994725033450307 percent
accuracy on test set = 91.32999849319458 percent
 
epoch= 137 	 time= 149.6368696451187 min 	 lr= 0.011274429550046707 	 loss= 0.049318258467194676 	 error= 1.5732896449925649 percent
accuracy on test set = 89.89999842643738 percent
 
epoch= 138 	 time= 150.71516052881876 min 	 lr= 0.010947915553696737 	 loss= 0.05493990820177528 	 error= 1.7667039580967114 percent
accuracy on test set = 90.84999805688858 percent
 
epoch= 139 	 time= 151.81957155068716 min 	 lr= 0.01062486869891804 	 loss= 0.05206786714437063 	 error= 1.7023657289002558 percent
accuracy on test set = 90.61999785900116 percent
 
epoch= 140 	 time= 152.9214428504308 min 	 lr= 0.01030536869268818 	 loss= 0.04657104876263977 	 error= 1.456601662404092 percent
accuracy on test set = 90.87999832630157 percent
 
epoch= 141 	 time= 154.03439707358677 min 	 lr= 0.009989494366852907 	 loss= 0.0471902702675413 	 error= 1.52653452685422 percent
accuracy on test set = 91.5199983716011 percent
 
epoch= 142 	 time= 155.15490073362986 min 	 lr= 0.00967732365867559 	 loss= 0.042943202184966965 	 error= 1.3946611253196932 percent
accuracy on test set = 90.70999842882156 percent
 
epoch= 143 	 time= 156.28408045371373 min 	 lr= 0.009368933591607374 	 loss= 0.04162480945572676 	 error= 1.3590952624445376 percent
accuracy on test set = 90.96999830007553 percent
 
epoch= 144 	 time= 157.41101400454838 min 	 lr= 0.00906440025628276 	 loss= 0.03808393677139221 	 error= 1.2120364419639569 percent
accuracy on test set = 91.04999834299088 percent
 
epoch= 145 	 time= 158.53340841134388 min 	 lr= 0.008763798791745414 	 loss= 0.03405399469996962 	 error= 1.0881553677951588 percent
accuracy on test set = 91.41999799013138 percent
 
epoch= 146 	 time= 159.66061046918233 min 	 lr= 0.00846720336690871 	 loss= 0.033874347220029674 	 error= 1.1021419406851845 percent
accuracy on test set = 91.02999794483185 percent
 
epoch= 147 	 time= 160.79158088763555 min 	 lr= 0.008174687162255667 	 loss= 0.029592501509296314 	 error= 0.9582800481020642 percent
accuracy on test set = 91.31999796628952 percent
 
epoch= 148 	 time= 161.9193825761477 min 	 lr= 0.007886322351782785 	 loss= 0.02871703050430397 	 error= 0.9990409207161125 percent
accuracy on test set = 91.69999819993973 percent
 
epoch= 149 	 time= 163.0465181350708 min 	 lr= 0.007602180085192145 	 loss= 0.025662284585006554 	 error= 0.8024296644703506 percent
accuracy on test set = 91.29999804496765 percent
 
epoch= 150 	 time= 164.17260545094808 min 	 lr= 0.007322330470336316 	 loss= 0.02506393098208072 	 error= 0.8236093289407014 percent
accuracy on test set = 90.89999812841415 percent
 
epoch= 151 	 time= 165.30917685429256 min 	 lr= 0.007046842555920285 	 loss= 0.027235142195887883 	 error= 0.9003356747005297 percent
accuracy on test set = 91.25999808311462 percent
 
epoch= 152 	 time= 166.4313183705012 min 	 lr= 0.006775784314464719 	 loss= 0.01995610763483188 	 error= 0.6513746803069054 percent
accuracy on test set = 91.4299984574318 percent
 
epoch= 153 	 time= 167.55592203934987 min 	 lr= 0.006509222625534758 	 loss= 0.02193702694238223 	 error= 0.693334398976982 percent
accuracy on test set = 91.3399977684021 percent
 
epoch= 154 	 time= 168.63337550957996 min 	 lr= 0.006247223259238513 	 loss= 0.01858034926226072 	 error= 0.5826406619128058 percent
accuracy on test set = 91.51999795436859 percent
 
epoch= 155 	 time= 169.706381603082 min 	 lr= 0.0059898508599992295 	 loss= 0.016833992767840852 	 error= 0.5115089514066496 percent
accuracy on test set = 91.29999804496765 percent
 
epoch= 156 	 time= 170.79484057426453 min 	 lr= 0.005737168930605274 	 loss= 0.016114495502894417 	 error= 0.5055147058823529 percent
accuracy on test set = 92.1999980211258 percent
 
epoch= 157 	 time= 171.88661485115688 min 	 lr= 0.005489239816541763 	 loss= 0.016216115696448593 	 error= 0.5294916879795396 percent
accuracy on test set = 91.54999822378159 percent
 
epoch= 158 	 time= 172.96499840418497 min 	 lr= 0.005246124690607742 	 loss= 0.011587310149786931 	 error= 0.34566815856777494 percent
accuracy on test set = 92.09999823570251 percent
 
epoch= 159 	 time= 174.0605531613032 min 	 lr= 0.005007883537822737 	 loss= 0.009919725265592108 	 error= 0.30570652173913043 percent
accuracy on test set = 91.9199982881546 percent
 
epoch= 160 	 time= 174.99143238862356 min 	 lr= 0.004774575140626318 	 loss= 0.009177929099501513 	 error= 0.2637468030690537 percent
accuracy on test set = 92.26999807357788 percent
 
epoch= 161 	 time= 175.94599872032802 min 	 lr= 0.00454625706437442 	 loss= 0.00907426947475318 	 error= 0.265744884910486 percent
accuracy on test set = 91.83999836444855 percent
 
epoch= 162 	 time= 176.88375644286472 min 	 lr= 0.004322985643135959 	 loss= 0.00789619516343107 	 error= 0.22778132992327368 percent
accuracy on test set = 92.21999818086624 percent
 
epoch= 163 	 time= 177.8284722050031 min 	 lr= 0.0041048159657932504 	 loss= 0.007000850549305949 	 error= 0.21179667519181586 percent
accuracy on test set = 92.16999787092209 percent
 
epoch= 164 	 time= 178.77350035905837 min 	 lr= 0.0038918018624496302 	 loss= 0.006655532673187078 	 error= 0.17982736572890026 percent
accuracy on test set = 92.06999832391739 percent
 
epoch= 165 	 time= 179.77331445217132 min 	 lr= 0.0036839958911477027 	 loss= 0.00530030817874824 	 error= 0.12587915601023017 percent
accuracy on test set = 92.52999830245972 percent
 
epoch= 166 	 time= 180.80027110576629 min 	 lr= 0.0034814493249014076 	 loss= 0.006242542651474781 	 error= 0.16783887468030692 percent
accuracy on test set = 92.5599981546402 percent
 
epoch= 167 	 time= 181.82948771715164 min 	 lr= 0.003284212139045219 	 loss= 0.006047326059121153 	 error= 0.159846547314578 percent
accuracy on test set = 92.34999793767929 percent
 
epoch= 168 	 time= 182.8076559464137 min 	 lr= 0.003092332998903412 	 loss= 0.004827300032727001 	 error= 0.11988491048593351 percent
accuracy on test set = 92.63999831676483 percent
 
epoch= 169 	 time= 183.80146226088206 min 	 lr= 0.002905859247782665 	 loss= 0.004343130571000716 	 error= 0.1118925831202046 percent
accuracy on test set = 92.51999825239182 percent
 
epoch= 170 	 time= 184.7755231062571 min 	 lr= 0.0027248368952908068 	 loss= 0.0038388185095889946 	 error= 0.0879156010230179 percent
accuracy on test set = 92.22999876737595 percent
 
epoch= 171 	 time= 185.8184652487437 min 	 lr= 0.002549310605984613 	 loss= 0.0039421628989145885 	 error= 0.08391943734015346 percent
accuracy on test set = 92.56999832391739 percent
 
epoch= 172 	 time= 186.86130287249884 min 	 lr= 0.0023793236883495176 	 loss= 0.003579433602483376 	 error= 0.08192135549872123 percent
accuracy on test set = 92.4899982213974 percent
 
epoch= 173 	 time= 187.8735610485077 min 	 lr= 0.002214918084113875 	 loss= 0.0034150421334182856 	 error= 0.079923273657289 percent
accuracy on test set = 92.80999803543091 percent
 
epoch= 174 	 time= 188.87502827246985 min 	 lr= 0.0020561343579004786 	 loss= 0.003519393432208949 	 error= 0.07392902813299233 percent
accuracy on test set = 92.43999820947647 percent
 
epoch= 175 	 time= 189.83249136606852 min 	 lr= 0.0019030116872178384 	 loss= 0.0031577700115156732 	 error= 0.059942455242966756 percent
accuracy on test set = 92.61999815702438 percent
 
epoch= 176 	 time= 190.76771918535232 min 	 lr= 0.0017555878527937174 	 loss= 0.002910963337346816 	 error= 0.0639386189258312 percent
accuracy on test set = 92.54999840259552 percent
 
epoch= 177 	 time= 191.68745674689612 min 	 lr= 0.0016138992292533167 	 loss= 0.003135592606433136 	 error= 0.059942455242966756 percent
accuracy on test set = 92.66999858617783 percent
 
epoch= 178 	 time= 192.61322342157365 min 	 lr= 0.0014779807761443645 	 loss= 0.002953912252965181 	 error= 0.06313938314042737 percent
accuracy on test set = 92.4299983382225 percent
 
epoch= 179 	 time= 193.52111921707788 min 	 lr= 0.0013478660293113683 	 loss= 0.0032394593289774625 	 error= 0.06593670076726342 percent
accuracy on test set = 92.7599983215332 percent
 
epoch= 180 	 time= 194.44620157877605 min 	 lr= 0.0012235870926211624 	 loss= 0.00226162797044915 	 error= 0.02797314578005115 percent
accuracy on test set = 92.49999850988388 percent
 
epoch= 181 	 time= 195.3901748140653 min 	 lr= 0.0011051746300417477 	 loss= 0.0027089885491377594 	 error= 0.04195971867007673 percent
accuracy on test set = 92.63999843597412 percent
 
epoch= 182 	 time= 196.36327821413676 min 	 lr= 0.0009926578580764268 	 loss= 0.0025273961755816286 	 error= 0.04995204603580563 percent
accuracy on test set = 92.63999837636948 percent
 
epoch= 183 	 time= 197.38768360217412 min 	 lr= 0.0008860645385550515 	 loss= 0.002488343497676313 	 error= 0.029971227621483378 percent
accuracy on test set = 92.6499981880188 percent
 
epoch= 184 	 time= 198.4040216286977 min 	 lr= 0.0007854209717842264 	 loss= 0.002400218375304671 	 error= 0.037963554987212274 percent
accuracy on test set = 92.66999816894531 percent
 
epoch= 185 	 time= 199.37603468497593 min 	 lr= 0.0006907519900580866 	 loss= 0.0020358749418793354 	 error= 0.021978900255754476 percent
accuracy on test set = 92.7599983215332 percent
 
epoch= 186 	 time= 200.3762525320053 min 	 lr= 0.0006020809515313173 	 loss= 0.0025373283315740544 	 error= 0.04195971867007673 percent
accuracy on test set = 92.73999798297882 percent
 
epoch= 187 	 time= 201.33871168692906 min 	 lr= 0.0005194297344558538 	 loss= 0.0021959630415335422 	 error= 0.017982736572890026 percent
accuracy on test set = 92.60999834537506 percent
 
epoch= 188 	 time= 202.29364182551703 min 	 lr= 0.00044281873178278225 	 loss= 0.0022604885985098226 	 error= 0.037963554987212274 percent
accuracy on test set = 92.61999851465225 percent
 
epoch= 189 	 time= 203.15305281480153 min 	 lr= 0.0003722668461306535 	 loss= 0.002377585442427098 	 error= 0.037963554987212274 percent
accuracy on test set = 92.59999829530716 percent
 
epoch= 190 	 time= 204.01662136713665 min 	 lr= 0.0003077914851215587 	 loss= 0.0023783382985269282 	 error= 0.04195971867007673 percent
accuracy on test set = 92.74999850988388 percent
 
epoch= 191 	 time= 205.02503146330517 min 	 lr= 0.00024940855708606175 	 loss= 0.0020998246901397072 	 error= 0.02797314578005115 percent
accuracy on test set = 92.5999983549118 percent
 
epoch= 192 	 time= 206.03649850686392 min 	 lr= 0.00019713246713805603 	 loss= 0.002046954849927836 	 error= 0.0239769820971867 percent
accuracy on test set = 92.75999838113785 percent
 
epoch= 193 	 time= 207.02962693373362 min 	 lr= 0.00015097611362051023 	 loss= 0.0022295157831814854 	 error= 0.03596547314578005 percent
accuracy on test set = 92.61999821662903 percent
 
epoch= 194 	 time= 208.04256647427877 min 	 lr= 0.00011095088492300018 	 loss= 0.002096396251021863 	 error= 0.033967391304347824 percent
accuracy on test set = 92.62999844551086 percent
 
epoch= 195 	 time= 209.0611578543981 min 	 lr= 7.706665667180096e-05 	 loss= 0.0023075181947987706 	 error= 0.0319693094629156 percent
accuracy on test set = 92.84999829530716 percent
 
epoch= 196 	 time= 210.09202729066212 min 	 lr= 4.9331789293211064e-05 	 loss= 0.0020246764277572485 	 error= 0.02797314578005115 percent
accuracy on test set = 92.78999853134155 percent
 
epoch= 197 	 time= 211.0979426821073 min 	 lr= 2.7753125950752432e-05 	 loss= 0.0021736316973595972 	 error= 0.03596547314578005 percent
accuracy on test set = 92.73999834060669 percent
 
epoch= 198 	 time= 212.10310390790303 min 	 lr= 1.2335990856710008e-05 	 loss= 0.0019777147103841788 	 error= 0.01998081841432225 percent
accuracy on test set = 92.8599984049797 percent
 
epoch= 199 	 time= 213.10526403188706 min 	 lr= 3.0841879584853094e-06 	 loss= 0.0019998279898284514 	 error= 0.029971227621483378 percent
accuracy on test set = 92.63999801874161 percent
 
