nohup: ignoring input
Namespace(epoch=200, lr=0.05, model='vgg19_bn', noise=None, resume=False, root='./data', type='train')
test mean and std: [tensor(0.4942), tensor(0.4851), tensor(0.4504)] [tensor(0.2467), tensor(0.2429), tensor(0.2616)]
train mean and std: [tensor(0.4914), tensor(0.4822), tensor(0.4465)] [tensor(0.2470), tensor(0.2435), tensor(0.2616)]
[33mThe trained model will be saved in: outputs/vgg19_bn/default[0m
epoch= 0 	 time= 0.7426231344540913 min 	 lr= 0.05 	 loss= 1.8364945769005114 	 error= 71.84422953659312 percent
accuracy on test set = 38.539999186992645 percent
 
epoch= 1 	 time= 1.585590159893036 min 	 lr= 0.04999691581204152 	 loss= 1.412965289162248 	 error= 51.90537084094093 percent
accuracy on test set = 59.20999896526337 percent
 
epoch= 2 	 time= 2.3953789830207826 min 	 lr= 0.04998766400914329 	 loss= 1.121522259986614 	 error= 38.19693093714507 percent
accuracy on test set = 66.13999849557877 percent
 
epoch= 3 	 time= 3.419133444627126 min 	 lr= 0.049972246874049255 	 loss= 0.936006776359685 	 error= 31.1872602271302 percent
accuracy on test set = 68.12999838590622 percent
 
epoch= 4 	 time= 4.420391662915548 min 	 lr= 0.049950668210706796 	 loss= 0.8245315980118559 	 error= 27.2130754445215 percent
accuracy on test set = 72.9399983882904 percent
 
epoch= 5 	 time= 5.233022129535675 min 	 lr= 0.04992293334332821 	 loss= 0.7358918778426812 	 error= 23.71683183228573 percent
accuracy on test set = 76.34999805688858 percent
 
epoch= 6 	 time= 6.016775413354238 min 	 lr= 0.04988904911507701 	 loss= 0.6679029308469094 	 error= 21.490968660930236 percent
accuracy on test set = 77.10999822616577 percent
 
epoch= 7 	 time= 6.823296268781026 min 	 lr= 0.049849023886379504 	 loss= 0.6299845942908235 	 error= 20.159047308480343 percent
accuracy on test set = 78.56999784708023 percent
 
epoch= 8 	 time= 7.642003007729849 min 	 lr= 0.04980286753286196 	 loss= 0.5949539587168438 	 error= 18.82073210023553 percent
accuracy on test set = 80.1799978017807 percent
 
epoch= 9 	 time= 8.420876208941142 min 	 lr= 0.049750591442913945 	 loss= 0.5597751873076114 	 error= 17.647458433800036 percent
accuracy on test set = 80.52999812364578 percent
 
epoch= 10 	 time= 9.390317030747731 min 	 lr= 0.049692208514878454 	 loss= 0.5415856816884502 	 error= 16.90656969614346 percent
accuracy on test set = 79.21999776363373 percent
 
epoch= 11 	 time= 10.359654144446056 min 	 lr= 0.049627733153869355 	 loss= 0.5216919647153381 	 error= 16.3239290189865 percent
accuracy on test set = 81.53999769687653 percent
 
epoch= 12 	 time= 11.326638547579448 min 	 lr= 0.049557181268217225 	 loss= 0.4957631228067686 	 error= 15.556265981605902 percent
accuracy on test set = 81.76999771595001 percent
 
epoch= 13 	 time= 12.280925691127777 min 	 lr= 0.04948057026554415 	 loss= 0.49286924874233773 	 error= 15.571451400551956 percent
accuracy on test set = 82.5499981045723 percent
 
epoch= 14 	 time= 13.23293759028117 min 	 lr= 0.04939791904846869 	 loss= 0.47194379255594804 	 error= 14.828164955539167 percent
accuracy on test set = 83.77999770641327 percent
 
epoch= 15 	 time= 14.198409680525462 min 	 lr= 0.04930924800994192 	 loss= 0.4647831888607396 	 error= 14.542039641943735 percent
accuracy on test set = 83.20999777317047 percent
 
epoch= 16 	 time= 15.144716080029806 min 	 lr= 0.049214579028215785 	 loss= 0.4523660532577568 	 error= 13.95460358056266 percent
accuracy on test set = 84.09999787807465 percent
 
epoch= 17 	 time= 16.125765387217204 min 	 lr= 0.04911393546144496 	 loss= 0.44481176511405984 	 error= 13.950607416879796 percent
accuracy on test set = 83.01999807357788 percent
 
epoch= 18 	 time= 17.075082381566364 min 	 lr= 0.049007342141923586 	 loss= 0.42944760029883033 	 error= 13.391544111549397 percent
accuracy on test set = 82.81999808549881 percent
 
epoch= 19 	 time= 18.02399092912674 min 	 lr= 0.04889482536995826 	 loss= 0.4265550113166385 	 error= 13.417519175488016 percent
accuracy on test set = 83.32999789714813 percent
 
epoch= 20 	 time= 18.99416378339132 min 	 lr= 0.04877641290737885 	 loss= 0.40960875214518183 	 error= 12.794117640961161 percent
accuracy on test set = 84.129998087883 percent
 
epoch= 21 	 time= 19.95988332827886 min 	 lr= 0.04865213397068864 	 loss= 0.4123068445402643 	 error= 12.934782605646822 percent
accuracy on test set = 84.66999799013138 percent
 
epoch= 22 	 time= 20.934743571281434 min 	 lr= 0.04852201922385564 	 loss= 0.40339103184850017 	 error= 12.633871483375959 percent
accuracy on test set = 83.45999783277512 percent
 
epoch= 23 	 time= 21.881792755921683 min 	 lr= 0.04838610077074669 	 loss= 0.39618040548870936 	 error= 12.181905361697497 percent
accuracy on test set = 83.6999979019165 percent
 
epoch= 24 	 time= 22.856028652191164 min 	 lr= 0.04824441214720629 	 loss= 0.3935010537619481 	 error= 12.271819044561948 percent
accuracy on test set = 83.4399978518486 percent
 
epoch= 25 	 time= 23.845762900511424 min 	 lr= 0.048096988312782175 	 loss= 0.39745828745615147 	 error= 12.31178068139059 percent
accuracy on test set = 85.19999760389328 percent
 
epoch= 26 	 time= 24.846609032154085 min 	 lr= 0.04794386564209953 	 loss= 0.3812058858020836 	 error= 11.921755112040683 percent
accuracy on test set = 84.05999821424484 percent
 
epoch= 27 	 time= 25.806195998191832 min 	 lr= 0.04778508191588613 	 loss= 0.3766294223496981 	 error= 11.580482727426396 percent
accuracy on test set = 84.83999764919281 percent
 
epoch= 28 	 time= 26.762592136859894 min 	 lr= 0.04762067631165049 	 loss= 0.3725459003235068 	 error= 11.467391298250163 percent
accuracy on test set = 84.62999802827835 percent
 
epoch= 29 	 time= 27.724013960361482 min 	 lr= 0.047450689394015394 	 loss= 0.3706520097258756 	 error= 11.493765987703561 percent
accuracy on test set = 84.65999794006348 percent
 
epoch= 30 	 time= 28.706837157408398 min 	 lr= 0.0472751631047092 	 loss= 0.3635859558039614 	 error= 11.468989769820972 percent
accuracy on test set = 85.06999796628952 percent
 
epoch= 31 	 time= 29.664185893535613 min 	 lr= 0.04709414075221735 	 loss= 0.3583524092612669 	 error= 11.275575441472672 percent
accuracy on test set = 85.67999738454819 percent
 
epoch= 32 	 time= 30.656047320365907 min 	 lr= 0.046907667001096595 	 loss= 0.35420302947616333 	 error= 11.045796029707965 percent
accuracy on test set = 83.77999782562256 percent
 
epoch= 33 	 time= 31.635158507029214 min 	 lr= 0.04671578786095479 	 loss= 0.35262639668134166 	 error= 10.824408570823767 percent
accuracy on test set = 86.68999797105789 percent
 
epoch= 34 	 time= 32.6043736020724 min 	 lr= 0.0465185506750986 	 loss= 0.34844584747805923 	 error= 10.76086956216856 percent
accuracy on test set = 85.56999790668488 percent
 
epoch= 35 	 time= 33.580519032478335 min 	 lr= 0.04631600410885232 	 loss= 0.35100552081452 	 error= 10.753676470588236 percent
accuracy on test set = 86.02999794483185 percent
 
epoch= 36 	 time= 34.556370941797894 min 	 lr= 0.04610819813755039 	 loss= 0.3451227357091806 	 error= 10.780450770312259 percent
accuracy on test set = 85.43999755382538 percent
 
epoch= 37 	 time= 35.49488514264424 min 	 lr= 0.045895184034206775 	 loss= 0.3415900425571005 	 error= 10.629795396419437 percent
accuracy on test set = 86.6999980211258 percent
 
epoch= 38 	 time= 36.462998847166695 min 	 lr= 0.04567701435686406 	 loss= 0.3344123374927989 	 error= 10.388826729391543 percent
accuracy on test set = 86.8399977684021 percent
 
epoch= 39 	 time= 37.43302799065908 min 	 lr= 0.0454537429356256 	 loss= 0.3237828942363524 	 error= 10.05834398976982 percent
accuracy on test set = 86.68999826908112 percent
 
epoch= 40 	 time= 38.38750571012497 min 	 lr= 0.045225424859373704 	 loss= 0.3211375450158058 	 error= 9.969229542690774 percent
accuracy on test set = 86.0699982047081 percent
 
epoch= 41 	 time= 39.337575070063274 min 	 lr= 0.04499211646217729 	 loss= 0.3205228039370778 	 error= 9.830562659846548 percent
accuracy on test set = 83.99999791383743 percent
 
epoch= 42 	 time= 40.29740024805069 min 	 lr= 0.044753875309392274 	 loss= 0.3252398915150586 	 error= 10.214993609186939 percent
accuracy on test set = 85.6199979186058 percent
 
epoch= 43 	 time= 41.28087365627289 min 	 lr= 0.044510760183458266 	 loss= 0.322220498757899 	 error= 9.879715470096949 percent
accuracy on test set = 86.71999800205231 percent
 
epoch= 44 	 time= 42.235765651861826 min 	 lr= 0.044262831069394756 	 loss= 0.31385041666610164 	 error= 9.912883625615892 percent
accuracy on test set = 86.34999787807465 percent
 
epoch= 45 	 time= 43.23020511070887 min 	 lr= 0.0440101491400008 	 loss= 0.31492466900659644 	 error= 9.794996796971391 percent
accuracy on test set = 85.8599984049797 percent
 
epoch= 46 	 time= 44.19935926596324 min 	 lr= 0.043752776740761515 	 loss= 0.3071651896819129 	 error= 9.597586320184382 percent
accuracy on test set = 86.43999791145325 percent
 
epoch= 47 	 time= 45.17336147228877 min 	 lr= 0.04349077737446526 	 loss= 0.309082326719828 	 error= 9.597985930455005 percent
accuracy on test set = 86.56999838352203 percent
 
epoch= 48 	 time= 46.137960120042166 min 	 lr= 0.043224215685535305 	 loss= 0.3072123285716452 	 error= 9.552030048102065 percent
accuracy on test set = 87.38999795913696 percent
 
epoch= 49 	 time= 47.10135445992152 min 	 lr= 0.04295315744407974 	 loss= 0.29616202694147137 	 error= 9.010549869073932 percent
accuracy on test set = 86.45999825000763 percent
 
epoch= 50 	 time= 48.057522133986154 min 	 lr= 0.0426776695296637 	 loss= 0.2913429357511613 	 error= 8.992167522230417 percent
accuracy on test set = 87.29999792575836 percent
 
epoch= 51 	 time= 49.016041525204976 min 	 lr= 0.04239781991480787 	 loss= 0.2960499877400715 	 error= 9.27469628241361 percent
accuracy on test set = 86.67999798059464 percent
 
epoch= 52 	 time= 50.00039707819621 min 	 lr= 0.04211367764821723 	 loss= 0.29772123595332856 	 error= 9.279491681881877 percent
accuracy on test set = 86.47999781370163 percent
 
epoch= 53 	 time= 50.987790421644846 min 	 lr= 0.04182531283774434 	 loss= 0.28842948468597346 	 error= 8.978580559611016 percent
accuracy on test set = 86.39999794960022 percent
 
epoch= 54 	 time= 51.94878570238749 min 	 lr= 0.041532796633091305 	 loss= 0.2907741677463817 	 error= 8.814737848613573 percent
accuracy on test set = 85.91999793052673 percent
 
epoch= 55 	 time= 52.940530411402385 min 	 lr= 0.0412362012082546 	 loss= 0.29410637004296186 	 error= 9.088475060889788 percent
accuracy on test set = 86.62999767065048 percent
 
epoch= 56 	 time= 53.900197605292 min 	 lr= 0.04093559974371725 	 loss= 0.2902761682906114 	 error= 8.836716748869328 percent
accuracy on test set = 85.64999783039093 percent
 
epoch= 57 	 time= 54.86911418040594 min 	 lr= 0.04063106640839264 	 loss= 0.2897257565156273 	 error= 9.09406969614346 percent
accuracy on test set = 85.95999783277512 percent
 
epoch= 58 	 time= 55.8447562456131 min 	 lr= 0.04032267634132442 	 loss= 0.2804344042640208 	 error= 8.6005434813097 percent
accuracy on test set = 86.66999781131744 percent
 
epoch= 59 	 time= 56.83020989497503 min 	 lr= 0.040010505633147106 	 loss= 0.27787800316158157 	 error= 8.589753836317135 percent
accuracy on test set = 86.48999798297882 percent
 
epoch= 60 	 time= 57.79186127185822 min 	 lr= 0.03969463130731184 	 loss= 0.27110664371181936 	 error= 8.49704283582585 percent
accuracy on test set = 87.32999807596207 percent
 
epoch= 61 	 time= 58.760396699110665 min 	 lr= 0.03937513130108197 	 loss= 0.2719115132223005 	 error= 8.458280045053232 percent
accuracy on test set = 85.81999808549881 percent
 
epoch= 62 	 time= 59.74074521859487 min 	 lr= 0.03905208444630328 	 loss= 0.27283158543926983 	 error= 8.476262781626124 percent
accuracy on test set = 86.33999806642532 percent
 
epoch= 63 	 time= 60.710012809435526 min 	 lr= 0.038725570449953305 	 loss= 0.26810568954100084 	 error= 8.44669117951942 percent
accuracy on test set = 86.00999802350998 percent
 
epoch= 64 	 time= 61.67680613597234 min 	 lr= 0.03839566987447492 	 loss= 0.261529274418226 	 error= 8.20132672329388 percent
accuracy on test set = 87.1499981880188 percent
 
epoch= 65 	 time= 62.660834821065265 min 	 lr= 0.03806246411789873 	 loss= 0.2574178451848457 	 error= 8.00791239494558 percent
accuracy on test set = 87.1499981880188 percent
 
epoch= 66 	 time= 63.628556815783185 min 	 lr= 0.037726035393759294 	 loss= 0.26641794964861687 	 error= 8.274856141156247 percent
accuracy on test set = 87.75999802350998 percent
 
epoch= 67 	 time= 64.5950311501821 min 	 lr= 0.0373864667108102 	 loss= 0.2530529974099925 	 error= 7.86325128182121 percent
accuracy on test set = 87.39999783039093 percent
 
epoch= 68 	 time= 65.55168875058492 min 	 lr= 0.03704384185254289 	 loss= 0.2588281985324667 	 error= 8.054667513083924 percent
accuracy on test set = 87.26999813318253 percent
 
epoch= 69 	 time= 66.50913231372833 min 	 lr= 0.03669824535651435 	 loss= 0.24917528246674697 	 error= 7.731377880286683 percent
accuracy on test set = 86.61999768018723 percent
 
epoch= 70 	 time= 67.46775643428167 min 	 lr= 0.03634976249348868 	 loss= 0.24952772837084577 	 error= 7.649056899273182 percent
accuracy on test set = 87.78999799489975 percent
 
epoch= 71 	 time= 68.44262155294419 min 	 lr= 0.03599847924639789 	 loss= 0.24701736417725262 	 error= 7.646259581646346 percent
accuracy on test set = 87.34999823570251 percent
 
epoch= 72 	 time= 69.4292985200882 min 	 lr= 0.03564448228912683 	 loss= 0.2493013564087546 	 error= 7.840872756050676 percent
accuracy on test set = 87.67999798059464 percent
 
epoch= 73 	 time= 70.41816333929698 min 	 lr= 0.03528785896512774 	 loss= 0.24156878974355395 	 error= 7.51318733405579 percent
accuracy on test set = 87.45999783277512 percent
 
epoch= 74 	 time= 71.38381409247717 min 	 lr= 0.03492869726586953 	 loss= 0.2446426796105207 	 error= 7.714194364255042 percent
accuracy on test set = 87.55999785661697 percent
 
epoch= 75 	 time= 72.35896523793538 min 	 lr= 0.03456708580912726 	 loss= 0.23540914519820982 	 error= 7.354140022526616 percent
accuracy on test set = 88.11999821662903 percent
 
epoch= 76 	 time= 73.32038844426474 min 	 lr= 0.03420311381711697 	 loss= 0.23285494218854344 	 error= 7.283807547805863 percent
accuracy on test set = 88.21999782323837 percent
 
epoch= 77 	 time= 74.31489550669988 min 	 lr= 0.03383687109448145 	 loss= 0.23666730645062672 	 error= 7.374120840940939 percent
accuracy on test set = 87.4899982213974 percent
 
epoch= 78 	 time= 75.29067031145095 min 	 lr= 0.03346844800613231 	 loss= 0.2260972994101017 	 error= 7.030051153943971 percent
accuracy on test set = 87.16999787092209 percent
 
epoch= 79 	 time= 76.26715511480967 min 	 lr= 0.03309793545495376 	 loss= 0.2272607763976697 	 error= 7.083599738147862 percent
accuracy on test set = 88.41999793052673 percent
 
epoch= 80 	 time= 77.22686032851537 min 	 lr= 0.03272542485937371 	 loss= 0.22151763866777005 	 error= 6.89737851662404 percent
accuracy on test set = 87.35999822616577 percent
 
epoch= 81 	 time= 78.1694504181544 min 	 lr= 0.03235100813080762 	 loss= 0.22201761031699607 	 error= 6.888586953472908 percent
accuracy on test set = 88.17999804019928 percent
 
epoch= 82 	 time= 79.1435495098432 min 	 lr= 0.03197477765098076 	 loss= 0.21814447801436304 	 error= 6.771499360613811 percent
accuracy on test set = 88.6499981880188 percent
 
epoch= 83 	 time= 80.11502691904704 min 	 lr= 0.03159682624913434 	 loss= 0.2225915680799033 	 error= 6.875799226638911 percent
accuracy on test set = 88.57999819517136 percent
 
epoch= 84 	 time= 81.06649961868922 min 	 lr= 0.031217247179121384 	 loss= 0.21292655796879698 	 error= 6.660805623549634 percent
accuracy on test set = 88.57999801635742 percent
 
epoch= 85 	 time= 82.01023234128952 min 	 lr= 0.03083613409639766 	 loss= 0.2085038852661162 	 error= 6.521339504920004 percent
accuracy on test set = 87.63999795913696 percent
 
epoch= 86 	 time= 82.97192264000574 min 	 lr= 0.03045358103491359 	 loss= 0.20687318589452589 	 error= 6.386668801002796 percent
accuracy on test set = 87.87999802827835 percent
 
epoch= 87 	 time= 83.95416300694147 min 	 lr= 0.03006968238391284 	 loss= 0.1988591422205386 	 error= 6.26798273657289 percent
accuracy on test set = 88.07999795675278 percent
 
epoch= 88 	 time= 84.90622889200846 min 	 lr= 0.029684532864643145 	 loss= 0.20073059229823328 	 error= 6.341112528920478 percent
accuracy on test set = 88.16999799013138 percent
 
epoch= 89 	 time= 85.87198508183161 min 	 lr= 0.02929822750698526 	 loss= 0.19764432023324624 	 error= 6.26438618316065 percent
accuracy on test set = 88.77999812364578 percent
 
epoch= 90 	 time= 86.83762087821961 min 	 lr= 0.028910861626005795 	 loss= 0.20003904714761184 	 error= 6.360693737064175 percent
accuracy on test set = 88.30999779701233 percent
 
epoch= 91 	 time= 87.81008358001709 min 	 lr= 0.028522530798439593 	 loss= 0.1882798605886719 	 error= 5.96906969614346 percent
accuracy on test set = 88.39999806880951 percent
 
epoch= 92 	 time= 88.77169791460037 min 	 lr= 0.028133330839107632 	 loss= 0.19467694263743318 	 error= 6.022218670076726 percent
accuracy on test set = 87.31999814510345 percent
 
epoch= 93 	 time= 89.74109354019166 min 	 lr= 0.027743357777276153 	 loss= 0.1845782302377169 	 error= 5.7896419406851845 percent
accuracy on test set = 89.18999826908112 percent
 
epoch= 94 	 time= 90.74409410158793 min 	 lr= 0.027352707832962876 	 loss= 0.18888283982072646 	 error= 5.942295396419437 percent
accuracy on test set = 88.0299980044365 percent
 
epoch= 95 	 time= 91.72588483095168 min 	 lr= 0.026961477393196143 	 loss= 0.1883743488518021 	 error= 5.775655367795158 percent
accuracy on test set = 88.1999979019165 percent
 
epoch= 96 	 time= 92.70439092715581 min 	 lr= 0.026569762988232853 	 loss= 0.18001534820288953 	 error= 5.655770457309226 percent
accuracy on test set = 88.8999981880188 percent
 
epoch= 97 	 time= 93.6910299539566 min 	 lr= 0.02617766126774108 	 loss= 0.17791485740705523 	 error= 5.621803066004878 percent
accuracy on test set = 87.44999808073044 percent
 
epoch= 98 	 time= 94.66887551148733 min 	 lr= 0.025785268976953223 	 loss= 0.1791557807980291 	 error= 5.565057538659372 percent
accuracy on test set = 87.89999788999557 percent
 
epoch= 99 	 time= 95.62091689109802 min 	 lr= 0.02539268293279553 	 loss= 0.17617514267411377 	 error= 5.458759590792839 percent
accuracy on test set = 88.01999819278717 percent
 
epoch= 100 	 time= 96.58352877298991 min 	 lr= 0.025000000000000012 	 loss= 0.17443284011253005 	 error= 5.435981454751681 percent
accuracy on test set = 89.33999818563461 percent
 
epoch= 101 	 time= 97.55303972562155 min 	 lr= 0.0246073170672045 	 loss= 0.16548788554185187 	 error= 5.1210837595907925 percent
accuracy on test set = 88.74999785423279 percent
 
epoch= 102 	 time= 98.5169259150823 min 	 lr= 0.024214731023046804 	 loss= 0.15920495616314967 	 error= 4.98960996832689 percent
accuracy on test set = 89.47999805212021 percent
 
epoch= 103 	 time= 99.49456103245417 min 	 lr= 0.023822338732258946 	 loss= 0.16354803435142387 	 error= 5.118286441963956 percent
accuracy on test set = 89.2499982714653 percent
 
epoch= 104 	 time= 100.4642158428828 min 	 lr= 0.023430237011767177 	 loss= 0.1549739686824629 	 error= 4.848145783099982 percent
accuracy on test set = 89.79999792575836 percent
 
epoch= 105 	 time= 101.455364104112 min 	 lr= 0.02303852260680389 	 loss= 0.14832554155450953 	 error= 4.685901528429192 percent
accuracy on test set = 88.65999817848206 percent
 
epoch= 106 	 time= 102.43276473681132 min 	 lr= 0.022647292167037154 	 loss= 0.15449867748162327 	 error= 4.774216754966989 percent
accuracy on test set = 86.93999767303467 percent
 
epoch= 107 	 time= 103.40495357910793 min 	 lr= 0.02225664222272388 	 loss= 0.15474708458346784 	 error= 4.826566493114852 percent
accuracy on test set = 89.5399979352951 percent
 
epoch= 108 	 time= 104.37947185834248 min 	 lr= 0.02186666916089241 	 loss= 0.15156470521179308 	 error= 4.645939891600548 percent
accuracy on test set = 88.43999803066254 percent
 
epoch= 109 	 time= 105.33259621858596 min 	 lr= 0.02147746920156045 	 loss= 0.14545289243159393 	 error= 4.5624200797751735 percent
accuracy on test set = 88.83999788761139 percent
 
epoch= 110 	 time= 106.29470722675323 min 	 lr= 0.021089138373994242 	 loss= 0.14230453596471826 	 error= 4.5304507703122585 percent
accuracy on test set = 88.97999781370163 percent
 
epoch= 111 	 time= 107.27545871337254 min 	 lr= 0.02070177249301477 	 loss= 0.14436522669270827 	 error= 4.538043472163208 percent
accuracy on test set = 89.25999790430069 percent
 
epoch= 112 	 time= 108.2579935948054 min 	 lr= 0.0203154671353569 	 loss= 0.1325266908739915 	 error= 4.153212912552192 percent
accuracy on test set = 89.77999752759933 percent
 
epoch= 113 	 time= 109.23209386269251 min 	 lr= 0.019930317616087205 	 loss= 0.13263188715061874 	 error= 4.069693085482664 percent
accuracy on test set = 89.25999790430069 percent
 
epoch= 114 	 time= 110.21278632084528 min 	 lr= 0.019546418965086458 	 loss= 0.12186606772853743 	 error= 3.844309462915601 percent
accuracy on test set = 89.91999804973602 percent
 
epoch= 115 	 time= 111.20635453065236 min 	 lr= 0.019163865903602376 	 loss= 0.12943768235938172 	 error= 4.05770459443407 percent
accuracy on test set = 88.85999780893326 percent
 
epoch= 116 	 time= 112.17980958620707 min 	 lr= 0.018782752820878643 	 loss= 0.12390806234401205 	 error= 3.860294117647059 percent
accuracy on test set = 89.40999817848206 percent
 
epoch= 117 	 time= 113.15271083116531 min 	 lr= 0.01840317375086569 	 loss= 0.11946160815027364 	 error= 3.6920556174519725 percent
accuracy on test set = 89.4699981212616 percent
 
epoch= 118 	 time= 114.1146799604098 min 	 lr= 0.018025222349019283 	 loss= 0.12210537347933063 	 error= 3.8726822189662764 percent
accuracy on test set = 89.00999844074249 percent
 
epoch= 119 	 time= 115.09071288903554 min 	 lr= 0.017648991869192415 	 loss= 0.11225858250694812 	 error= 3.5074328674989586 percent
accuracy on test set = 89.55999773740768 percent
 
epoch= 120 	 time= 116.04337213834127 min 	 lr= 0.017274575140626334 	 loss= 0.11493795387961371 	 error= 3.596547314578005 percent
accuracy on test set = 89.32999807596207 percent
 
epoch= 121 	 time= 116.9752455830574 min 	 lr= 0.016902064545046273 	 loss= 0.1098425607899647 	 error= 3.4822570241015893 percent
accuracy on test set = 89.83999806642532 percent
 
epoch= 122 	 time= 117.93758442401887 min 	 lr= 0.016531551993867726 	 loss= 0.10666416719308137 	 error= 3.3995364480616184 percent
accuracy on test set = 89.45999830961227 percent
 
epoch= 123 	 time= 118.90204907258352 min 	 lr= 0.016163128905518586 	 loss= 0.10873438740897057 	 error= 3.4315057575245342 percent
accuracy on test set = 89.35999822616577 percent
 
epoch= 124 	 time= 119.85935937166214 min 	 lr= 0.015796886182883066 	 loss= 0.09580374028905274 	 error= 2.9867327274263973 percent
accuracy on test set = 90.19999784231186 percent
 
epoch= 125 	 time= 120.85316866238912 min 	 lr= 0.015432914190872771 	 loss= 0.09470835134691899 	 error= 2.9267902721834305 percent
accuracy on test set = 89.43999814987183 percent
 
epoch= 126 	 time= 121.81035929520925 min 	 lr= 0.01507130273413049 	 loss= 0.09499075933528678 	 error= 2.905210997442455 percent
accuracy on test set = 90.18999820947647 percent
 
epoch= 127 	 time= 122.77681212425232 min 	 lr= 0.01471214103487229 	 loss= 0.09208553475911355 	 error= 2.965952688470826 percent
accuracy on test set = 89.88999783992767 percent
 
epoch= 128 	 time= 123.74872285922369 min 	 lr= 0.014355517710873194 	 loss= 0.0916253274635357 	 error= 2.8536604798358423 percent
accuracy on test set = 89.47999793291092 percent
 
epoch= 129 	 time= 124.70566885868708 min 	 lr= 0.01400152075360213 	 loss= 0.08743379226959574 	 error= 2.7913203324808187 percent
accuracy on test set = 89.50999790430069 percent
 
epoch= 130 	 time= 125.67181460460027 min 	 lr= 0.01365023750651134 	 loss= 0.08309278279885916 	 error= 2.6150895049200034 percent
accuracy on test set = 89.48999798297882 percent
 
epoch= 131 	 time= 126.64624092578887 min 	 lr= 0.013301754643485679 	 loss= 0.07958816673578051 	 error= 2.4520460297079647 percent
accuracy on test set = 89.56999790668488 percent
 
epoch= 132 	 time= 127.62220930655798 min 	 lr= 0.012956158147457122 	 loss= 0.08440726056523487 	 error= 2.657848459375484 percent
accuracy on test set = 89.98999798297882 percent
 
epoch= 133 	 time= 128.59740077257158 min 	 lr= 0.012613533289189816 	 loss= 0.08277828615549428 	 error= 2.5911125228228165 percent
accuracy on test set = 90.06999808549881 percent
 
epoch= 134 	 time= 129.60388538837432 min 	 lr= 0.012273964606240723 	 loss= 0.07871398434538365 	 error= 2.4120843928793203 percent
accuracy on test set = 89.97999805212021 percent
 
epoch= 135 	 time= 130.60082551240922 min 	 lr= 0.011937535882101285 	 loss= 0.06978777719809272 	 error= 2.0640185421994883 percent
accuracy on test set = 90.40999788045883 percent
 
epoch= 136 	 time= 131.5785561800003 min 	 lr= 0.011604330125525083 	 loss= 0.07081915874539128 	 error= 2.134351016920241 percent
accuracy on test set = 90.49999809265137 percent
 
epoch= 137 	 time= 132.5859617392222 min 	 lr= 0.011274429550046707 	 loss= 0.06896007180099598 	 error= 2.1878996163682864 percent
accuracy on test set = 90.57999843358994 percent
 
epoch= 138 	 time= 133.55587975184122 min 	 lr= 0.010947915553696737 	 loss= 0.06030487684566346 	 error= 1.9792998690739312 percent
accuracy on test set = 90.34999799728394 percent
 
epoch= 139 	 time= 134.52513082027434 min 	 lr= 0.01062486869891804 	 loss= 0.06123493862388384 	 error= 1.9093670046238034 percent
accuracy on test set = 90.9699981212616 percent
 
epoch= 140 	 time= 135.51045489311218 min 	 lr= 0.01030536869268818 	 loss= 0.05903662277666657 	 error= 1.816656004132517 percent
accuracy on test set = 90.55999821424484 percent
 
epoch= 141 	 time= 136.47366228898366 min 	 lr= 0.009989494366852907 	 loss= 0.05371908257570108 	 error= 1.660406010230179 percent
accuracy on test set = 90.7299981713295 percent
 
epoch= 142 	 time= 137.44686597983042 min 	 lr= 0.00967732365867559 	 loss= 0.04777622197890449 	 error= 1.4965632992327365 percent
accuracy on test set = 90.879998087883 percent
 
epoch= 143 	 time= 138.4367265144984 min 	 lr= 0.009368933591607374 	 loss= 0.054521496310029796 	 error= 1.7207480757437703 percent
accuracy on test set = 90.93999803066254 percent
 
epoch= 144 	 time= 139.4049290060997 min 	 lr= 0.00906440025628276 	 loss= 0.046810269956012514 	 error= 1.458200118730745 percent
accuracy on test set = 90.86999839544296 percent
 
epoch= 145 	 time= 140.37957202593486 min 	 lr= 0.008763798791745414 	 loss= 0.044149224586842006 	 error= 1.3830722445417243 percent
accuracy on test set = 91.31999808549881 percent
 
epoch= 146 	 time= 141.3661563595136 min 	 lr= 0.00846720336690871 	 loss= 0.044648680470340776 	 error= 1.4186381074168797 percent
accuracy on test set = 90.49999821186066 percent
 
epoch= 147 	 time= 142.36218705177308 min 	 lr= 0.008174687162255667 	 loss= 0.04144262662991081 	 error= 1.3031489708844353 percent
accuracy on test set = 91.36999827623367 percent
 
epoch= 148 	 time= 143.3500962138176 min 	 lr= 0.007886322351782785 	 loss= 0.03789305114818504 	 error= 1.234015342219711 percent
accuracy on test set = 90.73999786376953 percent
 
epoch= 149 	 time= 144.32573133707047 min 	 lr= 0.007602180085192145 	 loss= 0.03550175757473692 	 error= 1.1341112501480999 percent
accuracy on test set = 90.49999845027924 percent
 
epoch= 150 	 time= 145.3113086938858 min 	 lr= 0.007322330470336316 	 loss= 0.035683124781112234 	 error= 1.077365722802594 percent
accuracy on test set = 90.88999819755554 percent
 
epoch= 151 	 time= 146.26791296005248 min 	 lr= 0.007046842555920285 	 loss= 0.03216461149161048 	 error= 0.9710677749360614 percent
accuracy on test set = 91.0899977684021 percent
 
epoch= 152 	 time= 147.25389810005825 min 	 lr= 0.006775784314464719 	 loss= 0.0322610608604558 	 error= 1.0314098404496528 percent
accuracy on test set = 91.32999789714813 percent
 
epoch= 153 	 time= 148.22671774228414 min 	 lr= 0.006509222625534758 	 loss= 0.028835840113556294 	 error= 0.8835517841836681 percent
accuracy on test set = 91.41999822854996 percent
 
epoch= 154 	 time= 149.19256627162298 min 	 lr= 0.006247223259238513 	 loss= 0.03034259040204003 	 error= 0.9235134210123126 percent
accuracy on test set = 90.86999821662903 percent
 
epoch= 155 	 time= 150.14985292752584 min 	 lr= 0.0059898508599992295 	 loss= 0.024248662447590198 	 error= 0.7772538363171355 percent
accuracy on test set = 91.53999829292297 percent
 
epoch= 156 	 time= 151.12114001512526 min 	 lr= 0.005737168930605274 	 loss= 0.021271099991467604 	 error= 0.6333919437340153 percent
accuracy on test set = 91.19999825954437 percent
 
epoch= 157 	 time= 152.09016207059224 min 	 lr= 0.005489239816541763 	 loss= 0.019285661280345735 	 error= 0.559462915601023 percent
accuracy on test set = 91.08999812602997 percent
 
epoch= 158 	 time= 153.04086919228237 min 	 lr= 0.005246124690607742 	 loss= 0.018152660404420113 	 error= 0.5378836256158931 percent
accuracy on test set = 91.47999835014343 percent
 
epoch= 159 	 time= 153.992172340552 min 	 lr= 0.005007883537822737 	 loss= 0.019025052110414446 	 error= 0.5374840153452685 percent
accuracy on test set = 91.4199982881546 percent
 
epoch= 160 	 time= 154.946486723423 min 	 lr= 0.004774575140626318 	 loss= 0.0166694370808218 	 error= 0.5035166240409207 percent
accuracy on test set = 91.15999794006348 percent
 
epoch= 161 	 time= 155.9117727557818 min 	 lr= 0.00454625706437442 	 loss= 0.014225498203883696 	 error= 0.4227941145982279 percent
accuracy on test set = 91.66999810934067 percent
 
epoch= 162 	 time= 156.90875103473664 min 	 lr= 0.004322985643135959 	 loss= 0.0160616172169147 	 error= 0.4815377237851662 percent
accuracy on test set = 91.48999816179276 percent
 
epoch= 163 	 time= 157.8996817390124 min 	 lr= 0.0041048159657932504 	 loss= 0.012324522320857591 	 error= 0.396819050659609 percent
accuracy on test set = 92.00999784469604 percent
 
epoch= 164 	 time= 158.88495612939198 min 	 lr= 0.0038918018624496302 	 loss= 0.011501816959451417 	 error= 0.34167199488491046 percent
accuracy on test set = 91.98999810218811 percent
 
epoch= 165 	 time= 159.86943646272024 min 	 lr= 0.0036839958911477027 	 loss= 0.008624618256683736 	 error= 0.23377557544757033 percent
accuracy on test set = 91.58999812602997 percent
 
epoch= 166 	 time= 160.83697647651036 min 	 lr= 0.0034814493249014076 	 loss= 0.007899032353097215 	 error= 0.22098784861357318 percent
accuracy on test set = 92.35999834537506 percent
 
epoch= 167 	 time= 161.81054068406422 min 	 lr= 0.003284212139045219 	 loss= 0.007326048014618818 	 error= 0.2237851662404092 percent
accuracy on test set = 92.06999772787094 percent
 
epoch= 168 	 time= 162.7362908045451 min 	 lr= 0.003092332998903412 	 loss= 0.0074041339216272695 	 error= 0.19980818414322252 percent
accuracy on test set = 92.38999801874161 percent
 
epoch= 169 	 time= 163.72196852763494 min 	 lr= 0.002905859247782665 	 loss= 0.007793159695113521 	 error= 0.23377557544757033 percent
accuracy on test set = 92.34999823570251 percent
 
epoch= 170 	 time= 164.6635060429573 min 	 lr= 0.0027248368952908068 	 loss= 0.0058263632046985335 	 error= 0.1578484654731458 percent
accuracy on test set = 92.2199986577034 percent
 
epoch= 171 	 time= 165.64130165576935 min 	 lr= 0.002549310605984613 	 loss= 0.005959161654915042 	 error= 0.14785805626598467 percent
accuracy on test set = 92.40999847650528 percent
 
epoch= 172 	 time= 166.59100370407106 min 	 lr= 0.0023793236883495176 	 loss= 0.0052157900036524625 	 error= 0.16304347521203863 percent
accuracy on test set = 92.39999824762344 percent
 
epoch= 173 	 time= 167.55094484488168 min 	 lr= 0.002214918084113875 	 loss= 0.004489278567590467 	 error= 0.11788682864450127 percent
accuracy on test set = 92.40999805927277 percent
 
epoch= 174 	 time= 168.50041432778042 min 	 lr= 0.0020561343579004786 	 loss= 0.004358272521209944 	 error= 0.12587915601023017 percent
accuracy on test set = 92.54999816417694 percent
 
epoch= 175 	 time= 169.45691341956456 min 	 lr= 0.0019030116872178384 	 loss= 0.004574588394713114 	 error= 0.11788682864450127 percent
accuracy on test set = 92.69999819993973 percent
 
epoch= 176 	 time= 170.41391256252925 min 	 lr= 0.0017555878527937174 	 loss= 0.0027313764633425056 	 error= 0.06993286445012788 percent
accuracy on test set = 92.50999784469604 percent
 
epoch= 177 	 time= 171.37207191387813 min 	 lr= 0.0016138992292533167 	 loss= 0.00232530919277607 	 error= 0.04995204603580563 percent
accuracy on test set = 92.66999793052673 percent
 
epoch= 178 	 time= 172.33685469230016 min 	 lr= 0.0014779807761443645 	 loss= 0.003007369975814277 	 error= 0.07792519181585678 percent
accuracy on test set = 92.67999827861786 percent
 
epoch= 179 	 time= 173.31872913440068 min 	 lr= 0.0013478660293113683 	 loss= 0.0023196498122628386 	 error= 0.0559462915601023 percent
accuracy on test set = 92.67999821901321 percent
 
epoch= 180 	 time= 174.29647866090139 min 	 lr= 0.0012235870926211624 	 loss= 0.0025137814214093433 	 error= 0.059942455242966756 percent
accuracy on test set = 92.53999811410904 percent
 
epoch= 181 	 time= 175.2856124997139 min 	 lr= 0.0011051746300417477 	 loss= 0.002469837970440955 	 error= 0.039162401043240674 percent
accuracy on test set = 92.68999820947647 percent
 
epoch= 182 	 time= 176.22779155572255 min 	 lr= 0.0009926578580764268 	 loss= 0.002005751715744357 	 error= 0.03596547314578005 percent
accuracy on test set = 92.35999822616577 percent
 
epoch= 183 	 time= 177.21681204636891 min 	 lr= 0.0008860645385550515 	 loss= 0.0020451390216022236 	 error= 0.0319693094629156 percent
accuracy on test set = 92.48999816179276 percent
 
epoch= 184 	 time= 178.1991561492284 min 	 lr= 0.0007854209717842264 	 loss= 0.0017281629212434067 	 error= 0.02797314578005115 percent
accuracy on test set = 92.42999804019928 percent
 
epoch= 185 	 time= 179.0499861359596 min 	 lr= 0.0006907519900580866 	 loss= 0.001677109511531032 	 error= 0.029971227621483378 percent
accuracy on test set = 92.59999799728394 percent
 
epoch= 186 	 time= 179.8424877524376 min 	 lr= 0.0006020809515313173 	 loss= 0.0014406935808479863 	 error= 0.01998081841432225 percent
accuracy on test set = 92.63999825716019 percent
 
epoch= 187 	 time= 180.62204339901606 min 	 lr= 0.0005194297344558538 	 loss= 0.001638422132698376 	 error= 0.029971227621483378 percent
accuracy on test set = 92.6799983382225 percent
 
epoch= 188 	 time= 181.3933371980985 min 	 lr= 0.00044281873178278225 	 loss= 0.0013355031627994935 	 error= 0.017982736572890026 percent
accuracy on test set = 92.6599982380867 percent
 
epoch= 189 	 time= 182.21254995266597 min 	 lr= 0.0003722668461306535 	 loss= 0.0013350242685736217 	 error= 0.0159846547314578 percent
accuracy on test set = 92.66999816894531 percent
 
epoch= 190 	 time= 182.99756158590316 min 	 lr= 0.0003077914851215587 	 loss= 0.0014305413588095465 	 error= 0.01998081841432225 percent
accuracy on test set = 92.66999822854996 percent
 
epoch= 191 	 time= 183.82820727427801 min 	 lr= 0.00024940855708606175 	 loss= 0.0016235175302557055 	 error= 0.0239769820971867 percent
accuracy on test set = 92.829998254776 percent
 
epoch= 192 	 time= 184.61048580805462 min 	 lr= 0.00019713246713805603 	 loss= 0.001309521979374854 	 error= 0.0159846547314578 percent
accuracy on test set = 92.70999819040298 percent
 
epoch= 193 	 time= 185.38121593395869 min 	 lr= 0.00015097611362051023 	 loss= 0.0011223342327420097 	 error= 0.009990409207161126 percent
accuracy on test set = 92.72999793291092 percent
 
epoch= 194 	 time= 186.19418305158615 min 	 lr= 0.00011095088492300018 	 loss= 0.0013521671276706297 	 error= 0.013986572890025575 percent
accuracy on test set = 92.60999804735184 percent
 
epoch= 195 	 time= 186.92200186252595 min 	 lr= 7.706665667180096e-05 	 loss= 0.0011117013157619273 	 error= 0.01198849104859335 percent
accuracy on test set = 92.55999809503555 percent
 
epoch= 196 	 time= 187.59386248191197 min 	 lr= 4.9331789293211064e-05 	 loss= 0.0013154471135886428 	 error= 0.01198849104859335 percent
accuracy on test set = 92.64999800920486 percent
 
epoch= 197 	 time= 188.26111381848654 min 	 lr= 2.7753125950752432e-05 	 loss= 0.0013268135392459591 	 error= 0.013986572890025575 percent
accuracy on test set = 92.56999802589417 percent
 
epoch= 198 	 time= 188.92786343097686 min 	 lr= 1.2335990856710008e-05 	 loss= 0.0011411885995313029 	 error= 0.013986572890025575 percent
accuracy on test set = 92.71999806165695 percent
 
epoch= 199 	 time= 189.59323303699495 min 	 lr= 3.0841879584853094e-06 	 loss= 0.0013682387911838473 	 error= 0.0239769820971867 percent
accuracy on test set = 92.64999812841415 percent
 
