nohup: ignoring input
Namespace(epoch=200, lr=0.05, model='vgg11', noise=None, resume=False, root='./data', type='train')
test mean and std: [tensor(0.4942), tensor(0.4851), tensor(0.4504)] [tensor(0.2467), tensor(0.2429), tensor(0.2616)]
train mean and std: [tensor(0.4914), tensor(0.4822), tensor(0.4465)] [tensor(0.2470), tensor(0.2435), tensor(0.2616)]
[33mThe trained model will be saved in: outputs/vgg11[0m
epoch= 0 	 time= 0.5485742847124736 min 	 lr= 0.05 	 loss= 1.9693272665638448 	 error= 76.8857896480414 percent
accuracy on test set = 33.33999913930893 percent
 
epoch= 1 	 time= 1.2143309871355692 min 	 lr= 0.04999691581204152 	 loss= 1.567106464939654 	 error= 59.01374679697139 percent
accuracy on test set = 49.64999943971634 percent
 
epoch= 2 	 time= 1.9793114026387533 min 	 lr= 0.04998766400914329 	 loss= 1.288748917524772 	 error= 45.99424551819901 percent
accuracy on test set = 59.29999887943268 percent
 
epoch= 3 	 time= 2.868477435906728 min 	 lr= 0.049972246874049255 	 loss= 1.0858592490101104 	 error= 37.4812180276417 percent
accuracy on test set = 63.77999871969223 percent
 
epoch= 4 	 time= 3.749626831213633 min 	 lr= 0.049950668210706796 	 loss= 0.9643605290471441 	 error= 32.742966745820496 percent
accuracy on test set = 67.72999840974808 percent
 
epoch= 5 	 time= 4.612354505062103 min 	 lr= 0.04992293334332821 	 loss= 0.8825055543723923 	 error= 29.44773017902813 percent
accuracy on test set = 73.02999806404114 percent
 
epoch= 6 	 time= 5.494005135695139 min 	 lr= 0.04988904911507701 	 loss= 0.8260568279744415 	 error= 27.393702046035806 percent
accuracy on test set = 75.24999797344208 percent
 
epoch= 7 	 time= 6.397997009754181 min 	 lr= 0.049849023886379504 	 loss= 0.7651750247191895 	 error= 25.190217385206687 percent
accuracy on test set = 76.4899982213974 percent
 
epoch= 8 	 time= 7.299951330820719 min 	 lr= 0.04980286753286196 	 loss= 0.7208546629494719 	 error= 23.548193737064178 percent
accuracy on test set = 78.59999817609787 percent
 
epoch= 9 	 time= 8.166539418697358 min 	 lr= 0.049750591442913945 	 loss= 0.6826461291374148 	 error= 22.247442458291797 percent
accuracy on test set = 78.99999791383743 percent
 
epoch= 10 	 time= 9.02545550664266 min 	 lr= 0.049692208514878454 	 loss= 0.655082486627047 	 error= 21.176470591284126 percent
accuracy on test set = 79.95999777317047 percent
 
epoch= 11 	 time= 9.911467822392781 min 	 lr= 0.049627733153869355 	 loss= 0.6192598778116124 	 error= 20.156649616368284 percent
accuracy on test set = 79.15999788045883 percent
 
epoch= 12 	 time= 10.804396955172221 min 	 lr= 0.049557181268217225 	 loss= 0.6041903309809887 	 error= 19.633551784183666 percent
accuracy on test set = 78.91999793052673 percent
 
epoch= 13 	 time= 11.667117961247762 min 	 lr= 0.04948057026554415 	 loss= 0.5846503456992567 	 error= 18.92663043783144 percent
accuracy on test set = 76.41999846696854 percent
 
epoch= 14 	 time= 12.524537551403046 min 	 lr= 0.04939791904846869 	 loss= 0.5670524080238684 	 error= 18.332001269625884 percent
accuracy on test set = 81.60999751091003 percent
 
epoch= 15 	 time= 13.412900626659393 min 	 lr= 0.04930924800994192 	 loss= 0.5528755707051748 	 error= 17.90361253501814 percent
accuracy on test set = 81.46999806165695 percent
 
epoch= 16 	 time= 14.286468291282654 min 	 lr= 0.049214579028215785 	 loss= 0.5413538299100783 	 error= 17.52517583120205 percent
accuracy on test set = 81.49999803304672 percent
 
epoch= 17 	 time= 15.155599892139435 min 	 lr= 0.04911393546144496 	 loss= 0.5262126815898339 	 error= 16.97770140664962 percent
accuracy on test set = 81.67999786138535 percent
 
epoch= 18 	 time= 16.029302064577738 min 	 lr= 0.049007342141923586 	 loss= 0.5230026445577821 	 error= 16.859814578005114 percent
accuracy on test set = 80.08999782800674 percent
 
epoch= 19 	 time= 16.913730065027874 min 	 lr= 0.04889482536995826 	 loss= 0.5074271989600433 	 error= 16.524936064429905 percent
accuracy on test set = 82.02999782562256 percent
 
epoch= 20 	 time= 17.797318283716837 min 	 lr= 0.04877641290737885 	 loss= 0.4936198406207287 	 error= 15.942295387272946 percent
accuracy on test set = 83.28999763727188 percent
 
epoch= 21 	 time= 18.666329630215962 min 	 lr= 0.04865213397068864 	 loss= 0.4811710075039388 	 error= 15.561460991344795 percent
accuracy on test set = 80.03999787569046 percent
 
epoch= 22 	 time= 19.544382011890413 min 	 lr= 0.04852201922385564 	 loss= 0.48207520920297375 	 error= 15.566656001083686 percent
accuracy on test set = 81.94999772310257 percent
 
epoch= 23 	 time= 20.439125351111095 min 	 lr= 0.04838610077074669 	 loss= 0.47352124358077186 	 error= 15.388427106925592 percent
accuracy on test set = 83.13999795913696 percent
 
epoch= 24 	 time= 21.32046953837077 min 	 lr= 0.04824441214720629 	 loss= 0.4571455882104766 	 error= 14.884111247099268 percent
accuracy on test set = 83.69999760389328 percent
 
epoch= 25 	 time= 22.210659782091778 min 	 lr= 0.048096988312782175 	 loss= 0.45825221136098016 	 error= 14.96723144865402 percent
accuracy on test set = 82.4599979519844 percent
 
epoch= 26 	 time= 23.079950527350107 min 	 lr= 0.04794386564209953 	 loss= 0.4393200985610942 	 error= 14.34702685726878 percent
accuracy on test set = 81.7099979519844 percent
 
epoch= 27 	 time= 23.960119116306306 min 	 lr= 0.04778508191588613 	 loss= 0.4375184847570746 	 error= 14.373001921207399 percent
accuracy on test set = 83.4399978518486 percent
 
epoch= 28 	 time= 24.826725443204243 min 	 lr= 0.04762067631165049 	 loss= 0.43186735573327145 	 error= 14.046115719753763 percent
accuracy on test set = 81.2899980545044 percent
 
epoch= 29 	 time= 25.699437959988913 min 	 lr= 0.047450689394015394 	 loss= 0.4219223638934553 	 error= 13.656889386189258 percent
accuracy on test set = 83.86999762058258 percent
 
epoch= 30 	 time= 26.567278095086415 min 	 lr= 0.0472751631047092 	 loss= 0.43140982788846927 	 error= 13.950607416879796 percent
accuracy on test set = 83.69999778270721 percent
 
epoch= 31 	 time= 27.452535939216613 min 	 lr= 0.04709414075221735 	 loss= 0.41171900127702354 	 error= 13.369165601023017 percent
accuracy on test set = 83.80999767780304 percent
 
epoch= 32 	 time= 28.32414981921514 min 	 lr= 0.046907667001096595 	 loss= 0.4147819047769927 	 error= 13.468670067579849 percent
accuracy on test set = 84.37999749183655 percent
 
epoch= 33 	 time= 29.226826123396556 min 	 lr= 0.04671578786095479 	 loss= 0.40853551403640787 	 error= 13.096627234802833 percent
accuracy on test set = 84.14999783039093 percent
 
epoch= 34 	 time= 30.095907628536224 min 	 lr= 0.0465185506750986 	 loss= 0.4160480299188048 	 error= 13.223305626598467 percent
accuracy on test set = 83.83999764919281 percent
 
epoch= 35 	 time= 30.959081236521403 min 	 lr= 0.04631600410885232 	 loss= 0.39560398474678665 	 error= 12.826086950424076 percent
accuracy on test set = 83.24999791383743 percent
 
epoch= 36 	 time= 31.82252569993337 min 	 lr= 0.04610819813755039 	 loss= 0.388738298050278 	 error= 12.354140025575447 percent
accuracy on test set = 83.15999788045883 percent
 
epoch= 37 	 time= 32.69374457597733 min 	 lr= 0.045895184034206775 	 loss= 0.39115199168472337 	 error= 12.71219628546244 percent
accuracy on test set = 82.17999774217606 percent
 
epoch= 38 	 time= 33.564695294698076 min 	 lr= 0.04567701435686406 	 loss= 0.3965342174405637 	 error= 12.807704603580564 percent
accuracy on test set = 85.20999771356583 percent
 
epoch= 39 	 time= 34.46099295218786 min 	 lr= 0.0454537429356256 	 loss= 0.3822369596461201 	 error= 12.51478580867543 percent
accuracy on test set = 84.95999819040298 percent
 
epoch= 40 	 time= 35.35330721934636 min 	 lr= 0.045225424859373704 	 loss= 0.3737996157706546 	 error= 11.896978894158092 percent
accuracy on test set = 84.61999779939651 percent
 
epoch= 41 	 time= 36.23125311930974 min 	 lr= 0.04499211646217729 	 loss= 0.3675741778157861 	 error= 12.065617004623803 percent
accuracy on test set = 85.22999793291092 percent
 
epoch= 42 	 time= 37.10607868035634 min 	 lr= 0.044753875309392274 	 loss= 0.37292539703724026 	 error= 11.990888740705408 percent
accuracy on test set = 85.09999799728394 percent
 
epoch= 43 	 time= 37.99019730091095 min 	 lr= 0.044510760183458266 	 loss= 0.3698286154233586 	 error= 12.016064568858623 percent
accuracy on test set = 85.87999784946442 percent
 
epoch= 44 	 time= 38.85960978666942 min 	 lr= 0.044262831069394756 	 loss= 0.3662067400982313 	 error= 11.97050831202046 percent
accuracy on test set = 84.1599977016449 percent
 
epoch= 45 	 time= 39.719784545898435 min 	 lr= 0.0440101491400008 	 loss= 0.3648452501162848 	 error= 11.91775894835782 percent
accuracy on test set = 84.63999772071838 percent
 
epoch= 46 	 time= 40.60571440060934 min 	 lr= 0.043752776740761515 	 loss= 0.36016953940434226 	 error= 11.614849744245523 percent
accuracy on test set = 83.86999762058258 percent
 
epoch= 47 	 time= 41.48366761604945 min 	 lr= 0.04349077737446526 	 loss= 0.3569286155426289 	 error= 11.562899616368288 percent
accuracy on test set = 83.84999787807465 percent
 
epoch= 48 	 time= 42.36177044709523 min 	 lr= 0.043224215685535305 	 loss= 0.34884228631663505 	 error= 11.297953967243204 percent
accuracy on test set = 83.71999782323837 percent
 
epoch= 49 	 time= 43.2257455945015 min 	 lr= 0.04295315744407974 	 loss= 0.34129516475493343 	 error= 11.20724104859335 percent
accuracy on test set = 84.83999782800674 percent
 
epoch= 50 	 time= 44.0995817899704 min 	 lr= 0.0426776695296637 	 loss= 0.3424309340431867 	 error= 11.240409204112295 percent
accuracy on test set = 83.32999777793884 percent
 
epoch= 51 	 time= 44.97046329577764 min 	 lr= 0.04239781991480787 	 loss= 0.3336355011252796 	 error= 10.82920395504788 percent
accuracy on test set = 85.34999793767929 percent
 
epoch= 52 	 time= 45.84321846564611 min 	 lr= 0.04211367764821723 	 loss= 0.34217800966004275 	 error= 11.172874031774223 percent
accuracy on test set = 86.13999783992767 percent
 
epoch= 53 	 time= 46.73197548786799 min 	 lr= 0.04182531283774434 	 loss= 0.33573350881981423 	 error= 10.945891937636354 percent
accuracy on test set = 84.1899978518486 percent
 
epoch= 54 	 time= 47.6232719818751 min 	 lr= 0.041532796633091305 	 loss= 0.3282310252299394 	 error= 10.615409198014634 percent
accuracy on test set = 84.5299973487854 percent
 
epoch= 55 	 time= 48.51500499645869 min 	 lr= 0.0412362012082546 	 loss= 0.3311552460617421 	 error= 10.766464197422232 percent
accuracy on test set = 86.51999813318253 percent
 
epoch= 56 	 time= 49.39625924428304 min 	 lr= 0.04093559974371725 	 loss= 0.3176567577340109 	 error= 10.306106138107417 percent
accuracy on test set = 86.75999820232391 percent
 
epoch= 57 	 time= 50.27019941806793 min 	 lr= 0.04063106640839264 	 loss= 0.32069864911039164 	 error= 10.513906649616368 percent
accuracy on test set = 85.62999814748764 percent
 
epoch= 58 	 time= 51.13948400815328 min 	 lr= 0.04032267634132442 	 loss= 0.31597369257598884 	 error= 10.276134910485933 percent
accuracy on test set = 87.549997985363 percent
 
epoch= 59 	 time= 52.0260992527008 min 	 lr= 0.040010505633147106 	 loss= 0.3092507606615191 	 error= 10.013187343202283 percent
accuracy on test set = 86.64999806880951 percent
 
epoch= 60 	 time= 52.92301754951477 min 	 lr= 0.03969463130731184 	 loss= 0.30826770123618336 	 error= 10.017183506885148 percent
accuracy on test set = 85.22999793291092 percent
 
epoch= 61 	 time= 53.786675322055814 min 	 lr= 0.03937513130108197 	 loss= 0.3080190573735615 	 error= 10.03676469978469 percent
accuracy on test set = 85.26999777555466 percent
 
epoch= 62 	 time= 54.66631285349528 min 	 lr= 0.03905208444630328 	 loss= 0.30916480948705505 	 error= 10.049952036889314 percent
accuracy on test set = 85.49999809265137 percent
 
epoch= 63 	 time= 55.57151351769765 min 	 lr= 0.038725570449953305 	 loss= 0.30500053524818566 	 error= 9.877717388255517 percent
accuracy on test set = 86.2099979519844 percent
 
epoch= 64 	 time= 56.449558945496875 min 	 lr= 0.03839566987447492 	 loss= 0.2948273761993479 	 error= 9.701886186209482 percent
accuracy on test set = 85.6299979686737 percent
 
epoch= 65 	 time= 57.334749209880826 min 	 lr= 0.03806246411789873 	 loss= 0.2873034708754486 	 error= 9.398976982097187 percent
accuracy on test set = 86.8699979186058 percent
 
epoch= 66 	 time= 58.19940336147944 min 	 lr= 0.037726035393759294 	 loss= 0.2908456884991482 	 error= 9.470508302873966 percent
accuracy on test set = 85.99999791383743 percent
 
epoch= 67 	 time= 59.08082792361577 min 	 lr= 0.0373864667108102 	 loss= 0.29373937018234714 	 error= 9.681106132009756 percent
accuracy on test set = 86.0699982047081 percent
 
epoch= 68 	 time= 59.962048375606535 min 	 lr= 0.03704384185254289 	 loss= 0.2800318176103065 	 error= 9.215153452685422 percent
accuracy on test set = 85.82999789714813 percent
 
epoch= 69 	 time= 60.8339942574501 min 	 lr= 0.03669824535651435 	 loss= 0.27490286397583347 	 error= 9.014146422486172 percent
accuracy on test set = 86.34999799728394 percent
 
epoch= 70 	 time= 61.71608240604401 min 	 lr= 0.03634976249348868 	 loss= 0.28121973497940755 	 error= 9.163602935078808 percent
accuracy on test set = 87.11999821662903 percent
 
epoch= 71 	 time= 62.60936747392019 min 	 lr= 0.03599847924639789 	 loss= 0.2764878150104257 	 error= 9.132432861401298 percent
accuracy on test set = 86.60999828577042 percent
 
epoch= 72 	 time= 63.481576629479726 min 	 lr= 0.03564448228912683 	 loss= 0.2753941993160016 	 error= 8.999360613810742 percent
accuracy on test set = 86.07999819517136 percent
 
epoch= 73 	 time= 64.35282433827719 min 	 lr= 0.03528785896512774 	 loss= 0.2706895857439626 	 error= 9.000159849596145 percent
accuracy on test set = 87.29999762773514 percent
 
epoch= 74 	 time= 65.2121948838234 min 	 lr= 0.03492869726586953 	 loss= 0.2670463275955156 	 error= 8.678069047610778 percent
accuracy on test set = 87.18999797105789 percent
 
epoch= 75 	 time= 66.08904119332631 min 	 lr= 0.03456708580912726 	 loss= 0.26015634272638183 	 error= 8.450287717687505 percent
accuracy on test set = 84.66999793052673 percent
 
epoch= 76 	 time= 66.96886895895004 min 	 lr= 0.03420311381711697 	 loss= 0.2685487423749531 	 error= 8.779971221523821 percent
accuracy on test set = 85.41999793052673 percent
 
epoch= 77 	 time= 67.82702817519505 min 	 lr= 0.03383687109448145 	 loss= 0.24906674486673092 	 error= 8.250079923273658 percent
accuracy on test set = 87.13999801874161 percent
 
epoch= 78 	 time= 68.68046473662058 min 	 lr= 0.03346844800613231 	 loss= 0.24579793950328438 	 error= 7.9643542199488495 percent
accuracy on test set = 86.62999814748764 percent
 
epoch= 79 	 time= 69.5667253891627 min 	 lr= 0.03309793545495376 	 loss= 0.24842346270980736 	 error= 8.110613804644027 percent
accuracy on test set = 86.9299983382225 percent
 
epoch= 80 	 time= 70.45690968036652 min 	 lr= 0.03272542485937371 	 loss= 0.2413101344157363 	 error= 7.8916240378718845 percent
accuracy on test set = 86.77999812364578 percent
 
epoch= 81 	 time= 71.32733549674352 min 	 lr= 0.03235100813080762 	 loss= 0.24418744860250322 	 error= 8.032289002557546 percent
accuracy on test set = 87.0599981546402 percent
 
epoch= 82 	 time= 72.18856415748596 min 	 lr= 0.03197477765098076 	 loss= 0.23681838107307243 	 error= 7.868845901830728 percent
accuracy on test set = 87.11999809741974 percent
 
epoch= 83 	 time= 73.06587011814118 min 	 lr= 0.03159682624913434 	 loss= 0.23014545732218286 	 error= 7.5051950066900615 percent
accuracy on test set = 85.7799980044365 percent
 
epoch= 84 	 time= 73.9658182501793 min 	 lr= 0.031217247179121384 	 loss= 0.22969392102087854 	 error= 7.739769817923037 percent
accuracy on test set = 86.77999770641327 percent
 
epoch= 85 	 time= 74.82630277077357 min 	 lr= 0.03083613409639766 	 loss= 0.22873898717524754 	 error= 7.691416243458038 percent
accuracy on test set = 87.67999809980392 percent
 
epoch= 86 	 time= 75.67630687554677 min 	 lr= 0.03045358103491359 	 loss= 0.22474073849218276 	 error= 7.466831841432225 percent
accuracy on test set = 87.92999792098999 percent
 
epoch= 87 	 time= 76.55905776421228 min 	 lr= 0.03006968238391284 	 loss= 0.22602489790724367 	 error= 7.468430297758879 percent
accuracy on test set = 84.87999761104584 percent
 
epoch= 88 	 time= 77.45846231778462 min 	 lr= 0.029684532864643145 	 loss= 0.22321802208109584 	 error= 7.268222503345031 percent
accuracy on test set = 85.85999822616577 percent
 
epoch= 89 	 time= 78.319564306736 min 	 lr= 0.02929822750698526 	 loss= 0.2145260752028669 	 error= 7.115169437340153 percent
accuracy on test set = 86.78999817371368 percent
 
epoch= 90 	 time= 79.18095185756684 min 	 lr= 0.028910861626005795 	 loss= 0.21482385826461456 	 error= 7.103580556562185 percent
accuracy on test set = 88.51999831199646 percent
 
epoch= 91 	 time= 80.04493569135666 min 	 lr= 0.028522530798439593 	 loss= 0.20309956642367955 	 error= 6.824248724276452 percent
accuracy on test set = 87.5899983048439 percent
 
epoch= 92 	 time= 80.91779282093049 min 	 lr= 0.028133330839107632 	 loss= 0.2068867141290394 	 error= 6.942934773462203 percent
accuracy on test set = 88.0099983215332 percent
 
epoch= 93 	 time= 81.78940937519073 min 	 lr= 0.027743357777276153 	 loss= 0.20633178305290545 	 error= 6.795076717196218 percent
accuracy on test set = 88.04999786615372 percent
 
epoch= 94 	 time= 82.65143771966298 min 	 lr= 0.027352707832962876 	 loss= 0.19687395897286628 	 error= 6.4773817044084945 percent
accuracy on test set = 87.69999837875366 percent
 
epoch= 95 	 time= 83.53717359701793 min 	 lr= 0.026961477393196143 	 loss= 0.19457185026401144 	 error= 6.425431576531257 percent
accuracy on test set = 88.22999793291092 percent
 
epoch= 96 	 time= 84.41972987651825 min 	 lr= 0.026569762988232853 	 loss= 0.1927903581725057 	 error= 6.414641946782846 percent
accuracy on test set = 87.0399979352951 percent
 
epoch= 97 	 time= 85.3207630554835 min 	 lr= 0.02617766126774108 	 loss= 0.185589507755721 	 error= 6.137308181094392 percent
accuracy on test set = 86.66999804973602 percent
 
epoch= 98 	 time= 86.21641046603521 min 	 lr= 0.025785268976953223 	 loss= 0.18671655161377718 	 error= 6.273177746311783 percent
accuracy on test set = 87.9799981713295 percent
 
epoch= 99 	 time= 87.0835308512052 min 	 lr= 0.02539268293279553 	 loss= 0.17549696881943347 	 error= 5.802429667519181 percent
accuracy on test set = 87.2099980711937 percent
 
epoch= 100 	 time= 87.96694320837656 min 	 lr= 0.025000000000000012 	 loss= 0.17898535570296484 	 error= 5.9107256972271465 percent
accuracy on test set = 88.60999810695648 percent
 
epoch= 101 	 time= 88.84977599382401 min 	 lr= 0.0246073170672045 	 loss= 0.17302491252913194 	 error= 5.7580722414928935 percent
accuracy on test set = 88.25999796390533 percent
 
epoch= 102 	 time= 89.71472589969635 min 	 lr= 0.024214731023046804 	 loss= 0.1703949023771774 	 error= 5.640185412848392 percent
accuracy on test set = 87.03999787569046 percent
 
epoch= 103 	 time= 90.5735047340393 min 	 lr= 0.023822338732258946 	 loss= 0.16651830806032472 	 error= 5.507512790772616 percent
accuracy on test set = 87.61999821662903 percent
 
epoch= 104 	 time= 91.44515924453735 min 	 lr= 0.023430237011767177 	 loss= 0.16330519431959029 	 error= 5.451966109483139 percent
accuracy on test set = 87.29999822378159 percent
 
epoch= 105 	 time= 92.34608230193456 min 	 lr= 0.02303852260680389 	 loss= 0.16759245178621748 	 error= 5.531090147355024 percent
accuracy on test set = 86.62999802827835 percent
 
epoch= 106 	 time= 93.21510453224182 min 	 lr= 0.022647292167037154 	 loss= 0.16088095059632646 	 error= 5.274936061381074 percent
accuracy on test set = 88.44999772310257 percent
 
epoch= 107 	 time= 94.07821901639302 min 	 lr= 0.02225664222272388 	 loss= 0.15676792484262717 	 error= 5.189018542199488 percent
accuracy on test set = 88.08999782800674 percent
 
epoch= 108 	 time= 94.95116223494212 min 	 lr= 0.02186666916089241 	 loss= 0.14965081613158326 	 error= 4.9736253135954325 percent
accuracy on test set = 87.72999805212021 percent
 
epoch= 109 	 time= 95.82317650318146 min 	 lr= 0.02147746920156045 	 loss= 0.14637168912250367 	 error= 4.757033238935349 percent
accuracy on test set = 88.26999807357788 percent
 
epoch= 110 	 time= 96.71625773906707 min 	 lr= 0.021089138373994242 	 loss= 0.14115132284743706 	 error= 4.694293481309701 percent
accuracy on test set = 88.11999815702438 percent
 
epoch= 111 	 time= 97.58121013641357 min 	 lr= 0.02070177249301477 	 loss= 0.1400565348012978 	 error= 4.659526854219949 percent
accuracy on test set = 88.57999807596207 percent
 
epoch= 112 	 time= 98.45397723118464 min 	 lr= 0.0203154671353569 	 loss= 0.13552586433699215 	 error= 4.508471870056503 percent
accuracy on test set = 88.38999819755554 percent
 
epoch= 113 	 time= 99.32126139799753 min 	 lr= 0.019930317616087205 	 loss= 0.13612540151990588 	 error= 4.49648337900791 percent
accuracy on test set = 87.59999775886536 percent
 
epoch= 114 	 time= 100.19610092639923 min 	 lr= 0.019546418965086458 	 loss= 0.13514892531134892 	 error= 4.509271090597753 percent
accuracy on test set = 88.09999805688858 percent
 
epoch= 115 	 time= 101.07910987138749 min 	 lr= 0.019163865903602376 	 loss= 0.13041386101633082 	 error= 4.30626597855707 percent
accuracy on test set = 89.06999802589417 percent
 
epoch= 116 	 time= 101.95759395758311 min 	 lr= 0.018782752820878643 	 loss= 0.13040658715359696 	 error= 4.3753996072217936 percent
accuracy on test set = 88.74999809265137 percent
 
epoch= 117 	 time= 102.83133014837901 min 	 lr= 0.01840317375086569 	 loss= 0.1194749201655083 	 error= 3.960597819989295 percent
accuracy on test set = 88.9699981212616 percent
 
epoch= 118 	 time= 103.70234759251277 min 	 lr= 0.018025222349019283 	 loss= 0.12140739183691913 	 error= 4.060901537575686 percent
accuracy on test set = 88.57999801635742 percent
 
epoch= 119 	 time= 104.56658562819163 min 	 lr= 0.017648991869192415 	 loss= 0.11447028218365995 	 error= 3.831122125810979 percent
accuracy on test set = 87.93999814987183 percent
 
epoch= 120 	 time= 105.43972033262253 min 	 lr= 0.017274575140626334 	 loss= 0.1108576925876348 	 error= 3.6349104798358423 percent
accuracy on test set = 88.74999803304672 percent
 
epoch= 121 	 time= 106.31388249794642 min 	 lr= 0.016902064545046273 	 loss= 0.1110060538124779 	 error= 3.58935422299768 percent
accuracy on test set = 87.26999813318253 percent
 
epoch= 122 	 time= 107.18019879261652 min 	 lr= 0.016531551993867726 	 loss= 0.1045026623684427 	 error= 3.3875479570130254 percent
accuracy on test set = 88.89999812841415 percent
 
epoch= 123 	 time= 108.05436002016067 min 	 lr= 0.016163128905518586 	 loss= 0.10062567476192703 	 error= 3.4127237851662406 percent
accuracy on test set = 89.05999791622162 percent
 
epoch= 124 	 time= 108.92754067977269 min 	 lr= 0.015796886182883066 	 loss= 0.10564950711148627 	 error= 3.439498084890263 percent
accuracy on test set = 89.27999770641327 percent
 
epoch= 125 	 time= 109.80902396440506 min 	 lr= 0.015432914190872771 	 loss= 0.09526855327531962 	 error= 3.124200764214596 percent
accuracy on test set = 89.13999783992767 percent
 
epoch= 126 	 time= 110.70318172375362 min 	 lr= 0.01507130273413049 	 loss= 0.0996085386604185 	 error= 3.3048273657289005 percent
accuracy on test set = 89.20999819040298 percent
 
epoch= 127 	 time= 111.55183055400849 min 	 lr= 0.01471214103487229 	 loss= 0.09306841427007752 	 error= 3.075447564234819 percent
accuracy on test set = 89.04999786615372 percent
 
epoch= 128 	 time= 112.42496353387833 min 	 lr= 0.014355517710873194 	 loss= 0.0914114225046028 	 error= 3.06066175555939 percent
accuracy on test set = 89.39999824762344 percent
 
epoch= 129 	 time= 113.32074712514877 min 	 lr= 0.01400152075360213 	 loss= 0.08483884100566434 	 error= 2.75055945986677 percent
accuracy on test set = 88.86999785900116 percent
 
epoch= 130 	 time= 114.18481006622315 min 	 lr= 0.01365023750651134 	 loss= 0.07979153605925915 	 error= 2.6930146967358604 percent
accuracy on test set = 89.4499979019165 percent
 
epoch= 131 	 time= 115.07259545723598 min 	 lr= 0.013301754643485679 	 loss= 0.07546478455119274 	 error= 2.502797311529174 percent
accuracy on test set = 89.22999793291092 percent
 
epoch= 132 	 time= 115.96474525928497 min 	 lr= 0.012956158147457122 	 loss= 0.07699389287920864 	 error= 2.5787244215035985 percent
accuracy on test set = 89.48999845981598 percent
 
epoch= 133 	 time= 116.84197656710943 min 	 lr= 0.012613533289189816 	 loss= 0.06809246119426186 	 error= 2.2154731366335585 percent
accuracy on test set = 89.38999795913696 percent
 
epoch= 134 	 time= 117.7209168791771 min 	 lr= 0.012273964606240723 	 loss= 0.06513980053403341 	 error= 2.180306899273182 percent
accuracy on test set = 89.19999808073044 percent
 
epoch= 135 	 time= 118.59791389306386 min 	 lr= 0.011937535882101285 	 loss= 0.06539210780997716 	 error= 2.128356771395944 percent
accuracy on test set = 89.28999829292297 percent
 
epoch= 136 	 time= 119.47561794916788 min 	 lr= 0.011604330125525083 	 loss= 0.06592294257467665 	 error= 2.2010869534729083 percent
accuracy on test set = 89.97999835014343 percent
 
epoch= 137 	 time= 120.35416938463847 min 	 lr= 0.011274429550046707 	 loss= 0.05874362788008302 	 error= 1.9609175222304167 percent
accuracy on test set = 89.26999801397324 percent
 
epoch= 138 	 time= 121.23339536190034 min 	 lr= 0.010947915553696737 	 loss= 0.05977502739642892 	 error= 1.9405370783013152 percent
accuracy on test set = 89.53999823331833 percent
 
epoch= 139 	 time= 122.09133800665538 min 	 lr= 0.01062486869891804 	 loss= 0.0551739894949338 	 error= 1.8066655949253558 percent
accuracy on test set = 89.68999820947647 percent
 
epoch= 140 	 time= 122.97397398551306 min 	 lr= 0.01030536869268818 	 loss= 0.050910572233178734 	 error= 1.6444213554987213 percent
accuracy on test set = 89.8399983048439 percent
 
epoch= 141 	 time= 123.84334489107133 min 	 lr= 0.009989494366852907 	 loss= 0.049860518987831254 	 error= 1.6096547284089695 percent
accuracy on test set = 89.61999815702438 percent
 
epoch= 142 	 time= 124.72892544666927 min 	 lr= 0.00967732365867559 	 loss= 0.050225615763412716 	 error= 1.654811374976507 percent
accuracy on test set = 90.14999800920486 percent
 
epoch= 143 	 time= 125.59963949124018 min 	 lr= 0.009368933591607374 	 loss= 0.04323273359576378 	 error= 1.3706841432225063 percent
accuracy on test set = 89.79999780654907 percent
 
epoch= 144 	 time= 126.4788086215655 min 	 lr= 0.00906440025628276 	 loss= 0.04568441190263804 	 error= 1.460997436357581 percent
accuracy on test set = 89.96999806165695 percent
 
epoch= 145 	 time= 127.34087878863016 min 	 lr= 0.008763798791745414 	 loss= 0.040844590248316145 	 error= 1.293158561677274 percent
accuracy on test set = 90.04999792575836 percent
 
epoch= 146 	 time= 128.21460928122204 min 	 lr= 0.00846720336690871 	 loss= 0.03669419185356106 	 error= 1.1612851601427474 percent
accuracy on test set = 89.69999814033508 percent
 
epoch= 147 	 time= 129.09632918039958 min 	 lr= 0.008174687162255667 	 loss= 0.03688926056570485 	 error= 1.2148337595907928 percent
accuracy on test set = 90.23999786376953 percent
 
epoch= 148 	 time= 129.9934894323349 min 	 lr= 0.007886322351782785 	 loss= 0.0326733512856314 	 error= 1.0573849043882717 percent
accuracy on test set = 90.11999827623367 percent
 
epoch= 149 	 time= 130.8611126065254 min 	 lr= 0.007602180085192145 	 loss= 0.02870771655684237 	 error= 0.8643702015547496 percent
accuracy on test set = 90.48999834060669 percent
 
epoch= 150 	 time= 131.72813263336818 min 	 lr= 0.007322330470336316 	 loss= 0.027570598120408137 	 error= 0.8871483375959079 percent
accuracy on test set = 90.22999811172485 percent
 
epoch= 151 	 time= 132.62553200324376 min 	 lr= 0.007046842555920285 	 loss= 0.029974002772203797 	 error= 0.967071611253197 percent
accuracy on test set = 90.04999774694443 percent
 
epoch= 152 	 time= 133.5026726524035 min 	 lr= 0.006775784314464719 	 loss= 0.025774850569608265 	 error= 0.7744565186902995 percent
accuracy on test set = 90.4799981713295 percent
 
epoch= 153 	 time= 134.36085514624912 min 	 lr= 0.006509222625534758 	 loss= 0.022434823374595025 	 error= 0.7153132992327366 percent
accuracy on test set = 90.64999824762344 percent
 
epoch= 154 	 time= 135.24842512607574 min 	 lr= 0.006247223259238513 	 loss= 0.023053586004239977 	 error= 0.7053228900255755 percent
accuracy on test set = 90.53999823331833 percent
 
epoch= 155 	 time= 136.12384008963903 min 	 lr= 0.0059898508599992295 	 loss= 0.018792470253746755 	 error= 0.5394820971867008 percent
accuracy on test set = 91.02999812364578 percent
 
epoch= 156 	 time= 137.0101286649704 min 	 lr= 0.005737168930605274 	 loss= 0.016766713872609085 	 error= 0.5007193064140847 percent
accuracy on test set = 91.0399980545044 percent
 
epoch= 157 	 time= 137.8988913178444 min 	 lr= 0.005489239816541763 	 loss= 0.01603591506895812 	 error= 0.48873081536549134 percent
accuracy on test set = 90.26999801397324 percent
 
epoch= 158 	 time= 138.76025142669678 min 	 lr= 0.005246124690607742 	 loss= 0.01498604385549074 	 error= 0.4355818414322251 percent
accuracy on test set = 90.50999820232391 percent
 
epoch= 159 	 time= 139.6526305993398 min 	 lr= 0.005007883537822737 	 loss= 0.015073012088989968 	 error= 0.4459718609100108 percent
accuracy on test set = 90.32999807596207 percent
 
epoch= 160 	 time= 140.53611096143723 min 	 lr= 0.004774575140626318 	 loss= 0.0139397391453957 	 error= 0.3956202046035806 percent
accuracy on test set = 90.70999789237976 percent
 
epoch= 161 	 time= 141.41919805606207 min 	 lr= 0.00454625706437442 	 loss= 0.012817718261910025 	 error= 0.36365089514066495 percent
accuracy on test set = 90.82999789714813 percent
 
epoch= 162 	 time= 142.30721250772476 min 	 lr= 0.004322985643135959 	 loss= 0.011253073239875266 	 error= 0.29171994884910485 percent
accuracy on test set = 90.9599980711937 percent
 
epoch= 163 	 time= 143.1632223089536 min 	 lr= 0.0041048159657932504 	 loss= 0.011606720991342155 	 error= 0.3336796675191816 percent
accuracy on test set = 90.78999781608582 percent
 
epoch= 164 	 time= 144.0465431054433 min 	 lr= 0.0038918018624496302 	 loss= 0.01062583252597038 	 error= 0.28372762148337594 percent
accuracy on test set = 91.1799983382225 percent
 
epoch= 165 	 time= 144.94367232322693 min 	 lr= 0.0036839958911477027 	 loss= 0.009422759558824474 	 error= 0.2157928388746803 percent
accuracy on test set = 91.20999836921692 percent
 
epoch= 166 	 time= 145.81715306838353 min 	 lr= 0.0034814493249014076 	 loss= 0.008886764847847355 	 error= 0.21779092071611256 percent
accuracy on test set = 91.09999793767929 percent
 
epoch= 167 	 time= 146.71156653960546 min 	 lr= 0.003284212139045219 	 loss= 0.007886140885979623 	 error= 0.1918158567774936 percent
accuracy on test set = 91.31999826431274 percent
 
epoch= 168 	 time= 147.5935011982918 min 	 lr= 0.003092332998903412 	 loss= 0.007985830900099728 	 error= 0.1782288941580926 percent
accuracy on test set = 91.09999823570251 percent
 
epoch= 169 	 time= 148.47517500718433 min 	 lr= 0.002905859247782665 	 loss= 0.0075909516886067206 	 error= 0.19621163073098263 percent
accuracy on test set = 91.18999856710434 percent
 
epoch= 170 	 time= 149.33833341201145 min 	 lr= 0.0027248368952908068 	 loss= 0.006870630104332934 	 error= 0.14585997442455242 percent
accuracy on test set = 91.14999830722809 percent
 
epoch= 171 	 time= 150.19923305511475 min 	 lr= 0.002549310605984613 	 loss= 0.006441730128474953 	 error= 0.13786764705882354 percent
accuracy on test set = 91.36999821662903 percent
 
epoch= 172 	 time= 151.09205030202867 min 	 lr= 0.0023793236883495176 	 loss= 0.00581960972128174 	 error= 0.12987531969309463 percent
accuracy on test set = 91.5199983716011 percent
 
epoch= 173 	 time= 151.96703235308328 min 	 lr= 0.002214918084113875 	 loss= 0.006147273643480619 	 error= 0.12388107416879796 percent
accuracy on test set = 91.00999850034714 percent
 
epoch= 174 	 time= 152.82831042607626 min 	 lr= 0.0020561343579004786 	 loss= 0.005176535670590752 	 error= 0.08391943734015346 percent
accuracy on test set = 91.3599984049797 percent
 
epoch= 175 	 time= 153.6903498450915 min 	 lr= 0.0019030116872178384 	 loss= 0.005585377416609193 	 error= 0.11708759285909745 percent
accuracy on test set = 91.14999824762344 percent
 
epoch= 176 	 time= 154.57207375764847 min 	 lr= 0.0017555878527937174 	 loss= 0.004968036155816634 	 error= 0.08591751918158569 percent
accuracy on test set = 91.38999795913696 percent
 
epoch= 177 	 time= 155.4801968574524 min 	 lr= 0.0016138992292533167 	 loss= 0.004912563558260593 	 error= 0.08192135549872123 percent
accuracy on test set = 91.4599980711937 percent
 
epoch= 178 	 time= 156.33557370901107 min 	 lr= 0.0014779807761443645 	 loss= 0.005045618733291126 	 error= 0.0959079283887468 percent
accuracy on test set = 91.10999834537506 percent
 
epoch= 179 	 time= 157.18254785140354 min 	 lr= 0.0013478660293113683 	 loss= 0.004853043830870172 	 error= 0.08591751918158569 percent
accuracy on test set = 91.329998254776 percent
 
epoch= 180 	 time= 158.04837063550949 min 	 lr= 0.0012235870926211624 	 loss= 0.004675676137187501 	 error= 0.08391943734015346 percent
accuracy on test set = 91.2199981212616 percent
 
epoch= 181 	 time= 158.9244215130806 min 	 lr= 0.0011051746300417477 	 loss= 0.004777707774049181 	 error= 0.07792519181585678 percent
accuracy on test set = 91.52999836206436 percent
 
epoch= 182 	 time= 159.77696242729823 min 	 lr= 0.0009926578580764268 	 loss= 0.004179948781285902 	 error= 0.05195012787723786 percent
accuracy on test set = 91.28999823331833 percent
 
epoch= 183 	 time= 160.64182881911594 min 	 lr= 0.0008860645385550515 	 loss= 0.0044162759516874085 	 error= 0.07392902813299233 percent
accuracy on test set = 91.47999858856201 percent
 
epoch= 184 	 time= 161.52885807752608 min 	 lr= 0.0007854209717842264 	 loss= 0.00448550119379159 	 error= 0.07592710997442455 percent
accuracy on test set = 91.38999849557877 percent
 
epoch= 185 	 time= 162.39149663448333 min 	 lr= 0.0006907519900580866 	 loss= 0.004406531673648855 	 error= 0.06793478260869565 percent
accuracy on test set = 91.25999814271927 percent
 
epoch= 186 	 time= 163.24813755353293 min 	 lr= 0.0006020809515313173 	 loss= 0.004242392102032519 	 error= 0.06593670076726342 percent
accuracy on test set = 91.36999815702438 percent
 
epoch= 187 	 time= 164.11755144993464 min 	 lr= 0.0005194297344558538 	 loss= 0.003978660621661264 	 error= 0.06793478260869565 percent
accuracy on test set = 91.4899982213974 percent
 
epoch= 188 	 time= 164.9734415769577 min 	 lr= 0.00044281873178278225 	 loss= 0.003940062240109114 	 error= 0.04995204603580563 percent
accuracy on test set = 91.43999809026718 percent
 
epoch= 189 	 time= 165.82995470762253 min 	 lr= 0.0003722668461306535 	 loss= 0.0037579184464748253 	 error= 0.0479539641943734 percent
accuracy on test set = 91.38999843597412 percent
 
epoch= 190 	 time= 166.70627754529318 min 	 lr= 0.0003077914851215587 	 loss= 0.003935630941796867 	 error= 0.04995204603580563 percent
accuracy on test set = 91.27999836206436 percent
 
epoch= 191 	 time= 167.57276285886763 min 	 lr= 0.00024940855708606175 	 loss= 0.0036102196045667695 	 error= 0.04395780051150895 percent
accuracy on test set = 91.15999841690063 percent
 
epoch= 192 	 time= 168.43015951315562 min 	 lr= 0.00019713246713805603 	 loss= 0.0037540293089054584 	 error= 0.05794437340153453 percent
accuracy on test set = 91.2999981045723 percent
 
epoch= 193 	 time= 169.30363800525666 min 	 lr= 0.00015097611362051023 	 loss= 0.0037892939596701307 	 error= 0.05394820971867007 percent
accuracy on test set = 91.3499984741211 percent
 
epoch= 194 	 time= 170.17989637851716 min 	 lr= 0.00011095088492300018 	 loss= 0.003989300196347258 	 error= 0.06194053708439898 percent
accuracy on test set = 91.05999821424484 percent
 
epoch= 195 	 time= 171.06686655680338 min 	 lr= 7.706665667180096e-05 	 loss= 0.003936378945670355 	 error= 0.06194053708439898 percent
accuracy on test set = 91.59999817609787 percent
 
epoch= 196 	 time= 171.93596895933152 min 	 lr= 4.9331789293211064e-05 	 loss= 0.004064643040985402 	 error= 0.0639386189258312 percent
accuracy on test set = 91.29999834299088 percent
 
epoch= 197 	 time= 172.8170005162557 min 	 lr= 2.7753125950752432e-05 	 loss= 0.0034930616789294973 	 error= 0.04195971867007673 percent
accuracy on test set = 91.45999825000763 percent
 
epoch= 198 	 time= 173.67493240038553 min 	 lr= 1.2335990856710008e-05 	 loss= 0.004078336702266713 	 error= 0.04995204603580563 percent
accuracy on test set = 91.41999834775925 percent
 
epoch= 199 	 time= 174.5480694214503 min 	 lr= 3.0841879584853094e-06 	 loss= 0.0038503748388565564 	 error= 0.04995204603580563 percent
accuracy on test set = 91.43999826908112 percent
 
