nohup: ignoring input
Namespace(epoch=200, lr=0.05, model='vgg16_bn', noise=None, resume=False, root='./data', type='train')
test mean and std: [tensor(0.4942), tensor(0.4851), tensor(0.4504)] [tensor(0.2467), tensor(0.2429), tensor(0.2616)]
train mean and std: [tensor(0.4914), tensor(0.4822), tensor(0.4465)] [tensor(0.2470), tensor(0.2435), tensor(0.2616)]
[33mThe trained model will be saved in: outputs/vgg16_bn/default[0m
epoch= 0 	 time= 0.643941597143809 min 	 lr= 0.05 	 loss= 1.744596261807415 	 error= 67.48561380464403 percent
accuracy on test set = 43.029998421669 percent
 
epoch= 1 	 time= 1.4489985386530557 min 	 lr= 0.04999691581204152 	 loss= 1.2920665727247058 	 error= 45.477141946782844 percent
accuracy on test set = 61.669998705387115 percent
 
epoch= 2 	 time= 2.263807845115662 min 	 lr= 0.04998766400914329 	 loss= 1.0042814680987306 	 error= 34.31785486238387 percent
accuracy on test set = 67.73999845981598 percent
 
epoch= 3 	 time= 3.0541955629984536 min 	 lr= 0.049972246874049255 	 loss= 0.8595508882761611 	 error= 28.58455882352941 percent
accuracy on test set = 73.56999868154526 percent
 
epoch= 4 	 time= 4.072437139352163 min 	 lr= 0.049950668210706796 	 loss= 0.7463575946095654 	 error= 24.289881710506155 percent
accuracy on test set = 76.16999834775925 percent
 
epoch= 5 	 time= 5.0008328278859455 min 	 lr= 0.04992293334332821 	 loss= 0.6775037861998429 	 error= 21.86301150895141 percent
accuracy on test set = 79.36999809741974 percent
 
epoch= 6 	 time= 5.788215585549673 min 	 lr= 0.04988904911507701 	 loss= 0.6213317302334339 	 error= 20.20340473450663 percent
accuracy on test set = 78.62999790906906 percent
 
epoch= 7 	 time= 6.547352389494578 min 	 lr= 0.049849023886379504 	 loss= 0.5767234862612947 	 error= 18.62372121847499 percent
accuracy on test set = 78.79999792575836 percent
 
epoch= 8 	 time= 7.326440421740214 min 	 lr= 0.04980286753286196 	 loss= 0.5510086071918078 	 error= 17.771339507968833 percent
accuracy on test set = 80.76999795436859 percent
 
epoch= 9 	 time= 8.130525887012482 min 	 lr= 0.049750591442913945 	 loss= 0.5231201255412967 	 error= 16.857416870648905 percent
accuracy on test set = 81.78999781608582 percent
 
epoch= 10 	 time= 8.894865866502126 min 	 lr= 0.049692208514878454 	 loss= 0.4927807826062907 	 error= 15.624200764214596 percent
accuracy on test set = 82.00999784469604 percent
 
epoch= 11 	 time= 9.850762311617533 min 	 lr= 0.049627733153869355 	 loss= 0.4748646768615069 	 error= 15.233375959079284 percent
accuracy on test set = 80.22999787330627 percent
 
epoch= 12 	 time= 10.804909857114156 min 	 lr= 0.049557181268217225 	 loss= 0.45823532823101637 	 error= 14.572010869565217 percent
accuracy on test set = 82.64999806880951 percent
 
epoch= 13 	 time= 11.761130893230439 min 	 lr= 0.04948057026554415 	 loss= 0.4430348594551501 	 error= 14.217551147846311 percent
accuracy on test set = 83.66999787092209 percent
 
epoch= 14 	 time= 12.697783720493316 min 	 lr= 0.04939791904846869 	 loss= 0.4286244050849734 	 error= 13.7096387498519 percent
accuracy on test set = 83.96999818086624 percent
 
epoch= 15 	 time= 13.649158000946045 min 	 lr= 0.04930924800994192 	 loss= 0.4187629389031159 	 error= 13.496243603089276 percent
accuracy on test set = 84.50999796390533 percent
 
epoch= 16 	 time= 14.587004911899566 min 	 lr= 0.049214579028215785 	 loss= 0.4126190244008208 	 error= 13.23849104554452 percent
accuracy on test set = 83.31999772787094 percent
 
epoch= 17 	 time= 15.563350530465444 min 	 lr= 0.04911393546144496 	 loss= 0.4107951842381826 	 error= 13.079044108500565 percent
accuracy on test set = 84.56999784708023 percent
 
epoch= 18 	 time= 16.525004597504935 min 	 lr= 0.049007342141923586 	 loss= 0.3937704621830865 	 error= 12.644261502853746 percent
accuracy on test set = 83.27999782562256 percent
 
epoch= 19 	 time= 17.455750370025633 min 	 lr= 0.04889482536995826 	 loss= 0.3898626382241164 	 error= 12.423673264510796 percent
accuracy on test set = 84.60999780893326 percent
 
epoch= 20 	 time= 18.395223005612692 min 	 lr= 0.04877641290737885 	 loss= 0.3878244964210579 	 error= 12.330962279263664 percent
accuracy on test set = 83.32999783754349 percent
 
epoch= 21 	 time= 19.341896863778434 min 	 lr= 0.04865213397068864 	 loss= 0.3754224806947781 	 error= 11.984095259395707 percent
accuracy on test set = 84.41999810934067 percent
 
epoch= 22 	 time= 20.273935929934183 min 	 lr= 0.04852201922385564 	 loss= 0.3706330919966978 	 error= 11.831841429176233 percent
accuracy on test set = 84.28999817371368 percent
 
epoch= 23 	 time= 21.2156706849734 min 	 lr= 0.04838610077074669 	 loss= 0.36071955734659034 	 error= 11.439817777984892 percent
accuracy on test set = 85.66999793052673 percent
 
epoch= 24 	 time= 22.179195729891457 min 	 lr= 0.04824441214720629 	 loss= 0.37251742168917984 	 error= 11.730738491048594 percent
accuracy on test set = 85.57999813556671 percent
 
epoch= 25 	 time= 23.121620337168377 min 	 lr= 0.048096988312782175 	 loss= 0.3565847759356584 	 error= 11.356697561185989 percent
accuracy on test set = 84.93999791145325 percent
 
epoch= 26 	 time= 24.11106756130854 min 	 lr= 0.04794386564209953 	 loss= 0.34834955034353543 	 error= 11.054987203129722 percent
accuracy on test set = 85.16999763250351 percent
 
epoch= 27 	 time= 25.073593842983247 min 	 lr= 0.04778508191588613 	 loss= 0.34860341071777634 	 error= 10.943893855794922 percent
accuracy on test set = 85.26999759674072 percent
 
epoch= 28 	 time= 26.029940362771352 min 	 lr= 0.04762067631165049 	 loss= 0.34202984245994206 	 error= 10.794836953472908 percent
accuracy on test set = 85.81999826431274 percent
 
epoch= 29 	 time= 26.961719810962677 min 	 lr= 0.047450689394015394 	 loss= 0.3399764374089058 	 error= 10.879555626598465 percent
accuracy on test set = 85.31999796628952 percent
 
epoch= 30 	 time= 27.89622530937195 min 	 lr= 0.0472751631047092 	 loss= 0.3399566214941347 	 error= 10.67095587930411 percent
accuracy on test set = 85.14999783039093 percent
 
epoch= 31 	 time= 28.843608744939168 min 	 lr= 0.04709414075221735 	 loss= 0.3359848128255371 	 error= 10.627397689063226 percent
accuracy on test set = 87.43999791145325 percent
 
epoch= 32 	 time= 29.797624778747558 min 	 lr= 0.046907667001096595 	 loss= 0.3309829769765629 	 error= 10.411604850188546 percent
accuracy on test set = 85.16999810934067 percent
 
epoch= 33 	 time= 30.720672957102458 min 	 lr= 0.04671578786095479 	 loss= 0.32679665827995064 	 error= 10.295316493114852 percent
accuracy on test set = 86.38999789953232 percent
 
epoch= 34 	 time= 31.66885368426641 min 	 lr= 0.0465185506750986 	 loss= 0.313796500491974 	 error= 9.979219951897935 percent
accuracy on test set = 84.85999768972397 percent
 
epoch= 35 	 time= 32.60235671599706 min 	 lr= 0.04631600410885232 	 loss= 0.31174216318465864 	 error= 9.754235924357344 percent
accuracy on test set = 87.22999811172485 percent
 
epoch= 36 	 time= 33.555490525563556 min 	 lr= 0.04610819813755039 	 loss= 0.31477599429047626 	 error= 10.129475700275977 percent
accuracy on test set = 86.43999797105789 percent
 
epoch= 37 	 time= 34.51488963365555 min 	 lr= 0.045895184034206775 	 loss= 0.3144880987875297 	 error= 9.962436061381075 percent
accuracy on test set = 85.89999800920486 percent
 
epoch= 38 	 time= 35.45222189426422 min 	 lr= 0.04567701435686406 	 loss= 0.31033172570835904 	 error= 9.80418797039315 percent
accuracy on test set = 85.72999823093414 percent
 
epoch= 39 	 time= 36.37579433520635 min 	 lr= 0.0454537429356256 	 loss= 0.30531464665747055 	 error= 9.663123395436864 percent
accuracy on test set = 85.34999793767929 percent
 
epoch= 40 	 time= 37.32539633512497 min 	 lr= 0.045225424859373704 	 loss= 0.30593569208975036 	 error= 9.527653455734253 percent
accuracy on test set = 86.50999802350998 percent
 
epoch= 41 	 time= 38.266343148549396 min 	 lr= 0.04499211646217729 	 loss= 0.29393182954062586 	 error= 9.469309456817939 percent
accuracy on test set = 86.36999785900116 percent
 
epoch= 42 	 time= 39.2225971976916 min 	 lr= 0.044753875309392274 	 loss= 0.30080181718482385 	 error= 9.452925191815858 percent
accuracy on test set = 85.23999798297882 percent
 
epoch= 43 	 time= 40.17228585879008 min 	 lr= 0.044510760183458266 	 loss= 0.30429366370067573 	 error= 9.561221221523821 percent
accuracy on test set = 86.12999773025513 percent
 
epoch= 44 	 time= 41.11315527757009 min 	 lr= 0.044262831069394756 	 loss= 0.2939460566815208 	 error= 9.237132352941178 percent
accuracy on test set = 86.56999802589417 percent
 
epoch= 45 	 time= 42.04383919239044 min 	 lr= 0.0440101491400008 	 loss= 0.2902882214626083 	 error= 9.268302426618687 percent
accuracy on test set = 85.8599978685379 percent
 
epoch= 46 	 time= 42.970419851938885 min 	 lr= 0.043752776740761515 	 loss= 0.2917338527186447 	 error= 9.262308181094392 percent
accuracy on test set = 86.26999807357788 percent
 
epoch= 47 	 time= 43.936632891496025 min 	 lr= 0.04349077737446526 	 loss= 0.28397558797198486 	 error= 9.11205243271635 percent
accuracy on test set = 86.93999803066254 percent
 
epoch= 48 	 time= 44.85652562379837 min 	 lr= 0.043224215685535305 	 loss= 0.28431429559617394 	 error= 8.987372122762148 percent
accuracy on test set = 86.84999787807465 percent
 
epoch= 49 	 time= 45.80378193457921 min 	 lr= 0.04295315744407974 	 loss= 0.27891933864644725 	 error= 8.816336320184382 percent
accuracy on test set = 86.87999784946442 percent
 
epoch= 50 	 time= 46.7612230738004 min 	 lr= 0.0426776695296637 	 loss= 0.27974758594465987 	 error= 8.886269184634509 percent
accuracy on test set = 86.59999775886536 percent
 
epoch= 51 	 time= 47.7121178150177 min 	 lr= 0.04239781991480787 	 loss= 0.27983559620426135 	 error= 8.80954283887468 percent
accuracy on test set = 86.66999810934067 percent
 
epoch= 52 	 time= 48.65192919969559 min 	 lr= 0.04211367764821723 	 loss= 0.2703954159375042 	 error= 8.59375 percent
accuracy on test set = 87.67999809980392 percent
 
epoch= 53 	 time= 49.610639369487764 min 	 lr= 0.04182531283774434 	 loss= 0.2715250436988328 	 error= 8.594149610270625 percent
accuracy on test set = 86.8599978685379 percent
 
epoch= 54 	 time= 50.58006796836853 min 	 lr= 0.041532796633091305 	 loss= 0.26911456317014404 	 error= 8.605338865533813 percent
accuracy on test set = 87.78999811410904 percent
 
epoch= 55 	 time= 51.55478449265162 min 	 lr= 0.0412362012082546 	 loss= 0.260485723843355 	 error= 8.30602621483376 percent
accuracy on test set = 87.37999814748764 percent
 
epoch= 56 	 time= 52.51106657187144 min 	 lr= 0.04093559974371725 	 loss= 0.26593502769079963 	 error= 8.443893861892583 percent
accuracy on test set = 87.30999839305878 percent
 
epoch= 57 	 time= 53.48423018058141 min 	 lr= 0.04063106640839264 	 loss= 0.2626909890290721 	 error= 8.344789005606376 percent
accuracy on test set = 86.90999782085419 percent
 
epoch= 58 	 time= 54.43479719161987 min 	 lr= 0.04032267634132442 	 loss= 0.25847455135086916 	 error= 8.167758942260157 percent
accuracy on test set = 87.5399979352951 percent
 
epoch= 59 	 time= 55.392351726690926 min 	 lr= 0.040010505633147106 	 loss= 0.25445407484193594 	 error= 8.00031969309463 percent
accuracy on test set = 88.25999802350998 percent
 
epoch= 60 	 time= 56.36288937330246 min 	 lr= 0.03969463130731184 	 loss= 0.24949388724306357 	 error= 7.994725057840957 percent
accuracy on test set = 86.88999789953232 percent
 
epoch= 61 	 time= 57.33468667268753 min 	 lr= 0.03937513130108197 	 loss= 0.25170959667552767 	 error= 8.027893213359901 percent
accuracy on test set = 86.56999796628952 percent
 
epoch= 62 	 time= 58.291706919670105 min 	 lr= 0.03905208444630328 	 loss= 0.2528565494567537 	 error= 8.070252557544757 percent
accuracy on test set = 87.69999819993973 percent
 
epoch= 63 	 time= 59.25239903132121 min 	 lr= 0.038725570449953305 	 loss= 0.24742894764522763 	 error= 8.024296675191815 percent
accuracy on test set = 88.97999787330627 percent
 
epoch= 64 	 time= 60.23425643444061 min 	 lr= 0.03839566987447492 	 loss= 0.24620962935640378 	 error= 7.835677746311783 percent
accuracy on test set = 88.61999773979187 percent
 
epoch= 65 	 time= 61.1876948316892 min 	 lr= 0.03806246411789873 	 loss= 0.24344093255374744 	 error= 7.82688618316065 percent
accuracy on test set = 87.1999980211258 percent
 
epoch= 66 	 time= 62.14210776090622 min 	 lr= 0.037726035393759294 	 loss= 0.23981231572987782 	 error= 7.539961633779814 percent
accuracy on test set = 87.92999768257141 percent
 
epoch= 67 	 time= 63.111636420090996 min 	 lr= 0.0373864667108102 	 loss= 0.24257975332724774 	 error= 7.65065537084399 percent
accuracy on test set = 87.15999811887741 percent
 
epoch= 68 	 time= 64.05263930161794 min 	 lr= 0.03704384185254289 	 loss= 0.23859227805033975 	 error= 7.579523660337833 percent
accuracy on test set = 88.2799980044365 percent
 
epoch= 69 	 time= 64.99452718893687 min 	 lr= 0.03669824535651435 	 loss= 0.23418469469794226 	 error= 7.401694376450366 percent
accuracy on test set = 88.00999814271927 percent
 
epoch= 70 	 time= 65.9443719069163 min 	 lr= 0.03634976249348868 	 loss= 0.22092437023854317 	 error= 6.9848944921322795 percent
accuracy on test set = 87.82999801635742 percent
 
epoch= 71 	 time= 66.89727340539297 min 	 lr= 0.03599847924639789 	 loss= 0.23019333810681272 	 error= 7.190696921799798 percent
accuracy on test set = 87.98999786376953 percent
 
epoch= 72 	 time= 67.84288286368052 min 	 lr= 0.03564448228912683 	 loss= 0.21997914947283542 	 error= 6.917359335038363 percent
accuracy on test set = 86.95999777317047 percent
 
epoch= 73 	 time= 68.76665064891179 min 	 lr= 0.03528785896512774 	 loss= 0.22316445791355485 	 error= 7.013666873697734 percent
accuracy on test set = 88.22999799251556 percent
 
epoch= 74 	 time= 69.7326480905215 min 	 lr= 0.03492869726586953 	 loss= 0.21840508989132273 	 error= 7.034047317626836 percent
accuracy on test set = 87.26999777555466 percent
 
epoch= 75 	 time= 70.69131931066514 min 	 lr= 0.03456708580912726 	 loss= 0.22600682245572204 	 error= 7.0784047284089695 percent
accuracy on test set = 88.35999774932861 percent
 
epoch= 76 	 time= 71.65211782852809 min 	 lr= 0.03420311381711697 	 loss= 0.2158283625569795 	 error= 6.962915591876525 percent
accuracy on test set = 87.24999815225601 percent
 
epoch= 77 	 time= 72.5965588649114 min 	 lr= 0.03383687109448145 	 loss= 0.21278244586628112 	 error= 6.74352621483376 percent
accuracy on test set = 88.049997985363 percent
 
epoch= 78 	 time= 73.53281341393789 min 	 lr= 0.03346844800613231 	 loss= 0.21354083320521333 	 error= 6.716352304839113 percent
accuracy on test set = 88.17999809980392 percent
 
epoch= 79 	 time= 74.4641962091128 min 	 lr= 0.03309793545495376 	 loss= 0.20667716125240715 	 error= 6.57808503226551 percent
accuracy on test set = 89.30999803543091 percent
 
epoch= 80 	 time= 75.40305032332738 min 	 lr= 0.03272542485937371 	 loss= 0.2077545164643651 	 error= 6.574088868582645 percent
accuracy on test set = 88.03999823331833 percent
 
epoch= 81 	 time= 76.33951942920685 min 	 lr= 0.03235100813080762 	 loss= 0.20829246536164028 	 error= 6.592471230670315 percent
accuracy on test set = 87.56999802589417 percent
 
epoch= 82 	 time= 77.26169548034667 min 	 lr= 0.03197477765098076 	 loss= 0.20325375233998383 	 error= 6.480179022035331 percent
accuracy on test set = 88.68999826908112 percent
 
epoch= 83 	 time= 78.18302098115285 min 	 lr= 0.03159682624913434 	 loss= 0.2025159344915539 	 error= 6.4258312020460355 percent
accuracy on test set = 87.44999796152115 percent
 
epoch= 84 	 time= 79.12127615213394 min 	 lr= 0.031217247179121384 	 loss= 0.1999729957498248 	 error= 6.405450758116935 percent
accuracy on test set = 87.79999786615372 percent
 
epoch= 85 	 time= 80.09975369373957 min 	 lr= 0.03083613409639766 	 loss= 0.19160325648953846 	 error= 6.033008315069291 percent
accuracy on test set = 88.60999763011932 percent
 
epoch= 86 	 time= 81.04968527158101 min 	 lr= 0.03045358103491359 	 loss= 0.19595642389772494 	 error= 6.123721218474991 percent
accuracy on test set = 88.9899982213974 percent
 
epoch= 87 	 time= 81.97813611825308 min 	 lr= 0.03006968238391284 	 loss= 0.18692144639123126 	 error= 5.985453961145542 percent
accuracy on test set = 88.34999793767929 percent
 
epoch= 88 	 time= 82.92070784966151 min 	 lr= 0.029684532864643145 	 loss= 0.17750512230236207 	 error= 5.742487212276215 percent
accuracy on test set = 87.7099979519844 percent
 
epoch= 89 	 time= 83.88298185269038 min 	 lr= 0.02929822750698526 	 loss= 0.18155393163528283 	 error= 5.6801470496770365 percent
accuracy on test set = 87.9899976849556 percent
 
epoch= 90 	 time= 84.84219189882279 min 	 lr= 0.028910861626005795 	 loss= 0.17936032475031854 	 error= 5.772458439897698 percent
accuracy on test set = 89.07999789714813 percent
 
epoch= 91 	 time= 85.77742493947348 min 	 lr= 0.028522530798439593 	 loss= 0.17734451407133162 	 error= 5.589034520756559 percent
accuracy on test set = 88.33999782800674 percent
 
epoch= 92 	 time= 86.73447610537211 min 	 lr= 0.028133330839107632 	 loss= 0.17435552001647328 	 error= 5.48353580867543 percent
accuracy on test set = 89.2199981212616 percent
 
epoch= 93 	 time= 87.6715100089709 min 	 lr= 0.027743357777276153 	 loss= 0.17550481357575987 	 error= 5.633391946782846 percent
accuracy on test set = 87.7199981212616 percent
 
epoch= 94 	 time= 88.6269883831342 min 	 lr= 0.027352707832962876 	 loss= 0.17745876265570637 	 error= 5.569453327857015 percent
accuracy on test set = 88.92999798059464 percent
 
epoch= 95 	 time= 89.56030921538671 min 	 lr= 0.026961477393196143 	 loss= 0.17615908180432552 	 error= 5.664961630730982 percent
accuracy on test set = 88.58999824523926 percent
 
epoch= 96 	 time= 90.4935961008072 min 	 lr= 0.026569762988232853 	 loss= 0.16214425250163775 	 error= 5.251758315069291 percent
accuracy on test set = 88.6999979019165 percent
 
epoch= 97 	 time= 91.44395908514659 min 	 lr= 0.02617766126774108 	 loss= 0.16445884176189332 	 error= 5.2257832511306725 percent
accuracy on test set = 88.95999825000763 percent
 
epoch= 98 	 time= 92.38870824972788 min 	 lr= 0.025785268976953223 	 loss= 0.16017102522542104 	 error= 5.066336314086719 percent
accuracy on test set = 88.77999812364578 percent
 
epoch= 99 	 time= 93.3508333683014 min 	 lr= 0.02539268293279553 	 loss= 0.16233814188548365 	 error= 5.3168957800511505 percent
accuracy on test set = 89.45999819040298 percent
 
epoch= 100 	 time= 94.32967629830043 min 	 lr= 0.025000000000000012 	 loss= 0.15107816873151628 	 error= 4.719469309462916 percent
accuracy on test set = 88.63999819755554 percent
 
epoch= 101 	 time= 95.29487558205922 min 	 lr= 0.0246073170672045 	 loss= 0.15611105987711635 	 error= 4.895700121779576 percent
accuracy on test set = 88.3499983549118 percent
 
epoch= 102 	 time= 96.24060341914495 min 	 lr= 0.024214731023046804 	 loss= 0.15192940291922416 	 error= 4.904891295201334 percent
accuracy on test set = 88.75999802350998 percent
 
epoch= 103 	 time= 97.1867625037829 min 	 lr= 0.023822338732258946 	 loss= 0.15100977679385857 	 error= 4.851342710997442 percent
accuracy on test set = 89.00999820232391 percent
 
epoch= 104 	 time= 98.12221716245016 min 	 lr= 0.023430237011767177 	 loss= 0.15080007102788257 	 error= 4.861333120204604 percent
accuracy on test set = 89.44999825954437 percent
 
epoch= 105 	 time= 99.07060237725575 min 	 lr= 0.02303852260680389 	 loss= 0.13964116698145257 	 error= 4.44333438983049 percent
accuracy on test set = 88.8799979686737 percent
 
epoch= 106 	 time= 100.02966831922531 min 	 lr= 0.022647292167037154 	 loss= 0.13710375617989493 	 error= 4.350623404583358 percent
accuracy on test set = 88.86999809741974 percent
 
epoch= 107 	 time= 100.9854501883189 min 	 lr= 0.02225664222272388 	 loss= 0.14337808537818586 	 error= 4.64793797344198 percent
accuracy on test set = 89.15999788045883 percent
 
epoch= 108 	 time= 101.9556313554446 min 	 lr= 0.02186666916089241 	 loss= 0.13593622142701503 	 error= 4.35262148642479 percent
accuracy on test set = 89.14999794960022 percent
 
epoch= 109 	 time= 102.92150103648504 min 	 lr= 0.02147746920156045 	 loss= 0.13679804594810965 	 error= 4.432944370352704 percent
accuracy on test set = 88.09999781847 percent
 
epoch= 110 	 time= 103.87546963691712 min 	 lr= 0.021089138373994242 	 loss= 0.13660353423117677 	 error= 4.360613813790519 percent
accuracy on test set = 89.63999807834625 percent
 
epoch= 111 	 time= 104.83645739952723 min 	 lr= 0.02070177249301477 	 loss= 0.12754491780934585 	 error= 4.021339511017665 percent
accuracy on test set = 90.13999825716019 percent
 
epoch= 112 	 time= 105.78332053422928 min 	 lr= 0.0203154671353569 	 loss= 0.12035391620739037 	 error= 3.8698849013394403 percent
accuracy on test set = 89.629998087883 percent
 
epoch= 113 	 time= 106.74215526978175 min 	 lr= 0.019930317616087205 	 loss= 0.12288066986328958 	 error= 3.9805786384036166 percent
accuracy on test set = 88.86999821662903 percent
 
epoch= 114 	 time= 107.71179056962332 min 	 lr= 0.019546418965086458 	 loss= 0.12589988321580392 	 error= 4.018142583120205 percent
accuracy on test set = 89.00999796390533 percent
 
epoch= 115 	 time= 108.67648443380992 min 	 lr= 0.019163865903602376 	 loss= 0.11907900628321769 	 error= 3.7915600992529592 percent
accuracy on test set = 89.91999799013138 percent
 
epoch= 116 	 time= 109.6340439637502 min 	 lr= 0.018782752820878643 	 loss= 0.1156728908114726 	 error= 3.6716751887670256 percent
accuracy on test set = 88.94999814033508 percent
 
epoch= 117 	 time= 110.58552513917287 min 	 lr= 0.01840317375086569 	 loss= 0.12013376023039184 	 error= 3.751998072694939 percent
accuracy on test set = 90.09999817609787 percent
 
epoch= 118 	 time= 111.51032338937124 min 	 lr= 0.018025222349019283 	 loss= 0.11392746444629587 	 error= 3.690856771395944 percent
accuracy on test set = 89.96999794244766 percent
 
epoch= 119 	 time= 112.4469133257866 min 	 lr= 0.017648991869192415 	 loss= 0.10684762163864225 	 error= 3.3787563938618925 percent
accuracy on test set = 89.38999801874161 percent
 
epoch= 120 	 time= 113.37517116467158 min 	 lr= 0.017274575140626334 	 loss= 0.10384932587690213 	 error= 3.202525566301077 percent
accuracy on test set = 89.66999799013138 percent
 
epoch= 121 	 time= 114.3086644411087 min 	 lr= 0.016902064545046273 	 loss= 0.10231277976385163 	 error= 3.248881074168798 percent
accuracy on test set = 89.79999786615372 percent
 
epoch= 122 	 time= 115.25712790091832 min 	 lr= 0.016531551993867726 	 loss= 0.09781159733986611 	 error= 3.097026854219949 percent
accuracy on test set = 90.18999803066254 percent
 
epoch= 123 	 time= 116.19272079467774 min 	 lr= 0.016163128905518586 	 loss= 0.10009521321224435 	 error= 3.2292998660251 percent
accuracy on test set = 90.41999822854996 percent
 
epoch= 124 	 time= 117.12312106291454 min 	 lr= 0.015796886182883066 	 loss= 0.09329203522914206 	 error= 3.0095108634675554 percent
accuracy on test set = 90.7599983215332 percent
 
epoch= 125 	 time= 118.0635594367981 min 	 lr= 0.015432914190872771 	 loss= 0.09225581885527467 	 error= 2.940776845073456 percent
accuracy on test set = 90.14999788999557 percent
 
epoch= 126 	 time= 119.02236394484838 min 	 lr= 0.01507130273413049 	 loss= 0.08833337522319058 	 error= 2.7813299232736575 percent
accuracy on test set = 89.25999808311462 percent
 
epoch= 127 	 time= 119.97175393104553 min 	 lr= 0.01471214103487229 	 loss= 0.08423520270211007 	 error= 2.635070323334326 percent
accuracy on test set = 89.93999844789505 percent
 
epoch= 128 	 time= 120.93701608975728 min 	 lr= 0.014355517710873194 	 loss= 0.08438200903746783 	 error= 2.6294757033248084 percent
accuracy on test set = 90.36999809741974 percent
 
epoch= 129 	 time= 121.89918630520502 min 	 lr= 0.01400152075360213 	 loss= 0.08475550047367278 	 error= 2.7133951406649617 percent
accuracy on test set = 89.86999809741974 percent
 
epoch= 130 	 time= 122.85154717763265 min 	 lr= 0.01365023750651134 	 loss= 0.08058149884919376 	 error= 2.5755274936061383 percent
accuracy on test set = 90.07999813556671 percent
 
epoch= 131 	 time= 123.79630330006282 min 	 lr= 0.013301754643485679 	 loss= 0.07793449927740695 	 error= 2.4864130465270917 percent
accuracy on test set = 89.50999814271927 percent
 
epoch= 132 	 time= 124.73726959228516 min 	 lr= 0.012956158147457122 	 loss= 0.07097924747944945 	 error= 2.231457791365016 percent
accuracy on test set = 90.03999799489975 percent
 
epoch= 133 	 time= 125.68762969573339 min 	 lr= 0.012613533289189816 	 loss= 0.07474497678544363 	 error= 2.328164955539167 percent
accuracy on test set = 89.67999804019928 percent
 
epoch= 134 	 time= 126.64310345252355 min 	 lr= 0.012273964606240723 	 loss= 0.06967922453971012 	 error= 2.2030850353143405 percent
accuracy on test set = 89.9499979019165 percent
 
epoch= 135 	 time= 127.58295023838679 min 	 lr= 0.011937535882101285 	 loss= 0.06499370372832736 	 error= 2.038443088531494 percent
accuracy on test set = 89.58999806642532 percent
 
epoch= 136 	 time= 128.5235221306483 min 	 lr= 0.011604330125525083 	 loss= 0.06517081051264577 	 error= 2.099184779559865 percent
accuracy on test set = 89.95999813079834 percent
 
epoch= 137 	 time= 129.46406451066335 min 	 lr= 0.011274429550046707 	 loss= 0.06531785990175841 	 error= 2.053628507477548 percent
accuracy on test set = 90.14999824762344 percent
 
epoch= 138 	 time= 130.425739188989 min 	 lr= 0.010947915553696737 	 loss= 0.061669840198724776 	 error= 2.004875322741926 percent
accuracy on test set = 90.80999833345413 percent
 
epoch= 139 	 time= 131.38282308181127 min 	 lr= 0.01062486869891804 	 loss= 0.05838175139406605 	 error= 1.8793957770023197 percent
accuracy on test set = 90.92999809980392 percent
 
epoch= 140 	 time= 132.35725247065227 min 	 lr= 0.01030536869268818 	 loss= 0.05455841710957725 	 error= 1.7127557483780413 percent
accuracy on test set = 90.87999814748764 percent
 
epoch= 141 	 time= 133.32277325789133 min 	 lr= 0.009989494366852907 	 loss= 0.05545833586331676 	 error= 1.7659047223113078 percent
accuracy on test set = 90.94999837875366 percent
 
epoch= 142 	 time= 134.30233465830486 min 	 lr= 0.00967732365867559 	 loss= 0.0515885979718412 	 error= 1.6208439836721589 percent
accuracy on test set = 90.21999794244766 percent
 
epoch= 143 	 time= 135.2536896864573 min 	 lr= 0.009368933591607374 	 loss= 0.04756491210149682 	 error= 1.5732896449925649 percent
accuracy on test set = 90.84999799728394 percent
 
epoch= 144 	 time= 136.2030627210935 min 	 lr= 0.00906440025628276 	 loss= 0.04893778527007841 	 error= 1.5225383631713556 percent
accuracy on test set = 90.50999790430069 percent
 
epoch= 145 	 time= 137.1482179204623 min 	 lr= 0.008763798791745414 	 loss= 0.04314654852118333 	 error= 1.3443094537691083 percent
accuracy on test set = 90.66999816894531 percent
 
epoch= 146 	 time= 138.09562539259593 min 	 lr= 0.00846720336690871 	 loss= 0.04383621115685272 	 error= 1.3870684082245888 percent
accuracy on test set = 89.94999814033508 percent
 
epoch= 147 	 time= 139.05180377165476 min 	 lr= 0.008174687162255667 	 loss= 0.04411859652670601 	 error= 1.3698849074371027 percent
accuracy on test set = 91.43999797105789 percent
 
epoch= 148 	 time= 140.01193976402283 min 	 lr= 0.007886322351782785 	 loss= 0.03762084330477373 	 error= 1.1289162404092072 percent
accuracy on test set = 91.23999828100204 percent
 
epoch= 149 	 time= 140.96559671163558 min 	 lr= 0.007602180085192145 	 loss= 0.03885997618403276 	 error= 1.224824168797954 percent
accuracy on test set = 90.86999821662903 percent
 
epoch= 150 	 time= 141.92892014980316 min 	 lr= 0.007322330470336316 	 loss= 0.03240370810451105 	 error= 0.9730658567774936 percent
accuracy on test set = 91.2999981045723 percent
 
epoch= 151 	 time= 142.90703508456548 min 	 lr= 0.007046842555920285 	 loss= 0.03285414672663907 	 error= 1.0362052399179211 percent
accuracy on test set = 91.25999826192856 percent
 
epoch= 152 	 time= 143.87057208220165 min 	 lr= 0.006775784314464719 	 loss= 0.029264591298425745 	 error= 0.9251118925831202 percent
accuracy on test set = 90.87999814748764 percent
 
epoch= 153 	 time= 144.83984020551046 min 	 lr= 0.006509222625534758 	 loss= 0.02662147922188882 	 error= 0.8543797923475884 percent
accuracy on test set = 90.93999779224396 percent
 
epoch= 154 	 time= 145.81164502302806 min 	 lr= 0.006247223259238513 	 loss= 0.027719058749049216 	 error= 0.8623721197133174 percent
accuracy on test set = 91.49999797344208 percent
 
epoch= 155 	 time= 146.77168865203856 min 	 lr= 0.0059898508599992295 	 loss= 0.023464094909370098 	 error= 0.7484814547516806 percent
accuracy on test set = 90.94999825954437 percent
 
epoch= 156 	 time= 147.74205005963643 min 	 lr= 0.005737168930605274 	 loss= 0.023053435389609897 	 error= 0.74168797344198 percent
accuracy on test set = 91.59999763965607 percent
 
epoch= 157 	 time= 148.71726878086727 min 	 lr= 0.005489239816541763 	 loss= 0.021170805882462455 	 error= 0.6685581810943916 percent
accuracy on test set = 92.03999829292297 percent
 
epoch= 158 	 time= 149.6714660525322 min 	 lr= 0.005246124690607742 	 loss= 0.019541984366829437 	 error= 0.6206042169000182 percent
accuracy on test set = 91.83999818563461 percent
 
epoch= 159 	 time= 150.6178035179774 min 	 lr= 0.005007883537822737 	 loss= 0.017107255166144017 	 error= 0.5159047253601386 percent
accuracy on test set = 91.20999813079834 percent
 
epoch= 160 	 time= 151.56667952537538 min 	 lr= 0.004774575140626318 	 loss= 0.014574921298105165 	 error= 0.4335837595907928 percent
accuracy on test set = 91.8699980378151 percent
 
epoch= 161 	 time= 152.52431032657623 min 	 lr= 0.00454625706437442 	 loss= 0.016870326318485125 	 error= 0.5095108695652174 percent
accuracy on test set = 91.47999835014343 percent
 
epoch= 162 	 time= 153.46493290662767 min 	 lr= 0.004322985643135959 	 loss= 0.013213195140137697 	 error= 0.40481137802533784 percent
accuracy on test set = 91.30999851226807 percent
 
epoch= 163 	 time= 154.40804135799408 min 	 lr= 0.0041048159657932504 	 loss= 0.014585009100191924 	 error= 0.45356457800511507 percent
accuracy on test set = 91.5399979352951 percent
 
epoch= 164 	 time= 155.35785510142645 min 	 lr= 0.0038918018624496302 	 loss= 0.011317212979578415 	 error= 0.3336796675191816 percent
accuracy on test set = 91.90999817848206 percent
 
epoch= 165 	 time= 156.31302098035812 min 	 lr= 0.0036839958911477027 	 loss= 0.010152540125293404 	 error= 0.3176950127877238 percent
accuracy on test set = 91.80999839305878 percent
 
epoch= 166 	 time= 157.27541286150614 min 	 lr= 0.0034814493249014076 	 loss= 0.008358817853336043 	 error= 0.2317774936061381 percent
accuracy on test set = 91.97999799251556 percent
 
epoch= 167 	 time= 158.24823612769444 min 	 lr= 0.003284212139045219 	 loss= 0.008876490976859141 	 error= 0.2617487212276215 percent
accuracy on test set = 92.00999802350998 percent
 
epoch= 168 	 time= 159.18220285574594 min 	 lr= 0.003092332998903412 	 loss= 0.006815169094716344 	 error= 0.19381393861892582 percent
accuracy on test set = 92.21999847888947 percent
 
epoch= 169 	 time= 160.1224466562271 min 	 lr= 0.002905859247782665 	 loss= 0.0071433185328207815 	 error= 0.20180626598465473 percent
accuracy on test set = 91.82999783754349 percent
 
epoch= 170 	 time= 161.07423379421235 min 	 lr= 0.0027248368952908068 	 loss= 0.007256704646989208 	 error= 0.20380434782608695 percent
accuracy on test set = 92.00999838113785 percent
 
epoch= 171 	 time= 161.99709391991297 min 	 lr= 0.002549310605984613 	 loss= 0.004973991700183705 	 error= 0.12707800206625858 percent
accuracy on test set = 92.06999808549881 percent
 
epoch= 172 	 time= 162.91153410275777 min 	 lr= 0.0023793236883495176 	 loss= 0.0041870538680040086 	 error= 0.11588874680306906 percent
accuracy on test set = 92.30999821424484 percent
 
epoch= 173 	 time= 163.84818177223207 min 	 lr= 0.002214918084113875 	 loss= 0.0044007934781763215 	 error= 0.11389066496163684 percent
accuracy on test set = 91.95999801158905 percent
 
epoch= 174 	 time= 164.78980467319488 min 	 lr= 0.0020561343579004786 	 loss= 0.004921329705535298 	 error= 0.13387148337595908 percent
accuracy on test set = 91.85999804735184 percent
 
epoch= 175 	 time= 165.72415988842647 min 	 lr= 0.0019030116872178384 	 loss= 0.003950344593933476 	 error= 0.09191176470588235 percent
accuracy on test set = 92.51999843120575 percent
 
epoch= 176 	 time= 166.66087075869243 min 	 lr= 0.0017555878527937174 	 loss= 0.003116580856251804 	 error= 0.06793478260869565 percent
accuracy on test set = 92.24999803304672 percent
 
epoch= 177 	 time= 167.62429733673733 min 	 lr= 0.0016138992292533167 	 loss= 0.002920850336699344 	 error= 0.0559462915601023 percent
accuracy on test set = 92.16999822854996 percent
 
epoch= 178 	 time= 168.5733961780866 min 	 lr= 0.0014779807761443645 	 loss= 0.0025800594807211833 	 error= 0.05394820971867007 percent
accuracy on test set = 92.27999818325043 percent
 
epoch= 179 	 time= 169.51906558275223 min 	 lr= 0.0013478660293113683 	 loss= 0.0025072599578972745 	 error= 0.0639386189258312 percent
accuracy on test set = 92.57999837398529 percent
 
epoch= 180 	 time= 170.47881636619567 min 	 lr= 0.0012235870926211624 	 loss= 0.002729761307044407 	 error= 0.06313938314042737 percent
accuracy on test set = 92.4999982714653 percent
 
epoch= 181 	 time= 171.43433210055034 min 	 lr= 0.0011051746300417477 	 loss= 0.00225047182554946 	 error= 0.05195012787723786 percent
accuracy on test set = 92.46999824047089 percent
 
epoch= 182 	 time= 172.37422828674318 min 	 lr= 0.0009926578580764268 	 loss= 0.0019562210763514024 	 error= 0.0399616368286445 percent
accuracy on test set = 92.52999812364578 percent
 
epoch= 183 	 time= 173.31796873410542 min 	 lr= 0.0008860645385550515 	 loss= 0.0021540302782655334 	 error= 0.04595588235294117 percent
accuracy on test set = 92.48999816179276 percent
 
epoch= 184 	 time= 174.26741686662038 min 	 lr= 0.0007854209717842264 	 loss= 0.0021658165266027537 	 error= 0.04595588235294117 percent
accuracy on test set = 92.68999820947647 percent
 
epoch= 185 	 time= 175.21060818036398 min 	 lr= 0.0006907519900580866 	 loss= 0.002016954388960129 	 error= 0.0319693094629156 percent
accuracy on test set = 92.7399982213974 percent
 
epoch= 186 	 time= 176.14895695447922 min 	 lr= 0.0006020809515313173 	 loss= 0.0019590313801818226 	 error= 0.033967391304347824 percent
accuracy on test set = 92.6399981379509 percent
 
epoch= 187 	 time= 177.08448693752288 min 	 lr= 0.0005194297344558538 	 loss= 0.0015736093168215984 	 error= 0.02597506393861893 percent
accuracy on test set = 92.8999981880188 percent
 
epoch= 188 	 time= 178.05336395899454 min 	 lr= 0.00044281873178278225 	 loss= 0.0015539914398463657 	 error= 0.02597506393861893 percent
accuracy on test set = 92.79999822378159 percent
 
epoch= 189 	 time= 179.00761188666027 min 	 lr= 0.0003722668461306535 	 loss= 0.001440715522009908 	 error= 0.02597506393861893 percent
accuracy on test set = 92.76999831199646 percent
 
epoch= 190 	 time= 179.78756289482118 min 	 lr= 0.0003077914851215587 	 loss= 0.0015728645112432177 	 error= 0.02917199183607955 percent
accuracy on test set = 92.61999815702438 percent
 
epoch= 191 	 time= 180.55762479305267 min 	 lr= 0.00024940855708606175 	 loss= 0.0016134556983133106 	 error= 0.02597506393861893 percent
accuracy on test set = 92.79999828338623 percent
 
epoch= 192 	 time= 181.320325422287 min 	 lr= 0.00019713246713805603 	 loss= 0.0010986510691616464 	 error= 0.005994245524296675 percent
accuracy on test set = 92.70999825000763 percent
 
epoch= 193 	 time= 182.0865390062332 min 	 lr= 0.00015097611362051023 	 loss= 0.0015430120126608655 	 error= 0.02797314578005115 percent
accuracy on test set = 92.72999829053879 percent
 
epoch= 194 	 time= 182.87118844985963 min 	 lr= 0.00011095088492300018 	 loss= 0.0015095252549047094 	 error= 0.02597506393861893 percent
accuracy on test set = 92.58999842405319 percent
 
epoch= 195 	 time= 183.63787061373392 min 	 lr= 7.706665667180096e-05 	 loss= 0.0014383911534481685 	 error= 0.01998081841432225 percent
accuracy on test set = 92.68999826908112 percent
 
epoch= 196 	 time= 184.4370155652364 min 	 lr= 4.9331789293211064e-05 	 loss= 0.0014299575058991075 	 error= 0.02597506393861893 percent
accuracy on test set = 92.8399983048439 percent
 
epoch= 197 	 time= 185.19554667870204 min 	 lr= 2.7753125950752432e-05 	 loss= 0.0014007714417134233 	 error= 0.0239769820971867 percent
accuracy on test set = 92.82999831438065 percent
 
epoch= 198 	 time= 185.9531814734141 min 	 lr= 1.2335990856710008e-05 	 loss= 0.0014808345404441665 	 error= 0.01998081841432225 percent
accuracy on test set = 92.78999823331833 percent
 
epoch= 199 	 time= 186.73421740134557 min 	 lr= 3.0841879584853094e-06 	 loss= 0.0017038147859013333 	 error= 0.0239769820971867 percent
accuracy on test set = 92.69999814033508 percent
 
