nohup: ignoring input
Namespace(epoch=200, lr=0.05, model='vgg13_bn', noise='gauss', resume=False, root='./data', type='train')
test mean and std: [tensor(0.4942), tensor(0.4851), tensor(0.4504)] [tensor(0.2467), tensor(0.2429), tensor(0.2616)]
train mean and std: [tensor(0.4896), tensor(0.4805), tensor(0.4446)] [tensor(0.2626), tensor(0.2596), tensor(0.2758)]
[33mThe trained model will be saved in: outputs/vgg13_bn/gauss[0m
epoch= 0 	 time= 0.6544397552808126 min 	 lr= 0.05 	 loss= 1.7246565449878077 	 error= 65.31050191510974 percent
accuracy on test set = 44.10999858379364 percent
 
epoch= 1 	 time= 1.3732586145401 min 	 lr= 0.04999691581204152 	 loss= 1.3580813523753525 	 error= 48.93382353246059 percent
accuracy on test set = 57.26999866962432 percent
 
epoch= 2 	 time= 2.0883538524309793 min 	 lr= 0.04998766400914329 	 loss= 1.1664994387980312 	 error= 41.07536765010765 percent
accuracy on test set = 62.07999891042709 percent
 
epoch= 3 	 time= 2.8153680324554444 min 	 lr= 0.049972246874049255 	 loss= 1.0473020561515827 	 error= 35.96867007367751 percent
accuracy on test set = 66.26999813318253 percent
 
epoch= 4 	 time= 3.533011321226756 min 	 lr= 0.049950668210706796 	 loss= 0.9461853703879335 	 error= 32.129955246015584 percent
accuracy on test set = 69.22999829053879 percent
 
epoch= 5 	 time= 4.265583292643229 min 	 lr= 0.04992293334332821 	 loss= 0.8808093921607717 	 error= 29.655530690537084 percent
accuracy on test set = 71.63999849557877 percent
 
epoch= 6 	 time= 5.090401856104533 min 	 lr= 0.04988904911507701 	 loss= 0.8300246267062624 	 error= 27.841671988787247 percent
accuracy on test set = 73.8099981546402 percent
 
epoch= 7 	 time= 5.882357899347941 min 	 lr= 0.049849023886379504 	 loss= 0.7874895261071831 	 error= 26.15329283277702 percent
accuracy on test set = 74.59999853372574 percent
 
epoch= 8 	 time= 6.591325652599335 min 	 lr= 0.04980286753286196 	 loss= 0.7493207139127395 	 error= 25.011588865533813 percent
accuracy on test set = 76.91999816894531 percent
 
epoch= 9 	 time= 7.29854333003362 min 	 lr= 0.049750591442913945 	 loss= 0.7159189078051721 	 error= 23.985374034823053 percent
accuracy on test set = 77.02999806404114 percent
 
epoch= 10 	 time= 8.002782865365345 min 	 lr= 0.049692208514878454 	 loss= 0.6897778445497498 	 error= 22.905610604664247 percent
accuracy on test set = 77.47999811172485 percent
 
epoch= 11 	 time= 8.731350767612458 min 	 lr= 0.049627733153869355 	 loss= 0.6657451840160448 	 error= 21.994485284971155 percent
accuracy on test set = 75.73999798297882 percent
 
epoch= 12 	 time= 9.513368610541026 min 	 lr= 0.049557181268217225 	 loss= 0.6506289577545108 	 error= 21.618845898781895 percent
accuracy on test set = 77.99999815225601 percent
 
epoch= 13 	 time= 10.314712798595428 min 	 lr= 0.04948057026554415 	 loss= 0.6336708277692575 	 error= 20.806425825104384 percent
accuracy on test set = 79.1299979686737 percent
 
epoch= 14 	 time= 11.106297127405803 min 	 lr= 0.04939791904846869 	 loss= 0.6193979359648721 	 error= 20.529891295201335 percent
accuracy on test set = 77.74999809265137 percent
 
epoch= 15 	 time= 11.875961550076802 min 	 lr= 0.04930924800994192 	 loss= 0.6042432348289148 	 error= 20.017982733524057 percent
accuracy on test set = 78.51999813318253 percent
 
epoch= 16 	 time= 12.662630530198415 min 	 lr= 0.049214579028215785 	 loss= 0.591192867826013 	 error= 19.603980182076963 percent
accuracy on test set = 79.11999821662903 percent
 
epoch= 17 	 time= 13.428689948717754 min 	 lr= 0.04911393546144496 	 loss= 0.5837332902814422 	 error= 19.32544757033248 percent
accuracy on test set = 78.62999784946442 percent
 
epoch= 18 	 time= 14.201235898335774 min 	 lr= 0.049007342141923586 	 loss= 0.5751690176289405 	 error= 19.02653452990305 percent
accuracy on test set = 79.69999796152115 percent
 
epoch= 19 	 time= 14.990506839752197 min 	 lr= 0.04889482536995826 	 loss= 0.5695005353454434 	 error= 18.83951405734967 percent
accuracy on test set = 78.28999775648117 percent
 
epoch= 20 	 time= 15.76235745747884 min 	 lr= 0.04877641290737885 	 loss= 0.5557890502388215 	 error= 18.29124041225599 percent
accuracy on test set = 79.1199979186058 percent
 
epoch= 21 	 time= 16.527120169003805 min 	 lr= 0.04865213397068864 	 loss= 0.5461350072680227 	 error= 18.014705882352942 percent
accuracy on test set = 80.30999791622162 percent
 
epoch= 22 	 time= 17.307593393325806 min 	 lr= 0.04852201922385564 	 loss= 0.536597072925714 	 error= 17.668238487999762 percent
accuracy on test set = 80.3699980378151 percent
 
epoch= 23 	 time= 18.08784844080607 min 	 lr= 0.04838610077074669 	 loss= 0.5373609357172876 	 error= 17.779731460849344 percent
accuracy on test set = 79.06999778747559 percent
 
epoch= 24 	 time= 18.85300420920054 min 	 lr= 0.04824441214720629 	 loss= 0.5200351007149348 	 error= 17.129555626598467 percent
accuracy on test set = 79.68999791145325 percent
 
epoch= 25 	 time= 19.627977351347607 min 	 lr= 0.048096988312782175 	 loss= 0.5220293642005043 	 error= 17.190297317626836 percent
accuracy on test set = 79.6199980378151 percent
 
epoch= 26 	 time= 20.394509212176004 min 	 lr= 0.04794386564209953 	 loss= 0.5126620673615 	 error= 16.927749360613813 percent
accuracy on test set = 81.2399982213974 percent
 
epoch= 27 	 time= 21.155759914716086 min 	 lr= 0.04778508191588613 	 loss= 0.5058510367903868 	 error= 16.437819683948135 percent
accuracy on test set = 80.34999799728394 percent
 
epoch= 28 	 time= 21.93625361919403 min 	 lr= 0.04762067631165049 	 loss= 0.4998688902086614 	 error= 16.378676464490574 percent
accuracy on test set = 80.22999805212021 percent
 
epoch= 29 	 time= 22.707226550579072 min 	 lr= 0.047450689394015394 	 loss= 0.4976665157338847 	 error= 16.33312020765241 percent
accuracy on test set = 79.50999808311462 percent
 
epoch= 30 	 time= 23.45750282208125 min 	 lr= 0.0472751631047092 	 loss= 0.4865308724858267 	 error= 16.06777493301255 percent
accuracy on test set = 80.49999791383743 percent
 
epoch= 31 	 time= 24.233637583255767 min 	 lr= 0.04709414075221735 	 loss= 0.48875704925993213 	 error= 16.16568094324273 percent
accuracy on test set = 81.82999813556671 percent
 
epoch= 32 	 time= 25.015627360343935 min 	 lr= 0.046907667001096595 	 loss= 0.4780479038462919 	 error= 15.728900255754475 percent
accuracy on test set = 81.35999774932861 percent
 
epoch= 33 	 time= 25.773837586243946 min 	 lr= 0.04671578786095479 	 loss= 0.47965690051503196 	 error= 15.818813938618925 percent
accuracy on test set = 81.30999785661697 percent
 
epoch= 34 	 time= 26.559934826691947 min 	 lr= 0.0465185506750986 	 loss= 0.4763395712732354 	 error= 15.81481777493606 percent
accuracy on test set = 80.56999796628952 percent
 
epoch= 35 	 time= 27.34725425640742 min 	 lr= 0.04631600410885232 	 loss= 0.4682375953706634 	 error= 15.579843353432462 percent
accuracy on test set = 81.14999771118164 percent
 
epoch= 36 	 time= 28.119641272226968 min 	 lr= 0.04610819813755039 	 loss= 0.4672688406599147 	 error= 15.24736253196931 percent
accuracy on test set = 81.09999769926071 percent
 
epoch= 37 	 time= 28.90330206155777 min 	 lr= 0.045895184034206775 	 loss= 0.4580083977230979 	 error= 15.155051141748649 percent
accuracy on test set = 80.54999792575836 percent
 
epoch= 38 	 time= 29.689272038141887 min 	 lr= 0.04567701435686406 	 loss= 0.455289349569689 	 error= 15.119485294117647 percent
accuracy on test set = 80.22999805212021 percent
 
epoch= 39 	 time= 30.462384633223216 min 	 lr= 0.0454537429356256 	 loss= 0.45334432641868394 	 error= 14.978021093646584 percent
accuracy on test set = 81.41999787092209 percent
 
epoch= 40 	 time= 31.22949707110723 min 	 lr= 0.045225424859373704 	 loss= 0.4505401495701212 	 error= 14.986413046527092 percent
accuracy on test set = 81.31999808549881 percent
 
epoch= 41 	 time= 32.008497059345245 min 	 lr= 0.04499211646217729 	 loss= 0.44328696778058396 	 error= 14.550031969309462 percent
accuracy on test set = 81.54999780654907 percent
 
epoch= 42 	 time= 32.77019334634145 min 	 lr= 0.044753875309392274 	 loss= 0.44537001101257245 	 error= 14.658327999017429 percent
accuracy on test set = 80.76999813318253 percent
 
epoch= 43 	 time= 33.52529529333115 min 	 lr= 0.044510760183458266 	 loss= 0.44002382171428417 	 error= 14.505674543283176 percent
accuracy on test set = 81.31999802589417 percent
 
epoch= 44 	 time= 34.31265659332276 min 	 lr= 0.044262831069394756 	 loss= 0.4316033445050954 	 error= 14.225543475212039 percent
accuracy on test set = 81.32999789714813 percent
 
epoch= 45 	 time= 35.09168518781662 min 	 lr= 0.0440101491400008 	 loss= 0.4349961620767403 	 error= 14.392183503836318 percent
accuracy on test set = 80.1199979186058 percent
 
epoch= 46 	 time= 35.85742761294047 min 	 lr= 0.043752776740761515 	 loss= 0.4238907753125481 	 error= 14.090473145780052 percent
accuracy on test set = 80.97999793291092 percent
 
epoch= 47 	 time= 36.65559735695521 min 	 lr= 0.04349077737446526 	 loss= 0.4271431625118036 	 error= 14.050511508951407 percent
accuracy on test set = 80.46999782323837 percent
 
epoch= 48 	 time= 37.43210711081823 min 	 lr= 0.043224215685535305 	 loss= 0.4266466858899197 	 error= 14.053308826578242 percent
accuracy on test set = 80.23999786376953 percent
 
epoch= 49 	 time= 38.20955198208491 min 	 lr= 0.04295315744407974 	 loss= 0.4169826528910176 	 error= 13.72082800511509 percent
accuracy on test set = 81.23999780416489 percent
 
epoch= 50 	 time= 38.98957608143488 min 	 lr= 0.0426776695296637 	 loss= 0.4175913850669666 	 error= 13.64530050541129 percent
accuracy on test set = 82.72999781370163 percent
 
epoch= 51 	 time= 39.763331631819405 min 	 lr= 0.04239781991480787 	 loss= 0.41171422139610475 	 error= 13.620923913043478 percent
accuracy on test set = 81.99999809265137 percent
 
epoch= 52 	 time= 40.52462291717529 min 	 lr= 0.04211367764821723 	 loss= 0.4103181077467511 	 error= 13.501039002557544 percent
accuracy on test set = 81.79999768733978 percent
 
epoch= 53 	 time= 41.315770542621614 min 	 lr= 0.04182531283774434 	 loss= 0.4097862456689405 	 error= 13.60493925831202 percent
accuracy on test set = 80.44999772310257 percent
 
epoch= 54 	 time= 42.088759930928546 min 	 lr= 0.041532796633091305 	 loss= 0.3985542661469916 	 error= 13.174952036889312 percent
accuracy on test set = 81.55999797582626 percent
 
epoch= 55 	 time= 42.854931457837424 min 	 lr= 0.0412362012082546 	 loss= 0.4002487484146567 	 error= 13.366767893666806 percent
accuracy on test set = 81.98999780416489 percent
 
epoch= 56 	 time= 43.63001854022344 min 	 lr= 0.04093559974371725 	 loss= 0.3995186050453454 	 error= 13.408727612336882 percent
accuracy on test set = 81.93999791145325 percent
 
epoch= 57 	 time= 44.39493450323741 min 	 lr= 0.04063106640839264 	 loss= 0.39000075735399486 	 error= 12.947570332480819 percent
accuracy on test set = 81.96999800205231 percent
 
epoch= 58 	 time= 45.148002938429514 min 	 lr= 0.04032267634132442 	 loss= 0.3838241943694137 	 error= 12.658248075743769 percent
accuracy on test set = 80.74999797344208 percent
 
epoch= 59 	 time= 45.933028721809386 min 	 lr= 0.040010505633147106 	 loss= 0.3829290279951852 	 error= 12.775735294117647 percent
accuracy on test set = 81.83999788761139 percent
 
epoch= 60 	 time= 46.70645786523819 min 	 lr= 0.03969463130731184 	 loss= 0.38164267351712716 	 error= 12.666640028624279 percent
accuracy on test set = 80.37999778985977 percent
 
epoch= 61 	 time= 47.447593959172565 min 	 lr= 0.03937513130108197 	 loss= 0.37557053787019246 	 error= 12.419277490557306 percent
accuracy on test set = 81.38999807834625 percent
 
epoch= 62 	 time= 48.138687805334726 min 	 lr= 0.03905208444630328 	 loss= 0.3744132282483913 	 error= 12.408487845564743 percent
accuracy on test set = 81.09999793767929 percent
 
epoch= 63 	 time= 48.84118826786677 min 	 lr= 0.038725570449953305 	 loss= 0.3663405463518694 	 error= 12.133551787232498 percent
accuracy on test set = 81.31999778747559 percent
 
epoch= 64 	 time= 49.53928198814392 min 	 lr= 0.03839566987447492 	 loss= 0.3669501756082105 	 error= 12.104779405667045 percent
accuracy on test set = 81.19999772310257 percent
 
epoch= 65 	 time= 50.23936013380686 min 	 lr= 0.03806246411789873 	 loss= 0.37219213303702564 	 error= 12.215872753001845 percent
accuracy on test set = 80.95999789237976 percent
 
epoch= 66 	 time= 50.9341682155927 min 	 lr= 0.037726035393759294 	 loss= 0.3617650794098749 	 error= 12.020060732541486 percent
accuracy on test set = 81.2699978351593 percent
 
epoch= 67 	 time= 51.6330126007398 min 	 lr= 0.0373864667108102 	 loss= 0.36523155387862566 	 error= 12.003676467539405 percent
accuracy on test set = 81.29999768733978 percent
 
epoch= 68 	 time= 52.33152159452438 min 	 lr= 0.03704384185254289 	 loss= 0.3607742379007437 	 error= 12.135949479344555 percent
accuracy on test set = 82.49999791383743 percent
 
epoch= 69 	 time= 53.009836836655936 min 	 lr= 0.03669824535651435 	 loss= 0.3551304796924981 	 error= 11.793478263918395 percent
accuracy on test set = 82.8699980378151 percent
 
epoch= 70 	 time= 53.69278351465861 min 	 lr= 0.03634976249348868 	 loss= 0.35202094699110825 	 error= 11.62523976372331 percent
accuracy on test set = 82.61999773979187 percent
 
epoch= 71 	 time= 54.37753413120905 min 	 lr= 0.03599847924639789 	 loss= 0.3449411252346795 	 error= 11.450207797462678 percent
accuracy on test set = 81.1899978518486 percent
 
epoch= 72 	 time= 55.056522099177045 min 	 lr= 0.03564448228912683 	 loss= 0.3414547878229405 	 error= 11.246803059907215 percent
accuracy on test set = 80.58999788761139 percent
 
epoch= 73 	 time= 55.73649493058522 min 	 lr= 0.03528785896512774 	 loss= 0.33627638034046153 	 error= 11.144101665452922 percent
accuracy on test set = 83.13999801874161 percent
 
epoch= 74 	 time= 56.427098004023236 min 	 lr= 0.03492869726586953 	 loss= 0.3404673543351386 	 error= 11.288363168306669 percent
accuracy on test set = 81.45999789237976 percent
 
epoch= 75 	 time= 57.11332781712214 min 	 lr= 0.03456708580912726 	 loss= 0.3348319841086712 	 error= 11.087755748378042 percent
accuracy on test set = 82.84999787807465 percent
 
epoch= 76 	 time= 57.79174952507019 min 	 lr= 0.03420311381711697 	 loss= 0.33186504976523806 	 error= 10.987452046035806 percent
accuracy on test set = 81.95999789237976 percent
 
epoch= 77 	 time= 58.473067764441176 min 	 lr= 0.03383687109448145 	 loss= 0.32807732806028916 	 error= 10.95228580867543 percent
accuracy on test set = 82.25999754667282 percent
 
epoch= 78 	 time= 59.1589990456899 min 	 lr= 0.03346844800613231 	 loss= 0.3203342851927823 	 error= 10.564657931437578 percent
accuracy on test set = 82.33999782800674 percent
 
epoch= 79 	 time= 59.84416068394979 min 	 lr= 0.03309793545495376 	 loss= 0.3136205826040424 	 error= 10.553468660930234 percent
accuracy on test set = 82.59999793767929 percent
 
epoch= 80 	 time= 60.52263198296229 min 	 lr= 0.03272542485937371 	 loss= 0.3149283645326829 	 error= 10.507912404092073 percent
accuracy on test set = 80.80999803543091 percent
 
epoch= 81 	 time= 61.19701658089956 min 	 lr= 0.03235100813080762 	 loss= 0.31476164218562336 	 error= 10.46954922359008 percent
accuracy on test set = 82.76999771595001 percent
 
epoch= 82 	 time= 61.88246379693349 min 	 lr= 0.03197477765098076 	 loss= 0.31007061837731725 	 error= 10.366448203621008 percent
accuracy on test set = 83.01999795436859 percent
 
epoch= 83 	 time= 62.5657937169075 min 	 lr= 0.03159682624913434 	 loss= 0.3066455781307367 	 error= 10.240569047610778 percent
accuracy on test set = 81.22999781370163 percent
 
epoch= 84 	 time= 63.24042937755585 min 	 lr= 0.031217247179121384 	 loss= 0.3037004254358199 	 error= 10.245364447079046 percent
accuracy on test set = 82.60999774932861 percent
 
epoch= 85 	 time= 63.92713387012482 min 	 lr= 0.03083613409639766 	 loss= 0.3016158405243588 	 error= 10.101502554495926 percent
accuracy on test set = 82.81999796628952 percent
 
epoch= 86 	 time= 64.61874049107233 min 	 lr= 0.03045358103491359 	 loss= 0.2957301565143458 	 error= 9.789002551447096 percent
accuracy on test set = 82.46999776363373 percent
 
epoch= 87 	 time= 65.29621825615565 min 	 lr= 0.03006968238391284 	 loss= 0.2882670854287379 	 error= 9.595588238342948 percent
accuracy on test set = 81.66999793052673 percent
 
epoch= 88 	 time= 65.97215151786804 min 	 lr= 0.029684532864643145 	 loss= 0.2898869043039849 	 error= 9.544836956521738 percent
accuracy on test set = 82.84999823570251 percent
 
epoch= 89 	 time= 66.6515883922577 min 	 lr= 0.02929822750698526 	 loss= 0.28233928120959445 	 error= 9.528053066004878 percent
accuracy on test set = 83.0499981045723 percent
 
epoch= 90 	 time= 67.3396385192871 min 	 lr= 0.028910861626005795 	 loss= 0.27905688734005785 	 error= 9.119245524296675 percent
accuracy on test set = 81.27999758720398 percent
 
epoch= 91 	 time= 68.02054929733276 min 	 lr= 0.028522530798439593 	 loss= 0.280651255946635 	 error= 9.238331198997205 percent
accuracy on test set = 83.23999762535095 percent
 
epoch= 92 	 time= 68.70851510365804 min 	 lr= 0.028133330839107632 	 loss= 0.27482012543074613 	 error= 9.112851653257598 percent
accuracy on test set = 82.61999773979187 percent
 
epoch= 93 	 time= 69.39192030032476 min 	 lr= 0.027743357777276153 	 loss= 0.27427940562253106 	 error= 9.116847816940464 percent
accuracy on test set = 82.32999765872955 percent
 
epoch= 94 	 time= 70.08171794017156 min 	 lr= 0.027352707832962876 	 loss= 0.2660184234304501 	 error= 8.851902167815382 percent
accuracy on test set = 82.73999786376953 percent
 
epoch= 95 	 time= 70.76687149206798 min 	 lr= 0.026961477393196143 	 loss= 0.26757609888034706 	 error= 9.055706515641468 percent
accuracy on test set = 83.5299978852272 percent
 
epoch= 96 	 time= 71.45459836324056 min 	 lr= 0.026569762988232853 	 loss= 0.26144682478798015 	 error= 8.6624840183941 percent
accuracy on test set = 82.78999763727188 percent
 
epoch= 97 	 time= 72.13588879108428 min 	 lr= 0.02617766126774108 	 loss= 0.25895069602429105 	 error= 8.556585680798191 percent
accuracy on test set = 82.9499979019165 percent
 
epoch= 98 	 time= 72.82366362810134 min 	 lr= 0.025785268976953223 	 loss= 0.252390847372277 	 error= 8.433503827170643 percent
accuracy on test set = 82.04999792575836 percent
 
epoch= 99 	 time= 73.50401184956233 min 	 lr= 0.02539268293279553 	 loss= 0.25005520762080125 	 error= 8.358375952981623 percent
accuracy on test set = 82.59999805688858 percent
 
epoch= 100 	 time= 74.18151773611704 min 	 lr= 0.025000000000000012 	 loss= 0.23856843424879987 	 error= 7.905610610761911 percent
accuracy on test set = 82.6299979686737 percent
 
epoch= 101 	 time= 74.85784012873968 min 	 lr= 0.0246073170672045 	 loss= 0.23579441432071768 	 error= 7.822090783692381 percent
accuracy on test set = 81.7699978351593 percent
 
epoch= 102 	 time= 75.54233762025834 min 	 lr= 0.024214731023046804 	 loss= 0.23608661399168127 	 error= 7.8520620113138655 percent
accuracy on test set = 82.88999807834625 percent
 
epoch= 103 	 time= 76.21765293677647 min 	 lr= 0.023822338732258946 	 loss= 0.22875017903345016 	 error= 7.58192135244989 percent
accuracy on test set = 83.15999805927277 percent
 
epoch= 104 	 time= 76.89263614813487 min 	 lr= 0.023430237011767177 	 loss= 0.2301133043892548 	 error= 7.681026208736099 percent
accuracy on test set = 83.22999781370163 percent
 
epoch= 105 	 time= 77.5737700064977 min 	 lr= 0.02303852260680389 	 loss= 0.22840299125751265 	 error= 7.6178868255956695 percent
accuracy on test set = 83.0399980545044 percent
 
epoch= 106 	 time= 78.2630028049151 min 	 lr= 0.022647292167037154 	 loss= 0.22440984481207246 	 error= 7.496403443538929 percent
accuracy on test set = 81.22999781370163 percent
 
epoch= 107 	 time= 78.94357839028041 min 	 lr= 0.02225664222272388 	 loss= 0.21485986955025616 	 error= 7.197890028624279 percent
accuracy on test set = 82.33999800682068 percent
 
epoch= 108 	 time= 79.62320135831833 min 	 lr= 0.02186666916089241 	 loss= 0.21637506640094625 	 error= 7.162723776019747 percent
accuracy on test set = 82.6999979019165 percent
 
epoch= 109 	 time= 80.30855744679769 min 	 lr= 0.02147746920156045 	 loss= 0.21470732198042028 	 error= 7.144341429176233 percent
accuracy on test set = 84.23999804258347 percent
 
epoch= 110 	 time= 80.99686078627904 min 	 lr= 0.021089138373994242 	 loss= 0.20529974299623532 	 error= 6.875399616368287 percent
accuracy on test set = 82.69999772310257 percent
 
epoch= 111 	 time= 81.67752169768015 min 	 lr= 0.02070177249301477 	 loss= 0.20535286843700482 	 error= 6.899376598465473 percent
accuracy on test set = 83.3799979686737 percent
 
epoch= 112 	 time= 82.35590332746506 min 	 lr= 0.0203154671353569 	 loss= 0.20498774387418767 	 error= 6.590473148828882 percent
accuracy on test set = 83.53999763727188 percent
 
epoch= 113 	 time= 83.0420512398084 min 	 lr= 0.019930317616087205 	 loss= 0.1963943885186749 	 error= 6.385070329431987 percent
accuracy on test set = 82.25999784469604 percent
 
epoch= 114 	 time= 83.72415707111358 min 	 lr= 0.019546418965086458 	 loss= 0.18780926872244882 	 error= 6.13850702715042 percent
accuracy on test set = 83.89999800920486 percent
 
epoch= 115 	 time= 84.39706478118896 min 	 lr= 0.019163865903602376 	 loss= 0.18954846008544993 	 error= 6.343909846547315 percent
accuracy on test set = 83.57999801635742 percent
 
epoch= 116 	 time= 85.07274239063263 min 	 lr= 0.018782752820878643 	 loss= 0.1859267398886516 	 error= 6.13171354584072 percent
accuracy on test set = 82.24999809265137 percent
 
epoch= 117 	 time= 85.76568239529928 min 	 lr= 0.01840317375086569 	 loss= 0.18628667143490307 	 error= 6.204044117647059 percent
accuracy on test set = 83.29999768733978 percent
 
epoch= 118 	 time= 86.44364656209946 min 	 lr= 0.018025222349019283 	 loss= 0.1750076462221725 	 error= 5.788043469114377 percent
accuracy on test set = 84.2199981212616 percent
 
epoch= 119 	 time= 87.1176455537478 min 	 lr= 0.017648991869192415 	 loss= 0.17771209456274273 	 error= 5.909127240900493 percent
accuracy on test set = 84.41999793052673 percent
 
epoch= 120 	 time= 87.79954970280329 min 	 lr= 0.017274575140626334 	 loss= 0.16748289614344192 	 error= 5.53388746498186 percent
accuracy on test set = 83.96999830007553 percent
 
epoch= 121 	 time= 88.48461808363597 min 	 lr= 0.016902064545046273 	 loss= 0.16064091930951913 	 error= 5.333280045053233 percent
accuracy on test set = 83.38999795913696 percent
 
epoch= 122 	 time= 89.16003344456355 min 	 lr= 0.016531551993867726 	 loss= 0.15995278607701402 	 error= 5.3360773626800695 percent
accuracy on test set = 82.44999784231186 percent
 
epoch= 123 	 time= 89.83785593907038 min 	 lr= 0.016163128905518586 	 loss= 0.1558356442110008 	 error= 5.109095268542199 percent
accuracy on test set = 82.99999803304672 percent
 
epoch= 124 	 time= 90.51621282498041 min 	 lr= 0.015796886182883066 	 loss= 0.15260490407343105 	 error= 4.991608050168323 percent
accuracy on test set = 82.23999774456024 percent
 
epoch= 125 	 time= 91.20129393339157 min 	 lr= 0.015432914190872771 	 loss= 0.1519453520207759 	 error= 4.959638740705407 percent
accuracy on test set = 84.05999785661697 percent
 
epoch= 126 	 time= 91.87915139595667 min 	 lr= 0.01507130273413049 	 loss= 0.14581733691456067 	 error= 4.903692449145304 percent
accuracy on test set = 83.28999781608582 percent
 
epoch= 127 	 time= 92.55693904558818 min 	 lr= 0.01471214103487229 	 loss= 0.13796213443588723 	 error= 4.573209709523584 percent
accuracy on test set = 83.83999770879745 percent
 
epoch= 128 	 time= 93.23346456686656 min 	 lr= 0.014355517710873194 	 loss= 0.1382205814237485 	 error= 4.681106128960924 percent
accuracy on test set = 83.83999794721603 percent
 
epoch= 129 	 time= 93.91897250016531 min 	 lr= 0.01400152075360213 	 loss= 0.1340854773607553 	 error= 4.43534206246476 percent
accuracy on test set = 83.78999799489975 percent
 
epoch= 130 	 time= 94.59587494929632 min 	 lr= 0.01365023750651134 	 loss= 0.1268559047842727 	 error= 4.157209076235056 percent
accuracy on test set = 83.67999762296677 percent
 
epoch= 131 	 time= 95.273009010156 min 	 lr= 0.013301754643485679 	 loss= 0.12877055434295742 	 error= 4.1955722414928935 percent
accuracy on test set = 83.31999802589417 percent
 
epoch= 132 	 time= 95.95413069327672 min 	 lr= 0.012956158147457122 	 loss= 0.1209236161254556 	 error= 3.996962918649854 percent
accuracy on test set = 83.24999803304672 percent
 
epoch= 133 	 time= 96.63730134566624 min 	 lr= 0.012613533289189816 	 loss= 0.11807612392603589 	 error= 3.9566016563064297 percent
accuracy on test set = 83.31999790668488 percent
 
epoch= 134 	 time= 97.31219389835994 min 	 lr= 0.012273964606240723 	 loss= 0.11510311138084935 	 error= 3.8447090731862255 percent
accuracy on test set = 83.95999789237976 percent
 
epoch= 135 	 time= 97.98703747590383 min 	 lr= 0.011937535882101285 	 loss= 0.10871317474852743 	 error= 3.4890505054112895 percent
accuracy on test set = 84.20999789237976 percent
 
epoch= 136 	 time= 98.67970981995265 min 	 lr= 0.011604330125525083 	 loss= 0.10682469614974373 	 error= 3.546595268542199 percent
accuracy on test set = 84.43999803066254 percent
 
epoch= 137 	 time= 99.36762748161952 min 	 lr= 0.011274429550046707 	 loss= 0.10322792901445532 	 error= 3.340393213359901 percent
accuracy on test set = 83.99999779462814 percent
 
epoch= 138 	 time= 100.04821719725926 min 	 lr= 0.010947915553696737 	 loss= 0.09962169117177538 	 error= 3.279251912060906 percent
accuracy on test set = 82.87999778985977 percent
 
epoch= 139 	 time= 100.72526466846466 min 	 lr= 0.01062486869891804 	 loss= 0.0959602526634398 	 error= 3.2077205912841253 percent
accuracy on test set = 83.9499979019165 percent
 
epoch= 140 	 time= 101.40827736059825 min 	 lr= 0.01030536869268818 	 loss= 0.08712965776414974 	 error= 2.917599098761673 percent
accuracy on test set = 84.14999771118164 percent
 
epoch= 141 	 time= 102.08299718300502 min 	 lr= 0.009989494366852907 	 loss= 0.08583798440521026 	 error= 2.760549869073931 percent
accuracy on test set = 83.11999768018723 percent
 
epoch= 142 	 time= 102.76091167529424 min 	 lr= 0.00967732365867559 	 loss= 0.0868021553606176 	 error= 3.005514699784691 percent
accuracy on test set = 83.65999799966812 percent
 
epoch= 143 	 time= 103.43958493073781 min 	 lr= 0.009368933591607374 	 loss= 0.0767254755758416 	 error= 2.51998081231666 percent
accuracy on test set = 84.45999801158905 percent
 
epoch= 144 	 time= 104.13094240029653 min 	 lr= 0.00906440025628276 	 loss= 0.0811024662583609 	 error= 2.5951086865056814 percent
accuracy on test set = 85.21999776363373 percent
 
epoch= 145 	 time= 104.81499076684317 min 	 lr= 0.008763798791745414 	 loss= 0.07551318407535096 	 error= 2.5455562659846547 percent
accuracy on test set = 84.29999780654907 percent
 
epoch= 146 	 time= 105.49613165060678 min 	 lr= 0.00846720336690871 	 loss= 0.06705555507241537 	 error= 2.291799872122762 percent
accuracy on test set = 84.42999798059464 percent
 
epoch= 147 	 time= 106.17311692237854 min 	 lr= 0.008174687162255667 	 loss= 0.06944998004056914 	 error= 2.28980179028133 percent
accuracy on test set = 84.36999809741974 percent
 
epoch= 148 	 time= 106.85770565668741 min 	 lr= 0.007886322351782785 	 loss= 0.06354384864096904 	 error= 2.13475064243502 percent
accuracy on test set = 83.99999755620956 percent
 
epoch= 149 	 time= 107.53486830393473 min 	 lr= 0.007602180085192145 	 loss= 0.06147765177194877 	 error= 2.026054987212276 percent
accuracy on test set = 85.01999801397324 percent
 
epoch= 150 	 time= 108.21402682860692 min 	 lr= 0.007322330470336316 	 loss= 0.05430791434615165 	 error= 1.734734648633796 percent
accuracy on test set = 84.42999821901321 percent
 
epoch= 151 	 time= 108.89395064115524 min 	 lr= 0.007046842555920285 	 loss= 0.05228401083127617 	 error= 1.781489766772141 percent
accuracy on test set = 85.24999821186066 percent
 
epoch= 152 	 time= 109.58295944929122 min 	 lr= 0.006775784314464719 	 loss= 0.052108455068238864 	 error= 1.6588075386593713 percent
accuracy on test set = 84.80999809503555 percent
 
epoch= 153 	 time= 110.26139555374782 min 	 lr= 0.006509222625534758 	 loss= 0.05289241491014238 	 error= 1.7339354128483924 percent
accuracy on test set = 85.1899978518486 percent
 
epoch= 154 	 time= 110.93600280284882 min 	 lr= 0.006247223259238513 	 loss= 0.045309413362608845 	 error= 1.5549072829048958 percent
accuracy on test set = 84.29999804496765 percent
 
epoch= 155 	 time= 111.62435763676962 min 	 lr= 0.0059898508599992295 	 loss= 0.041503772337246884 	 error= 1.3886668797953965 percent
accuracy on test set = 84.8299977183342 percent
 
epoch= 156 	 time= 112.32843401829402 min 	 lr= 0.005737168930605274 	 loss= 0.03964561258521303 	 error= 1.224824168797954 percent
accuracy on test set = 85.17999815940857 percent
 
epoch= 157 	 time= 113.0066822528839 min 	 lr= 0.005489239816541763 	 loss= 0.03504347759287071 	 error= 1.1225223693701314 percent
accuracy on test set = 84.9799976348877 percent
 
epoch= 158 	 time= 113.68549638986588 min 	 lr= 0.005246124690607742 	 loss= 0.03310087291271333 	 error= 1.0849584398976981 percent
accuracy on test set = 84.85999798774719 percent
 
epoch= 159 	 time= 114.36974666118621 min 	 lr= 0.005007883537822737 	 loss= 0.0332842495178094 	 error= 1.1029411764705883 percent
accuracy on test set = 85.43999791145325 percent
 
epoch= 160 	 time= 115.05727514425914 min 	 lr= 0.004774575140626318 	 loss= 0.02757416373056829 	 error= 0.8455882291964558 percent
accuracy on test set = 85.7099980711937 percent
 
epoch= 161 	 time= 115.7424174507459 min 	 lr= 0.00454625706437442 	 loss= 0.026073174708334687 	 error= 0.8443893831404274 percent
accuracy on test set = 84.899997651577 percent
 
epoch= 162 	 time= 116.41724623044333 min 	 lr= 0.004322985643135959 	 loss= 0.024626419207800534 	 error= 0.8012308184143222 percent
accuracy on test set = 85.36999809741974 percent
 
epoch= 163 	 time= 117.10451279083888 min 	 lr= 0.0041048159657932504 	 loss= 0.0202211224494259 	 error= 0.6273976982097187 percent
accuracy on test set = 85.84999775886536 percent
 
epoch= 164 	 time= 117.7939753572146 min 	 lr= 0.0038918018624496302 	 loss= 0.018800223791671684 	 error= 0.6074168797953964 percent
accuracy on test set = 85.4399978518486 percent
 
epoch= 165 	 time= 118.47234432697296 min 	 lr= 0.0036839958911477027 	 loss= 0.014628539966178767 	 error= 0.46155690537084393 percent
accuracy on test set = 85.99999797344208 percent
 
epoch= 166 	 time= 119.15263506571452 min 	 lr= 0.0034814493249014076 	 loss= 0.015918550517438623 	 error= 0.5226982066698391 percent
accuracy on test set = 85.40999805927277 percent
 
epoch= 167 	 time= 119.84102359215419 min 	 lr= 0.003284212139045219 	 loss= 0.016712059917123726 	 error= 0.5498721166644864 percent
accuracy on test set = 85.29999762773514 percent
 
epoch= 168 	 time= 120.52484985987346 min 	 lr= 0.003092332998903412 	 loss= 0.012687575421593798 	 error= 0.3676470588235294 percent
accuracy on test set = 86.04999786615372 percent
 
epoch= 169 	 time= 121.20576708316803 min 	 lr= 0.002905859247782665 	 loss= 0.011365628385347078 	 error= 0.3336796675191816 percent
accuracy on test set = 85.70999801158905 percent
 
epoch= 170 	 time= 121.87984100182851 min 	 lr= 0.0027248368952908068 	 loss= 0.010745801829525729 	 error= 0.33567774936061384 percent
accuracy on test set = 85.47999793291092 percent
 
epoch= 171 	 time= 122.57203929026922 min 	 lr= 0.002549310605984613 	 loss= 0.01027616757966216 	 error= 0.32289002252661664 percent
accuracy on test set = 86.0099977850914 percent
 
epoch= 172 	 time= 123.2518526395162 min 	 lr= 0.0023793236883495176 	 loss= 0.008618106091957149 	 error= 0.2477621483375959 percent
accuracy on test set = 86.0899977684021 percent
 
epoch= 173 	 time= 123.93228652477265 min 	 lr= 0.002214918084113875 	 loss= 0.007543087471276522 	 error= 0.1918158567774936 percent
accuracy on test set = 86.03999787569046 percent
 
epoch= 174 	 time= 124.60976647933325 min 	 lr= 0.0020561343579004786 	 loss= 0.007292555462595199 	 error= 0.20979859335038364 percent
accuracy on test set = 85.90999799966812 percent
 
epoch= 175 	 time= 125.29735969305038 min 	 lr= 0.0019030116872178384 	 loss= 0.006822596770077658 	 error= 0.18781969309462915 percent
accuracy on test set = 86.47999787330627 percent
 
epoch= 176 	 time= 125.98107063770294 min 	 lr= 0.0017555878527937174 	 loss= 0.005289623633805958 	 error= 0.13986572890025575 percent
accuracy on test set = 86.05999767780304 percent
 
epoch= 177 	 time= 126.65743597745896 min 	 lr= 0.0016138992292533167 	 loss= 0.004801379845422857 	 error= 0.12987531969309463 percent
accuracy on test set = 86.55999797582626 percent
 
epoch= 178 	 time= 127.3354562719663 min 	 lr= 0.0014779807761443645 	 loss= 0.0047734697314236515 	 error= 0.13986572890025575 percent
accuracy on test set = 86.42999821901321 percent
 
epoch= 179 	 time= 128.0202465693156 min 	 lr= 0.0013478660293113683 	 loss= 0.004049989396332265 	 error= 0.10190217391304347 percent
accuracy on test set = 86.28999787569046 percent
 
epoch= 180 	 time= 128.69820006291073 min 	 lr= 0.0012235870926211624 	 loss= 0.003860397569244475 	 error= 0.10310101996907188 percent
accuracy on test set = 86.31999802589417 percent
 
epoch= 181 	 time= 129.37235694726309 min 	 lr= 0.0011051746300417477 	 loss= 0.0034210572663523125 	 error= 0.0879156010230179 percent
accuracy on test set = 86.50999754667282 percent
 
epoch= 182 	 time= 130.04901344776152 min 	 lr= 0.0009926578580764268 	 loss= 0.0036062150422478917 	 error= 0.0719309462915601 percent
accuracy on test set = 86.15999788045883 percent
 
epoch= 183 	 time= 130.73313805262248 min 	 lr= 0.0008860645385550515 	 loss= 0.003233175418075279 	 error= 0.08591751918158569 percent
accuracy on test set = 86.46999782323837 percent
 
epoch= 184 	 time= 131.41132865746815 min 	 lr= 0.0007854209717842264 	 loss= 0.002923579100528946 	 error= 0.06833439287932022 percent
accuracy on test set = 86.24999809265137 percent
 
epoch= 185 	 time= 132.08625625769298 min 	 lr= 0.0006907519900580866 	 loss= 0.00324914523738596 	 error= 0.079923273657289 percent
accuracy on test set = 86.40999776124954 percent
 
epoch= 186 	 time= 132.78059398333232 min 	 lr= 0.0006020809515313173 	 loss= 0.002803409753171989 	 error= 0.06194053708439898 percent
accuracy on test set = 86.20999783277512 percent
 
epoch= 187 	 time= 133.4657553712527 min 	 lr= 0.0005194297344558538 	 loss= 0.0028553017048293826 	 error= 0.06793478260869565 percent
accuracy on test set = 86.41999799013138 percent
 
epoch= 188 	 time= 134.14694494009018 min 	 lr= 0.00044281873178278225 	 loss= 0.002888577684159855 	 error= 0.05195012787723786 percent
accuracy on test set = 86.32999789714813 percent
 
epoch= 189 	 time= 134.83308052221935 min 	 lr= 0.0003722668461306535 	 loss= 0.002859706927895965 	 error= 0.06993286445012788 percent
accuracy on test set = 86.43999791145325 percent
 
epoch= 190 	 time= 135.51716374953588 min 	 lr= 0.0003077914851215587 	 loss= 0.0027666388846495573 	 error= 0.06313938314042737 percent
accuracy on test set = 86.25999790430069 percent
 
epoch= 191 	 time= 136.20909418265026 min 	 lr= 0.00024940855708606175 	 loss= 0.002706497386449238 	 error= 0.05794437340153453 percent
accuracy on test set = 86.32999807596207 percent
 
epoch= 192 	 time= 136.88606387376785 min 	 lr= 0.00019713246713805603 	 loss= 0.0028134224207802673 	 error= 0.06593670076726342 percent
accuracy on test set = 86.3299977183342 percent
 
epoch= 193 	 time= 137.562391046683 min 	 lr= 0.00015097611362051023 	 loss= 0.0027794135081500785 	 error= 0.0559462915601023 percent
accuracy on test set = 86.32999807596207 percent
 
epoch= 194 	 time= 138.252023935318 min 	 lr= 0.00011095088492300018 	 loss= 0.0026836786008275606 	 error= 0.04995204603580563 percent
accuracy on test set = 86.32999813556671 percent
 
epoch= 195 	 time= 138.94266649882 min 	 lr= 7.706665667180096e-05 	 loss= 0.0026449423891913783 	 error= 0.0639386189258312 percent
accuracy on test set = 86.08999800682068 percent
 
epoch= 196 	 time= 139.62193669875464 min 	 lr= 4.9331789293211064e-05 	 loss= 0.0023493004824056305 	 error= 0.03596547314578005 percent
accuracy on test set = 86.40999811887741 percent
 
epoch= 197 	 time= 140.2986189842224 min 	 lr= 2.7753125950752432e-05 	 loss= 0.0025145729466000822 	 error= 0.04595588235294117 percent
accuracy on test set = 86.33999806642532 percent
 
epoch= 198 	 time= 140.98561062415442 min 	 lr= 1.2335990856710008e-05 	 loss= 0.0022167728962543447 	 error= 0.037963554987212274 percent
accuracy on test set = 86.46999824047089 percent
 
epoch= 199 	 time= 141.6670255581538 min 	 lr= 3.0841879584853094e-06 	 loss= 0.0024632886528511487 	 error= 0.04515664656753735 percent
accuracy on test set = 86.25999820232391 percent
 
