nohup: ignoring input
Namespace(epoch=200, lr=0.1, model='mobilenetv2', noise=None, resume=False, root='./data', type='train')
test mean and std: [tensor(0.4942), tensor(0.4851), tensor(0.4504)] [tensor(0.2467), tensor(0.2429), tensor(0.2616)]
train mean and std: [tensor(0.4914), tensor(0.4822), tensor(0.4465)] [tensor(0.2470), tensor(0.2435), tensor(0.2616)]
[33mThe trained model will be saved in: outputs/mobilenetv2/lr_exp[0m
epoch= 0 	 time= 0.7898100177447002 min 	 lr= 0.1 	 loss= 1.768515448436103 	 error= 64.14921673972283 percent
accuracy on test set = 48.54999923706055 percent
 
epoch= 1 	 time= 1.6882615288098652 min 	 lr= 0.09999383162408304 	 loss= 1.186330097410685 	 error= 42.84287084398977 percent
accuracy on test set = 57.05999904870986 percent
 
epoch= 2 	 time= 2.6136966307957965 min 	 lr= 0.09997532801828658 	 loss= 0.9398998168423353 	 error= 33.14418158567775 percent
accuracy on test set = 64.20999848842621 percent
 
epoch= 3 	 time= 3.5515976309776307 min 	 lr= 0.09994449374809851 	 loss= 0.8031727465827142 	 error= 28.08783568079819 percent
accuracy on test set = 68.85999828577042 percent
 
epoch= 4 	 time= 4.483401258786519 min 	 lr= 0.09990133642141359 	 loss= 0.7116040191077211 	 error= 24.876118925831204 percent
accuracy on test set = 69.22999835014343 percent
 
epoch= 5 	 time= 5.454782823721568 min 	 lr= 0.09984586668665642 	 loss= 0.6743169676922166 	 error= 23.22770140664962 percent
accuracy on test set = 71.98999851942062 percent
 
epoch= 6 	 time= 6.562884517510732 min 	 lr= 0.09977809823015402 	 loss= 0.6403444734070917 	 error= 21.782288999508715 percent
accuracy on test set = 72.34999829530716 percent
 
epoch= 7 	 time= 7.539533960819244 min 	 lr= 0.09969804777275901 	 loss= 0.6248371669703432 	 error= 21.571691170372926 percent
accuracy on test set = 75.67999792098999 percent
 
epoch= 8 	 time= 8.474902447064718 min 	 lr= 0.09960573506572391 	 loss= 0.6144588979918634 	 error= 21.05418797344198 percent
accuracy on test set = 74.14999800920486 percent
 
epoch= 9 	 time= 9.409962519009907 min 	 lr= 0.09950118288582789 	 loss= 0.6046970947014402 	 error= 20.841592062464763 percent
accuracy on test set = 74.37999808788301 percent
 
epoch= 10 	 time= 10.49714790582657 min 	 lr= 0.09938441702975691 	 loss= 0.5999731416897396 	 error= 20.615409204112296 percent
accuracy on test set = 76.56999826431274 percent
 
epoch= 11 	 time= 11.631915128231048 min 	 lr= 0.09925546630773871 	 loss= 0.597510376778405 	 error= 20.519900885994172 percent
accuracy on test set = 75.00999802350998 percent
 
epoch= 12 	 time= 12.781419308980306 min 	 lr= 0.09911436253643445 	 loss= 0.5939604130852253 	 error= 20.354060093155297 percent
accuracy on test set = 74.59999853372574 percent
 
epoch= 13 	 time= 13.91384154955546 min 	 lr= 0.0989611405310883 	 loss= 0.5935210119885252 	 error= 20.277333762639625 percent
accuracy on test set = 74.45999830961227 percent
 
epoch= 14 	 time= 15.072731594244638 min 	 lr= 0.09879583809693739 	 loss= 0.5821645264430424 	 error= 20.009590795887704 percent
accuracy on test set = 74.29999840259552 percent
 
epoch= 15 	 time= 16.201933161417642 min 	 lr= 0.09861849601988384 	 loss= 0.5824167887725489 	 error= 19.91568094934039 percent
accuracy on test set = 77.11999815702438 percent
 
epoch= 16 	 time= 17.35855051279068 min 	 lr= 0.09842915805643157 	 loss= 0.5848753752610872 	 error= 19.840952685421996 percent
accuracy on test set = 75.22999835014343 percent
 
epoch= 17 	 time= 18.49804591735204 min 	 lr= 0.09822787092288993 	 loss= 0.5751506185440152 	 error= 19.748241684930708 percent
accuracy on test set = 74.39999848604202 percent
 
epoch= 18 	 time= 19.645100859800973 min 	 lr= 0.09801468428384717 	 loss= 0.5780145964201759 	 error= 19.769820974915838 percent
accuracy on test set = 76.09999811649323 percent
 
epoch= 19 	 time= 20.798288722832996 min 	 lr= 0.09778965073991652 	 loss= 0.5656530707693466 	 error= 19.40497121847499 percent
accuracy on test set = 75.29999816417694 percent
 
epoch= 20 	 time= 21.95603152513504 min 	 lr= 0.0975528258147577 	 loss= 0.562376224552579 	 error= 19.276694370352704 percent
accuracy on test set = 77.6699977517128 percent
 
epoch= 21 	 time= 23.105673031012216 min 	 lr= 0.09730426794137728 	 loss= 0.5696712122548877 	 error= 19.49008951711533 percent
accuracy on test set = 76.17999815940857 percent
 
epoch= 22 	 time= 24.269831494490305 min 	 lr= 0.09704403844771128 	 loss= 0.559654797739385 	 error= 19.222346550363408 percent
accuracy on test set = 77.41999804973602 percent
 
epoch= 23 	 time= 25.414502334594726 min 	 lr= 0.09677220154149338 	 loss= 0.5468919537866207 	 error= 18.57217071611253 percent
accuracy on test set = 76.66999822854996 percent
 
epoch= 24 	 time= 26.56654800971349 min 	 lr= 0.09648882429441258 	 loss= 0.5589266709049644 	 error= 19.084079277789805 percent
accuracy on test set = 76.11999815702438 percent
 
epoch= 25 	 time= 27.700710888703664 min 	 lr= 0.09619397662556435 	 loss= 0.5594401894627935 	 error= 19.207560741687978 percent
accuracy on test set = 77.00999790430069 percent
 
epoch= 26 	 time= 28.847508203983306 min 	 lr= 0.09588773128419906 	 loss= 0.5530611964137963 	 error= 19.106857413830962 percent
accuracy on test set = 75.0099983215332 percent
 
epoch= 27 	 time= 29.97161330382029 min 	 lr= 0.09557016383177226 	 loss= 0.548167055296471 	 error= 18.776374674209244 percent
accuracy on test set = 74.9399983882904 percent
 
epoch= 28 	 time= 31.110310872395832 min 	 lr= 0.09524135262330098 	 loss= 0.5553102787498319 	 error= 19.088874677258076 percent
accuracy on test set = 78.03999799489975 percent
 
epoch= 29 	 time= 32.25762819449107 min 	 lr= 0.09490137878803079 	 loss= 0.5535824286663319 	 error= 19.0960677688384 percent
accuracy on test set = 77.7899979352951 percent
 
epoch= 30 	 time= 33.40888030131658 min 	 lr= 0.0945503262094184 	 loss= 0.5522286487204949 	 error= 18.888267257329446 percent
accuracy on test set = 75.36999815702438 percent
 
epoch= 31 	 time= 34.56835173765818 min 	 lr= 0.0941882815044347 	 loss= 0.5529939511700359 	 error= 18.894261502853745 percent
accuracy on test set = 74.83999800682068 percent
 
epoch= 32 	 time= 35.70309488773346 min 	 lr= 0.09381533400219319 	 loss= 0.5512236157036803 	 error= 18.814737854711236 percent
accuracy on test set = 77.92999786138535 percent
 
epoch= 33 	 time= 36.8489882628123 min 	 lr= 0.09343157572190958 	 loss= 0.5516884397820133 	 error= 18.974984012296435 percent
accuracy on test set = 77.0299980044365 percent
 
epoch= 34 	 time= 37.97117994626363 min 	 lr= 0.0930371013501972 	 loss= 0.5477166171269039 	 error= 18.743606128960923 percent
accuracy on test set = 76.36999833583832 percent
 
epoch= 35 	 time= 39.11040076812108 min 	 lr= 0.09263200821770463 	 loss= 0.5534294941236296 	 error= 19.059702685421996 percent
accuracy on test set = 77.74999809265137 percent
 
epoch= 36 	 time= 40.243768111864725 min 	 lr= 0.09221639627510078 	 loss= 0.5531028149377964 	 error= 18.89146418522691 percent
accuracy on test set = 76.98999804258347 percent
 
epoch= 37 	 time= 41.390691471099856 min 	 lr= 0.09179036806841355 	 loss= 0.54189793479717 	 error= 18.656090153452684 percent
accuracy on test set = 77.15999799966812 percent
 
epoch= 38 	 time= 42.52382384936015 min 	 lr= 0.09135402871372812 	 loss= 0.5478816606352092 	 error= 18.6948529442253 percent
accuracy on test set = 76.39999812841415 percent
 
epoch= 39 	 time= 43.67521010239919 min 	 lr= 0.0909074858712512 	 loss= 0.5432241910406391 	 error= 18.56897378821507 percent
accuracy on test set = 76.60999810695648 percent
 
epoch= 40 	 time= 44.816619992256165 min 	 lr= 0.09045084971874741 	 loss= 0.5495606291934353 	 error= 18.855898337595907 percent
accuracy on test set = 75.40999847650528 percent
 
epoch= 41 	 time= 45.9769345998764 min 	 lr= 0.08998423292435458 	 loss= 0.5510735664221332 	 error= 18.772778136041158 percent
accuracy on test set = 75.9799981713295 percent
 
epoch= 42 	 time= 47.11156299908956 min 	 lr= 0.08950775061878455 	 loss= 0.5482208846932481 	 error= 18.735613801595193 percent
accuracy on test set = 77.78999817371368 percent
 
epoch= 43 	 time= 48.26657906373342 min 	 lr= 0.08902152036691653 	 loss= 0.540093993744277 	 error= 18.519021742179266 percent
accuracy on test set = 76.50999820232391 percent
 
epoch= 44 	 time= 49.23092023134232 min 	 lr= 0.08852566213878951 	 loss= 0.539359807510815 	 error= 18.38235294117647 percent
accuracy on test set = 77.49999815225601 percent
 
epoch= 45 	 time= 50.157865754763286 min 	 lr= 0.0880202982800016 	 loss= 0.5405917308672005 	 error= 18.619725054792127 percent
accuracy on test set = 77.31999814510345 percent
 
epoch= 46 	 time= 51.08837694327037 min 	 lr= 0.08750555348152303 	 loss= 0.5386384852097162 	 error= 18.429907279856064 percent
accuracy on test set = 75.83999818563461 percent
 
epoch= 47 	 time= 52.01455073753993 min 	 lr= 0.08698155474893052 	 loss= 0.5363472818261217 	 error= 18.532209079283888 percent
accuracy on test set = 76.47999811172485 percent
 
epoch= 48 	 time= 52.93476101557414 min 	 lr= 0.08644843137107061 	 loss= 0.5297192925839778 	 error= 18.1553708470386 percent
accuracy on test set = 74.50999790430069 percent
 
epoch= 49 	 time= 53.85918125708898 min 	 lr= 0.08590631488815947 	 loss= 0.5408367098444868 	 error= 18.638507027150418 percent
accuracy on test set = 76.17999821901321 percent
 
epoch= 50 	 time= 54.78266827662786 min 	 lr= 0.0853553390593274 	 loss= 0.5408375177084638 	 error= 18.608935425043715 percent
accuracy on test set = 76.11999797821045 percent
 
epoch= 51 	 time= 55.70421511729558 min 	 lr= 0.08479563982961574 	 loss= 0.5331900991747142 	 error= 18.163363174404328 percent
accuracy on test set = 75.57999849319458 percent
 
epoch= 52 	 time= 56.62651682694753 min 	 lr= 0.08422735529643446 	 loss= 0.5398035063920423 	 error= 18.52141943429132 percent
accuracy on test set = 78.3799979686737 percent
 
epoch= 53 	 time= 57.555395837624864 min 	 lr= 0.08365062567548869 	 loss= 0.5366972674951529 	 error= 18.53101023322786 percent
accuracy on test set = 77.19999772310257 percent
 
epoch= 54 	 time= 58.4750719110171 min 	 lr= 0.08306559326618261 	 loss= 0.5355406654307909 	 error= 18.413523014853983 percent
accuracy on test set = 76.65999817848206 percent
 
epoch= 55 	 time= 59.39859780073166 min 	 lr= 0.0824724024165092 	 loss= 0.5319155880709743 	 error= 18.062260221032535 percent
accuracy on test set = 76.15999853610992 percent
 
epoch= 56 	 time= 60.32360768715541 min 	 lr= 0.0818711994874345 	 loss= 0.5322090550456815 	 error= 18.43390344353893 percent
accuracy on test set = 78.34999787807465 percent
 
epoch= 57 	 time= 61.243273397286735 min 	 lr= 0.08126213281678528 	 loss= 0.5214727578870476 	 error= 17.98992966447035 percent
accuracy on test set = 77.23999804258347 percent
 
epoch= 58 	 time= 62.161295179526014 min 	 lr= 0.08064535268264884 	 loss= 0.5298363788963278 	 error= 18.236492966751918 percent
accuracy on test set = 76.39999830722809 percent
 
epoch= 59 	 time= 63.071284874280295 min 	 lr= 0.08002101126629421 	 loss= 0.5278456858966661 	 error= 18.03268861892583 percent
accuracy on test set = 76.61999809741974 percent
 
epoch= 60 	 time= 63.97832678159078 min 	 lr= 0.07938926261462367 	 loss= 0.5275806232791422 	 error= 17.980338865533817 percent
accuracy on test set = 74.28999853134155 percent
 
epoch= 61 	 time= 64.8965470234553 min 	 lr= 0.07875026260216395 	 loss= 0.5183288244640126 	 error= 17.840872762148337 percent
accuracy on test set = 76.90999752283096 percent
 
epoch= 62 	 time= 65.80519259770712 min 	 lr= 0.07810416889260656 	 loss= 0.5240196705321827 	 error= 17.974744245524295 percent
accuracy on test set = 78.91999810934067 percent
 
epoch= 63 	 time= 66.71645356019339 min 	 lr= 0.07745114089990661 	 loss= 0.5216565071164495 	 error= 17.75295716112532 percent
accuracy on test set = 77.79999762773514 percent
 
epoch= 64 	 time= 67.63600395917892 min 	 lr= 0.07679133974894985 	 loss= 0.506421233229625 	 error= 17.29659526549337 percent
accuracy on test set = 75.66999804973602 percent
 
epoch= 65 	 time= 68.55300875902176 min 	 lr= 0.07612492823579746 	 loss= 0.509692181254287 	 error= 17.322170719161363 percent
accuracy on test set = 77.80999827384949 percent
 
epoch= 66 	 time= 69.47662478288015 min 	 lr= 0.07545207078751859 	 loss= 0.5113498426764213 	 error= 17.53556585067983 percent
accuracy on test set = 77.379998087883 percent
 
epoch= 67 	 time= 70.39413766066234 min 	 lr= 0.0747729334216204 	 loss= 0.5169083113255708 	 error= 17.825687343202283 percent
accuracy on test set = 75.3699979186058 percent
 
epoch= 68 	 time= 71.31074364980061 min 	 lr= 0.07408768370508578 	 loss= 0.5050988333761844 	 error= 17.473225703324808 percent
accuracy on test set = 78.25999784469604 percent
 
epoch= 69 	 time= 72.23241462310155 min 	 lr= 0.0733964907130287 	 loss= 0.5055343392102615 	 error= 17.514785796480105 percent
accuracy on test set = 76.29999834299088 percent
 
epoch= 70 	 time= 73.15468808809916 min 	 lr= 0.07269952498697736 	 loss= 0.5105893707183926 	 error= 17.431265984654733 percent
accuracy on test set = 77.09999841451645 percent
 
epoch= 71 	 time= 74.0689274986585 min 	 lr= 0.07199695849279578 	 loss= 0.5032098930510108 	 error= 17.36373081231666 percent
accuracy on test set = 77.96999806165695 percent
 
epoch= 72 	 time= 74.99059409697851 min 	 lr= 0.07128896457825366 	 loss= 0.5021228302470253 	 error= 17.22186700157497 percent
accuracy on test set = 79.44999796152115 percent
 
epoch= 73 	 time= 75.91580472389857 min 	 lr= 0.07057571793025548 	 loss= 0.4983765864768601 	 error= 17.225863165257838 percent
accuracy on test set = 76.86999815702438 percent
 
epoch= 74 	 time= 76.83609441916148 min 	 lr= 0.06985739453173906 	 loss= 0.4998051742153704 	 error= 17.09718669162077 percent
accuracy on test set = 76.24999791383743 percent
 
epoch= 75 	 time= 77.7609834154447 min 	 lr= 0.06913417161825453 	 loss= 0.4985461929036528 	 error= 17.28860293812764 percent
accuracy on test set = 79.00999772548676 percent
 
epoch= 76 	 time= 78.68431670268377 min 	 lr= 0.06840622763423394 	 loss= 0.49439440427533804 	 error= 17.00287723480283 percent
accuracy on test set = 77.40999788045883 percent
 
epoch= 77 	 time= 79.605113530159 min 	 lr= 0.0676737421889629 	 loss= 0.4940207945111463 	 error= 17.01766304347826 percent
accuracy on test set = 77.90999805927277 percent
 
epoch= 78 	 time= 80.52673975626628 min 	 lr= 0.06693689601226462 	 loss= 0.49236780138271846 	 error= 16.841831841432224 percent
accuracy on test set = 78.09999787807465 percent
 
epoch= 79 	 time= 81.45386658112209 min 	 lr= 0.06619587090990751 	 loss= 0.48973764345773957 	 error= 16.625639377042766 percent
accuracy on test set = 78.74999809265137 percent
 
epoch= 80 	 time= 82.37828361590704 min 	 lr= 0.06545084971874741 	 loss= 0.494487946371898 	 error= 16.934942452194136 percent
accuracy on test set = 79.1299979686737 percent
 
epoch= 81 	 time= 83.29873767296473 min 	 lr= 0.06470201626161524 	 loss= 0.48484944115819223 	 error= 16.714354213851188 percent
accuracy on test set = 77.65999788045883 percent
 
epoch= 82 	 time= 84.22724209229152 min 	 lr= 0.06394955530196152 	 loss= 0.48068449099350463 	 error= 16.314737845564743 percent
accuracy on test set = 78.59999781847 percent
 
epoch= 83 	 time= 85.15025823116302 min 	 lr= 0.06319365249826868 	 loss= 0.47636726833975224 	 error= 16.330322890025574 percent
accuracy on test set = 79.8799979686737 percent
 
epoch= 84 	 time= 86.07857274611791 min 	 lr= 0.06243449435824277 	 loss= 0.4823080436957767 	 error= 16.581281966260633 percent
accuracy on test set = 77.37999820709229 percent
 
epoch= 85 	 time= 86.98698530594508 min 	 lr= 0.06167226819279532 	 loss= 0.46781334273345637 	 error= 15.998241678833047 percent
accuracy on test set = 79.02999782562256 percent
 
epoch= 86 	 time= 87.91098868846893 min 	 lr= 0.06090716206982718 	 loss= 0.4660247683220202 	 error= 15.865169431242492 percent
accuracy on test set = 79.55999797582626 percent
 
epoch= 87 	 time= 88.83409436146418 min 	 lr= 0.06013936476782568 	 loss= 0.47568759146858663 	 error= 16.282368925831204 percent
accuracy on test set = 79.19999819993973 percent
 
epoch= 88 	 time= 89.7459794720014 min 	 lr= 0.05936906572928629 	 loss= 0.4640412678194168 	 error= 16.03860294117647 percent
accuracy on test set = 77.35999798774719 percent
 
epoch= 89 	 time= 90.665433772405 min 	 lr= 0.05859645501397052 	 loss= 0.4668670243314465 	 error= 16.154092062464763 percent
accuracy on test set = 78.89999777078629 percent
 
epoch= 90 	 time= 91.58102531035742 min 	 lr= 0.05782172325201159 	 loss= 0.4658251110550083 	 error= 16.014226333564505 percent
accuracy on test set = 79.799997985363 percent
 
epoch= 91 	 time= 92.48535556793213 min 	 lr= 0.057045061596879186 	 loss= 0.4662929566010185 	 error= 16.118526214833757 percent
accuracy on test set = 79.92999804019928 percent
 
epoch= 92 	 time= 93.40046187639237 min 	 lr= 0.056266661678215264 	 loss= 0.4588472641185117 	 error= 15.797634274148574 percent
accuracy on test set = 78.25999790430069 percent
 
epoch= 93 	 time= 94.32280710935592 min 	 lr= 0.055486715554552306 	 loss= 0.4605395790103756 	 error= 15.8048273657289 percent
accuracy on test set = 79.60999792814255 percent
 
epoch= 94 	 time= 95.2369229833285 min 	 lr= 0.05470541566592575 	 loss= 0.4518656455494864 	 error= 15.33248081536549 percent
accuracy on test set = 80.1399981379509 percent
 
epoch= 95 	 time= 96.16444805463155 min 	 lr= 0.05392295478639229 	 loss= 0.44720555277889035 	 error= 15.420796026659133 percent
accuracy on test set = 80.38999801874161 percent
 
epoch= 96 	 time= 97.09828805526098 min 	 lr= 0.05313952597646571 	 loss= 0.44640144713394475 	 error= 15.418398334547076 percent
accuracy on test set = 79.07999765872955 percent
 
epoch= 97 	 time= 98.02296081781387 min 	 lr= 0.05235532253548216 	 loss= 0.44811282575587785 	 error= 15.28292837960031 percent
accuracy on test set = 79.3699980378151 percent
 
epoch= 98 	 time= 98.9459440310796 min 	 lr= 0.051570537953906447 	 loss= 0.44090231018298115 	 error= 14.930866365237613 percent
accuracy on test set = 80.56999802589417 percent
 
epoch= 99 	 time= 99.87219777504603 min 	 lr= 0.05078536586559106 	 loss= 0.43332693876360384 	 error= 14.889306256838161 percent
accuracy on test set = 80.37999784946442 percent
 
epoch= 100 	 time= 100.7944518327713 min 	 lr= 0.050000000000000024 	 loss= 0.4381483367946752 	 error= 15.046355501770059 percent
accuracy on test set = 80.08999788761139 percent
 
epoch= 101 	 time= 101.71749673684438 min 	 lr= 0.049214634134409 	 loss= 0.4322486652437683 	 error= 14.69669117951942 percent
accuracy on test set = 79.71999794244766 percent
 
epoch= 102 	 time= 102.63782450358073 min 	 lr= 0.04842946204609361 	 loss= 0.43148033560999216 	 error= 14.713874680306905 percent
accuracy on test set = 79.58999800682068 percent
 
epoch= 103 	 time= 103.55939288536707 min 	 lr= 0.04764467746451789 	 loss= 0.4342308757478929 	 error= 14.93006712945221 percent
accuracy on test set = 79.4299978017807 percent
 
epoch= 104 	 time= 104.48493657509486 min 	 lr= 0.046860474023534354 	 loss= 0.42589602057281356 	 error= 14.681905370843989 percent
accuracy on test set = 79.45999801158905 percent
 
epoch= 105 	 time= 105.39758799473445 min 	 lr= 0.04607704521360778 	 loss= 0.42461647851692746 	 error= 14.739450118730746 percent
accuracy on test set = 81.06999784708023 percent
 
epoch= 106 	 time= 106.32438366413116 min 	 lr= 0.04529458433407431 	 loss= 0.4276439142806451 	 error= 14.861732736572892 percent
accuracy on test set = 80.84999775886536 percent
 
epoch= 107 	 time= 107.24698818127314 min 	 lr= 0.04451328444544776 	 loss= 0.4192622326447836 	 error= 14.501278769329687 percent
accuracy on test set = 80.96999818086624 percent
 
epoch= 108 	 time= 108.16385728120804 min 	 lr= 0.04373333832178482 	 loss= 0.4107099672793732 	 error= 13.984574808184144 percent
accuracy on test set = 80.33999818563461 percent
 
epoch= 109 	 time= 109.0898089925448 min 	 lr= 0.0429549384031209 	 loss= 0.40858015757235117 	 error= 14.245124683355737 percent
accuracy on test set = 81.51999777555466 percent
 
epoch= 110 	 time= 110.01571606794992 min 	 lr= 0.042178276747988484 	 loss= 0.41231088065887656 	 error= 14.101262790772617 percent
accuracy on test set = 78.89999824762344 percent
 
epoch= 111 	 time= 110.93201031287511 min 	 lr= 0.04140354498602954 	 loss= 0.4021871841853232 	 error= 14.042519181585678 percent
accuracy on test set = 81.37999790906906 percent
 
epoch= 112 	 time= 111.85798007647196 min 	 lr= 0.0406309342707138 	 loss= 0.4022427258436637 	 error= 13.987372125810978 percent
accuracy on test set = 80.05999797582626 percent
 
epoch= 113 	 time= 112.7796328663826 min 	 lr= 0.03986063523217441 	 loss= 0.39675254845405783 	 error= 13.55898337595908 percent
accuracy on test set = 79.93999797105789 percent
 
epoch= 114 	 time= 113.69854875405629 min 	 lr= 0.039092837930172916 	 loss= 0.39672925931108577 	 error= 13.513427103876763 percent
accuracy on test set = 81.12999790906906 percent
 
epoch= 115 	 time= 114.61897581418356 min 	 lr= 0.03832773180720475 	 loss= 0.3913007272631311 	 error= 13.403932228112769 percent
accuracy on test set = 81.13999789953232 percent
 
epoch= 116 	 time= 115.5309798002243 min 	 lr= 0.037565505641757285 	 loss= 0.392980820039654 	 error= 13.523817138598703 percent
accuracy on test set = 82.88999772071838 percent
 
epoch= 117 	 time= 116.43770453135173 min 	 lr= 0.03680634750173138 	 loss= 0.3807345466388156 	 error= 13.079044108500565 percent
accuracy on test set = 81.4199977517128 percent
 
epoch= 118 	 time= 117.35097794532776 min 	 lr= 0.036050444698038565 	 loss= 0.38513744574830966 	 error= 13.347186700767264 percent
accuracy on test set = 81.87999749183655 percent
 
epoch= 119 	 time= 118.26071248054504 min 	 lr= 0.03529798373838483 	 loss= 0.3757827068914843 	 error= 12.93917837960031 percent
accuracy on test set = 81.36999815702438 percent
 
epoch= 120 	 time= 119.1674603064855 min 	 lr= 0.03454915028125267 	 loss= 0.3735714111562885 	 error= 12.87444054013323 percent
accuracy on test set = 82.07999777793884 percent
 
epoch= 121 	 time= 120.08794206778208 min 	 lr= 0.03380412909009255 	 loss= 0.3685730616454883 	 error= 12.661844629156011 percent
accuracy on test set = 80.5599974989891 percent
 
epoch= 122 	 time= 121.00693840583166 min 	 lr= 0.03306310398773545 	 loss= 0.3586274181180598 	 error= 12.413682855303636 percent
accuracy on test set = 82.30999785661697 percent
 
epoch= 123 	 time= 121.92683253288268 min 	 lr= 0.03232625781103717 	 loss= 0.36828953740389453 	 error= 12.869645140664963 percent
accuracy on test set = 82.0899977684021 percent
 
epoch= 124 	 time= 122.85025920470555 min 	 lr= 0.03159377236576613 	 loss= 0.35730338611108875 	 error= 12.279411761657052 percent
accuracy on test set = 82.22999799251556 percent
 
epoch= 125 	 time= 123.76760158141454 min 	 lr= 0.030865828381745543 	 loss= 0.3582316498317377 	 error= 12.336556899273182 percent
accuracy on test set = 83.37999814748764 percent
 
epoch= 126 	 time= 124.68850911060969 min 	 lr= 0.03014260546826098 	 loss= 0.3512566810678643 	 error= 12.16472186091001 percent
accuracy on test set = 82.60999757051468 percent
 
epoch= 127 	 time= 125.61805887619654 min 	 lr= 0.02942428206974458 	 loss= 0.34802134053024186 	 error= 11.92455242966752 percent
accuracy on test set = 82.6299974322319 percent
 
epoch= 128 	 time= 126.52955878178278 min 	 lr= 0.028711035421746387 	 loss= 0.3456014313585008 	 error= 11.715952682373164 percent
accuracy on test set = 83.07999807596207 percent
 
epoch= 129 	 time= 127.4516706109047 min 	 lr= 0.02800304150720426 	 loss= 0.3418523891807517 	 error= 11.700367637912331 percent
accuracy on test set = 80.94999778270721 percent
 
epoch= 130 	 time= 128.37615201473236 min 	 lr= 0.02730047501302268 	 loss= 0.3420056130193993 	 error= 11.775095901830728 percent
accuracy on test set = 83.3699979186058 percent
 
epoch= 131 	 time= 129.28828996419907 min 	 lr= 0.026603509286971357 	 loss= 0.3333360849286589 	 error= 11.644021736081605 percent
accuracy on test set = 82.40999764204025 percent
 
epoch= 132 	 time= 130.20548547108967 min 	 lr= 0.025912316294914244 	 loss= 0.327666310093287 	 error= 11.190057547805864 percent
accuracy on test set = 83.38999801874161 percent
 
epoch= 133 	 time= 131.13092953364054 min 	 lr= 0.025227066578379632 	 loss= 0.3215856248003138 	 error= 11.058184146271337 percent
accuracy on test set = 82.82999783754349 percent
 
epoch= 134 	 time= 132.04227359692257 min 	 lr= 0.024547929212481445 	 loss= 0.32028961661831495 	 error= 10.914322253688217 percent
accuracy on test set = 83.43999773263931 percent
 
epoch= 135 	 time= 132.96652716795603 min 	 lr= 0.02387507176420257 	 loss= 0.3173866893934167 	 error= 10.96027813604116 percent
accuracy on test set = 83.799997985363 percent
 
epoch= 136 	 time= 133.88844831784567 min 	 lr= 0.023208660251050166 	 loss= 0.3075795112668401 	 error= 10.610613813790518 percent
accuracy on test set = 84.67999815940857 percent
 
epoch= 137 	 time= 134.8029558579127 min 	 lr= 0.022548859100093414 	 loss= 0.3077229869640087 	 error= 10.642183497738655 percent
accuracy on test set = 83.52999770641327 percent
 
epoch= 138 	 time= 135.72090340058008 min 	 lr= 0.021895831107393474 	 loss= 0.3074692628344002 	 error= 10.525895140664963 percent
accuracy on test set = 83.84999793767929 percent
 
epoch= 139 	 time= 136.63774939775467 min 	 lr= 0.02124973739783608 	 loss= 0.30073226462392244 	 error= 10.352861256245761 percent
accuracy on test set = 83.84999769926071 percent
 
epoch= 140 	 time= 137.5528431693713 min 	 lr= 0.02061073738537636 	 loss= 0.29813832383783884 	 error= 10.222586311037889 percent
accuracy on test set = 84.26999801397324 percent
 
epoch= 141 	 time= 138.4761155883471 min 	 lr= 0.019978988733705814 	 loss= 0.29116410866875175 	 error= 10.12348145475168 percent
accuracy on test set = 84.2099979519844 percent
 
epoch= 142 	 time= 139.4019980589549 min 	 lr= 0.01935464731735118 	 loss= 0.29012419790258187 	 error= 10.063538999508715 percent
accuracy on test set = 83.9399978518486 percent
 
epoch= 143 	 time= 140.31480717261633 min 	 lr= 0.018737867183214747 	 loss= 0.2842333984687505 	 error= 9.842950761165765 percent
accuracy on test set = 84.99999797344208 percent
 
epoch= 144 	 time= 141.23888583580654 min 	 lr= 0.01812880051256552 	 loss= 0.2778381833716122 	 error= 9.665121477278298 percent
accuracy on test set = 84.99999797344208 percent
 
epoch= 145 	 time= 142.14917744000752 min 	 lr= 0.017527597583490827 	 loss= 0.2689152421320186 	 error= 9.239130434782608 percent
accuracy on test set = 84.6799983382225 percent
 
epoch= 146 	 time= 143.03064436117808 min 	 lr= 0.01693440673381742 	 loss= 0.26549672657419043 	 error= 9.190377234802831 percent
accuracy on test set = 84.89999788999557 percent
 
epoch= 147 	 time= 143.80469308694202 min 	 lr= 0.016349374324511334 	 loss= 0.2660438949456605 	 error= 9.10725703324808 percent
accuracy on test set = 84.57999777793884 percent
 
epoch= 148 	 time= 144.57483305533728 min 	 lr= 0.01577264470356557 	 loss= 0.2605783693168474 	 error= 8.905051141748647 percent
accuracy on test set = 84.70999801158905 percent
 
epoch= 149 	 time= 145.32803625265757 min 	 lr= 0.01520436017038429 	 loss= 0.2555995970164114 	 error= 8.913043469114376 percent
accuracy on test set = 85.0399980545044 percent
 
epoch= 150 	 time= 146.07751694520314 min 	 lr= 0.014644660940672632 	 loss= 0.24994811524286906 	 error= 8.606937337104622 percent
accuracy on test set = 84.85999768972397 percent
 
epoch= 151 	 time= 146.81969091892242 min 	 lr= 0.01409368511184057 	 loss= 0.2403374203788045 	 error= 8.312420070628681 percent
accuracy on test set = 85.00999808311462 percent
 
epoch= 152 	 time= 147.5753336906433 min 	 lr= 0.013551568628929438 	 loss= 0.23550439151504154 	 error= 8.184942458291799 percent
accuracy on test set = 85.24999791383743 percent
 
epoch= 153 	 time= 148.32273074785869 min 	 lr= 0.013018445251069516 	 loss= 0.2393437581294028 	 error= 8.343989769820972 percent
accuracy on test set = 86.13999772071838 percent
 
epoch= 154 	 time= 149.0681312998136 min 	 lr= 0.012494446518477026 	 loss= 0.22908944468897627 	 error= 7.887627874189021 percent
accuracy on test set = 85.0299978852272 percent
 
epoch= 155 	 time= 149.81928981939953 min 	 lr= 0.011979701719998459 	 loss= 0.22259503355264054 	 error= 7.663842707948612 percent
accuracy on test set = 85.91999793052673 percent
 
epoch= 156 	 time= 150.5693054397901 min 	 lr= 0.011474337861210548 	 loss= 0.22069000845293865 	 error= 7.625079917175995 percent
accuracy on test set = 85.68999773263931 percent
 
epoch= 157 	 time= 151.30651313463846 min 	 lr= 0.010978479633083526 	 loss= 0.21343171577471906 	 error= 7.472426461441742 percent
accuracy on test set = 84.5699976682663 percent
 
epoch= 158 	 time= 152.07968902985255 min 	 lr= 0.010492249381215483 	 loss= 0.20664299521452326 	 error= 7.053628510526379 percent
accuracy on test set = 85.71999788284302 percent
 
epoch= 159 	 time= 152.84685238599778 min 	 lr= 0.010015767075645474 	 loss= 0.19986742662499324 	 error= 6.954523654240171 percent
accuracy on test set = 85.51999801397324 percent
 
epoch= 160 	 time= 153.5902399023374 min 	 lr= 0.009549150281252637 	 loss= 0.19667554776305737 	 error= 6.6492167427716655 percent
accuracy on test set = 86.00999790430069 percent
 
epoch= 161 	 time= 154.33172011375427 min 	 lr= 0.00909251412874884 	 loss= 0.19031344967729905 	 error= 6.586476985146017 percent
accuracy on test set = 85.7699978351593 percent
 
epoch= 162 	 time= 155.0751326640447 min 	 lr= 0.008645971286271918 	 loss= 0.18856179641793147 	 error= 6.560901531478024 percent
accuracy on test set = 85.84999805688858 percent
 
epoch= 163 	 time= 155.81867304642995 min 	 lr= 0.008209631931586501 	 loss= 0.1815147093494835 	 error= 6.291160482884672 percent
accuracy on test set = 85.9399978518486 percent
 
epoch= 164 	 time= 156.561212348938 min 	 lr= 0.0077836037248992605 	 loss= 0.17257576498686505 	 error= 5.87555945986677 percent
accuracy on test set = 87.17999792098999 percent
 
epoch= 165 	 time= 157.30458661317826 min 	 lr= 0.0073679917822954055 	 loss= 0.16865983931228634 	 error= 5.863570968818177 percent
accuracy on test set = 86.80999797582626 percent
 
epoch= 166 	 time= 158.04564653635026 min 	 lr= 0.006962898649802815 	 loss= 0.160830509794109 	 error= 5.555866365237614 percent
accuracy on test set = 86.22999793291092 percent
 
epoch= 167 	 time= 158.789248363177 min 	 lr= 0.006568424278090438 	 loss= 0.15693080825421513 	 error= 5.443574171846785 percent
accuracy on test set = 86.5999983549118 percent
 
epoch= 168 	 time= 159.53201617797217 min 	 lr= 0.006184665997806824 	 loss= 0.1529673559357748 	 error= 5.252157925339916 percent
accuracy on test set = 86.08999752998352 percent
 
epoch= 169 	 time= 160.27347642978032 min 	 lr= 0.00581171849556533 	 loss= 0.14682348975745005 	 error= 5.0547474333087505 percent
accuracy on test set = 86.86999785900116 percent
 
epoch= 170 	 time= 161.0147816936175 min 	 lr= 0.0054496737905816136 	 loss= 0.13946314110322985 	 error= 4.807384910485934 percent
accuracy on test set = 87.28999811410904 percent
 
epoch= 171 	 time= 161.75797518491746 min 	 lr= 0.005098621211969226 	 loss= 0.13267170036654644 	 error= 4.580003190833285 percent
accuracy on test set = 87.1099978685379 percent
 
epoch= 172 	 time= 162.49592883586882 min 	 lr= 0.004758647376699035 	 loss= 0.13077781965856053 	 error= 4.535246154536372 percent
accuracy on test set = 86.62999802827835 percent
 
epoch= 173 	 time= 163.23471239407857 min 	 lr= 0.00442983616822775 	 loss= 0.12290881323578108 	 error= 4.251118922782371 percent
accuracy on test set = 87.39999777078629 percent
 
epoch= 174 	 time= 163.97468900680542 min 	 lr= 0.004112268715800957 	 loss= 0.1188068324437989 	 error= 4.157209076235056 percent
accuracy on test set = 87.79999774694443 percent
 
epoch= 175 	 time= 164.7154200196266 min 	 lr= 0.003806023374435677 	 loss= 0.11163917996580033 	 error= 3.8243286445012785 percent
accuracy on test set = 87.85999780893326 percent
 
epoch= 176 	 time= 165.4554216225942 min 	 lr= 0.003511175705587435 	 loss= 0.10261674307267685 	 error= 3.5098305596110158 percent
accuracy on test set = 87.71999806165695 percent
 
epoch= 177 	 time= 166.1914073228836 min 	 lr= 0.0032277984585066333 	 loss= 0.10345670334099198 	 error= 3.473465476194611 percent
accuracy on test set = 87.9299978017807 percent
 
epoch= 178 	 time= 166.99994653860728 min 	 lr= 0.002955961552288729 	 loss= 0.09692337777932435 	 error= 3.3000319662606317 percent
accuracy on test set = 87.70999777317047 percent
 
epoch= 179 	 time= 167.81070386568706 min 	 lr= 0.0026957320586227366 	 loss= 0.09131954322137949 	 error= 3.1002237821174097 percent
accuracy on test set = 87.879998087883 percent
 
epoch= 180 	 time= 168.54612514575322 min 	 lr= 0.002447174185242325 	 loss= 0.08800428887576703 	 error= 2.946771090597753 percent
accuracy on test set = 87.88999795913696 percent
 
epoch= 181 	 time= 169.28243484099707 min 	 lr= 0.0022103492600834954 	 loss= 0.0833265239853993 	 error= 2.7769341340760136 percent
accuracy on test set = 87.59999781847 percent
 
epoch= 182 	 time= 170.01739263137182 min 	 lr= 0.0019853157161528537 	 loss= 0.07939089697492702 	 error= 2.6354699488491047 percent
accuracy on test set = 88.25999820232391 percent
 
epoch= 183 	 time= 170.75685189962388 min 	 lr= 0.001772129077110103 	 loss= 0.07454145561589305 	 error= 2.4944053738928207 percent
accuracy on test set = 87.55999779701233 percent
 
epoch= 184 	 time= 171.4949868162473 min 	 lr= 0.0015708419435684529 	 loss= 0.07066068108029225 	 error= 2.3273657197537627 percent
accuracy on test set = 88.35999834537506 percent
 
epoch= 185 	 time= 172.2349489927292 min 	 lr= 0.0013815039801161732 	 loss= 0.06759460390452533 	 error= 2.2174712184749907 percent
accuracy on test set = 88.18999773263931 percent
 
epoch= 186 	 time= 172.97144229014714 min 	 lr= 0.0012041619030626347 	 loss= 0.06573825985517191 	 error= 2.0919916879795397 percent
accuracy on test set = 88.1899978518486 percent
 
epoch= 187 	 time= 173.71264002720514 min 	 lr= 0.0010388594689117077 	 loss= 0.05945711347567456 	 error= 1.868606132009755 percent
accuracy on test set = 88.24999821186066 percent
 
epoch= 188 	 time= 174.45263381799063 min 	 lr= 0.0008856374635655645 	 loss= 0.058420482132097946 	 error= 1.8626118864854584 percent
accuracy on test set = 88.12999790906906 percent
 
epoch= 189 	 time= 175.20293677250544 min 	 lr= 0.000744533692261307 	 loss= 0.059134187924739956 	 error= 1.9217551059430213 percent
accuracy on test set = 88.09999805688858 percent
 
epoch= 190 	 time= 175.94429293870925 min 	 lr= 0.0006155829702431174 	 loss= 0.055123516494203405 	 error= 1.7163523017902815 percent
accuracy on test set = 88.17999815940857 percent
 
epoch= 191 	 time= 176.68499843676884 min 	 lr= 0.0004988171141721235 	 loss= 0.052934288445031244 	 error= 1.6276374649818595 percent
accuracy on test set = 88.19999808073044 percent
 
epoch= 192 	 time= 177.42495753765107 min 	 lr= 0.00039426493427611206 	 loss= 0.05186353891116122 	 error= 1.613650892091834 percent
accuracy on test set = 88.26999789476395 percent
 
epoch= 193 	 time= 178.16640002330143 min 	 lr= 0.00030195222724102046 	 loss= 0.050918509869281287 	 error= 1.5904731457800512 percent
accuracy on test set = 88.2899979352951 percent
 
epoch= 194 	 time= 178.90689287583032 min 	 lr= 0.00022190176984600036 	 loss= 0.04861419418316973 	 error= 1.5097506363373583 percent
accuracy on test set = 88.3199982047081 percent
 
epoch= 195 	 time= 179.6495903968811 min 	 lr= 0.00015413331334360192 	 loss= 0.04954882631140292 	 error= 1.566895773953489 percent
accuracy on test set = 88.24999815225601 percent
 
epoch= 196 	 time= 180.39035787979762 min 	 lr= 9.866357858642213e-05 	 loss= 0.048295721306901455 	 error= 1.469788999508714 percent
accuracy on test set = 88.27999818325043 percent
 
epoch= 197 	 time= 181.13244024117787 min 	 lr= 5.5506251901504864e-05 	 loss= 0.047509146711367474 	 error= 1.3598944982299415 percent
accuracy on test set = 88.24999803304672 percent
 
epoch= 198 	 time= 181.87254989147186 min 	 lr= 2.4671981713420017e-05 	 loss= 0.04889337342146717 	 error= 1.5017583089716295 percent
accuracy on test set = 88.25999796390533 percent
 
epoch= 199 	 time= 182.61154827276866 min 	 lr= 6.168375916970619e-06 	 loss= 0.04800232245451044 	 error= 1.4737851631915784 percent
accuracy on test set = 88.24999791383743 percent
 
