nohup: ignoring input
Namespace(epoch=200, lr=0.05, model='mobilenetv2', noise=None, resume=False, root='./data', type='train')
test mean and std: [tensor(0.4942), tensor(0.4851), tensor(0.4504)] [tensor(0.2467), tensor(0.2429), tensor(0.2616)]
train mean and std: [tensor(0.4914), tensor(0.4822), tensor(0.4465)] [tensor(0.2470), tensor(0.2435), tensor(0.2616)]
[33mThe trained model will be saved in: outputs/mobilenetv2/lr=0.01[0m
epoch= 0 	 time= 0.8490573724110921 min 	 lr= 0.05 	 loss= 1.6048063347711587 	 error= 57.98233695652174 percent
accuracy on test set = 52.40999907255173 percent
 
epoch= 1 	 time= 1.7805371244748434 min 	 lr= 0.04999691581204152 	 loss= 1.0685938554041832 	 error= 38.046275578496406 percent
accuracy on test set = 62.769998610019684 percent
 
epoch= 2 	 time= 2.710945161183675 min 	 lr= 0.04998766400914329 	 loss= 0.8428559699631712 	 error= 29.655131065022307 percent
accuracy on test set = 70.4399983882904 percent
 
epoch= 3 	 time= 3.6411121527353925 min 	 lr= 0.049972246874049255 	 loss= 0.7093454524684135 	 error= 24.759830553513353 percent
accuracy on test set = 72.38999819755554 percent
 
epoch= 4 	 time= 4.572434949874878 min 	 lr= 0.049950668210706796 	 loss= 0.6357584777847886 	 error= 22.117567138598705 percent
accuracy on test set = 75.4899982213974 percent
 
epoch= 5 	 time= 5.5015168269475305 min 	 lr= 0.04992293334332821 	 loss= 0.5910205821247052 	 error= 20.29132033552965 percent
accuracy on test set = 76.14999812841415 percent
 
epoch= 6 	 time= 6.429154026508331 min 	 lr= 0.04988904911507701 	 loss= 0.5490519975304908 	 error= 18.83951405734967 percent
accuracy on test set = 76.18999791145325 percent
 
epoch= 7 	 time= 7.359564224878947 min 	 lr= 0.049849023886379504 	 loss= 0.52284998204702 	 error= 18.103021093646586 percent
accuracy on test set = 77.15999811887741 percent
 
epoch= 8 	 time= 8.28528898159663 min 	 lr= 0.04980286753286196 	 loss= 0.5043202518959484 	 error= 17.384111256245763 percent
accuracy on test set = 79.56999802589417 percent
 
epoch= 9 	 time= 9.21323523124059 min 	 lr= 0.049750591442913945 	 loss= 0.47808446984766695 	 error= 16.32193093714507 percent
accuracy on test set = 79.88999807834625 percent
 
epoch= 10 	 time= 10.140749001502991 min 	 lr= 0.049692208514878454 	 loss= 0.4648982609248222 	 error= 16.043797950915366 percent
accuracy on test set = 79.83999806642532 percent
 
epoch= 11 	 time= 11.060364874204 min 	 lr= 0.049627733153869355 	 loss= 0.45301441954987126 	 error= 15.57424871817879 percent
accuracy on test set = 81.74999779462814 percent
 
epoch= 12 	 time= 11.98498874505361 min 	 lr= 0.049557181268217225 	 loss= 0.4467788102376796 	 error= 15.281329923273656 percent
accuracy on test set = 80.48999792337418 percent
 
epoch= 13 	 time= 12.910651703675589 min 	 lr= 0.04948057026554415 	 loss= 0.44218526102240435 	 error= 15.34686699852614 percent
accuracy on test set = 80.2899980545044 percent
 
epoch= 14 	 time= 13.834479002157847 min 	 lr= 0.04939791904846869 	 loss= 0.42788736609851613 	 error= 14.652733379007909 percent
accuracy on test set = 80.16999781131744 percent
 
epoch= 15 	 time= 14.760952997207642 min 	 lr= 0.04930924800994192 	 loss= 0.4230626919461638 	 error= 14.41855817804556 percent
accuracy on test set = 80.77999806404114 percent
 
epoch= 16 	 time= 15.687615863482158 min 	 lr= 0.049214579028215785 	 loss= 0.4157284575578807 	 error= 14.166000630239697 percent
accuracy on test set = 81.07999801635742 percent
 
epoch= 17 	 time= 16.60565648476283 min 	 lr= 0.04911393546144496 	 loss= 0.41068987155814307 	 error= 14.071291563151133 percent
accuracy on test set = 79.88999772071838 percent
 
epoch= 18 	 time= 17.52586572567622 min 	 lr= 0.049007342141923586 	 loss= 0.4145890654962691 	 error= 14.256713548889548 percent
accuracy on test set = 82.75999808311462 percent
 
epoch= 19 	 time= 18.45274915297826 min 	 lr= 0.04889482536995826 	 loss= 0.4041811539541425 	 error= 13.677669440388984 percent
accuracy on test set = 80.85999810695648 percent
 
epoch= 20 	 time= 19.373290558656056 min 	 lr= 0.04877641290737885 	 loss= 0.4058545355296806 	 error= 13.865888743754237 percent
accuracy on test set = 82.76999777555466 percent
 
epoch= 21 	 time= 20.29923532406489 min 	 lr= 0.04865213397068864 	 loss= 0.4039479678930224 	 error= 13.837116362188784 percent
accuracy on test set = 80.66999763250351 percent
 
epoch= 22 	 time= 21.22797652085622 min 	 lr= 0.04852201922385564 	 loss= 0.40697461732513157 	 error= 13.988570971867006 percent
accuracy on test set = 81.79999768733978 percent
 
epoch= 23 	 time= 22.150726521015166 min 	 lr= 0.04838610077074669 	 loss= 0.40612059884973806 	 error= 13.95420395504788 percent
accuracy on test set = 81.95999777317047 percent
 
epoch= 24 	 time= 23.073402571678162 min 	 lr= 0.04824441214720629 	 loss= 0.3996375948571793 	 error= 13.737212270117173 percent
accuracy on test set = 82.58999764919281 percent
 
epoch= 25 	 time= 23.999310259024302 min 	 lr= 0.048096988312782175 	 loss= 0.403602323225697 	 error= 13.696051787232498 percent
accuracy on test set = 80.549997985363 percent
 
epoch= 26 	 time= 24.925933198134103 min 	 lr= 0.04794386564209953 	 loss= 0.39522174423765344 	 error= 13.588954603580564 percent
accuracy on test set = 81.09999805688858 percent
 
epoch= 27 	 time= 25.851078776518502 min 	 lr= 0.04778508191588613 	 loss= 0.39519293876865025 	 error= 13.539402167815382 percent
accuracy on test set = 81.85999828577042 percent
 
epoch= 28 	 time= 26.775540856520333 min 	 lr= 0.04762067631165049 	 loss= 0.40120714083504494 	 error= 13.923833117155773 percent
accuracy on test set = 81.70999765396118 percent
 
epoch= 29 	 time= 27.69812534650167 min 	 lr= 0.047450689394015394 	 loss= 0.39641606441849025 	 error= 13.692455233820258 percent
accuracy on test set = 81.50999784469604 percent
 
epoch= 30 	 time= 28.62351803382238 min 	 lr= 0.0472751631047092 	 loss= 0.3915371677988326 	 error= 13.408727612336882 percent
accuracy on test set = 82.37999784946442 percent
 
epoch= 31 	 time= 29.54955021540324 min 	 lr= 0.04709414075221735 	 loss= 0.3915716052970008 	 error= 13.43070651259264 percent
accuracy on test set = 81.81999802589417 percent
 
epoch= 32 	 time= 30.474170998732248 min 	 lr= 0.046907667001096595 	 loss= 0.39090814976893423 	 error= 13.44988811046571 percent
accuracy on test set = 82.01999795436859 percent
 
epoch= 33 	 time= 31.39388273159663 min 	 lr= 0.04671578786095479 	 loss= 0.38551771198697105 	 error= 13.193334398976983 percent
accuracy on test set = 82.0399979352951 percent
 
epoch= 34 	 time= 32.32383914788564 min 	 lr= 0.0465185506750986 	 loss= 0.37817445530763366 	 error= 12.952365731949087 percent
accuracy on test set = 81.39999783039093 percent
 
epoch= 35 	 time= 33.247132710615794 min 	 lr= 0.04631600410885232 	 loss= 0.3882348984479904 	 error= 13.301630428684946 percent
accuracy on test set = 82.16999769210815 percent
 
epoch= 36 	 time= 34.17079133987427 min 	 lr= 0.04610819813755039 	 loss= 0.3805052462365011 	 error= 13.147778126894666 percent
accuracy on test set = 82.6199980378151 percent
 
epoch= 37 	 time= 35.09222065210342 min 	 lr= 0.045895184034206775 	 loss= 0.3813051417508089 	 error= 13.13738810741688 percent
accuracy on test set = 81.63999801874161 percent
 
epoch= 38 	 time= 36.01296017964681 min 	 lr= 0.04567701435686406 	 loss= 0.3779152930545075 	 error= 12.903212906454531 percent
accuracy on test set = 82.48999792337418 percent
 
epoch= 39 	 time= 36.932638279596965 min 	 lr= 0.0454537429356256 	 loss= 0.38140102367266976 	 error= 13.0258951345673 percent
accuracy on test set = 82.16999781131744 percent
 
epoch= 40 	 time= 37.85558319091797 min 	 lr= 0.045225424859373704 	 loss= 0.37419824530858825 	 error= 12.774936058332242 percent
accuracy on test set = 81.64999800920486 percent
 
epoch= 41 	 time= 38.77775696516037 min 	 lr= 0.04499211646217729 	 loss= 0.3750803417638135 	 error= 12.975943088531494 percent
accuracy on test set = 82.79999774694443 percent
 
epoch= 42 	 time= 39.6964413523674 min 	 lr= 0.044753875309392274 	 loss= 0.37108609408063964 	 error= 12.807304978065783 percent
accuracy on test set = 81.15999788045883 percent
 
epoch= 43 	 time= 40.61888536214828 min 	 lr= 0.044510760183458266 	 loss= 0.3708538600169789 	 error= 12.764945649125082 percent
accuracy on test set = 81.22999793291092 percent
 
epoch= 44 	 time= 41.54525549809138 min 	 lr= 0.044262831069394756 	 loss= 0.3674742715514224 	 error= 12.711397049677037 percent
accuracy on test set = 82.4499980211258 percent
 
epoch= 45 	 time= 42.46423732837041 min 	 lr= 0.0440101491400008 	 loss= 0.368279504387275 	 error= 12.591512139191103 percent
accuracy on test set = 79.74999815225601 percent
 
epoch= 46 	 time= 43.38860855499903 min 	 lr= 0.043752776740761515 	 loss= 0.36360266202551017 	 error= 12.470028772378516 percent
accuracy on test set = 80.98999786376953 percent
 
epoch= 47 	 time= 44.310551977157594 min 	 lr= 0.04349077737446526 	 loss= 0.36843981877769655 	 error= 12.502797317626834 percent
accuracy on test set = 82.00999790430069 percent
 
epoch= 48 	 time= 45.222716649373375 min 	 lr= 0.043224215685535305 	 loss= 0.36495726321206984 	 error= 12.48201726342711 percent
accuracy on test set = 83.49999785423279 percent
 
epoch= 49 	 time= 46.147090725104015 min 	 lr= 0.04295315744407974 	 loss= 0.3536836419187848 	 error= 12.076806259886993 percent
accuracy on test set = 83.03999811410904 percent
 
epoch= 50 	 time= 47.07249828974406 min 	 lr= 0.0426776695296637 	 loss= 0.35859960687282444 	 error= 12.320572244541724 percent
accuracy on test set = 82.21999788284302 percent
 
epoch= 51 	 time= 47.98944572607676 min 	 lr= 0.04239781991480787 	 loss= 0.3578997699119856 	 error= 12.277813290086243 percent
accuracy on test set = 82.47999787330627 percent
 
epoch= 52 	 time= 48.91181714932124 min 	 lr= 0.04211367764821723 	 loss= 0.3532861814169628 	 error= 12.035645777002319 percent
accuracy on test set = 82.15999794006348 percent
 
epoch= 53 	 time= 49.83693233331044 min 	 lr= 0.04182531283774434 	 loss= 0.3602406121885685 	 error= 12.411684773462204 percent
accuracy on test set = 83.20999801158905 percent
 
epoch= 54 	 time= 50.75726387898127 min 	 lr= 0.041532796633091305 	 loss= 0.3503989503359246 	 error= 11.962915594925356 percent
accuracy on test set = 82.97999793291092 percent
 
epoch= 55 	 time= 51.67905871868133 min 	 lr= 0.0412362012082546 	 loss= 0.35359206814747635 	 error= 12.099184785657528 percent
accuracy on test set = 82.74999785423279 percent
 
epoch= 56 	 time= 52.60609616835912 min 	 lr= 0.04093559974371725 	 loss= 0.3508007197505068 	 error= 12.023657285953727 percent
accuracy on test set = 82.50999760627747 percent
 
epoch= 57 	 time= 53.52176638841629 min 	 lr= 0.04063106640839264 	 loss= 0.34520971390140026 	 error= 11.832640664961637 percent
accuracy on test set = 81.94999754428864 percent
 
epoch= 58 	 time= 54.445418894290924 min 	 lr= 0.04032267634132442 	 loss= 0.3463958355471911 	 error= 11.832640664961637 percent
accuracy on test set = 81.84999787807465 percent
 
epoch= 59 	 time= 55.36652493476868 min 	 lr= 0.040010505633147106 	 loss= 0.3406877947966461 	 error= 11.572890025575447 percent
accuracy on test set = 82.77999818325043 percent
 
epoch= 60 	 time= 56.28206827640533 min 	 lr= 0.03969463130731184 	 loss= 0.34785782494355955 	 error= 11.984894495181111 percent
accuracy on test set = 82.33999782800674 percent
 
epoch= 61 	 time= 57.20547081232071 min 	 lr= 0.03937513130108197 	 loss= 0.34501873078706013 	 error= 12.019661122270863 percent
accuracy on test set = 82.3699979186058 percent
 
epoch= 62 	 time= 58.13137528896332 min 	 lr= 0.03905208444630328 	 loss= 0.3335022365726778 	 error= 11.537324162700292 percent
accuracy on test set = 81.93999797105789 percent
 
epoch= 63 	 time= 59.05162030855815 min 	 lr= 0.038725570449953305 	 loss= 0.33964185024161475 	 error= 11.801870201554749 percent
accuracy on test set = 81.2199981212616 percent
 
epoch= 64 	 time= 59.974177312850955 min 	 lr= 0.03839566987447492 	 loss= 0.33729824545743214 	 error= 11.624040917667282 percent
accuracy on test set = 82.80999767780304 percent
 
epoch= 65 	 time= 60.9003364721934 min 	 lr= 0.03806246411789873 	 loss= 0.33142921046527757 	 error= 11.335517896715636 percent
accuracy on test set = 81.89999794960022 percent
 
epoch= 66 	 time= 61.72634063164393 min 	 lr= 0.037726035393759294 	 loss= 0.3352411714051386 	 error= 11.64641942819366 percent
accuracy on test set = 82.30999767780304 percent
 
epoch= 67 	 time= 62.52573734521866 min 	 lr= 0.0373864667108102 	 loss= 0.32751084837462285 	 error= 11.065377237851662 percent
accuracy on test set = 83.55999773740768 percent
 
epoch= 68 	 time= 63.33148871262868 min 	 lr= 0.03704384185254289 	 loss= 0.3356504909827581 	 error= 11.566895780051151 percent
accuracy on test set = 83.94999784231186 percent
 
epoch= 69 	 time= 64.13303108612696 min 	 lr= 0.03669824535651435 	 loss= 0.33153356306845577 	 error= 11.310342068562422 percent
accuracy on test set = 82.72999799251556 percent
 
epoch= 70 	 time= 64.92574925422669 min 	 lr= 0.03634976249348868 	 loss= 0.3273977521435379 	 error= 11.368286441963956 percent
accuracy on test set = 84.08999788761139 percent
 
epoch= 71 	 time= 65.72588804165522 min 	 lr= 0.03599847924639789 	 loss= 0.3204396847263931 	 error= 10.959878510526378 percent
accuracy on test set = 84.42999762296677 percent
 
epoch= 72 	 time= 66.52141493558884 min 	 lr= 0.03564448228912683 	 loss= 0.32384866399838186 	 error= 11.101742321268066 percent
accuracy on test set = 84.57999789714813 percent
 
epoch= 73 	 time= 67.32123559713364 min 	 lr= 0.03528785896512774 	 loss= 0.3221869119597823 	 error= 10.967071602106703 percent
accuracy on test set = 83.33999806642532 percent
 
epoch= 74 	 time= 68.11248136758805 min 	 lr= 0.03492869726586953 	 loss= 0.321078861537187 	 error= 11.034606774444775 percent
accuracy on test set = 82.97999793291092 percent
 
epoch= 75 	 time= 68.90429319143296 min 	 lr= 0.03456708580912726 	 loss= 0.3166018208426893 	 error= 11.032608692603343 percent
accuracy on test set = 83.45999801158905 percent
 
epoch= 76 	 time= 69.6989825685819 min 	 lr= 0.03420311381711697 	 loss= 0.3205437783313834 	 error= 11.011029402618213 percent
accuracy on test set = 84.04999786615372 percent
 
epoch= 77 	 time= 70.49195309877396 min 	 lr= 0.03383687109448145 	 loss= 0.3149857126614627 	 error= 10.726902170864212 percent
accuracy on test set = 83.56999796628952 percent
 
epoch= 78 	 time= 71.28717774947485 min 	 lr= 0.03346844800613231 	 loss= 0.3055792799614884 	 error= 10.491128513575209 percent
accuracy on test set = 83.149997651577 percent
 
epoch= 79 	 time= 72.08216117223104 min 	 lr= 0.03309793545495376 	 loss= 0.3117826638166862 	 error= 10.847586317135551 percent
accuracy on test set = 83.57999783754349 percent
 
epoch= 80 	 time= 72.87876584529877 min 	 lr= 0.03272542485937371 	 loss= 0.30831255094931864 	 error= 10.552669440388984 percent
accuracy on test set = 84.45999801158905 percent
 
epoch= 81 	 time= 73.68004666964212 min 	 lr= 0.03235100813080762 	 loss= 0.30144676558501887 	 error= 10.356457794413847 percent
accuracy on test set = 83.94999814033508 percent
 
epoch= 82 	 time= 74.47482425371805 min 	 lr= 0.03197477765098076 	 loss= 0.3043762330737565 	 error= 10.455962276214834 percent
accuracy on test set = 83.34999793767929 percent
 
epoch= 83 	 time= 75.27323241233826 min 	 lr= 0.03159682624913434 	 loss= 0.3005381378600055 	 error= 10.40001598465473 percent
accuracy on test set = 84.05999791622162 percent
 
epoch= 84 	 time= 76.07279144128164 min 	 lr= 0.031217247179121384 	 loss= 0.29561192932945995 	 error= 10.107496800020224 percent
accuracy on test set = 84.26999765634537 percent
 
epoch= 85 	 time= 76.87160969575247 min 	 lr= 0.03083613409639766 	 loss= 0.29860152791985467 	 error= 10.383631704408494 percent
accuracy on test set = 84.05999803543091 percent
 
epoch= 86 	 time= 77.66926648616791 min 	 lr= 0.03045358103491359 	 loss= 0.29576106769654453 	 error= 10.344469303365255 percent
accuracy on test set = 85.63999819755554 percent
 
epoch= 87 	 time= 78.4716430425644 min 	 lr= 0.03006968238391284 	 loss= 0.2960408252599599 	 error= 10.218190537084398 percent
accuracy on test set = 83.90999776124954 percent
 
epoch= 88 	 time= 79.2749278306961 min 	 lr= 0.029684532864643145 	 loss= 0.2884870610197487 	 error= 9.953644498229941 percent
accuracy on test set = 83.84999793767929 percent
 
epoch= 89 	 time= 80.07496920426686 min 	 lr= 0.02929822750698526 	 loss= 0.2916966808955078 	 error= 10.003196933995122 percent
accuracy on test set = 84.5899977684021 percent
 
epoch= 90 	 time= 80.88001019954682 min 	 lr= 0.028910861626005795 	 loss= 0.28127161655432126 	 error= 9.751038996459883 percent
accuracy on test set = 83.6699977517128 percent
 
epoch= 91 	 time= 81.67489251295726 min 	 lr= 0.028522530798439593 	 loss= 0.2876563286003859 	 error= 9.864130425636116 percent
accuracy on test set = 84.68999809026718 percent
 
epoch= 92 	 time= 82.48290472428003 min 	 lr= 0.028133330839107632 	 loss= 0.2804884827502853 	 error= 9.836556905370845 percent
accuracy on test set = 84.16999781131744 percent
 
epoch= 93 	 time= 83.27762666543325 min 	 lr= 0.027743357777276153 	 loss= 0.27957186209576207 	 error= 9.640744884910486 percent
accuracy on test set = 84.68999797105789 percent
 
epoch= 94 	 time= 84.07266328732173 min 	 lr= 0.027352707832962876 	 loss= 0.2792121198247461 	 error= 9.586796675191815 percent
accuracy on test set = 83.56999790668488 percent
 
epoch= 95 	 time= 84.86928846438725 min 	 lr= 0.026961477393196143 	 loss= 0.2730659941959259 	 error= 9.5480338844192 percent
accuracy on test set = 84.08999794721603 percent
 
epoch= 96 	 time= 85.66442133982976 min 	 lr= 0.026569762988232853 	 loss= 0.269214326463392 	 error= 9.301470582137632 percent
accuracy on test set = 84.43999797105789 percent
 
epoch= 97 	 time= 86.45916290283203 min 	 lr= 0.02617766126774108 	 loss= 0.27018551246436967 	 error= 9.307864453176707 percent
accuracy on test set = 84.10999763011932 percent
 
epoch= 98 	 time= 87.25662235418956 min 	 lr= 0.025785268976953223 	 loss= 0.2690653922155385 	 error= 9.331441809759115 percent
accuracy on test set = 84.28999769687653 percent
 
epoch= 99 	 time= 88.04731888373693 min 	 lr= 0.02539268293279553 	 loss= 0.2669798191398611 	 error= 9.234734645584965 percent
accuracy on test set = 83.35999780893326 percent
 
epoch= 100 	 time= 88.84706058502198 min 	 lr= 0.025000000000000012 	 loss= 0.25918744207190736 	 error= 8.966592068562422 percent
accuracy on test set = 84.58999806642532 percent
 
epoch= 101 	 time= 89.64008083343506 min 	 lr= 0.0246073170672045 	 loss= 0.26199515945161395 	 error= 9.028132995376197 percent
accuracy on test set = 84.13999795913696 percent
 
epoch= 102 	 time= 90.43610456387202 min 	 lr= 0.024214731023046804 	 loss= 0.2563898442765636 	 error= 8.938219312511746 percent
accuracy on test set = 85.02999794483185 percent
 
epoch= 103 	 time= 91.23329702218373 min 	 lr= 0.023822338732258946 	 loss= 0.25613209304144924 	 error= 8.846707158076489 percent
accuracy on test set = 85.30999791622162 percent
 
epoch= 104 	 time= 92.02903431256613 min 	 lr= 0.023430237011767177 	 loss= 0.2523137560433439 	 error= 8.652093983672158 percent
accuracy on test set = 84.36999768018723 percent
 
epoch= 105 	 time= 92.82662434180578 min 	 lr= 0.02303852260680389 	 loss= 0.2477552772825941 	 error= 8.50343669162077 percent
accuracy on test set = 85.43999797105789 percent
 
epoch= 106 	 time= 93.618490199248 min 	 lr= 0.022647292167037154 	 loss= 0.24333584821208967 	 error= 8.537004472654495 percent
accuracy on test set = 85.04999774694443 percent
 
epoch= 107 	 time= 94.41296677192052 min 	 lr= 0.02225664222272388 	 loss= 0.24465076328086122 	 error= 8.470268536101827 percent
accuracy on test set = 85.84999823570251 percent
 
epoch= 108 	 time= 95.20922006766001 min 	 lr= 0.02186666916089241 	 loss= 0.23793910824886674 	 error= 8.244485288019986 percent
accuracy on test set = 85.81999796628952 percent
 
epoch= 109 	 time= 96.00334314107894 min 	 lr= 0.02147746920156045 	 loss= 0.2364834356872017 	 error= 8.15417199488491 percent
accuracy on test set = 85.81999784708023 percent
 
epoch= 110 	 time= 96.80263455708821 min 	 lr= 0.021089138373994242 	 loss= 0.23427636515530173 	 error= 8.067455239917921 percent
accuracy on test set = 86.29999762773514 percent
 
epoch= 111 	 time= 97.65829558769862 min 	 lr= 0.02070177249301477 	 loss= 0.23379521938922154 	 error= 8.147378513575209 percent
accuracy on test set = 86.34999787807465 percent
 
epoch= 112 	 time= 98.47908967733383 min 	 lr= 0.0203154671353569 	 loss= 0.22520900113732004 	 error= 7.832081192899542 percent
accuracy on test set = 85.13999783992767 percent
 
epoch= 113 	 time= 99.27427188158035 min 	 lr= 0.019930317616087205 	 loss= 0.22405061360134187 	 error= 7.705003190833285 percent
accuracy on test set = 85.01999789476395 percent
 
epoch= 114 	 time= 100.07036799987158 min 	 lr= 0.019546418965086458 	 loss= 0.2187412350302767 	 error= 7.662244236377804 percent
accuracy on test set = 85.6699982881546 percent
 
epoch= 115 	 time= 100.8668693502744 min 	 lr= 0.019163865903602376 	 loss= 0.21821304027686644 	 error= 7.517183497738655 percent
accuracy on test set = 85.329998254776 percent
 
epoch= 116 	 time= 101.66591773430507 min 	 lr= 0.018782752820878643 	 loss= 0.2177911051132185 	 error= 7.547554350874917 percent
accuracy on test set = 85.6799978017807 percent
 
epoch= 117 	 time= 102.46270889441172 min 	 lr= 0.01840317375086569 	 loss= 0.21105110235607533 	 error= 7.216671985738418 percent
accuracy on test set = 85.1099978685379 percent
 
epoch= 118 	 time= 103.26884324947993 min 	 lr= 0.018025222349019283 	 loss= 0.2085261965918419 	 error= 7.267023657289003 percent
accuracy on test set = 85.47999781370163 percent
 
epoch= 119 	 time= 104.07246878147126 min 	 lr= 0.017648991869192415 	 loss= 0.20394570927333344 	 error= 7.106777484459645 percent
accuracy on test set = 85.75999826192856 percent
 
epoch= 120 	 time= 104.869309091568 min 	 lr= 0.017274575140626334 	 loss= 0.2060212272474223 	 error= 7.1455402752322605 percent
accuracy on test set = 85.03999757766724 percent
 
epoch= 121 	 time= 105.67074218591054 min 	 lr= 0.016902064545046273 	 loss= 0.20075957961094654 	 error= 6.9145620174115265 percent
accuracy on test set = 85.83999800682068 percent
 
epoch= 122 	 time= 106.47078038056692 min 	 lr= 0.016531551993867726 	 loss= 0.19050703514033876 	 error= 6.626838232245287 percent
accuracy on test set = 86.24999803304672 percent
 
epoch= 123 	 time= 107.27299735943477 min 	 lr= 0.016163128905518586 	 loss= 0.18926494553342194 	 error= 6.567295387272945 percent
accuracy on test set = 86.31999796628952 percent
 
epoch= 124 	 time= 108.07604097127914 min 	 lr= 0.015796886182883066 	 loss= 0.18554923359466635 	 error= 6.358296029707964 percent
accuracy on test set = 86.51999825239182 percent
 
epoch= 125 	 time= 108.88158355553945 min 	 lr= 0.015432914190872771 	 loss= 0.17918985083584896 	 error= 6.307944373401535 percent
accuracy on test set = 85.82999807596207 percent
 
epoch= 126 	 time= 109.68246808052064 min 	 lr= 0.01507130273413049 	 loss= 0.1761070809534291 	 error= 6.121723136633558 percent
accuracy on test set = 86.21999830007553 percent
 
epoch= 127 	 time= 110.48527932961782 min 	 lr= 0.01471214103487229 	 loss= 0.17484619218827513 	 error= 6.098945015836555 percent
accuracy on test set = 85.57999819517136 percent
 
