nohup: ignoring input
Namespace(epoch=200, lr=0.05, model='mobilenetv2', noise='random', resume=False, root='./data', type='train')
test mean and std: [tensor(0.4942), tensor(0.4851), tensor(0.4504)] [tensor(0.2467), tensor(0.2429), tensor(0.2616)]
train mean and std: [tensor(0.5387), tensor(0.5304), tensor(0.4981)] [tensor(0.2778), tensor(0.2764), tensor(0.2965)]
[33mThe trained model will be saved in: outputs/mobilenetv2/random[0m
epoch= 0 	 time= 0.92487024863561 min 	 lr= 0.05 	 loss= 1.6920973501546914 	 error= 62.07680625988699 percent
accuracy on test set = 48.32999920845032 percent
 
epoch= 1 	 time= 1.907072893778483 min 	 lr= 0.04999691581204152 	 loss= 1.2093746608785352 	 error= 43.610533881370365 percent
accuracy on test set = 60.109998762607574 percent
 
epoch= 2 	 time= 2.882748019695282 min 	 lr= 0.04998766400914329 	 loss= 0.9417176761895495 	 error= 33.200927113023255 percent
accuracy on test set = 67.60999846458435 percent
 
epoch= 3 	 time= 3.8328603307406106 min 	 lr= 0.049972246874049255 	 loss= 0.7835575218700692 	 error= 27.233455873206445 percent
accuracy on test set = 70.81999844312668 percent
 
epoch= 4 	 time= 4.811232225100199 min 	 lr= 0.049950668210706796 	 loss= 0.7026206553744538 	 error= 24.516064568858624 percent
accuracy on test set = 73.55999797582626 percent
 
epoch= 5 	 time= 5.698861428101858 min 	 lr= 0.04992293334332821 	 loss= 0.6403072001531606 	 error= 22.22985933198953 percent
accuracy on test set = 74.50999808311462 percent
 
epoch= 6 	 time= 6.6067257205645245 min 	 lr= 0.04988904911507701 	 loss= 0.6041379479496071 	 error= 21.0182225002962 percent
accuracy on test set = 76.47999811172485 percent
 
epoch= 7 	 time= 7.487656660874685 min 	 lr= 0.049849023886379504 	 loss= 0.5697086913811277 	 error= 19.696691167324097 percent
accuracy on test set = 76.63999825716019 percent
 
epoch= 8 	 time= 8.385378225644429 min 	 lr= 0.04980286753286196 	 loss= 0.5479096822878894 	 error= 18.958200121779576 percent
accuracy on test set = 77.28999775648117 percent
 
epoch= 9 	 time= 9.250556421279907 min 	 lr= 0.049750591442913945 	 loss= 0.5221697297090154 	 error= 18.138986566792365 percent
accuracy on test set = 78.7099979519844 percent
 
epoch= 10 	 time= 10.151097365220387 min 	 lr= 0.049692208514878454 	 loss= 0.5097292534378178 	 error= 17.61109335038363 percent
accuracy on test set = 77.6599977016449 percent
 
epoch= 11 	 time= 11.073802959918975 min 	 lr= 0.049627733153869355 	 loss= 0.4992371212186106 	 error= 17.073609335038363 percent
accuracy on test set = 78.54999834299088 percent
 
epoch= 12 	 time= 12.003250149885814 min 	 lr= 0.049557181268217225 	 loss= 0.48095302081778835 	 error= 16.57728580257777 percent
accuracy on test set = 78.05999785661697 percent
 
epoch= 13 	 time= 12.880779854456584 min 	 lr= 0.04948057026554415 	 loss= 0.4790799591852271 	 error= 16.685182222015108 percent
accuracy on test set = 78.98999774456024 percent
 
epoch= 14 	 time= 13.766089498996735 min 	 lr= 0.04939791904846869 	 loss= 0.46828463986096786 	 error= 16.257193097677987 percent
accuracy on test set = 79.02999764680862 percent
 
epoch= 15 	 time= 14.637655957539875 min 	 lr= 0.04930924800994192 	 loss= 0.458837889344491 	 error= 15.77205882048058 percent
accuracy on test set = 79.70999783277512 percent
 
epoch= 16 	 time= 15.491440757115681 min 	 lr= 0.049214579028215785 	 loss= 0.4581219896940929 	 error= 15.810421985738419 percent
accuracy on test set = 79.19999814033508 percent
 
epoch= 17 	 time= 16.394929377237954 min 	 lr= 0.04911393546144496 	 loss= 0.45062214913575543 	 error= 15.593829926322488 percent
accuracy on test set = 78.77999812364578 percent
 
epoch= 18 	 time= 17.29117507537206 min 	 lr= 0.049007342141923586 	 loss= 0.4426006208676511 	 error= 15.30131074168798 percent
accuracy on test set = 80.90999794006348 percent
 
epoch= 19 	 time= 18.2399849096934 min 	 lr= 0.04889482536995826 	 loss= 0.44420513015269014 	 error= 15.231777487508477 percent
accuracy on test set = 80.00999790430069 percent
 
epoch= 20 	 time= 19.24205321073532 min 	 lr= 0.04877641290737885 	 loss= 0.44626109191523794 	 error= 15.337675825104386 percent
accuracy on test set = 79.87999784946442 percent
 
epoch= 21 	 time= 20.189741150538126 min 	 lr= 0.04865213397068864 	 loss= 0.4450280832512604 	 error= 15.205003187784452 percent
accuracy on test set = 79.53999775648117 percent
 
epoch= 22 	 time= 21.166290863355 min 	 lr= 0.04852201922385564 	 loss= 0.4401718096431259 	 error= 15.119884904388273 percent
accuracy on test set = 80.71999800205231 percent
 
epoch= 23 	 time= 22.1677827556928 min 	 lr= 0.04838610077074669 	 loss= 0.4350120580714682 	 error= 14.944852938127639 percent
accuracy on test set = 80.37999814748764 percent
 
epoch= 24 	 time= 23.11265230178833 min 	 lr= 0.04824441214720629 	 loss= 0.43853802262517194 	 error= 15.173433503836318 percent
accuracy on test set = 79.55999779701233 percent
 
epoch= 25 	 time= 24.064441700776417 min 	 lr= 0.048096988312782175 	 loss= 0.43321076515690443 	 error= 14.958040275232262 percent
accuracy on test set = 80.06999796628952 percent
 
epoch= 26 	 time= 24.99928211371104 min 	 lr= 0.04794386564209953 	 loss= 0.4314307610854468 	 error= 14.874120837892107 percent
accuracy on test set = 80.21999788284302 percent
 
epoch= 27 	 time= 25.931513627370197 min 	 lr= 0.04778508191588613 	 loss= 0.4308734523975636 	 error= 14.864130428684946 percent
accuracy on test set = 80.47999805212021 percent
 
epoch= 28 	 time= 26.910360097885132 min 	 lr= 0.04762067631165049 	 loss= 0.4281636744432742 	 error= 14.73545395504788 percent
accuracy on test set = 78.49999779462814 percent
 
epoch= 29 	 time= 27.868296647071837 min 	 lr= 0.047450689394015394 	 loss= 0.42617488029362904 	 error= 14.684702688470827 percent
accuracy on test set = 79.42999798059464 percent
 
epoch= 30 	 time= 28.847389682133993 min 	 lr= 0.0472751631047092 	 loss= 0.43048411241882595 	 error= 14.806186055283414 percent
accuracy on test set = 81.19999808073044 percent
 
epoch= 31 	 time= 29.830722991625468 min 	 lr= 0.04709414075221735 	 loss= 0.4276064601167084 	 error= 14.733855498721226 percent
accuracy on test set = 80.81999808549881 percent
 
epoch= 32 	 time= 30.795886266231538 min 	 lr= 0.046907667001096595 	 loss= 0.4239730173745728 	 error= 14.507273014853983 percent
accuracy on test set = 80.06999790668488 percent
 
epoch= 33 	 time= 31.723223559061687 min 	 lr= 0.04671578786095479 	 loss= 0.4199007915337677 	 error= 14.511668788807471 percent
accuracy on test set = 81.62999784946442 percent
 
epoch= 34 	 time= 32.686116337776184 min 	 lr= 0.0465185506750986 	 loss= 0.42224638792864805 	 error= 14.521259587744009 percent
accuracy on test set = 81.04999780654907 percent
 
epoch= 35 	 time= 33.5726082166036 min 	 lr= 0.04631600410885232 	 loss= 0.41662795193817304 	 error= 14.253916231262714 percent
accuracy on test set = 76.90999799966812 percent
 
epoch= 36 	 time= 34.462576472759245 min 	 lr= 0.04610819813755039 	 loss= 0.41605726616156985 	 error= 14.35501918463451 percent
accuracy on test set = 81.23999744653702 percent
 
epoch= 37 	 time= 35.388366488615674 min 	 lr= 0.045895184034206775 	 loss= 0.4096350602024352 	 error= 14.18478260259799 percent
accuracy on test set = 81.66999781131744 percent
 
epoch= 38 	 time= 36.281678811709085 min 	 lr= 0.04567701435686406 	 loss= 0.4070723892553993 	 error= 13.96938938923809 percent
accuracy on test set = 81.00999784469604 percent
 
epoch= 39 	 time= 37.22087522745132 min 	 lr= 0.0454537429356256 	 loss= 0.4155907196462002 	 error= 14.261109338087193 percent
accuracy on test set = 79.91999793052673 percent
 
epoch= 40 	 time= 38.11522921323776 min 	 lr= 0.045225424859373704 	 loss= 0.41214908186889365 	 error= 14.172394501278774 percent
accuracy on test set = 81.5599976181984 percent
 
epoch= 41 	 time= 39.002952233950296 min 	 lr= 0.04499211646217729 	 loss= 0.4064755155454816 	 error= 14.036125310546602 percent
accuracy on test set = 79.81999772787094 percent
 
epoch= 42 	 time= 39.93156559467316 min 	 lr= 0.044753875309392274 	 loss= 0.40387126285096875 	 error= 13.92543158872658 percent
accuracy on test set = 80.25999784469604 percent
 
epoch= 43 	 time= 40.87113334735235 min 	 lr= 0.044510760183458266 	 loss= 0.4023398373590406 	 error= 13.844709079283888 percent
accuracy on test set = 80.18999803066254 percent
 
epoch= 44 	 time= 41.77571490208308 min 	 lr= 0.044262831069394756 	 loss= 0.40538379881540526 	 error= 14.026134901339441 percent
accuracy on test set = 78.40999782085419 percent
 
epoch= 45 	 time= 42.67006101608276 min 	 lr= 0.0440101491400008 	 loss= 0.4044350878052089 	 error= 13.941416243458038 percent
accuracy on test set = 80.17999815940857 percent
 
epoch= 46 	 time= 43.63495602210363 min 	 lr= 0.043752776740761515 	 loss= 0.39986523421829007 	 error= 13.81833438983049 percent
accuracy on test set = 80.72999787330627 percent
 
epoch= 47 	 time= 44.59911371469498 min 	 lr= 0.04349077737446526 	 loss= 0.3971590123822927 	 error= 13.613331195948374 percent
accuracy on test set = 81.51999807357788 percent
 
epoch= 48 	 time= 45.56235391696294 min 	 lr= 0.043224215685535305 	 loss= 0.39749761379283405 	 error= 13.6205242875287 percent
accuracy on test set = 81.0899977684021 percent
 
epoch= 49 	 time= 46.51984096368154 min 	 lr= 0.04295315744407974 	 loss= 0.39726454454004917 	 error= 13.65329283277702 percent
accuracy on test set = 82.1699977517128 percent
 
epoch= 50 	 time= 47.49772103627523 min 	 lr= 0.0426776695296637 	 loss= 0.3882165001633832 	 error= 13.384750630239697 percent
accuracy on test set = 81.38999783992767 percent
 
epoch= 51 	 time= 48.498231208324434 min 	 lr= 0.04239781991480787 	 loss= 0.3913582674301494 	 error= 13.61173273962172 percent
accuracy on test set = 81.43999797105789 percent
 
epoch= 52 	 time= 49.481685034434 min 	 lr= 0.04211367764821723 	 loss= 0.3911175293766934 	 error= 13.499440530986737 percent
accuracy on test set = 82.63999801874161 percent
 
epoch= 53 	 time= 50.467826747894286 min 	 lr= 0.04182531283774434 	 loss= 0.38749855276568773 	 error= 13.248481454751682 percent
accuracy on test set = 81.53999769687653 percent
 
epoch= 54 	 time= 51.43162998755773 min 	 lr= 0.041532796633091305 	 loss= 0.3850585665849164 	 error= 13.260469945800274 percent
accuracy on test set = 81.82999801635742 percent
 
epoch= 55 	 time= 52.39088200330734 min 	 lr= 0.0412362012082546 	 loss= 0.3909862956122669 	 error= 13.553788366220187 percent
accuracy on test set = 81.9999977350235 percent
 
epoch= 56 	 time= 53.3965497414271 min 	 lr= 0.04093559974371725 	 loss= 0.38474577783471176 	 error= 13.296435418946054 percent
accuracy on test set = 80.94999772310257 percent
 
epoch= 57 	 time= 54.34328748782476 min 	 lr= 0.04063106640839264 	 loss= 0.382736360935299 	 error= 13.260070335529651 percent
accuracy on test set = 80.89999759197235 percent
 
epoch= 58 	 time= 55.312766738732655 min 	 lr= 0.04032267634132442 	 loss= 0.379676416516304 	 error= 13.122602298741452 percent
accuracy on test set = 82.52999770641327 percent
 
epoch= 59 	 time= 56.28522755304972 min 	 lr= 0.040010505633147106 	 loss= 0.38239871232253514 	 error= 13.230898328449413 percent
accuracy on test set = 80.94999796152115 percent
 
epoch= 60 	 time= 57.22629415988922 min 	 lr= 0.03969463130731184 	 loss= 0.37424482938731113 	 error= 12.876438621974662 percent
accuracy on test set = 82.38999778032303 percent
 
epoch= 61 	 time= 58.200979538758595 min 	 lr= 0.03937513130108197 	 loss= 0.37222444550003236 	 error= 12.878436703816096 percent
accuracy on test set = 81.46999794244766 percent
 
epoch= 62 	 time= 59.10200804869334 min 	 lr= 0.03905208444630328 	 loss= 0.3760748890888356 	 error= 13.001918152470113 percent
accuracy on test set = 81.80999773740768 percent
 
epoch= 63 	 time= 60.01933780908585 min 	 lr= 0.038725570449953305 	 loss= 0.3663018774574675 	 error= 12.68302429362636 percent
accuracy on test set = 82.38999795913696 percent
 
epoch= 64 	 time= 60.91119373242061 min 	 lr= 0.03839566987447492 	 loss= 0.3635048790813407 	 error= 12.515185418946054 percent
accuracy on test set = 80.91999787092209 percent
 
epoch= 65 	 time= 61.842024358113605 min 	 lr= 0.03806246411789873 	 loss= 0.3708741950333271 	 error= 12.728580565708677 percent
accuracy on test set = 81.61999797821045 percent
 
epoch= 66 	 time= 62.72411226034164 min 	 lr= 0.037726035393759294 	 loss= 0.36396118689833395 	 error= 12.558743609186937 percent
accuracy on test set = 81.2899979352951 percent
 
epoch= 67 	 time= 63.66564384698868 min 	 lr= 0.0373864667108102 	 loss= 0.36060466291502 	 error= 12.456841435273896 percent
accuracy on test set = 82.49999785423279 percent
 
epoch= 68 	 time= 64.61679997444153 min 	 lr= 0.03704384185254289 	 loss= 0.36171675913626583 	 error= 12.351742318219236 percent
accuracy on test set = 82.9599980711937 percent
 
epoch= 69 	 time= 65.60816798210143 min 	 lr= 0.03669824535651435 	 loss= 0.35555900176010474 	 error= 12.372522372418961 percent
accuracy on test set = 82.29999786615372 percent
 
epoch= 70 	 time= 66.5910292506218 min 	 lr= 0.03634976249348868 	 loss= 0.3545952736569183 	 error= 12.252237851662404 percent
accuracy on test set = 81.92999798059464 percent
 
epoch= 71 	 time= 67.56451903978983 min 	 lr= 0.03599847924639789 	 loss= 0.35058233641145176 	 error= 12.087995515150181 percent
accuracy on test set = 81.63999789953232 percent
 
epoch= 72 	 time= 68.51705873409907 min 	 lr= 0.03564448228912683 	 loss= 0.35282332676908246 	 error= 12.251838226147624 percent
accuracy on test set = 82.68999797105789 percent
 
epoch= 73 	 time= 69.41548000574112 min 	 lr= 0.03528785896512774 	 loss= 0.347847961632492 	 error= 11.972106768347112 percent
accuracy on test set = 81.63999766111374 percent
 
epoch= 74 	 time= 70.37094299793243 min 	 lr= 0.03492869726586953 	 loss= 0.3446272162296583 	 error= 11.707161119222032 percent
accuracy on test set = 82.73999792337418 percent
 
epoch= 75 	 time= 71.34402152697245 min 	 lr= 0.03456708580912726 	 loss= 0.344652326172575 	 error= 11.837036438915126 percent
accuracy on test set = 81.11999779939651 percent
 
epoch= 76 	 time= 72.26193198362986 min 	 lr= 0.03420311381711697 	 loss= 0.34362537739679333 	 error= 11.786285157093916 percent
accuracy on test set = 82.11999785900116 percent
 
epoch= 77 	 time= 73.1673477490743 min 	 lr= 0.03383687109448145 	 loss= 0.33606410251401575 	 error= 11.614849744245523 percent
accuracy on test set = 81.81999784708023 percent
 
epoch= 78 	 time= 74.07404178380966 min 	 lr= 0.03346844800613231 	 loss= 0.3376687263207667 	 error= 11.58927429057753 percent
accuracy on test set = 83.56999790668488 percent
 
epoch= 79 	 time= 74.97965286572774 min 	 lr= 0.03309793545495376 	 loss= 0.3356364152163191 	 error= 11.588475054792125 percent
accuracy on test set = 80.83999782800674 percent
 
epoch= 80 	 time= 75.89538834492366 min 	 lr= 0.03272542485937371 	 loss= 0.3341258870213843 	 error= 11.591671997933743 percent
accuracy on test set = 81.65999758243561 percent
 
epoch= 81 	 time= 76.80407347679139 min 	 lr= 0.03235100813080762 	 loss= 0.32985612376571616 	 error= 11.405850386680545 percent
accuracy on test set = 82.91999804973602 percent
 
epoch= 82 	 time= 77.71522272825241 min 	 lr= 0.03197477765098076 	 loss= 0.3268012315263529 	 error= 11.334718660930234 percent
accuracy on test set = 83.23999774456024 percent
 
epoch= 83 	 time= 78.60827367703119 min 	 lr= 0.03159682624913434 	 loss= 0.33272429751923016 	 error= 11.465393216408732 percent
accuracy on test set = 81.57999765872955 percent
 
epoch= 84 	 time= 79.48632898728053 min 	 lr= 0.031217247179121384 	 loss= 0.32987324882041463 	 error= 11.33791560407185 percent
accuracy on test set = 84.06999778747559 percent
 
epoch= 85 	 time= 80.39155009587606 min 	 lr= 0.03083613409639766 	 loss= 0.3244585888769925 	 error= 11.134910476787011 percent
accuracy on test set = 82.96999794244766 percent
 
epoch= 86 	 time= 81.24619626204172 min 	 lr= 0.03045358103491359 	 loss= 0.32402332028007264 	 error= 11.151694367303874 percent
accuracy on test set = 84.26999789476395 percent
 
epoch= 87 	 time= 82.08062208096186 min 	 lr= 0.03006968238391284 	 loss= 0.32203730167177935 	 error= 10.931905364746328 percent
accuracy on test set = 82.9499979019165 percent
 
epoch= 88 	 time= 82.90329461097717 min 	 lr= 0.029684532864643145 	 loss= 0.3164776655871545 	 error= 10.888347189749597 percent
accuracy on test set = 84.00999826192856 percent
 
epoch= 89 	 time= 83.73027936617534 min 	 lr= 0.02929822750698526 	 loss= 0.30941566020783867 	 error= 10.691735933503836 percent
accuracy on test set = 83.2199975848198 percent
 
epoch= 90 	 time= 84.54790119727453 min 	 lr= 0.028910861626005795 	 loss= 0.3070224522019896 	 error= 10.636988487999762 percent
accuracy on test set = 83.06999790668488 percent
 
epoch= 91 	 time= 85.35412614742914 min 	 lr= 0.028522530798439593 	 loss= 0.3152287982385177 	 error= 10.977461636828645 percent
accuracy on test set = 81.95999771356583 percent
 
epoch= 92 	 time= 86.15887234210967 min 	 lr= 0.028133330839107632 	 loss= 0.31243963474812714 	 error= 10.942695009738893 percent
accuracy on test set = 83.63999789953232 percent
 
epoch= 93 	 time= 87.06737589041391 min 	 lr= 0.027743357777276153 	 loss= 0.3046040193122976 	 error= 10.531889386189258 percent
accuracy on test set = 81.89999788999557 percent
 
epoch= 94 	 time= 87.99522234598795 min 	 lr= 0.027352707832962876 	 loss= 0.2979624902500826 	 error= 10.310102301790282 percent
accuracy on test set = 83.78999775648117 percent
 
epoch= 95 	 time= 88.92229390939077 min 	 lr= 0.026961477393196143 	 loss= 0.30678022456595966 	 error= 10.605019178536846 percent
accuracy on test set = 83.05999785661697 percent
 
epoch= 96 	 time= 89.84714054663976 min 	 lr= 0.026569762988232853 	 loss= 0.2922526350830827 	 error= 10.129475700275977 percent
accuracy on test set = 83.58999788761139 percent
 
epoch= 97 	 time= 90.77808892329534 min 	 lr= 0.02617766126774108 	 loss= 0.2928484634822592 	 error= 10.077925182669365 percent
accuracy on test set = 83.74999797344208 percent
 
epoch= 98 	 time= 91.7097487727801 min 	 lr= 0.025785268976953223 	 loss= 0.293354504820331 	 error= 10.3224904031095 percent
accuracy on test set = 83.07999813556671 percent
 
epoch= 99 	 time= 92.64665430784225 min 	 lr= 0.02539268293279553 	 loss= 0.2910536281821673 	 error= 10.19980817499673 percent
accuracy on test set = 84.0899977684021 percent
 
epoch= 100 	 time= 93.581722788016 min 	 lr= 0.025000000000000012 	 loss= 0.28378775014596824 	 error= 9.757832477769583 percent
accuracy on test set = 84.30999803543091 percent
 
epoch= 101 	 time= 94.51317681471507 min 	 lr= 0.0246073170672045 	 loss= 0.29082852060837516 	 error= 10.036365089514067 percent
accuracy on test set = 84.4899982213974 percent
 
epoch= 102 	 time= 95.45292425553004 min 	 lr= 0.024214731023046804 	 loss= 0.28402684587042043 	 error= 9.82456841432225 percent
accuracy on test set = 83.2199981212616 percent
 
epoch= 103 	 time= 96.38512979745865 min 	 lr= 0.023822338732258946 	 loss= 0.28395060596563626 	 error= 9.877317777984892 percent
accuracy on test set = 81.62999773025513 percent
 
epoch= 104 	 time= 97.31143539349237 min 	 lr= 0.023430237011767177 	 loss= 0.27549061960424 	 error= 9.4437340183941 percent
accuracy on test set = 82.61999779939651 percent
 
epoch= 105 	 time= 98.2388173143069 min 	 lr= 0.02303852260680389 	 loss= 0.26806050935364745 	 error= 9.263906652665199 percent
accuracy on test set = 81.92999786138535 percent
 
epoch= 106 	 time= 99.1677517414093 min 	 lr= 0.022647292167037154 	 loss= 0.26844891793358966 	 error= 9.269900898189496 percent
accuracy on test set = 84.54999780654907 percent
 
epoch= 107 	 time= 100.10106847683589 min 	 lr= 0.02225664222272388 	 loss= 0.26538086543455147 	 error= 9.241128516624041 percent
accuracy on test set = 84.36999809741974 percent
 
epoch= 108 	 time= 101.02429858843486 min 	 lr= 0.02186666916089241 	 loss= 0.25536341807040414 	 error= 8.86668797649081 percent
accuracy on test set = 84.24999803304672 percent
 
epoch= 109 	 time= 101.95712655385336 min 	 lr= 0.02147746920156045 	 loss= 0.2551884945586819 	 error= 8.786764702833521 percent
accuracy on test set = 84.07999783754349 percent
 
epoch= 110 	 time= 102.89055151939392 min 	 lr= 0.021089138373994242 	 loss= 0.2528314299671851 	 error= 8.65089513761613 percent
accuracy on test set = 83.6099978685379 percent
 
epoch= 111 	 time= 103.8231305440267 min 	 lr= 0.02070177249301477 	 loss= 0.258332100289557 	 error= 8.905850377534051 percent
accuracy on test set = 84.41999799013138 percent
 
epoch= 112 	 time= 104.74970933596293 min 	 lr= 0.0203154671353569 	 loss= 0.24968267935316277 	 error= 8.65888746498186 percent
accuracy on test set = 84.75999814271927 percent
 
epoch= 113 	 time= 105.67835285663605 min 	 lr= 0.019930317616087205 	 loss= 0.24489151671185821 	 error= 8.463075444521502 percent
accuracy on test set = 84.52999740839005 percent
 
epoch= 114 	 time= 106.60722272396087 min 	 lr= 0.019546418965086458 	 loss= 0.24147864675049283 	 error= 8.196930949340391 percent
accuracy on test set = 83.96999794244766 percent
 
epoch= 115 	 time= 107.52757684787115 min 	 lr= 0.019163865903602376 	 loss= 0.23329064934073812 	 error= 8.136988494097425 percent
accuracy on test set = 86.04999762773514 percent
 
epoch= 116 	 time= 108.46057652235031 min 	 lr= 0.018782752820878643 	 loss= 0.23361506722772213 	 error= 8.177349741196693 percent
accuracy on test set = 84.07999795675278 percent
 
epoch= 117 	 time= 109.39182897806168 min 	 lr= 0.01840317375086569 	 loss= 0.2325510250599793 	 error= 8.097426467539405 percent
accuracy on test set = 85.53999817371368 percent
 
epoch= 118 	 time= 110.31796133915583 min 	 lr= 0.018025222349019283 	 loss= 0.22784734134326506 	 error= 7.857656646567538 percent
accuracy on test set = 85.65999788045883 percent
 
epoch= 119 	 time= 111.24701657295228 min 	 lr= 0.017648991869192415 	 loss= 0.22617600376115127 	 error= 7.921595265493369 percent
accuracy on test set = 84.86999744176865 percent
 
epoch= 120 	 time= 112.17401268482209 min 	 lr= 0.017274575140626334 	 loss= 0.2196607494255161 	 error= 7.581122116664487 percent
accuracy on test set = 82.94999772310257 percent
 
epoch= 121 	 time= 113.10281263987223 min 	 lr= 0.016902064545046273 	 loss= 0.21595334468404656 	 error= 7.624280681390591 percent
accuracy on test set = 84.42999809980392 percent
 
epoch= 122 	 time= 114.02805994351705 min 	 lr= 0.016531551993867726 	 loss= 0.21607106668717416 	 error= 7.448449479344556 percent
accuracy on test set = 84.61999815702438 percent
 
epoch= 123 	 time= 114.95341389576593 min 	 lr= 0.016163128905518586 	 loss= 0.2108376207177901 	 error= 7.350143858843753 percent
accuracy on test set = 84.38999783992767 percent
 
epoch= 124 	 time= 115.88169591426849 min 	 lr= 0.015796886182883066 	 loss= 0.20914910857558555 	 error= 7.316176467539405 percent
accuracy on test set = 84.90999782085419 percent
 
epoch= 125 	 time= 116.8028106133143 min 	 lr= 0.015432914190872771 	 loss= 0.20078145556361474 	 error= 6.934542835825849 percent
accuracy on test set = 84.95999813079834 percent
 
epoch= 126 	 time= 117.73151418765386 min 	 lr= 0.01507130273413049 	 loss= 0.19981381363804687 	 error= 6.954124043969546 percent
accuracy on test set = 85.62999814748764 percent
 
epoch= 127 	 time= 118.6622940103213 min 	 lr= 0.01471214103487229 	 loss= 0.18986885078117977 	 error= 6.543718030690537 percent
accuracy on test set = 85.01999777555466 percent
 
epoch= 128 	 time= 119.58731451829274 min 	 lr= 0.014355517710873194 	 loss= 0.19066465000057464 	 error= 6.704363813790519 percent
accuracy on test set = 85.71999776363373 percent
 
epoch= 129 	 time= 120.51421232620875 min 	 lr= 0.01400152075360213 	 loss= 0.19096256933553749 	 error= 6.7103580593148155 percent
accuracy on test set = 85.68999797105789 percent
 
epoch= 130 	 time= 121.44387567043304 min 	 lr= 0.01365023750651134 	 loss= 0.17938231529139192 	 error= 6.1924552368690895 percent
accuracy on test set = 84.30999821424484 percent
 
epoch= 131 	 time= 122.37540001869202 min 	 lr= 0.013301754643485679 	 loss= 0.1748497325098118 	 error= 6.0701726342711 percent
accuracy on test set = 86.17999792098999 percent
 
epoch= 132 	 time= 123.30147805213929 min 	 lr= 0.012956158147457122 	 loss= 0.17228818920147998 	 error= 5.9538842619532515 percent
accuracy on test set = 85.33999764919281 percent
 
epoch= 133 	 time= 124.23225703239441 min 	 lr= 0.012613533289189816 	 loss= 0.17550309000493924 	 error= 6.02261828034735 percent
accuracy on test set = 85.96999806165695 percent
 
epoch= 134 	 time= 125.16293915907542 min 	 lr= 0.012273964606240723 	 loss= 0.17039220769653846 	 error= 5.986253196930946 percent
accuracy on test set = 85.00999790430069 percent
 
epoch= 135 	 time= 126.08693454265594 min 	 lr= 0.011937535882101285 	 loss= 0.16014888703518207 	 error= 5.53029091156962 percent
accuracy on test set = 86.19999831914902 percent
 
epoch= 136 	 time= 127.01176151037217 min 	 lr= 0.011604330125525083 	 loss= 0.15840363842637642 	 error= 5.458759590792839 percent
accuracy on test set = 86.2099979519844 percent
 
epoch= 137 	 time= 127.944864320755 min 	 lr= 0.011274429550046707 	 loss= 0.14981019443563184 	 error= 5.212595898781895 percent
accuracy on test set = 86.31999802589417 percent
 
epoch= 138 	 time= 128.88002143303552 min 	 lr= 0.010947915553696737 	 loss= 0.14682256636183585 	 error= 5.114290278281093 percent
accuracy on test set = 86.29999804496765 percent
 
epoch= 139 	 time= 129.80739432970682 min 	 lr= 0.01062486869891804 	 loss= 0.1463466867175706 	 error= 5.200607407733303 percent
accuracy on test set = 85.63999795913696 percent
 
epoch= 140 	 time= 130.73902070919672 min 	 lr= 0.01030536869268818 	 loss= 0.13907569452472354 	 error= 4.905290920716113 percent
accuracy on test set = 86.37999790906906 percent
 
epoch= 141 	 time= 131.66714266935983 min 	 lr= 0.009989494366852907 	 loss= 0.13180586919569603 	 error= 4.652333762639624 percent
accuracy on test set = 86.19999766349792 percent
 
epoch= 142 	 time= 132.58586484193802 min 	 lr= 0.00967732365867559 	 loss= 0.13313420893400527 	 error= 4.500879152961399 percent
accuracy on test set = 85.83999788761139 percent
 
epoch= 143 	 time= 133.50323887666067 min 	 lr= 0.009368933591607374 	 loss= 0.12668020169600805 	 error= 4.449328635354786 percent
accuracy on test set = 87.049997985363 percent
 
epoch= 144 	 time= 134.44122873544694 min 	 lr= 0.00906440025628276 	 loss= 0.1188662112464228 	 error= 4.066895783099982 percent
accuracy on test set = 86.78999781608582 percent
 
epoch= 145 	 time= 135.37892073790232 min 	 lr= 0.008763798791745414 	 loss= 0.11594835762172709 	 error= 3.999360610761911 percent
accuracy on test set = 87.01999795436859 percent
 
epoch= 146 	 time= 136.3092012166977 min 	 lr= 0.00846720336690871 	 loss= 0.11283792120873776 	 error= 3.8059462824136094 percent
accuracy on test set = 86.72999787330627 percent
 
epoch= 147 	 time= 137.23996680577596 min 	 lr= 0.008174687162255667 	 loss= 0.10972327521771116 	 error= 3.8331202076524113 percent
accuracy on test set = 87.34999805688858 percent
 
epoch= 148 	 time= 138.17109659512838 min 	 lr= 0.007886322351782785 	 loss= 0.10306902717598869 	 error= 3.5314098495961455 percent
accuracy on test set = 87.1899978518486 percent
 
epoch= 149 	 time= 139.0986458381017 min 	 lr= 0.007602180085192145 	 loss= 0.10191789988304495 	 error= 3.5146259590792837 percent
accuracy on test set = 87.21999818086624 percent
 
epoch= 150 	 time= 140.02523053089777 min 	 lr= 0.007322330470336316 	 loss= 0.08800072510681493 	 error= 3.0506713463522286 percent
accuracy on test set = 87.18999814987183 percent
 
epoch= 151 	 time= 140.95229331254959 min 	 lr= 0.007046842555920285 	 loss= 0.09035026354481802 	 error= 3.0222985903015527 percent
accuracy on test set = 87.70999777317047 percent
 
epoch= 152 	 time= 141.88139441013337 min 	 lr= 0.006775784314464719 	 loss= 0.08578232329462648 	 error= 2.8764386158770003 percent
accuracy on test set = 87.77999812364578 percent
 
epoch= 153 	 time= 142.80528287092844 min 	 lr= 0.006509222625534758 	 loss= 0.08023803583953691 	 error= 2.6594469309462916 percent
accuracy on test set = 87.59999817609787 percent
 
epoch= 154 	 time= 143.7335757493973 min 	 lr= 0.006247223259238513 	 loss= 0.07269823092900579 	 error= 2.4792199397026122 percent
accuracy on test set = 87.43999809026718 percent
 
epoch= 155 	 time= 144.66172977288565 min 	 lr= 0.0059898508599992295 	 loss= 0.06742840748556587 	 error= 2.253037081350146 percent
accuracy on test set = 87.45999789237976 percent
 
epoch= 156 	 time= 145.58954485257468 min 	 lr= 0.005737168930605274 	 loss= 0.06557783108118855 	 error= 2.190297308480343 percent
accuracy on test set = 87.20999813079834 percent
 
epoch= 157 	 time= 146.5158298889796 min 	 lr= 0.005489239816541763 	 loss= 0.06009327938013217 	 error= 2.0040760869565215 percent
accuracy on test set = 87.48999828100204 percent
 
epoch= 158 	 time= 147.4433722535769 min 	 lr= 0.005246124690607742 	 loss= 0.05547502755528064 	 error= 1.7942774936061383 percent
accuracy on test set = 87.20999765396118 percent
 
epoch= 159 	 time= 148.37234262228012 min 	 lr= 0.005007883537822737 	 loss= 0.0518215029402767 	 error= 1.7079603489097734 percent
accuracy on test set = 87.92999815940857 percent
 
epoch= 160 	 time= 149.29702042738597 min 	 lr= 0.004774575140626318 	 loss= 0.052047952018735355 	 error= 1.6847826025979902 percent
accuracy on test set = 88.07999819517136 percent
 
epoch= 161 	 time= 150.2296997030576 min 	 lr= 0.00454625706437442 	 loss= 0.04649106072038031 	 error= 1.4997602271301973 percent
accuracy on test set = 87.52999848127365 percent
 
epoch= 162 	 time= 151.15795543988546 min 	 lr= 0.004322985643135959 	 loss= 0.04375908714349922 	 error= 1.3562979448177015 percent
accuracy on test set = 87.41999804973602 percent
 
epoch= 163 	 time= 152.08153229951859 min 	 lr= 0.0041048159657932504 	 loss= 0.03688339722792968 	 error= 1.1193254414726705 percent
accuracy on test set = 87.94999814033508 percent
 
epoch= 164 	 time= 153.00993551015853 min 	 lr= 0.0038918018624496302 	 loss= 0.034526092679146914 	 error= 1.0270140664961636 percent
accuracy on test set = 88.42999804019928 percent
 
epoch= 165 	 time= 153.94088514645895 min 	 lr= 0.0036839958911477027 	 loss= 0.034486066554780204 	 error= 1.0741687949051333 percent
accuracy on test set = 88.01999831199646 percent
 
epoch= 166 	 time= 154.87118593056996 min 	 lr= 0.0034814493249014076 	 loss= 0.029192300599135097 	 error= 0.850383628664724 percent
accuracy on test set = 88.36999773979187 percent
 
epoch= 167 	 time= 155.80054692029952 min 	 lr= 0.003284212139045219 	 loss= 0.02815704666497305 	 error= 0.81721547314578 percent
accuracy on test set = 87.98999804258347 percent
 
epoch= 168 	 time= 156.73231967290243 min 	 lr= 0.003092332998903412 	 loss= 0.024755764966997343 	 error= 0.7392902813299232 percent
accuracy on test set = 88.43999809026718 percent
 
epoch= 169 	 time= 157.66357719898224 min 	 lr= 0.002905859247782665 	 loss= 0.023189644231591994 	 error= 0.6741528163480637 percent
accuracy on test set = 88.81999808549881 percent
 
epoch= 170 	 time= 158.58668671449024 min 	 lr= 0.0027248368952908068 	 loss= 0.020784276835334577 	 error= 0.5638586895545121 percent
accuracy on test set = 88.5999983549118 percent
 
epoch= 171 	 time= 159.51737883090973 min 	 lr= 0.002549310605984613 	 loss= 0.01972892335223039 	 error= 0.523497442455243 percent
accuracy on test set = 88.98999816179276 percent
 
epoch= 172 	 time= 160.44918489058813 min 	 lr= 0.0023793236883495176 	 loss= 0.01900500298270484 	 error= 0.5254955242966752 percent
accuracy on test set = 89.1399981379509 percent
 
epoch= 173 	 time= 161.37835445404053 min 	 lr= 0.002214918084113875 	 loss= 0.016695036398022986 	 error= 0.45156649616368283 percent
accuracy on test set = 88.85999828577042 percent
 
epoch= 174 	 time= 162.30541970332465 min 	 lr= 0.0020561343579004786 	 loss= 0.014471572740456027 	 error= 0.3516624040920716 percent
accuracy on test set = 88.93999826908112 percent
 
epoch= 175 	 time= 163.23235068321227 min 	 lr= 0.0019030116872178384 	 loss= 0.013536237951968332 	 error= 0.29491687674656547 percent
accuracy on test set = 89.36999833583832 percent
 
epoch= 176 	 time= 164.1623955965042 min 	 lr= 0.0017555878527937174 	 loss= 0.011342808547074838 	 error= 0.22898017597930206 percent
accuracy on test set = 89.13999807834625 percent
 
epoch= 177 	 time= 165.08595801591872 min 	 lr= 0.0016138992292533167 	 loss= 0.011180599017635635 	 error= 0.24176790281329924 percent
accuracy on test set = 89.17999804019928 percent
 
epoch= 178 	 time= 166.0228678504626 min 	 lr= 0.0014779807761443645 	 loss= 0.010527020225020322 	 error= 0.23697250334503095 percent
accuracy on test set = 89.03999811410904 percent
 
epoch= 179 	 time= 166.95417595704396 min 	 lr= 0.0013478660293113683 	 loss= 0.00999956472617243 	 error= 0.1758312020460358 percent
accuracy on test set = 88.88999795913696 percent
 
epoch= 180 	 time= 167.87553536494573 min 	 lr= 0.0012235870926211624 	 loss= 0.008968652504713029 	 error= 0.16783887468030692 percent
accuracy on test set = 89.27999830245972 percent
 
epoch= 181 	 time= 168.79989389181137 min 	 lr= 0.0011051746300417477 	 loss= 0.008181372971828941 	 error= 0.14585997442455242 percent
accuracy on test set = 89.17999809980392 percent
 
epoch= 182 	 time= 169.7328157345454 min 	 lr= 0.0009926578580764268 	 loss= 0.00813147709812121 	 error= 0.14585997442455242 percent
accuracy on test set = 89.10999798774719 percent
 
epoch= 183 	 time= 170.658862054348 min 	 lr= 0.0008860645385550515 	 loss= 0.00810156381734268 	 error= 0.14985613810741688 percent
accuracy on test set = 89.09999775886536 percent
 
epoch= 184 	 time= 171.58803966840108 min 	 lr= 0.0007854209717842264 	 loss= 0.00786250475508249 	 error= 0.1438618925831202 percent
accuracy on test set = 89.23999810218811 percent
 
epoch= 185 	 time= 172.5187087337176 min 	 lr= 0.0006907519900580866 	 loss= 0.0069790405883451406 	 error= 0.10989450127877239 percent
accuracy on test set = 89.20999813079834 percent
 
epoch= 186 	 time= 173.44864926338195 min 	 lr= 0.0006020809515313173 	 loss= 0.006964197127467683 	 error= 0.10390025575447571 percent
accuracy on test set = 89.15999776124954 percent
 
epoch= 187 	 time= 174.37192192077637 min 	 lr= 0.0005194297344558538 	 loss= 0.006423902988452893 	 error= 0.10390025575447571 percent
accuracy on test set = 89.21999800205231 percent
 
epoch= 188 	 time= 175.29557161331178 min 	 lr= 0.00044281873178278225 	 loss= 0.006515160341130193 	 error= 0.10709718365193634 percent
accuracy on test set = 89.2099980711937 percent
 
epoch= 189 	 time= 176.21673090457915 min 	 lr= 0.0003722668461306535 	 loss= 0.006580180230090761 	 error= 0.09790601023017902 percent
accuracy on test set = 89.18999809026718 percent
 
epoch= 190 	 time= 177.1268780509631 min 	 lr= 0.0003077914851215587 	 loss= 0.0067669511963244135 	 error= 0.10789641943734014 percent
accuracy on test set = 89.29999804496765 percent
 
epoch= 191 	 time= 178.04837745428085 min 	 lr= 0.00024940855708606175 	 loss= 0.006204267030062578 	 error= 0.09231137497650693 percent
accuracy on test set = 89.31999808549881 percent
 
epoch= 192 	 time= 178.96790360212327 min 	 lr= 0.00019713246713805603 	 loss= 0.006073093763493059 	 error= 0.0879156010230179 percent
accuracy on test set = 89.299997985363 percent
 
epoch= 193 	 time= 179.88261550267538 min 	 lr= 0.00015097611362051023 	 loss= 0.006367771078825302 	 error= 0.1118925831202046 percent
accuracy on test set = 89.30999797582626 percent
 
epoch= 194 	 time= 180.80031006733577 min 	 lr= 0.00011095088492300018 	 loss= 0.006282559668054552 	 error= 0.10190217391304347 percent
accuracy on test set = 89.24999779462814 percent
 
epoch= 195 	 time= 181.71277457078298 min 	 lr= 7.706665667180096e-05 	 loss= 0.006075996890678392 	 error= 0.10190217391304347 percent
accuracy on test set = 89.23999780416489 percent
 
epoch= 196 	 time= 182.6324144442876 min 	 lr= 4.9331789293211064e-05 	 loss= 0.006059111912956323 	 error= 0.10110293812763967 percent
accuracy on test set = 89.26999777555466 percent
 
epoch= 197 	 time= 183.5433066089948 min 	 lr= 2.7753125950752432e-05 	 loss= 0.006266722455620766 	 error= 0.10190217391304347 percent
accuracy on test set = 89.2699978351593 percent
 
epoch= 198 	 time= 184.43303898970285 min 	 lr= 1.2335990856710008e-05 	 loss= 0.005817200869436154 	 error= 0.08192135549872123 percent
accuracy on test set = 89.25999784469604 percent
 
epoch= 199 	 time= 185.32104781866073 min 	 lr= 3.0841879584853094e-06 	 loss= 0.005516525700955135 	 error= 0.0651374649818596 percent
accuracy on test set = 89.2699978351593 percent
 
