nohup: ignoring input
Namespace(epoch=200, lr=0.05, model='vgg13_bn', noise='random', resume=False, root='./data', type='train')
test mean and std: [tensor(0.4942), tensor(0.4851), tensor(0.4504)] [tensor(0.2467), tensor(0.2429), tensor(0.2616)]
train mean and std: [tensor(0.5388), tensor(0.5304), tensor(0.4981)] [tensor(0.2778), tensor(0.2764), tensor(0.2965)]
[33mThe trained model will be saved in: outputs/vgg13_bn/random[0m
epoch= 0 	 time= 0.8274181207021077 min 	 lr= 0.05 	 loss= 1.7465532569934035 	 error= 66.82464832540059 percent
accuracy on test set = 45.17999893426895 percent
 
epoch= 1 	 time= 1.74035142660141 min 	 lr= 0.04999691581204152 	 loss= 1.316304648623747 	 error= 47.3025895140665 percent
accuracy on test set = 56.73999887704849 percent
 
epoch= 2 	 time= 2.6613392273585004 min 	 lr= 0.04998766400914329 	 loss= 1.063462172932637 	 error= 36.63682864450128 percent
accuracy on test set = 66.60999828577042 percent
 
epoch= 3 	 time= 3.5557402968406677 min 	 lr= 0.049972246874049255 	 loss= 0.9157536139573588 	 error= 31.03940217086421 percent
accuracy on test set = 72.18999820947647 percent
 
epoch= 4 	 time= 4.446282879511515 min 	 lr= 0.049950668210706796 	 loss= 0.8089157270501032 	 error= 26.972506387764234 percent
accuracy on test set = 75.42999798059464 percent
 
epoch= 5 	 time= 5.331225021680196 min 	 lr= 0.04992293334332821 	 loss= 0.7316839954889643 	 error= 24.155210991344795 percent
accuracy on test set = 75.25999790430069 percent
 
epoch= 6 	 time= 6.24556120634079 min 	 lr= 0.04988904911507701 	 loss= 0.6745155911768794 	 error= 22.31857416879795 percent
accuracy on test set = 77.30999821424484 percent
 
epoch= 7 	 time= 7.136305391788483 min 	 lr= 0.049849023886379504 	 loss= 0.6310838899191689 	 error= 20.77765344353893 percent
accuracy on test set = 79.19999754428864 percent
 
epoch= 8 	 time= 8.032340427239737 min 	 lr= 0.04980286753286196 	 loss= 0.5995593347665295 	 error= 19.683503830219472 percent
accuracy on test set = 79.09999841451645 percent
 
epoch= 9 	 time= 8.924843513965607 min 	 lr= 0.049750591442913945 	 loss= 0.5702648445620866 	 error= 18.778772381565457 percent
accuracy on test set = 79.59999758005142 percent
 
epoch= 10 	 time= 9.833106581370036 min 	 lr= 0.049692208514878454 	 loss= 0.5376939208763639 	 error= 17.518382349892345 percent
accuracy on test set = 80.41999822854996 percent
 
epoch= 11 	 time= 10.754212939739228 min 	 lr= 0.049627733153869355 	 loss= 0.5160678815658745 	 error= 16.827845268542198 percent
accuracy on test set = 80.80999785661697 percent
 
epoch= 12 	 time= 11.66172162691752 min 	 lr= 0.049557181268217225 	 loss= 0.5029197571527623 	 error= 16.399056908419674 percent
accuracy on test set = 80.299997985363 percent
 
epoch= 13 	 time= 12.564195907115936 min 	 lr= 0.04948057026554415 	 loss= 0.48391834008114415 	 error= 15.804028129943495 percent
accuracy on test set = 79.14999771118164 percent
 
epoch= 14 	 time= 13.467531371116639 min 	 lr= 0.04939791904846869 	 loss= 0.4712660673176846 	 error= 15.363251278772378 percent
accuracy on test set = 81.58999806642532 percent
 
epoch= 15 	 time= 14.370406957467397 min 	 lr= 0.04930924800994192 	 loss= 0.46415503951899534 	 error= 15.280131077217629 percent
accuracy on test set = 82.27999794483185 percent
 
epoch= 16 	 time= 15.297018750508625 min 	 lr= 0.049214579028215785 	 loss= 0.453961756223303 	 error= 14.872122756050675 percent
accuracy on test set = 82.28999775648117 percent
 
epoch= 17 	 time= 16.208212343851724 min 	 lr= 0.04911393546144496 	 loss= 0.44191097146104974 	 error= 14.343829914127165 percent
accuracy on test set = 82.83999770879745 percent
 
epoch= 18 	 time= 17.125229533513387 min 	 lr= 0.049007342141923586 	 loss= 0.4355362527205816 	 error= 14.31745523991792 percent
accuracy on test set = 82.17999792098999 percent
 
epoch= 19 	 time= 18.02208385070165 min 	 lr= 0.04889482536995826 	 loss= 0.42586872652363594 	 error= 13.919437343202285 percent
accuracy on test set = 82.75999808311462 percent
 
epoch= 20 	 time= 18.921083331108093 min 	 lr= 0.04877641290737885 	 loss= 0.41910247268426754 	 error= 13.642503187784452 percent
accuracy on test set = 83.83999788761139 percent
 
epoch= 21 	 time= 19.81534039179484 min 	 lr= 0.04865213397068864 	 loss= 0.41406224572750006 	 error= 13.585757675683102 percent
accuracy on test set = 81.95999783277512 percent
 
epoch= 22 	 time= 20.73323259353638 min 	 lr= 0.04852201922385564 	 loss= 0.40553774042507573 	 error= 13.046275578496402 percent
accuracy on test set = 83.89999783039093 percent
 
epoch= 23 	 time= 21.6296338558197 min 	 lr= 0.04838610077074669 	 loss= 0.40191473794715177 	 error= 12.943574168797953 percent
accuracy on test set = 84.13999807834625 percent
 
epoch= 24 	 time= 22.534690169493356 min 	 lr= 0.04824441214720629 	 loss= 0.39320352311481904 	 error= 12.844868922782371 percent
accuracy on test set = 82.57999789714813 percent
 
epoch= 25 	 time= 23.426329584916434 min 	 lr= 0.048096988312782175 	 loss= 0.388006421687353 	 error= 12.711397049677037 percent
accuracy on test set = 83.34999793767929 percent
 
epoch= 26 	 time= 24.33463999827703 min 	 lr= 0.04794386564209953 	 loss= 0.38113367298375006 	 error= 12.539562011313865 percent
accuracy on test set = 83.91999787092209 percent
 
epoch= 27 	 time= 25.24038556814194 min 	 lr= 0.04778508191588613 	 loss= 0.3757178469768266 	 error= 12.224664316152978 percent
accuracy on test set = 84.5799977183342 percent
 
epoch= 28 	 time= 26.153269199530282 min 	 lr= 0.04762067631165049 	 loss= 0.36926505964277956 	 error= 12.08280050541129 percent
accuracy on test set = 84.05999785661697 percent
 
epoch= 29 	 time= 27.04731741746267 min 	 lr= 0.047450689394015394 	 loss= 0.3748928469693874 	 error= 12.3269661155808 percent
accuracy on test set = 82.67999762296677 percent
 
epoch= 30 	 time= 27.926290265719096 min 	 lr= 0.0472751631047092 	 loss= 0.3665747184049138 	 error= 11.896179658372688 percent
accuracy on test set = 84.31999784708023 percent
 
epoch= 31 	 time= 28.813168160120647 min 	 lr= 0.04709414075221735 	 loss= 0.36551951477899575 	 error= 11.993686058332244 percent
accuracy on test set = 83.59999775886536 percent
 
epoch= 32 	 time= 29.70715477466583 min 	 lr= 0.046907667001096595 	 loss= 0.36115342805452666 	 error= 11.688778772378516 percent
accuracy on test set = 85.22999799251556 percent
 
epoch= 33 	 time= 30.59920901854833 min 	 lr= 0.04671578786095479 	 loss= 0.34760702532880444 	 error= 11.398657279856064 percent
accuracy on test set = 85.32999813556671 percent
 
epoch= 34 	 time= 31.494848211606342 min 	 lr= 0.0465185506750986 	 loss= 0.3455457102764598 	 error= 11.223625313595432 percent
accuracy on test set = 84.38999789953232 percent
 
epoch= 35 	 time= 32.391805628935494 min 	 lr= 0.04631600410885232 	 loss= 0.35052606139494025 	 error= 11.377877240900492 percent
accuracy on test set = 83.88999778032303 percent
 
epoch= 36 	 time= 33.28007483482361 min 	 lr= 0.04610819813755039 	 loss= 0.34814362811005634 	 error= 11.366288360122525 percent
accuracy on test set = 86.1899978518486 percent
 
epoch= 37 	 time= 34.17641885677973 min 	 lr= 0.045895184034206775 	 loss= 0.3294043104971766 	 error= 10.741288354024862 percent
accuracy on test set = 85.06999790668488 percent
 
epoch= 38 	 time= 35.08679892619451 min 	 lr= 0.04567701435686406 	 loss= 0.33601948470258347 	 error= 11.023017893666806 percent
accuracy on test set = 84.69999796152115 percent
 
epoch= 39 	 time= 35.979808032512665 min 	 lr= 0.0454537429356256 	 loss= 0.33664484672686634 	 error= 10.984255118138345 percent
accuracy on test set = 84.95999789237976 percent
 
epoch= 40 	 time= 36.89207207759221 min 	 lr= 0.045225424859373704 	 loss= 0.32650163049435676 	 error= 10.6134111161732 percent
accuracy on test set = 84.2799980044365 percent
 
epoch= 41 	 time= 37.79304260412852 min 	 lr= 0.04499211646217729 	 loss= 0.32735140175770616 	 error= 10.550271733032773 percent
accuracy on test set = 84.67999798059464 percent
 
epoch= 42 	 time= 38.68964083194733 min 	 lr= 0.044753875309392274 	 loss= 0.32977879897255424 	 error= 10.748081835334563 percent
accuracy on test set = 83.56999796628952 percent
 
epoch= 43 	 time= 39.587424043814345 min 	 lr= 0.044510760183458266 	 loss= 0.3194808740826214 	 error= 10.459958439897699 percent
accuracy on test set = 85.00999790430069 percent
 
epoch= 44 	 time= 40.477990329265594 min 	 lr= 0.044262831069394756 	 loss= 0.32628581625268893 	 error= 10.633391934587523 percent
accuracy on test set = 85.12999814748764 percent
 
epoch= 45 	 time= 41.374877552191414 min 	 lr= 0.0440101491400008 	 loss= 0.3165856875345835 	 error= 10.300111892583121 percent
accuracy on test set = 85.84999787807465 percent
 
epoch= 46 	 time= 42.267762219905855 min 	 lr= 0.043752776740761515 	 loss= 0.31245467947114763 	 error= 10.208599738147862 percent
accuracy on test set = 84.97999757528305 percent
 
epoch= 47 	 time= 43.16769707600276 min 	 lr= 0.04349077737446526 	 loss= 0.30662451444379507 	 error= 9.95843989769821 percent
accuracy on test set = 84.59999781847 percent
 
epoch= 48 	 time= 44.085261420408884 min 	 lr= 0.043224215685535305 	 loss= 0.3052775606779796 	 error= 9.924472506393862 percent
accuracy on test set = 84.99999821186066 percent
 
epoch= 49 	 time= 44.980712699890134 min 	 lr= 0.04295315744407974 	 loss= 0.3014036595364056 	 error= 9.99080881743175 percent
accuracy on test set = 86.1299979686737 percent
 
epoch= 50 	 time= 45.87143665154775 min 	 lr= 0.0426776695296637 	 loss= 0.30244907024114026 	 error= 9.85054347826087 percent
accuracy on test set = 85.15999811887741 percent
 
epoch= 51 	 time= 46.77098379532496 min 	 lr= 0.04239781991480787 	 loss= 0.30337371982043354 	 error= 9.963235297166479 percent
accuracy on test set = 84.50999790430069 percent
 
epoch= 52 	 time= 47.67879107395808 min 	 lr= 0.04211367764821723 	 loss= 0.3008740088137824 	 error= 9.827365731949087 percent
accuracy on test set = 84.57999813556671 percent
 
epoch= 53 	 time= 48.57973507642746 min 	 lr= 0.04182531283774434 	 loss= 0.2991617222118865 	 error= 9.709478903304586 percent
accuracy on test set = 84.91999787092209 percent
 
epoch= 54 	 time= 49.48506653706233 min 	 lr= 0.041532796633091305 	 loss= 0.29446044183143266 	 error= 9.611572893074406 percent
accuracy on test set = 85.6599982380867 percent
 
epoch= 55 	 time= 50.398099120457964 min 	 lr= 0.0412362012082546 	 loss= 0.29383980759117 	 error= 9.520060738639149 percent
accuracy on test set = 86.63999819755554 percent
 
epoch= 56 	 time= 51.309691985448204 min 	 lr= 0.04093559974371725 	 loss= 0.2892233422192771 	 error= 9.545636192307143 percent
accuracy on test set = 85.61999797821045 percent
 
epoch= 57 	 time= 52.20690525770188 min 	 lr= 0.04063106640839264 	 loss= 0.28218453989156983 	 error= 9.219149616368288 percent
accuracy on test set = 84.90999788045883 percent
 
epoch= 58 	 time= 53.10762487649917 min 	 lr= 0.04032267634132442 	 loss= 0.28619593980214786 	 error= 9.51206841127342 percent
accuracy on test set = 85.20999801158905 percent
 
epoch= 59 	 time= 54.0149517138799 min 	 lr= 0.040010505633147106 	 loss= 0.28240662212948053 	 error= 9.269101662404092 percent
accuracy on test set = 85.01999795436859 percent
 
epoch= 60 	 time= 54.91506146987279 min 	 lr= 0.03969463130731184 	 loss= 0.27984890955335956 	 error= 9.00375638776423 percent
accuracy on test set = 85.4899982213974 percent
 
epoch= 61 	 time= 55.804568942387895 min 	 lr= 0.03937513130108197 	 loss= 0.2795664067654049 	 error= 9.081681579580088 percent
accuracy on test set = 83.92999798059464 percent
 
epoch= 62 	 time= 56.69678196112315 min 	 lr= 0.03905208444630328 	 loss= 0.2781946920525387 	 error= 9.065696924848629 percent
accuracy on test set = 86.34999781847 percent
 
epoch= 63 	 time= 57.58618743022283 min 	 lr= 0.038725570449953305 	 loss= 0.2675749389716731 	 error= 8.832720585186463 percent
accuracy on test set = 86.68999791145325 percent
 
epoch= 64 	 time= 58.484523713588715 min 	 lr= 0.03839566987447492 	 loss= 0.26672427554417144 	 error= 8.650495527345505 percent
accuracy on test set = 85.4299978017807 percent
 
epoch= 65 	 time= 59.367014368375145 min 	 lr= 0.03806246411789873 	 loss= 0.2658592664524722 	 error= 8.574568417371081 percent
accuracy on test set = 86.53999769687653 percent
 
epoch= 66 	 time= 60.27190971771876 min 	 lr= 0.037726035393759294 	 loss= 0.2646341507354051 	 error= 8.636908564726104 percent
accuracy on test set = 86.15999794006348 percent
 
epoch= 67 	 time= 61.17507698138555 min 	 lr= 0.0373864667108102 	 loss= 0.2638505695344847 	 error= 8.77317774021412 percent
accuracy on test set = 85.54999822378159 percent
 
epoch= 68 	 time= 62.08799620072047 min 	 lr= 0.03704384185254289 	 loss= 0.25798715054607757 	 error= 8.348385543774462 percent
accuracy on test set = 86.41999810934067 percent
 
epoch= 69 	 time= 62.99763885339101 min 	 lr= 0.03669824535651435 	 loss= 0.2602862256109867 	 error= 8.408727624532206 percent
accuracy on test set = 85.45999789237976 percent
 
epoch= 70 	 time= 63.89016575813294 min 	 lr= 0.03634976249348868 	 loss= 0.2530234383843134 	 error= 8.326406643518707 percent
accuracy on test set = 86.34999805688858 percent
 
epoch= 71 	 time= 64.77379041910172 min 	 lr= 0.03599847924639789 	 loss= 0.2544538786115549 	 error= 8.297234651682626 percent
accuracy on test set = 86.49999791383743 percent
 
epoch= 72 	 time= 65.66082254648208 min 	 lr= 0.03564448228912683 	 loss= 0.2489472053887899 	 error= 8.123801141748647 percent
accuracy on test set = 85.2299981713295 percent
 
epoch= 73 	 time= 66.55281709829966 min 	 lr= 0.03528785896512774 	 loss= 0.25003950964764254 	 error= 8.182544750935586 percent
accuracy on test set = 86.08999800682068 percent
 
epoch= 74 	 time= 67.45773448149363 min 	 lr= 0.03492869726586953 	 loss= 0.24514640781961744 	 error= 8.061860604664249 percent
accuracy on test set = 85.27999824285507 percent
 
epoch= 75 	 time= 68.35382891893387 min 	 lr= 0.03456708580912726 	 loss= 0.24338270043549332 	 error= 7.875239772869803 percent
accuracy on test set = 85.71999824047089 percent
 
epoch= 76 	 time= 69.24849907159805 min 	 lr= 0.03420311381711697 	 loss= 0.24141146665643853 	 error= 7.911604856286207 percent
accuracy on test set = 84.7799978852272 percent
 
epoch= 77 	 time= 70.13133671283722 min 	 lr= 0.03383687109448145 	 loss= 0.23897245110910567 	 error= 7.959958430751206 percent
accuracy on test set = 86.57999765872955 percent
 
epoch= 78 	 time= 71.04100536902746 min 	 lr= 0.03346844800613231 	 loss= 0.23413467005161984 	 error= 7.5587436061381075 percent
accuracy on test set = 85.96999800205231 percent
 
epoch= 79 	 time= 71.94881590207417 min 	 lr= 0.03309793545495376 	 loss= 0.22389617394608305 	 error= 7.193494239426634 percent
accuracy on test set = 86.38999795913696 percent
 
epoch= 80 	 time= 72.84007134437562 min 	 lr= 0.03272542485937371 	 loss= 0.2212612167229433 	 error= 7.213475057840957 percent
accuracy on test set = 85.69999808073044 percent
 
epoch= 81 	 time= 73.72943657239279 min 	 lr= 0.03235100813080762 	 loss= 0.23207639891397008 	 error= 7.609494887959317 percent
accuracy on test set = 87.92999804019928 percent
 
epoch= 82 	 time= 74.63651350736617 min 	 lr= 0.03197477765098076 	 loss= 0.22614382609458225 	 error= 7.42367327670612 percent
accuracy on test set = 86.37999773025513 percent
 
epoch= 83 	 time= 75.55083853801092 min 	 lr= 0.03159682624913434 	 loss= 0.2184814949665228 	 error= 7.149136828644501 percent
accuracy on test set = 86.34999793767929 percent
 
epoch= 84 	 time= 76.4430001338323 min 	 lr= 0.031217247179121384 	 loss= 0.212747057113806 	 error= 6.8873881074168795 percent
accuracy on test set = 86.19999772310257 percent
 
epoch= 85 	 time= 77.33832683165868 min 	 lr= 0.03083613409639766 	 loss= 0.2174076841920233 	 error= 7.11437020155475 percent
accuracy on test set = 86.6299979686737 percent
 
epoch= 86 	 time= 78.22113071680069 min 	 lr= 0.03045358103491359 	 loss= 0.21270146150418254 	 error= 6.8742007703122585 percent
accuracy on test set = 85.87999814748764 percent
 
epoch= 87 	 time= 79.11751699050268 min 	 lr= 0.03006968238391284 	 loss= 0.21092162504220557 	 error= 6.896978891109262 percent
accuracy on test set = 86.71999788284302 percent
 
epoch= 88 	 time= 80.01336040496827 min 	 lr= 0.029684532864643145 	 loss= 0.2050657484613721 	 error= 6.835038354024863 percent
accuracy on test set = 86.56999790668488 percent
 
epoch= 89 	 time= 80.91618817249933 min 	 lr= 0.02929822750698526 	 loss= 0.20230693107142167 	 error= 6.586876595416642 percent
accuracy on test set = 85.59999799728394 percent
 
epoch= 90 	 time= 81.82359412908554 min 	 lr= 0.028910861626005795 	 loss= 0.2037676626344776 	 error= 6.606457803560339 percent
accuracy on test set = 85.5299978852272 percent
 
epoch= 91 	 time= 82.72021369934082 min 	 lr= 0.028522530798439593 	 loss= 0.20336025724630527 	 error= 6.713155361697496 percent
accuracy on test set = 86.1599977016449 percent
 
epoch= 92 	 time= 83.6235257824262 min 	 lr= 0.028133330839107632 	 loss= 0.2035237547019711 	 error= 6.616847823038126 percent
accuracy on test set = 86.15999776124954 percent
 
epoch= 93 	 time= 84.52906823158264 min 	 lr= 0.027743357777276153 	 loss= 0.19364604530165264 	 error= 6.320332474720752 percent
accuracy on test set = 86.41999799013138 percent
 
epoch= 94 	 time= 85.4387840827306 min 	 lr= 0.027352707832962876 	 loss= 0.1862575345389221 	 error= 6.056985297166477 percent
accuracy on test set = 86.85999780893326 percent
 
epoch= 95 	 time= 86.36924471457799 min 	 lr= 0.026961477393196143 	 loss= 0.18924876641663138 	 error= 6.26478580867543 percent
accuracy on test set = 86.19999819993973 percent
 
epoch= 96 	 time= 87.28565385341645 min 	 lr= 0.026569762988232853 	 loss= 0.18385656325675337 	 error= 6.069373398485696 percent
accuracy on test set = 87.09999799728394 percent
 
epoch= 97 	 time= 88.21061670382818 min 	 lr= 0.02617766126774108 	 loss= 0.18827401221636922 	 error= 6.120124680306906 percent
accuracy on test set = 86.25999802350998 percent
 
epoch= 98 	 time= 89.11768352190653 min 	 lr= 0.025785268976953223 	 loss= 0.17419478090484733 	 error= 5.683343992818652 percent
accuracy on test set = 86.07999819517136 percent
 
epoch= 99 	 time= 90.01455310583114 min 	 lr= 0.02539268293279553 	 loss= 0.1778461770214083 	 error= 5.772458439897698 percent
accuracy on test set = 86.76999825239182 percent
 
epoch= 100 	 time= 90.92030452489853 min 	 lr= 0.025000000000000012 	 loss= 0.16947204861647028 	 error= 5.540680946291561 percent
accuracy on test set = 87.01999795436859 percent
 
epoch= 101 	 time= 91.82988864978155 min 	 lr= 0.0246073170672045 	 loss= 0.1677676133544701 	 error= 5.3932225002962 percent
accuracy on test set = 86.49999791383743 percent
 
epoch= 102 	 time= 92.74814346631368 min 	 lr= 0.024214731023046804 	 loss= 0.16658315897140358 	 error= 5.450367637912331 percent
accuracy on test set = 87.01999807357788 percent
 
epoch= 103 	 time= 93.65594582557678 min 	 lr= 0.023822338732258946 	 loss= 0.16861243865183553 	 error= 5.6637627846749545 percent
accuracy on test set = 87.55999785661697 percent
 
epoch= 104 	 time= 94.55611109336218 min 	 lr= 0.023430237011767177 	 loss= 0.16156725401578048 	 error= 5.298913043478261 percent
accuracy on test set = 86.80999743938446 percent
 
epoch= 105 	 time= 95.46365768114725 min 	 lr= 0.02303852260680389 	 loss= 0.15852313212421545 	 error= 5.203005115089514 percent
accuracy on test set = 87.67999804019928 percent
 
epoch= 106 	 time= 96.34781502485275 min 	 lr= 0.022647292167037154 	 loss= 0.1567717348904256 	 error= 5.199808187192054 percent
accuracy on test set = 86.98999792337418 percent
 
epoch= 107 	 time= 97.24705094099045 min 	 lr= 0.02225664222272388 	 loss= 0.15665528414499424 	 error= 5.199808187192054 percent
accuracy on test set = 87.2899979352951 percent
 
epoch= 108 	 time= 98.15835183461508 min 	 lr= 0.02186666916089241 	 loss= 0.15064017615659767 	 error= 5.009191176470589 percent
accuracy on test set = 86.50999772548676 percent
 
epoch= 109 	 time= 99.0496710340182 min 	 lr= 0.02147746920156045 	 loss= 0.14899658797608922 	 error= 4.877317774936062 percent
accuracy on test set = 87.02999776601791 percent
 
epoch= 110 	 time= 99.96164741516114 min 	 lr= 0.021089138373994242 	 loss= 0.14789109410303633 	 error= 4.8537404031095 percent
accuracy on test set = 87.30999779701233 percent
 
epoch= 111 	 time= 100.86572143236796 min 	 lr= 0.02070177249301477 	 loss= 0.14490540399956886 	 error= 4.7582321002355314 percent
accuracy on test set = 86.24999785423279 percent
 
epoch= 112 	 time= 101.77555536429087 min 	 lr= 0.0203154671353569 	 loss= 0.14042604628407285 	 error= 4.575607416879795 percent
accuracy on test set = 87.01999813318253 percent
 
epoch= 113 	 time= 102.67348439693451 min 	 lr= 0.019930317616087205 	 loss= 0.1340591076599515 	 error= 4.42894820666984 percent
accuracy on test set = 86.80999797582626 percent
 
epoch= 114 	 time= 103.57361558675765 min 	 lr= 0.019546418965086458 	 loss= 0.13034943326393053 	 error= 4.175591423078571 percent
accuracy on test set = 87.88999795913696 percent
 
epoch= 115 	 time= 104.484939010938 min 	 lr= 0.019163865903602376 	 loss= 0.13287873991557855 	 error= 4.394581205094867 percent
accuracy on test set = 87.67999798059464 percent
 
epoch= 116 	 time= 105.3816476980845 min 	 lr= 0.018782752820878643 	 loss= 0.12951177862637184 	 error= 4.332640668010468 percent
accuracy on test set = 86.82999777793884 percent
 
epoch= 117 	 time= 106.27477575540543 min 	 lr= 0.01840317375086569 	 loss= 0.12633301397723615 	 error= 4.141224421503599 percent
accuracy on test set = 87.27999776601791 percent
 
epoch= 118 	 time= 107.16301653385162 min 	 lr= 0.018025222349019283 	 loss= 0.12270587869464894 	 error= 4.083679658372689 percent
accuracy on test set = 87.92999809980392 percent
 
epoch= 119 	 time= 108.04925776720047 min 	 lr= 0.017648991869192415 	 loss= 0.12035888058545492 	 error= 4.029731448654019 percent
accuracy on test set = 87.20999765396118 percent
 
epoch= 120 	 time= 108.92934330701829 min 	 lr= 0.017274575140626334 	 loss= 0.11604464812980742 	 error= 3.8427109913447937 percent
accuracy on test set = 88.03999787569046 percent
 
epoch= 121 	 time= 109.82861618200938 min 	 lr= 0.016902064545046273 	 loss= 0.11562099504520369 	 error= 3.9010549902611076 percent
accuracy on test set = 87.33999806642532 percent
 
epoch= 122 	 time= 110.71256682078044 min 	 lr= 0.016531551993867726 	 loss= 0.11422981389457612 	 error= 3.72961956216856 percent
accuracy on test set = 87.74999803304672 percent
 
epoch= 123 	 time= 111.61100025574366 min 	 lr= 0.016163128905518586 	 loss= 0.10853794518181735 	 error= 3.600943088531494 percent
accuracy on test set = 86.63999807834625 percent
 
epoch= 124 	 time= 112.52432140906652 min 	 lr= 0.015796886182883066 	 loss= 0.10880336306436593 	 error= 3.532608695652174 percent
accuracy on test set = 87.62999844551086 percent
 
epoch= 125 	 time= 113.43089840014775 min 	 lr= 0.015432914190872771 	 loss= 0.09914836923941932 	 error= 3.336796675191816 percent
accuracy on test set = 87.20999777317047 percent
 
epoch= 126 	 time= 114.32358618974686 min 	 lr= 0.01507130273413049 	 loss= 0.0980251851965628 	 error= 3.2304987120811286 percent
accuracy on test set = 87.77999794483185 percent
 
epoch= 127 	 time= 115.21458092133204 min 	 lr= 0.01471214103487229 	 loss= 0.09748313302541023 	 error= 3.209319047610778 percent
accuracy on test set = 87.53999769687653 percent
 
epoch= 128 	 time= 116.10548020601273 min 	 lr= 0.014355517710873194 	 loss= 0.08951965332641017 	 error= 2.8656489708844353 percent
accuracy on test set = 87.83999788761139 percent
 
epoch= 129 	 time= 116.99284302393595 min 	 lr= 0.01400152075360213 	 loss= 0.09318307527076558 	 error= 3.0135070271504203 percent
accuracy on test set = 87.5299978852272 percent
 
epoch= 130 	 time= 117.88467990557352 min 	 lr= 0.01365023750651134 	 loss= 0.09040031623085747 	 error= 2.9667519090120753 percent
accuracy on test set = 87.59999811649323 percent
 
epoch= 131 	 time= 118.78759746551513 min 	 lr= 0.013301754643485679 	 loss= 0.08570278162503486 	 error= 2.8049072798560646 percent
accuracy on test set = 87.51999795436859 percent
 
epoch= 132 	 time= 119.6843213280042 min 	 lr= 0.012956158147457122 	 loss= 0.07908580671814854 	 error= 2.613091423078571 percent
accuracy on test set = 88.3699980378151 percent
 
epoch= 133 	 time= 120.5868996500969 min 	 lr= 0.012613533289189816 	 loss= 0.08458927973552281 	 error= 2.7945172603782793 percent
accuracy on test set = 88.49999791383743 percent
 
epoch= 134 	 time= 121.50390421152115 min 	 lr= 0.012273964606240723 	 loss= 0.07676812745344913 	 error= 2.5339673852066857 percent
accuracy on test set = 87.79999768733978 percent
 
epoch= 135 	 time= 122.39006688992183 min 	 lr= 0.011937535882101285 	 loss= 0.07011693972817924 	 error= 2.2921994823933867 percent
accuracy on test set = 88.69999796152115 percent
 
epoch= 136 	 time= 123.29083675940832 min 	 lr= 0.011604330125525083 	 loss= 0.07005149293262178 	 error= 2.2682225002961998 percent
accuracy on test set = 87.75999796390533 percent
 
epoch= 137 	 time= 124.1988454858462 min 	 lr= 0.011274429550046707 	 loss= 0.06922718731071943 	 error= 2.254635552920954 percent
accuracy on test set = 88.05999785661697 percent
 
epoch= 138 	 time= 125.0944751381874 min 	 lr= 0.010947915553696737 	 loss= 0.0698429024623483 	 error= 2.2902014005519544 percent
accuracy on test set = 88.23999798297882 percent
 
epoch= 139 	 time= 125.99983068704606 min 	 lr= 0.01062486869891804 	 loss= 0.06360975402833709 	 error= 2.1035805535133534 percent
accuracy on test set = 87.47999799251556 percent
 
epoch= 140 	 time= 126.88898646036783 min 	 lr= 0.01030536869268818 	 loss= 0.06461261179479187 	 error= 2.075207797462678 percent
accuracy on test set = 87.77999794483185 percent
 
epoch= 141 	 time= 127.77618398269017 min 	 lr= 0.009989494366852907 	 loss= 0.05955410226131492 	 error= 1.9273497411966933 percent
accuracy on test set = 88.83999794721603 percent
 
epoch= 142 	 time= 128.66997488339743 min 	 lr= 0.00967732365867559 	 loss= 0.05482182604120211 	 error= 1.7874840122964377 percent
accuracy on test set = 88.59999811649323 percent
 
epoch= 143 	 time= 129.56211980978648 min 	 lr= 0.009368933591607374 	 loss= 0.05300073895384284 	 error= 1.781489766772141 percent
accuracy on test set = 88.5699982047081 percent
 
epoch= 144 	 time= 130.46400858958563 min 	 lr= 0.00906440025628276 	 loss= 0.054100502718268606 	 error= 1.7782928388746801 percent
accuracy on test set = 89.10999792814255 percent
 
epoch= 145 	 time= 131.36421155929565 min 	 lr= 0.008763798791745414 	 loss= 0.04882294227323874 	 error= 1.6456202015547496 percent
accuracy on test set = 88.23999834060669 percent
 
epoch= 146 	 time= 132.24874846140543 min 	 lr= 0.00846720336690871 	 loss= 0.04213841598661964 	 error= 1.3539002527056447 percent
accuracy on test set = 89.10999798774719 percent
 
epoch= 147 	 time= 133.14324956734976 min 	 lr= 0.008174687162255667 	 loss= 0.04416369743969129 	 error= 1.4621962824136094 percent
accuracy on test set = 88.2499977350235 percent
 
epoch= 148 	 time= 134.05211914777755 min 	 lr= 0.007886322351782785 	 loss= 0.042979673489623366 	 error= 1.4118446261071793 percent
accuracy on test set = 89.09999829530716 percent
 
epoch= 149 	 time= 134.96352940400442 min 	 lr= 0.007602180085192145 	 loss= 0.03619784255371527 	 error= 1.1660805596110155 percent
accuracy on test set = 89.17999815940857 percent
 
epoch= 150 	 time= 135.87028348445892 min 	 lr= 0.007322330470336316 	 loss= 0.03721762514766067 	 error= 1.2260230148539824 percent
accuracy on test set = 89.00999802350998 percent
 
epoch= 151 	 time= 136.78221627076468 min 	 lr= 0.007046842555920285 	 loss= 0.0352820480656822 	 error= 1.1544916788330468 percent
accuracy on test set = 88.18999809026718 percent
 
epoch= 152 	 time= 137.68340891599655 min 	 lr= 0.006775784314464719 	 loss= 0.030113917420549162 	 error= 0.9462915570534709 percent
accuracy on test set = 88.73999798297882 percent
 
epoch= 153 	 time= 138.57610195477804 min 	 lr= 0.006509222625534758 	 loss= 0.030142017232868676 	 error= 0.9674712215238215 percent
accuracy on test set = 88.98999828100204 percent
 
epoch= 154 	 time= 139.47816240390142 min 	 lr= 0.006247223259238513 	 loss= 0.029950527657690407 	 error= 0.9450927109974425 percent
accuracy on test set = 88.9199977517128 percent
 
epoch= 155 	 time= 140.3685521562894 min 	 lr= 0.0059898508599992295 	 loss= 0.026476129827558842 	 error= 0.8555786384036168 percent
accuracy on test set = 89.10999768972397 percent
 
epoch= 156 	 time= 141.2612769961357 min 	 lr= 0.005737168930605274 	 loss= 0.023893150903494156 	 error= 0.7304987181787905 percent
accuracy on test set = 88.95999819040298 percent
 
epoch= 157 	 time= 142.1539623061816 min 	 lr= 0.005489239816541763 	 loss= 0.021609504327244695 	 error= 0.6713554987212277 percent
accuracy on test set = 88.69999796152115 percent
 
epoch= 158 	 time= 143.04534976482392 min 	 lr= 0.005246124690607742 	 loss= 0.022454291683933734 	 error= 0.6973305626598466 percent
accuracy on test set = 88.91999799013138 percent
 
epoch= 159 	 time= 143.93059599002203 min 	 lr= 0.005007883537822737 	 loss= 0.0177474958117089 	 error= 0.5614609974424553 percent
accuracy on test set = 88.97999811172485 percent
 
epoch= 160 	 time= 144.82397760152816 min 	 lr= 0.004774575140626318 	 loss= 0.01658887671166197 	 error= 0.531489769820972 percent
accuracy on test set = 89.41999810934067 percent
 
epoch= 161 	 time= 145.7251258691152 min 	 lr= 0.00454625706437442 	 loss= 0.01613539635249035 	 error= 0.4875319693094629 percent
accuracy on test set = 89.50999790430069 percent
 
epoch= 162 	 time= 146.62302395105363 min 	 lr= 0.004322985643135959 	 loss= 0.01216052960582992 	 error= 0.3616528132992327 percent
accuracy on test set = 89.14999777078629 percent
 
epoch= 163 	 time= 147.52230780919393 min 	 lr= 0.0041048159657932504 	 loss= 0.014157128972870766 	 error= 0.4195971867007673 percent
accuracy on test set = 90.05999809503555 percent
 
epoch= 164 	 time= 148.43941475550335 min 	 lr= 0.0038918018624496302 	 loss= 0.010749781866322089 	 error= 0.34966432225063937 percent
accuracy on test set = 89.50999784469604 percent
 
epoch= 165 	 time= 149.3498126745224 min 	 lr= 0.0036839958911477027 	 loss= 0.00954839377961767 	 error= 0.2617487212276215 percent
accuracy on test set = 90.20999801158905 percent
 
epoch= 166 	 time= 150.2457545955976 min 	 lr= 0.0034814493249014076 	 loss= 0.00951632370343408 	 error= 0.30171035805626595 percent
accuracy on test set = 89.83999800682068 percent
 
epoch= 167 	 time= 151.14255043268204 min 	 lr= 0.003284212139045219 	 loss= 0.008481907946488742 	 error= 0.25495523991792096 percent
accuracy on test set = 89.84999799728394 percent
 
epoch= 168 	 time= 152.0375007390976 min 	 lr= 0.003092332998903412 	 loss= 0.007105129778080279 	 error= 0.20500319388211535 percent
accuracy on test set = 89.7699978351593 percent
 
epoch= 169 	 time= 152.91799900531768 min 	 lr= 0.002905859247782665 	 loss= 0.006655512834944383 	 error= 0.17902812994349643 percent
accuracy on test set = 90.14999806880951 percent
 
epoch= 170 	 time= 153.83007270495096 min 	 lr= 0.0027248368952908068 	 loss= 0.006138528392309575 	 error= 0.15585038363171355 percent
accuracy on test set = 90.049997985363 percent
 
epoch= 171 	 time= 154.70915540854136 min 	 lr= 0.002549310605984613 	 loss= 0.004596666029408512 	 error= 0.10589833759590793 percent
accuracy on test set = 89.88999789953232 percent
 
epoch= 172 	 time= 155.5991614262263 min 	 lr= 0.0023793236883495176 	 loss= 0.0038966117736399936 	 error= 0.10909526549336855 percent
accuracy on test set = 90.20999777317047 percent
 
epoch= 173 	 time= 156.48821408748626 min 	 lr= 0.002214918084113875 	 loss= 0.0034745899169012677 	 error= 0.07592710997442455 percent
accuracy on test set = 90.35999804735184 percent
 
epoch= 174 	 time= 157.3899331132571 min 	 lr= 0.0020561343579004786 	 loss= 0.0036827379014686018 	 error= 0.09191176470588235 percent
accuracy on test set = 90.47999793291092 percent
 
epoch= 175 	 time= 158.2929700255394 min 	 lr= 0.0019030116872178384 	 loss= 0.0034369031048339348 	 error= 0.07792519181585678 percent
accuracy on test set = 90.40999799966812 percent
 
epoch= 176 	 time= 159.18584547837574 min 	 lr= 0.0017555878527937174 	 loss= 0.003075712050348187 	 error= 0.06593670076726342 percent
accuracy on test set = 90.35999792814255 percent
 
epoch= 177 	 time= 160.07457357645035 min 	 lr= 0.0016138992292533167 	 loss= 0.002246351889691904 	 error= 0.0479539641943734 percent
accuracy on test set = 90.39999788999557 percent
 
epoch= 178 	 time= 160.9588122646014 min 	 lr= 0.0014779807761443645 	 loss= 0.0029761939300009814 	 error= 0.0719309462915601 percent
accuracy on test set = 90.55999797582626 percent
 
epoch= 179 	 time= 161.8518448472023 min 	 lr= 0.0013478660293113683 	 loss= 0.002190981727198262 	 error= 0.0399616368286445 percent
accuracy on test set = 90.71999770402908 percent
 
epoch= 180 	 time= 162.74992619355518 min 	 lr= 0.0012235870926211624 	 loss= 0.002137093854796551 	 error= 0.04195971867007673 percent
accuracy on test set = 90.60999798774719 percent
 
epoch= 181 	 time= 163.62941232919692 min 	 lr= 0.0011051746300417477 	 loss= 0.0022330858719075467 	 error= 0.04395780051150895 percent
accuracy on test set = 90.80999773740768 percent
 
epoch= 182 	 time= 164.52545886039735 min 	 lr= 0.0009926578580764268 	 loss= 0.0022285230801073965 	 error= 0.05195012787723786 percent
accuracy on test set = 90.62999802827835 percent
 
epoch= 183 	 time= 165.41202768882115 min 	 lr= 0.0008860645385550515 	 loss= 0.002114644154127392 	 error= 0.04395780051150895 percent
accuracy on test set = 90.6899978518486 percent
 
epoch= 184 	 time= 166.30342882871628 min 	 lr= 0.0007854209717842264 	 loss= 0.0017838942634639666 	 error= 0.029971227621483378 percent
accuracy on test set = 90.59999793767929 percent
 
epoch= 185 	 time= 167.20252373218537 min 	 lr= 0.0006907519900580866 	 loss= 0.0019718482280554977 	 error= 0.029971227621483378 percent
accuracy on test set = 90.55999785661697 percent
 
epoch= 186 	 time= 168.08373491366703 min 	 lr= 0.0006020809515313173 	 loss= 0.0015800407512442155 	 error= 0.017982736572890026 percent
accuracy on test set = 90.47999799251556 percent
 
epoch= 187 	 time= 168.99644197622936 min 	 lr= 0.0005194297344558538 	 loss= 0.001775510989286153 	 error= 0.0319693094629156 percent
accuracy on test set = 90.67999798059464 percent
 
epoch= 188 	 time= 169.90222150087357 min 	 lr= 0.00044281873178278225 	 loss= 0.0016089801106701992 	 error= 0.0159846547314578 percent
accuracy on test set = 90.74999791383743 percent
 
epoch= 189 	 time= 170.7060488263766 min 	 lr= 0.0003722668461306535 	 loss= 0.0017771185701772514 	 error= 0.0239769820971867 percent
accuracy on test set = 90.56999778747559 percent
 
epoch= 190 	 time= 171.46417493422825 min 	 lr= 0.0003077914851215587 	 loss= 0.0015110621464622142 	 error= 0.017982736572890026 percent
accuracy on test set = 90.48999798297882 percent
 
epoch= 191 	 time= 172.21920011838276 min 	 lr= 0.00024940855708606175 	 loss= 0.0016253788281432198 	 error= 0.0239769820971867 percent
accuracy on test set = 90.5599981546402 percent
 
epoch= 192 	 time= 172.9841327468554 min 	 lr= 0.00019713246713805603 	 loss= 0.0017294184765671297 	 error= 0.033967391304347824 percent
accuracy on test set = 90.63999801874161 percent
 
epoch= 193 	 time= 173.7719779809316 min 	 lr= 0.00015097611362051023 	 loss= 0.0016427004761646127 	 error= 0.02797314578005115 percent
accuracy on test set = 90.54999774694443 percent
 
epoch= 194 	 time= 174.52693353096643 min 	 lr= 0.00011095088492300018 	 loss= 0.0015288073905383992 	 error= 0.0159846547314578 percent
accuracy on test set = 90.69999796152115 percent
 
epoch= 195 	 time= 175.29834836324056 min 	 lr= 7.706665667180096e-05 	 loss= 0.0018157415006243055 	 error= 0.02797314578005115 percent
accuracy on test set = 90.61999785900116 percent
 
epoch= 196 	 time= 176.0566387494405 min 	 lr= 4.9331789293211064e-05 	 loss= 0.0016481895266217477 	 error= 0.021978900255754476 percent
accuracy on test set = 90.6699977517128 percent
 
epoch= 197 	 time= 176.79994195302328 min 	 lr= 2.7753125950752432e-05 	 loss= 0.0014020191461486203 	 error= 0.0079923273657289 percent
accuracy on test set = 90.7799978852272 percent
 
epoch= 198 	 time= 177.5550332625707 min 	 lr= 1.2335990856710008e-05 	 loss= 0.0015859088819959889 	 error= 0.02597506393861893 percent
accuracy on test set = 90.77999764680862 percent
 
epoch= 199 	 time= 178.29848493734997 min 	 lr= 3.0841879584853094e-06 	 loss= 0.0014910996179072582 	 error= 0.013986572890025575 percent
accuracy on test set = 90.56999760866165 percent
 
