nohup: ignoring input
Namespace(epoch=250, lr=0.05, model='vgg13', noise=None, resume=True, root='./data', type='train')
test mean and std: [tensor(0.4942), tensor(0.4851), tensor(0.4504)] [tensor(0.2467), tensor(0.2429), tensor(0.2616)]
train mean and std: [tensor(0.4914), tensor(0.4822), tensor(0.4465)] [tensor(0.2470), tensor(0.2435), tensor(0.2616)]
[33mThe trained model will be saved in: outputs/vgg13/default[0m
load model: outputs/vgg13/default/latest.pth
epoch= 200 	 time= 0.7303593357404073 min 	 lr= 3.0841879584853094e-06 	 loss= 0.002667257308905177 	 error= 0.0319693094629156 percent
accuracy on test set = 92.7399982213974 percent
 
epoch= 201 	 time= 1.5633866906166076 min 	 lr= 0.0 	 loss= 0.002931215679835733 	 error= 0.04595588235294117 percent
accuracy on test set = 92.82999819517136 percent
 
epoch= 202 	 time= 2.3594499905904134 min 	 lr= 3.0841879584853073e-06 	 loss= 0.0026391591046653366 	 error= 0.033967391304347824 percent
accuracy on test set = 92.83999836444855 percent
 
epoch= 203 	 time= 3.1569536248842875 min 	 lr= 1.233599085671e-05 	 loss= 0.002822678866665191 	 error= 0.0399616368286445 percent
accuracy on test set = 92.77999830245972 percent
 
epoch= 204 	 time= 3.958260174592336 min 	 lr= 2.7753125950749633e-05 	 loss= 0.0028640586910221506 	 error= 0.04195971867007673 percent
accuracy on test set = 92.90999811887741 percent
 
epoch= 205 	 time= 4.741486612955729 min 	 lr= 4.933178929321102e-05 	 loss= 0.0029994799887113595 	 error= 0.0479539641943734 percent
accuracy on test set = 92.85999828577042 percent
 
epoch= 206 	 time= 5.509687622388204 min 	 lr= 7.706665667180089e-05 	 loss= 0.002969650635043221 	 error= 0.0479539641943734 percent
accuracy on test set = 92.9299983382225 percent
 
epoch= 207 	 time= 6.308363310496012 min 	 lr= 0.00011095088492300008 	 loss= 0.002816353926954367 	 error= 0.037963554987212274 percent
accuracy on test set = 92.85999792814255 percent
 
epoch= 208 	 time= 7.074321528275807 min 	 lr= 0.00015097611362050733 	 loss= 0.0026606687699215928 	 error= 0.0319693094629156 percent
accuracy on test set = 92.76999831199646 percent
 
epoch= 209 	 time= 7.83734546105067 min 	 lr= 0.0001971324671380531 	 loss= 0.0026559528144126485 	 error= 0.029971227621483378 percent
accuracy on test set = 92.91999816894531 percent
 
epoch= 210 	 time= 8.625942587852478 min 	 lr= 0.0002494085570860616 	 loss= 0.002722287214720798 	 error= 0.025175828153215098 percent
accuracy on test set = 92.8099981546402 percent
 
epoch= 211 	 time= 9.404023838043212 min 	 lr= 0.00030779148512155574 	 loss= 0.0027898236230263474 	 error= 0.0399616368286445 percent
accuracy on test set = 93.02999824285507 percent
 
epoch= 212 	 time= 10.176450697580973 min 	 lr= 0.0003722668461306506 	 loss= 0.0029512069728749486 	 error= 0.0479539641943734 percent
accuracy on test set = 93.07999819517136 percent
 
epoch= 213 	 time= 10.957197527090708 min 	 lr= 0.0004428187317827848 	 loss= 0.002681721826893804 	 error= 0.033967391304347824 percent
accuracy on test set = 93.01999819278717 percent
 
epoch= 214 	 time= 11.727194201946258 min 	 lr= 0.0005194297344558563 	 loss= 0.002805235893334574 	 error= 0.02597506393861893 percent
accuracy on test set = 93.04999816417694 percent
 
epoch= 215 	 time= 12.485518554846445 min 	 lr= 0.0006020809515313142 	 loss= 0.0029075761433438306 	 error= 0.05195012787723786 percent
accuracy on test set = 92.81999826431274 percent
 
epoch= 216 	 time= 13.264195263385773 min 	 lr= 0.0006907519900580833 	 loss= 0.0032044150202613694 	 error= 0.04995204603580563 percent
accuracy on test set = 92.86999779939651 percent
 
epoch= 217 	 time= 14.037851623694102 min 	 lr= 0.0007854209717842205 	 loss= 0.002949364319600908 	 error= 0.0399616368286445 percent
accuracy on test set = 92.86999797821045 percent
 
epoch= 218 	 time= 14.794162591298422 min 	 lr= 0.0008860645385550455 	 loss= 0.00347467409411107 	 error= 0.05794437340153453 percent
accuracy on test set = 92.7999981045723 percent
 
epoch= 219 	 time= 15.57175770998001 min 	 lr= 0.000992657858076421 	 loss= 0.003181081007965995 	 error= 0.0479539641943734 percent
accuracy on test set = 92.66999793052673 percent
 
epoch= 220 	 time= 16.34351162115733 min 	 lr= 0.0011051746300417475 	 loss= 0.003421267881022428 	 error= 0.05195012787723786 percent
accuracy on test set = 92.66999799013138 percent
 
epoch= 221 	 time= 17.10367435614268 min 	 lr= 0.0012235870926211596 	 loss= 0.003917791334319088 	 error= 0.06993286445012788 percent
accuracy on test set = 92.96999835968018 percent
 
epoch= 222 	 time= 17.887837370236713 min 	 lr= 0.0013478660293113683 	 loss= 0.0035164629502514914 	 error= 0.05394820971867007 percent
accuracy on test set = 92.60999816656113 percent
 
epoch= 223 	 time= 18.665426993370055 min 	 lr= 0.0014779807761443645 	 loss= 0.0037584374230021558 	 error= 0.06593670076726342 percent
accuracy on test set = 92.7899980545044 percent
 
epoch= 224 	 time= 19.429900316397347 min 	 lr= 0.0016138992292533193 	 loss= 0.004018229646179492 	 error= 0.07592710997442455 percent
accuracy on test set = 92.70999819040298 percent
 
epoch= 225 	 time= 20.23838761250178 min 	 lr= 0.0017555878527937146 	 loss= 0.003804352546534727 	 error= 0.04515664656753735 percent
accuracy on test set = 92.67999792098999 percent
 
epoch= 226 	 time= 21.002621757984162 min 	 lr= 0.00190301168721783 	 loss= 0.004245399414082927 	 error= 0.05794437340153453 percent
accuracy on test set = 92.76999825239182 percent
 
epoch= 227 	 time= 21.77160721619924 min 	 lr= 0.00205613435790047 	 loss= 0.00567029836370855 	 error= 0.11788682864450127 percent
accuracy on test set = 92.73999792337418 percent
 
epoch= 228 	 time= 22.557106339931487 min 	 lr= 0.0022149180841138662 	 loss= 0.006030821053268355 	 error= 0.12987531969309463 percent
accuracy on test set = 92.57999795675278 percent
 
epoch= 229 	 time= 23.3216286500295 min 	 lr= 0.002379323688349509 	 loss= 0.006193105321046432 	 error= 0.12587915601023017 percent
accuracy on test set = 92.64999854564667 percent
 
epoch= 230 	 time= 24.08575750986735 min 	 lr= 0.0025493106059846045 	 loss= 0.0065542659138703285 	 error= 0.13387148337595908 percent
accuracy on test set = 92.51999813318253 percent
 
epoch= 231 	 time= 24.856907749176024 min 	 lr= 0.002724836895290809 	 loss= 0.006943506539723052 	 error= 0.16783887468030692 percent
accuracy on test set = 92.14999806880951 percent
 
epoch= 232 	 time= 25.62752456665039 min 	 lr= 0.002905859247782667 	 loss= 0.008993692777079084 	 error= 0.23577365728900254 percent
accuracy on test set = 92.19999796152115 percent
 
epoch= 233 	 time= 26.40559049050013 min 	 lr= 0.003092332998903414 	 loss= 0.009643242303210566 	 error= 0.21179667519181586 percent
accuracy on test set = 92.53999841213226 percent
 
epoch= 234 	 time= 27.1889036377271 min 	 lr= 0.003284212139045221 	 loss= 0.011304281454276094 	 error= 0.2777333759590793 percent
accuracy on test set = 92.05999833345413 percent
 
epoch= 235 	 time= 27.964990623792012 min 	 lr= 0.00348144932490141 	 loss= 0.011726604547122937 	 error= 0.32768542199488493 percent
accuracy on test set = 92.75999808311462 percent
 
epoch= 236 	 time= 28.735399615764617 min 	 lr= 0.0036839958911476936 	 loss= 0.013350266282020323 	 error= 0.3236892583120205 percent
accuracy on test set = 92.42999809980392 percent
 
epoch= 237 	 time= 29.51336175998052 min 	 lr= 0.0038918018624496216 	 loss= 0.014475137800397471 	 error= 0.38562979539641945 percent
accuracy on test set = 92.16999769210815 percent
 
epoch= 238 	 time= 30.29091138044993 min 	 lr= 0.004104815965793242 	 loss= 0.017157260433334827 	 error= 0.4819373340557908 percent
accuracy on test set = 92.0499981045723 percent
 
epoch= 239 	 time= 31.056861412525176 min 	 lr= 0.0043229856431359496 	 loss= 0.018404917286523163 	 error= 0.5246962885112714 percent
accuracy on test set = 91.71999800205231 percent
 
epoch= 240 	 time= 31.81804328362147 min 	 lr= 0.0045462570643744074 	 loss= 0.02343762086709137 	 error= 0.6745524266186883 percent
accuracy on test set = 92.11999827623367 percent
 
epoch= 241 	 time= 32.60523572762807 min 	 lr= 0.004774575140626306 	 loss= 0.021772712828767728 	 error= 0.6174072890025576 percent
accuracy on test set = 91.71999800205231 percent
 
epoch= 242 	 time= 33.3763338804245 min 	 lr= 0.005007883537822742 	 loss= 0.02366764911824404 	 error= 0.7133152173913043 percent
accuracy on test set = 91.21999806165695 percent
 
epoch= 243 	 time= 34.140686857700345 min 	 lr= 0.005246124690607743 	 loss= 0.022731904393000067 	 error= 0.6817455181990133 percent
accuracy on test set = 91.17999809980392 percent
 
epoch= 244 	 time= 34.917330809434254 min 	 lr= 0.0054892398165417595 	 loss= 0.028253569493970603 	 error= 0.8531809462915602 percent
accuracy on test set = 91.55999785661697 percent
 
epoch= 245 	 time= 35.68587015867233 min 	 lr= 0.005737168930605271 	 loss= 0.03419566436258652 	 error= 1.0881553677951588 percent
accuracy on test set = 90.75999796390533 percent
 
epoch= 246 	 time= 36.44257507324219 min 	 lr= 0.005989850859999226 	 loss= 0.03520109133361398 	 error= 1.0761668767465655 percent
accuracy on test set = 90.7399982213974 percent
 
epoch= 247 	 time= 37.2235418955485 min 	 lr= 0.00624722325923851 	 loss= 0.043408730514514285 	 error= 1.3686860613810743 percent
accuracy on test set = 90.99999845027924 percent
 
epoch= 248 	 time= 37.99504885673523 min 	 lr= 0.0065092226255347545 	 loss= 0.04277493017713737 	 error= 1.3578964163885092 percent
accuracy on test set = 91.24999821186066 percent
 
epoch= 249 	 time= 38.75007394154866 min 	 lr= 0.006775784314464709 	 loss= 0.04425706587674673 	 error= 1.4418158537286627 percent
accuracy on test set = 91.25999814271927 percent
 
