nohup: ignoring input
Namespace(epoch=200, lr=0.05, model='vgg13_bn', noise='sp', resume=False, root='./data', type='train')
test mean and std: [tensor(0.4942), tensor(0.4851), tensor(0.4504)] [tensor(0.2467), tensor(0.2429), tensor(0.2616)]
train mean and std: [tensor(0.4916), tensor(0.4825), tensor(0.4476)] [tensor(0.2546), tensor(0.2512), tensor(0.2685)]
[33mThe trained model will be saved in: outputs/vgg13_bn/sp[0m
epoch= 0 	 time= 0.670339838663737 min 	 lr= 0.05 	 loss= 1.7075153366684 	 error= 64.71867006453101 percent
accuracy on test set = 49.3299989104271 percent
 
epoch= 1 	 time= 1.4091554482777913 min 	 lr= 0.04999691581204152 	 loss= 1.2925320057307972 	 error= 45.88954602665913 percent
accuracy on test set = 62.279998660087585 percent
 
epoch= 2 	 time= 2.145252243677775 min 	 lr= 0.04998766400914329 	 loss= 1.042931762192865 	 error= 36.19844948544222 percent
accuracy on test set = 69.03999859094621 percent
 
epoch= 3 	 time= 2.8830167015393573 min 	 lr= 0.049972246874049255 	 loss= 0.9005601031091207 	 error= 30.37643860977934 percent
accuracy on test set = 73.43999826908112 percent
 
epoch= 4 	 time= 3.6189136505126953 min 	 lr= 0.049950668210706796 	 loss= 0.7851579846323603 	 error= 26.01942134940106 percent
accuracy on test set = 75.27999830245972 percent
 
epoch= 5 	 time= 4.348313585917155 min 	 lr= 0.04992293334332821 	 loss= 0.7165674769207645 	 error= 23.479459718670075 percent
accuracy on test set = 76.92999798059464 percent
 
epoch= 6 	 time= 5.073568634192148 min 	 lr= 0.04988904911507701 	 loss= 0.6479950308647302 	 error= 21.384271102793075 percent
accuracy on test set = 77.70999801158905 percent
 
epoch= 7 	 time= 5.799687151114146 min 	 lr= 0.049849023886379504 	 loss= 0.6096845449084212 	 error= 19.899696294608933 percent
accuracy on test set = 78.64999777078629 percent
 
epoch= 8 	 time= 6.520975561936696 min 	 lr= 0.04980286753286196 	 loss= 0.5692773952965846 	 error= 18.62452045426039 percent
accuracy on test set = 80.03999769687653 percent
 
epoch= 9 	 time= 7.250584503014882 min 	 lr= 0.049750591442913945 	 loss= 0.5472794122555676 	 error= 18.0374840183941 percent
accuracy on test set = 80.14999788999557 percent
 
epoch= 10 	 time= 7.980772078037262 min 	 lr= 0.049692208514878454 	 loss= 0.512927789822259 	 error= 16.70516304042943 percent
accuracy on test set = 80.43999809026718 percent
 
epoch= 11 	 time= 8.708797641595204 min 	 lr= 0.049627733153869355 	 loss= 0.49382200898111933 	 error= 16.224024926914886 percent
accuracy on test set = 80.20999801158905 percent
 
epoch= 12 	 time= 9.43098083337148 min 	 lr= 0.049557181268217225 	 loss= 0.4778480320940237 	 error= 15.596227618434543 percent
accuracy on test set = 81.64999788999557 percent
 
epoch= 13 	 time= 10.159638774394988 min 	 lr= 0.04948057026554415 	 loss= 0.4628951711118069 	 error= 15.082720585186463 percent
accuracy on test set = 81.4499980211258 percent
 
epoch= 14 	 time= 10.891959714889527 min 	 lr= 0.04939791904846869 	 loss= 0.4520621314987807 	 error= 14.595987851662404 percent
accuracy on test set = 81.83999764919281 percent
 
epoch= 15 	 time= 11.637501589457194 min 	 lr= 0.04930924800994192 	 loss= 0.4358807560199362 	 error= 14.23193733100696 percent
accuracy on test set = 82.00999790430069 percent
 
epoch= 16 	 time= 12.376974495251973 min 	 lr= 0.049214579028215785 	 loss= 0.42567891408415404 	 error= 13.815537087447808 percent
accuracy on test set = 83.09999799728394 percent
 
epoch= 17 	 time= 13.11412827571233 min 	 lr= 0.04911393546144496 	 loss= 0.4145315694229682 	 error= 13.431505748378042 percent
accuracy on test set = 84.02999776601791 percent
 
epoch= 18 	 time= 13.844733337561289 min 	 lr= 0.049007342141923586 	 loss= 0.40907888446012725 	 error= 13.39673912128829 percent
accuracy on test set = 81.31999814510345 percent
 
epoch= 19 	 time= 14.582287299633027 min 	 lr= 0.04889482536995826 	 loss= 0.40273996978007315 	 error= 13.067455242966751 percent
accuracy on test set = 82.11999762058258 percent
 
epoch= 20 	 time= 15.30683728059133 min 	 lr= 0.04877641290737885 	 loss= 0.3954912598633095 	 error= 12.6730338844192 percent
accuracy on test set = 82.03999787569046 percent
 
epoch= 21 	 time= 16.025695212682088 min 	 lr= 0.04865213397068864 	 loss= 0.39248681228484034 	 error= 12.698209712572414 percent
accuracy on test set = 83.9499980211258 percent
 
epoch= 22 	 time= 16.74629384279251 min 	 lr= 0.04852201922385564 	 loss= 0.3816398209546838 	 error= 12.47722186395884 percent
accuracy on test set = 82.9499979019165 percent
 
epoch= 23 	 time= 17.46644031604131 min 	 lr= 0.04838610077074669 	 loss= 0.37904860105965754 	 error= 12.412084398976981 percent
accuracy on test set = 83.47999799251556 percent
 
epoch= 24 	 time= 18.183630685011547 min 	 lr= 0.04824441214720629 	 loss= 0.3689553022689527 	 error= 12.01406648701719 percent
accuracy on test set = 83.24999785423279 percent
 
epoch= 25 	 time= 18.896031947930656 min 	 lr= 0.048096988312782175 	 loss= 0.36505435548170145 	 error= 11.884590792838875 percent
accuracy on test set = 84.59999799728394 percent
 
epoch= 26 	 time= 19.616362909475964 min 	 lr= 0.04794386564209953 	 loss= 0.3519873613363032 	 error= 11.367886831693331 percent
accuracy on test set = 83.2599977850914 percent
 
epoch= 27 	 time= 20.32851531902949 min 	 lr= 0.04778508191588613 	 loss= 0.354840950854599 	 error= 11.500559453769108 percent
accuracy on test set = 85.24999797344208 percent
 
epoch= 28 	 time= 21.061557308832803 min 	 lr= 0.04762067631165049 	 loss= 0.3493983508147242 	 error= 11.335118286445013 percent
accuracy on test set = 84.77999764680862 percent
 
epoch= 29 	 time= 21.774794828891753 min 	 lr= 0.047450689394015394 	 loss= 0.35000069382245586 	 error= 11.359494878812825 percent
accuracy on test set = 84.39999794960022 percent
 
epoch= 30 	 time= 22.4867276151975 min 	 lr= 0.0472751631047092 	 loss= 0.3461653265120733 	 error= 11.127717385206685 percent
accuracy on test set = 83.58999770879745 percent
 
epoch= 31 	 time= 23.195681699117024 min 	 lr= 0.04709414075221735 	 loss= 0.33599185657775615 	 error= 10.975463554987213 percent
accuracy on test set = 81.63999772071838 percent
 
epoch= 32 	 time= 23.917927861213684 min 	 lr= 0.046907667001096595 	 loss= 0.3331592924835737 	 error= 10.83599743635758 percent
accuracy on test set = 83.94999808073044 percent
 
epoch= 33 	 time= 24.632828787962595 min 	 lr= 0.04671578786095479 	 loss= 0.33304245186888654 	 error= 10.852781326874442 percent
accuracy on test set = 84.63999795913696 percent
 
epoch= 34 	 time= 25.342750080426534 min 	 lr= 0.0465185506750986 	 loss= 0.3241561213722619 	 error= 10.480738494097425 percent
accuracy on test set = 84.20999813079834 percent
 
epoch= 35 	 time= 26.049063074588776 min 	 lr= 0.04631600410885232 	 loss= 0.32591966396707406 	 error= 10.619405361697497 percent
accuracy on test set = 82.88999789953232 percent
 
epoch= 36 	 time= 26.76376652320226 min 	 lr= 0.04610819813755039 	 loss= 0.3246465750667445 	 error= 10.479539632797241 percent
accuracy on test set = 84.56999772787094 percent
 
epoch= 37 	 time= 27.479221657911935 min 	 lr= 0.045895184034206775 	 loss= 0.32500485504222343 	 error= 10.6134111161732 percent
accuracy on test set = 84.47999775409698 percent
 
epoch= 38 	 time= 28.187521251042686 min 	 lr= 0.04567701435686406 	 loss= 0.32106273333587304 	 error= 10.312100383631712 percent
accuracy on test set = 84.21999776363373 percent
 
epoch= 39 	 time= 28.898782555262247 min 	 lr= 0.0454537429356256 	 loss= 0.3165514858253777 	 error= 10.209798584203892 percent
accuracy on test set = 83.41999810934067 percent
 
epoch= 40 	 time= 29.609620424111686 min 	 lr= 0.045225424859373704 	 loss= 0.3064063789365846 	 error= 9.98761188953429 percent
accuracy on test set = 84.23999798297882 percent
 
epoch= 41 	 time= 30.31899658838908 min 	 lr= 0.04499211646217729 	 loss= 0.3022670690208445 	 error= 9.952445652173914 percent
accuracy on test set = 85.15999782085419 percent
 
epoch= 42 	 time= 31.030819459756216 min 	 lr= 0.044753875309392274 	 loss= 0.3079570738593941 	 error= 9.975223788215072 percent
accuracy on test set = 85.88999801874161 percent
 
epoch= 43 	 time= 31.751653428872427 min 	 lr= 0.044510760183458266 	 loss= 0.30219780325965806 	 error= 9.935661761657052 percent
accuracy on test set = 83.96999830007553 percent
 
epoch= 44 	 time= 32.475451183319095 min 	 lr= 0.044262831069394756 	 loss= 0.2967686982792052 	 error= 9.742647058823529 percent
accuracy on test set = 85.71999824047089 percent
 
epoch= 45 	 time= 33.195778381824496 min 	 lr= 0.0440101491400008 	 loss= 0.29655770797406317 	 error= 9.585597829135788 percent
accuracy on test set = 85.6799978017807 percent
 
epoch= 46 	 time= 33.9235817193985 min 	 lr= 0.043752776740761515 	 loss= 0.2911778014829701 	 error= 9.514865728900256 percent
accuracy on test set = 83.37999767065048 percent
 
epoch= 47 	 time= 34.64225611686707 min 	 lr= 0.04349077737446526 	 loss= 0.29158733213496635 	 error= 9.401374674209244 percent
accuracy on test set = 85.66999781131744 percent
 
epoch= 48 	 time= 35.35885984897614 min 	 lr= 0.043224215685535305 	 loss= 0.2881868206860159 	 error= 9.40736891973354 percent
accuracy on test set = 83.67999786138535 percent
 
epoch= 49 	 time= 36.07618375221888 min 	 lr= 0.04295315744407974 	 loss= 0.29293539727587836 	 error= 9.545236566792363 percent
accuracy on test set = 85.42999804019928 percent
 
epoch= 50 	 time= 36.8011713663737 min 	 lr= 0.0426776695296637 	 loss= 0.2818646594462797 	 error= 9.139625952981623 percent
accuracy on test set = 83.7499977350235 percent
 
epoch= 51 	 time= 37.513293993473056 min 	 lr= 0.04239781991480787 	 loss= 0.28095133133861416 	 error= 9.169996806117885 percent
accuracy on test set = 84.91999793052673 percent
 
epoch= 52 	 time= 38.22519317865372 min 	 lr= 0.04211367764821723 	 loss= 0.28138913610554717 	 error= 9.097266624040921 percent
accuracy on test set = 84.74999779462814 percent
 
epoch= 53 	 time= 38.9408638993899 min 	 lr= 0.04182531283774434 	 loss= 0.28264152839817963 	 error= 9.122042841923511 percent
accuracy on test set = 84.14999777078629 percent
 
epoch= 54 	 time= 39.66562410990397 min 	 lr= 0.041532796633091305 	 loss= 0.276822704278752 	 error= 9.017742960654257 percent
accuracy on test set = 85.73999786376953 percent
 
epoch= 55 	 time= 40.39739125967026 min 	 lr= 0.0412362012082546 	 loss= 0.2702690361405882 	 error= 8.813139377042765 percent
accuracy on test set = 86.01999795436859 percent
 
epoch= 56 	 time= 41.11590315500895 min 	 lr= 0.04093559974371725 	 loss= 0.2693629179083173 	 error= 8.731218021544045 percent
accuracy on test set = 85.78999823331833 percent
 
epoch= 57 	 time= 41.830333610375725 min 	 lr= 0.04063106640839264 	 loss= 0.267569257761054 	 error= 8.729619565217392 percent
accuracy on test set = 85.61999768018723 percent
 
epoch= 58 	 time= 42.54789623022079 min 	 lr= 0.04032267634132442 	 loss= 0.2660907408236847 	 error= 8.642103574464997 percent
accuracy on test set = 85.76999777555466 percent
 
epoch= 59 	 time= 43.26500431696574 min 	 lr= 0.040010505633147106 	 loss= 0.26525937935427935 	 error= 8.645300502362458 percent
accuracy on test set = 87.24999809265137 percent
 
epoch= 60 	 time= 43.988587228457135 min 	 lr= 0.03969463130731184 	 loss= 0.25976084363277613 	 error= 8.532608698701004 percent
accuracy on test set = 86.4599979519844 percent
 
epoch= 61 	 time= 44.702321398258206 min 	 lr= 0.03937513130108197 	 loss= 0.2598353506201673 	 error= 8.394341426127403 percent
accuracy on test set = 84.86999797821045 percent
 
epoch= 62 	 time= 45.48598291079203 min 	 lr= 0.03905208444630328 	 loss= 0.2573928764028013 	 error= 8.41072570637364 percent
accuracy on test set = 85.29999786615372 percent
 
epoch= 63 	 time= 46.28126316865285 min 	 lr= 0.038725570449953305 	 loss= 0.25130338480939035 	 error= 8.266464188275739 percent
accuracy on test set = 86.23999780416489 percent
 
epoch= 64 	 time= 47.01458712816238 min 	 lr= 0.03839566987447492 	 loss= 0.24869599549666696 	 error= 8.175351659355261 percent
accuracy on test set = 86.31999808549881 percent
 
epoch= 65 	 time= 47.73203320900599 min 	 lr= 0.03806246411789873 	 loss= 0.24365635208614037 	 error= 7.846067765789569 percent
accuracy on test set = 87.00999796390533 percent
 
epoch= 66 	 time= 48.444214518864946 min 	 lr= 0.037726035393759294 	 loss= 0.24747115512714363 	 error= 8.049872113615656 percent
accuracy on test set = 86.04999780654907 percent
 
epoch= 67 	 time= 49.16001232067744 min 	 lr= 0.0373864667108102 	 loss= 0.24411302468622736 	 error= 7.994725057840957 percent
accuracy on test set = 85.8199976682663 percent
 
epoch= 68 	 time= 49.880801630020144 min 	 lr= 0.03704384185254289 	 loss= 0.2443099860435404 	 error= 7.990728894158093 percent
accuracy on test set = 86.2699978351593 percent
 
epoch= 69 	 time= 50.5984369357427 min 	 lr= 0.03669824535651435 	 loss= 0.23980658640489555 	 error= 7.890824802086481 percent
accuracy on test set = 86.72999781370163 percent
 
epoch= 70 	 time= 51.3109817703565 min 	 lr= 0.03634976249348868 	 loss= 0.2373778802316512 	 error= 7.714194364255042 percent
accuracy on test set = 85.68999779224396 percent
 
epoch= 71 	 time= 52.026123817761736 min 	 lr= 0.03599847924639789 	 loss= 0.2305015556495208 	 error= 7.681026208736099 percent
accuracy on test set = 86.13999801874161 percent
 
epoch= 72 	 time= 52.746317291259764 min 	 lr= 0.03564448228912683 	 loss= 0.2301074034532013 	 error= 7.519581205094866 percent
accuracy on test set = 87.04999804496765 percent
 
epoch= 73 	 time= 53.460883887608844 min 	 lr= 0.03528785896512774 	 loss= 0.23070116278231906 	 error= 7.525975060889787 percent
accuracy on test set = 86.05999803543091 percent
 
epoch= 74 	 time= 54.16895054578781 min 	 lr= 0.03492869726586953 	 loss= 0.22869906972741227 	 error= 7.45923912433712 percent
accuracy on test set = 86.11999797821045 percent
 
epoch= 75 	 time= 54.89676973819733 min 	 lr= 0.03456708580912726 	 loss= 0.2180038989543 	 error= 7.163123401534527 percent
accuracy on test set = 86.32999807596207 percent
 
epoch= 76 	 time= 55.604410703976946 min 	 lr= 0.03420311381711697 	 loss= 0.22486449246440093 	 error= 7.373721230670315 percent
accuracy on test set = 86.75999814271927 percent
 
epoch= 77 	 time= 56.32623707850774 min 	 lr= 0.03383687109448145 	 loss= 0.22102491401345528 	 error= 7.281010230179027 percent
accuracy on test set = 86.31999814510345 percent
 
epoch= 78 	 time= 57.036270173390704 min 	 lr= 0.03346844800613231 	 loss= 0.21683179830079494 	 error= 7.148337592859097 percent
accuracy on test set = 87.40999788045883 percent
 
epoch= 79 	 time= 57.766578674316406 min 	 lr= 0.03309793545495376 	 loss= 0.21581651731525237 	 error= 7.022858047119492 percent
accuracy on test set = 85.79999804496765 percent
 
epoch= 80 	 time= 58.4786470135053 min 	 lr= 0.03272542485937371 	 loss= 0.21537852788444065 	 error= 7.050431582628919 percent
accuracy on test set = 86.47999799251556 percent
 
epoch= 81 	 time= 59.20354977846146 min 	 lr= 0.03235100813080762 	 loss= 0.20863666968501132 	 error= 6.80067135244989 percent
accuracy on test set = 86.29999792575836 percent
 
epoch= 82 	 time= 59.92305966615677 min 	 lr= 0.03197477765098076 	 loss= 0.20666600114968428 	 error= 6.837835671651699 percent
accuracy on test set = 86.71999794244766 percent
 
epoch= 83 	 time= 60.63653112252553 min 	 lr= 0.03159682624913434 	 loss= 0.21231327973820668 	 error= 6.916959709523583 percent
accuracy on test set = 87.1299979686737 percent
 
epoch= 84 	 time= 61.348734402656554 min 	 lr= 0.031217247179121384 	 loss= 0.2008754361582839 	 error= 6.517742966751919 percent
accuracy on test set = 86.1399981379509 percent
 
epoch= 85 	 time= 62.06182714700699 min 	 lr= 0.03083613409639766 	 loss= 0.19606234272346473 	 error= 6.370684146271337 percent
accuracy on test set = 84.93999755382538 percent
 
epoch= 86 	 time= 62.77777690490087 min 	 lr= 0.03045358103491359 	 loss= 0.20029800461457514 	 error= 6.572890022526616 percent
accuracy on test set = 86.74999809265137 percent
 
epoch= 87 	 time= 63.487679449717206 min 	 lr= 0.03006968238391284 	 loss= 0.1914660014174021 	 error= 6.135709709523584 percent
accuracy on test set = 85.3699980378151 percent
 
epoch= 88 	 time= 64.20166617234548 min 	 lr= 0.029684532864643145 	 loss= 0.19705214953559744 	 error= 6.525335668602867 percent
accuracy on test set = 87.62999773025513 percent
 
epoch= 89 	 time= 64.92214778661727 min 	 lr= 0.02929822750698526 	 loss= 0.18594461375528284 	 error= 6.111732727426397 percent
accuracy on test set = 85.66999816894531 percent
 
epoch= 90 	 time= 65.63886456489563 min 	 lr= 0.028910861626005795 	 loss= 0.18696320262711372 	 error= 6.14210358056266 percent
accuracy on test set = 86.73999780416489 percent
 
epoch= 91 	 time= 66.3541753133138 min 	 lr= 0.028522530798439593 	 loss= 0.18646172790423685 	 error= 6.017423270608458 percent
accuracy on test set = 87.53999799489975 percent
 
epoch= 92 	 time= 67.07292521794638 min 	 lr= 0.028133330839107632 	 loss= 0.1838811585474807 	 error= 6.050991051642182 percent
accuracy on test set = 87.28999799489975 percent
 
epoch= 93 	 time= 67.78843604723612 min 	 lr= 0.027743357777276153 	 loss= 0.17743017391094465 	 error= 5.791240412255992 percent
accuracy on test set = 86.83999812602997 percent
 
epoch= 94 	 time= 68.51409519513449 min 	 lr= 0.027352707832962876 	 loss= 0.17395741779290502 	 error= 5.6877397667721405 percent
accuracy on test set = 86.09999799728394 percent
 
epoch= 95 	 time= 69.23261410395304 min 	 lr= 0.026961477393196143 	 loss= 0.17106032838373234 	 error= 5.628196921799799 percent
accuracy on test set = 86.8899981379509 percent
 
epoch= 96 	 time= 69.9466474533081 min 	 lr= 0.026569762988232853 	 loss= 0.17746187888486 	 error= 5.881154095120443 percent
accuracy on test set = 86.08999806642532 percent
 
epoch= 97 	 time= 70.65605315764745 min 	 lr= 0.02617766126774108 	 loss= 0.17225564006344438 	 error= 5.592231448654019 percent
accuracy on test set = 87.60999792814255 percent
 
epoch= 98 	 time= 71.3720988313357 min 	 lr= 0.025785268976953223 	 loss= 0.16707908677513642 	 error= 5.518302420521026 percent
accuracy on test set = 84.93999803066254 percent
 
epoch= 99 	 time= 72.09072783788045 min 	 lr= 0.02539268293279553 	 loss= 0.16655800898399803 	 error= 5.484734654731458 percent
accuracy on test set = 86.92999809980392 percent
 
epoch= 100 	 time= 72.80432949463527 min 	 lr= 0.025000000000000012 	 loss= 0.15953905440276236 	 error= 5.264546026659134 percent
accuracy on test set = 86.79999786615372 percent
 
epoch= 101 	 time= 73.51461153030395 min 	 lr= 0.0246073170672045 	 loss= 0.16000273572209547 	 error= 5.244565208244811 percent
accuracy on test set = 86.83999818563461 percent
 
epoch= 102 	 time= 74.23146032889684 min 	 lr= 0.024214731023046804 	 loss= 0.15691997982618755 	 error= 5.169437334055791 percent
accuracy on test set = 87.43999779224396 percent
 
epoch= 103 	 time= 74.95647935469945 min 	 lr= 0.023822338732258946 	 loss= 0.15806064379337192 	 error= 5.155450761165765 percent
accuracy on test set = 87.30999803543091 percent
 
epoch= 104 	 time= 75.66945041020712 min 	 lr= 0.023430237011767177 	 loss= 0.15338599799043687 	 error= 5.019980821463153 percent
accuracy on test set = 87.90999799966812 percent
 
epoch= 105 	 time= 76.38725639184317 min 	 lr= 0.02303852260680389 	 loss= 0.14498619763823725 	 error= 4.821771093646584 percent
accuracy on test set = 87.13999783992767 percent
 
epoch= 106 	 time= 77.10363448460897 min 	 lr= 0.022647292167037154 	 loss= 0.14706760068969502 	 error= 4.8984974394064125 percent
accuracy on test set = 85.18999809026718 percent
 
epoch= 107 	 time= 77.82547633647918 min 	 lr= 0.02225664222272388 	 loss= 0.1444965767271607 	 error= 4.783807538659372 percent
accuracy on test set = 87.4499979019165 percent
 
epoch= 108 	 time= 78.53940945863724 min 	 lr= 0.02186666916089241 	 loss= 0.13944069812040957 	 error= 4.602381716603818 percent
accuracy on test set = 87.25999814271927 percent
 
epoch= 109 	 time= 79.24635061820348 min 	 lr= 0.02147746920156045 	 loss= 0.14142105657883616 	 error= 4.649936055283412 percent
accuracy on test set = 86.8699980378151 percent
 
epoch= 110 	 time= 79.95274031559626 min 	 lr= 0.021089138373994242 	 loss= 0.137746957866737 	 error= 4.446531332972105 percent
accuracy on test set = 86.20999813079834 percent
 
epoch= 111 	 time= 80.66211644411086 min 	 lr= 0.02070177249301477 	 loss= 0.1289964231050304 	 error= 4.145620195457088 percent
accuracy on test set = 85.91999793052673 percent
 
epoch= 112 	 time= 81.37664159536362 min 	 lr= 0.0203154671353569 	 loss= 0.1321007556775037 	 error= 4.33423912433712 percent
accuracy on test set = 87.02999782562256 percent
 
epoch= 113 	 time= 82.10112818876902 min 	 lr= 0.019930317616087205 	 loss= 0.12345313559979429 	 error= 3.960597819989295 percent
accuracy on test set = 87.91999769210815 percent
 
epoch= 114 	 time= 82.81600607633591 min 	 lr= 0.019546418965086458 	 loss= 0.12383671924281303 	 error= 3.9574008920918344 percent
accuracy on test set = 86.73999804258347 percent
 
epoch= 115 	 time= 83.52017277479172 min 	 lr= 0.019163865903602376 	 loss= 0.1212001860265613 	 error= 3.960597819989295 percent
accuracy on test set = 87.73999804258347 percent
 
epoch= 116 	 time= 84.24004354079564 min 	 lr= 0.018782752820878643 	 loss= 0.1240511893120873 	 error= 4.092870847038601 percent
accuracy on test set = 87.18999779224396 percent
 
epoch= 117 	 time= 84.95794919331868 min 	 lr= 0.01840317375086569 	 loss= 0.11977369713184931 	 error= 3.90265344658776 percent
accuracy on test set = 87.7099979519844 percent
 
epoch= 118 	 time= 85.66903297106425 min 	 lr= 0.018025222349019283 	 loss= 0.11200781636264014 	 error= 3.6345108695652177 percent
accuracy on test set = 87.80999797582626 percent
 
epoch= 119 	 time= 86.3812961379687 min 	 lr= 0.017648991869192415 	 loss= 0.11732868768770219 	 error= 3.8143382352941178 percent
accuracy on test set = 86.88999772071838 percent
 
epoch= 120 	 time= 87.09897431135178 min 	 lr= 0.017274575140626334 	 loss= 0.11039223975461462 	 error= 3.6285166240409206 percent
accuracy on test set = 86.67999798059464 percent
 
epoch= 121 	 time= 87.81782616774241 min 	 lr= 0.016902064545046273 	 loss= 0.1075604053742974 	 error= 3.515025569349908 percent
accuracy on test set = 87.47999829053879 percent
 
epoch= 122 	 time= 88.53142529328665 min 	 lr= 0.016531551993867726 	 loss= 0.10510332746636075 	 error= 3.4850543417284254 percent
accuracy on test set = 88.06999790668488 percent
 
epoch= 123 	 time= 89.24301172892253 min 	 lr= 0.016163128905518586 	 loss= 0.10245699853257602 	 error= 3.339593992818652 percent
accuracy on test set = 87.61999815702438 percent
 
epoch= 124 	 time= 89.95567187070847 min 	 lr= 0.015796886182883066 	 loss= 0.09967396511693898 	 error= 3.3355978291357875 percent
accuracy on test set = 88.38999819755554 percent
 
epoch= 125 	 time= 90.70354905923207 min 	 lr= 0.015432914190872771 	 loss= 0.0948944071693646 	 error= 3.124200764214596 percent
accuracy on test set = 88.26999813318253 percent
 
epoch= 126 	 time= 91.42626790603002 min 	 lr= 0.01507130273413049 	 loss= 0.08951660899726478 	 error= 2.9187979448177015 percent
accuracy on test set = 88.01999813318253 percent
 
epoch= 127 	 time= 92.14192921717962 min 	 lr= 0.01471214103487229 	 loss= 0.09154161573637781 	 error= 3.0662563908130616 percent
accuracy on test set = 88.06999826431274 percent
 
epoch= 128 	 time= 92.85712490479152 min 	 lr= 0.014355517710873194 	 loss= 0.08787255528885538 	 error= 2.852861244050438 percent
accuracy on test set = 86.2799980044365 percent
 
epoch= 129 	 time= 93.57807540496191 min 	 lr= 0.01400152075360213 	 loss= 0.07972217948578508 	 error= 2.6390664870171903 percent
accuracy on test set = 88.33999782800674 percent
 
epoch= 130 	 time= 94.30064022541046 min 	 lr= 0.01365023750651134 	 loss= 0.08046094677351473 	 error= 2.6158887407054072 percent
accuracy on test set = 88.40999817848206 percent
 
epoch= 131 	 time= 95.04065616130829 min 	 lr= 0.013301754643485679 	 loss= 0.07879069669510397 	 error= 2.5011988399583664 percent
accuracy on test set = 89.14999830722809 percent
 
epoch= 132 	 time= 95.77883876959483 min 	 lr= 0.012956158147457122 	 loss= 0.07545700100252924 	 error= 2.449648337595908 percent
accuracy on test set = 88.95999783277512 percent
 
epoch= 133 	 time= 96.50637900829315 min 	 lr= 0.012613533289189816 	 loss= 0.07349048811189658 	 error= 2.4520460297079647 percent
accuracy on test set = 87.80999773740768 percent
 
epoch= 134 	 time= 97.26547612349192 min 	 lr= 0.012273964606240723 	 loss= 0.07454775615364237 	 error= 2.507992321268067 percent
accuracy on test set = 88.3799979686737 percent
 
epoch= 135 	 time= 97.99491523901621 min 	 lr= 0.011937535882101285 	 loss= 0.07063068883955631 	 error= 2.3497442455242967 percent
accuracy on test set = 87.80999785661697 percent
 
epoch= 136 	 time= 98.73915681838989 min 	 lr= 0.011604330125525083 	 loss= 0.06740435440560132 	 error= 2.2294597095235837 percent
accuracy on test set = 88.70999765396118 percent
 
epoch= 137 	 time= 99.39857828617096 min 	 lr= 0.011274429550046707 	 loss= 0.06492298563746997 	 error= 2.172714197422233 percent
accuracy on test set = 88.85999816656113 percent
 
epoch= 138 	 time= 100.01942719221115 min 	 lr= 0.010947915553696737 	 loss= 0.06265755620358697 	 error= 2.0252557514268723 percent
accuracy on test set = 88.41999793052673 percent
 
epoch= 139 	 time= 100.61939616998036 min 	 lr= 0.01062486869891804 	 loss= 0.05889607717275924 	 error= 1.9705083059227986 percent
accuracy on test set = 89.0399980545044 percent
 
epoch= 140 	 time= 101.24419581095377 min 	 lr= 0.01030536869268818 	 loss= 0.054198901743039755 	 error= 1.7535166209920898 percent
accuracy on test set = 88.93999803066254 percent
 
epoch= 141 	 time= 101.87738735278448 min 	 lr= 0.009989494366852907 	 loss= 0.052008886723910144 	 error= 1.6783887468030692 percent
accuracy on test set = 88.2799980044365 percent
 
epoch= 142 	 time= 102.49998276631037 min 	 lr= 0.00967732365867559 	 loss= 0.05158122507450373 	 error= 1.6743925831202044 percent
accuracy on test set = 89.4499980211258 percent
 
epoch= 143 	 time= 103.15281598567962 min 	 lr= 0.009368933591607374 	 loss= 0.05140344329807155 	 error= 1.6847826025979902 percent
accuracy on test set = 88.8699980378151 percent
 
epoch= 144 	 time= 103.79828087886175 min 	 lr= 0.00906440025628276 	 loss= 0.04747446520668466 	 error= 1.5465153452685423 percent
accuracy on test set = 88.91999804973602 percent
 
epoch= 145 	 time= 104.42605558633804 min 	 lr= 0.008763798791745414 	 loss= 0.04573241162502095 	 error= 1.4745843989769822 percent
accuracy on test set = 88.00999784469604 percent
 
epoch= 146 	 time= 104.994984348615 min 	 lr= 0.00846720336690871 	 loss= 0.04142906079950082 	 error= 1.2591911703729264 percent
accuracy on test set = 89.11999779939651 percent
 
epoch= 147 	 time= 105.56350284020105 min 	 lr= 0.008174687162255667 	 loss= 0.04482580244522113 	 error= 1.461796672142985 percent
accuracy on test set = 88.23999810218811 percent
 
epoch= 148 	 time= 106.1314978559812 min 	 lr= 0.007886322351782785 	 loss= 0.04054639711404395 	 error= 1.3159366977184326 percent
accuracy on test set = 88.71999794244766 percent
 
epoch= 149 	 time= 106.76132817665736 min 	 lr= 0.007602180085192145 	 loss= 0.034482869074282135 	 error= 1.0801630404294298 percent
accuracy on test set = 89.51999825239182 percent
 
epoch= 150 	 time= 107.35633324782053 min 	 lr= 0.007322330470336316 	 loss= 0.0324265336108101 	 error= 1.060581832285732 percent
accuracy on test set = 89.58999818563461 percent
 
epoch= 151 	 time= 107.91958213249842 min 	 lr= 0.007046842555920285 	 loss= 0.034142862595713044 	 error= 1.0781649585879978 percent
accuracy on test set = 89.10999774932861 percent
 
epoch= 152 	 time= 108.47492148478825 min 	 lr= 0.006775784314464719 	 loss= 0.03236534396458007 	 error= 1.0126278680913587 percent
accuracy on test set = 88.45999813079834 percent
 
epoch= 153 	 time= 109.03211317857107 min 	 lr= 0.006509222625534758 	 loss= 0.028718873534513557 	 error= 0.8855498660251003 percent
accuracy on test set = 88.87999832630157 percent
 
epoch= 154 	 time= 109.6195258696874 min 	 lr= 0.006247223259238513 	 loss= 0.02607336944288305 	 error= 0.8012308184143222 percent
accuracy on test set = 89.59999805688858 percent
 
epoch= 155 	 time= 110.2326914191246 min 	 lr= 0.0059898508599992295 	 loss= 0.022376133567270112 	 error= 0.7133152173913043 percent
accuracy on test set = 89.67999821901321 percent
 
epoch= 156 	 time= 110.87017040252685 min 	 lr= 0.005737168930605274 	 loss= 0.021758327115317593 	 error= 0.693334398976982 percent
accuracy on test set = 89.85999822616577 percent
 
epoch= 157 	 time= 111.52405344247818 min 	 lr= 0.005489239816541763 	 loss= 0.024410482157793498 	 error= 0.8192135549872124 percent
accuracy on test set = 89.79999828338623 percent
 
epoch= 158 	 time= 112.14772495428721 min 	 lr= 0.005246124690607742 	 loss= 0.02071376911619359 	 error= 0.6293957800511509 percent
accuracy on test set = 90.2899979352951 percent
 
epoch= 159 	 time= 112.79066757361095 min 	 lr= 0.005007883537822737 	 loss= 0.01748866849886182 	 error= 0.5298912982501642 percent
accuracy on test set = 89.65999799966812 percent
 
epoch= 160 	 time= 113.41199765205383 min 	 lr= 0.004774575140626318 	 loss= 0.016212258688019364 	 error= 0.530690534035568 percent
accuracy on test set = 90.00999814271927 percent
 
epoch= 161 	 time= 114.02533305883408 min 	 lr= 0.00454625706437442 	 loss= 0.013102933521503988 	 error= 0.396819050659609 percent
accuracy on test set = 90.18999832868576 percent
 
epoch= 162 	 time= 114.6305801987648 min 	 lr= 0.004322985643135959 	 loss= 0.015168047040853354 	 error= 0.48873081536549134 percent
accuracy on test set = 89.66999781131744 percent
 
epoch= 163 	 time= 115.22819507519404 min 	 lr= 0.0041048159657932504 	 loss= 0.011130690846182501 	 error= 0.3616528132992327 percent
accuracy on test set = 90.34999799728394 percent
 
epoch= 164 	 time= 115.79765963951746 min 	 lr= 0.0038918018624496302 	 loss= 0.00984779248118896 	 error= 0.28372762148337594 percent
accuracy on test set = 90.33999836444855 percent
 
epoch= 165 	 time= 116.35880611340205 min 	 lr= 0.0036839958911477027 	 loss= 0.007859154826785198 	 error= 0.2157928388746803 percent
accuracy on test set = 89.73999798297882 percent
 
epoch= 166 	 time= 116.91444584925969 min 	 lr= 0.0034814493249014076 	 loss= 0.006954400736750449 	 error= 0.19381393861892582 percent
accuracy on test set = 90.0099983215332 percent
 
epoch= 167 	 time= 117.47259518702825 min 	 lr= 0.003284212139045219 	 loss= 0.007494825768865683 	 error= 0.21978900255754477 percent
accuracy on test set = 89.89999860525131 percent
 
epoch= 168 	 time= 118.03051191568375 min 	 lr= 0.003092332998903412 	 loss= 0.005899564610779895 	 error= 0.15385230179028134 percent
accuracy on test set = 90.39999800920486 percent
 
epoch= 169 	 time= 118.58821518818537 min 	 lr= 0.002905859247782665 	 loss= 0.005138045975395366 	 error= 0.14186381074168797 percent
accuracy on test set = 90.55999809503555 percent
 
epoch= 170 	 time= 119.15434108972549 min 	 lr= 0.0027248368952908068 	 loss= 0.005101371825675068 	 error= 0.1518542199488491 percent
accuracy on test set = 90.22999799251556 percent
 
epoch= 171 	 time= 119.7056723276774 min 	 lr= 0.002549310605984613 	 loss= 0.004205391408227708 	 error= 0.09990409207161126 percent
accuracy on test set = 89.94999808073044 percent
 
epoch= 172 	 time= 120.26274019877116 min 	 lr= 0.0023793236883495176 	 loss= 0.004104382264406403 	 error= 0.10589833759590793 percent
accuracy on test set = 90.39999830722809 percent
 
epoch= 173 	 time= 120.81469977696737 min 	 lr= 0.002214918084113875 	 loss= 0.0026485901135389154 	 error= 0.0479539641943734 percent
accuracy on test set = 90.51999819278717 percent
 
epoch= 174 	 time= 121.37388407389322 min 	 lr= 0.0020561343579004786 	 loss= 0.0022786343303482855 	 error= 0.02597506393861893 percent
accuracy on test set = 90.82999819517136 percent
 
epoch= 175 	 time= 121.93345674673716 min 	 lr= 0.0019030116872178384 	 loss= 0.002874642146079589 	 error= 0.05794437340153453 percent
accuracy on test set = 90.92999804019928 percent
 
epoch= 176 	 time= 122.49341291983923 min 	 lr= 0.0017555878527937174 	 loss= 0.003206131254832553 	 error= 0.08391943734015346 percent
accuracy on test set = 90.65999799966812 percent
 
epoch= 177 	 time= 123.04999503691991 min 	 lr= 0.0016138992292533167 	 loss= 0.002452614163393941 	 error= 0.04195971867007673 percent
accuracy on test set = 91.06999856233597 percent
 
epoch= 178 	 time= 123.60894582271575 min 	 lr= 0.0014779807761443645 	 loss= 0.0019816922618176246 	 error= 0.037963554987212274 percent
accuracy on test set = 90.95999854803085 percent
 
epoch= 179 	 time= 124.16705188353856 min 	 lr= 0.0013478660293113683 	 loss= 0.0022279040006946897 	 error= 0.04595588235294117 percent
accuracy on test set = 90.89999842643738 percent
 
epoch= 180 	 time= 124.72124423583348 min 	 lr= 0.0012235870926211624 	 loss= 0.0021059823795900588 	 error= 0.029971227621483378 percent
accuracy on test set = 90.87999826669693 percent
 
epoch= 181 	 time= 125.28040204445522 min 	 lr= 0.0011051746300417477 	 loss= 0.0018690574571521253 	 error= 0.033967391304347824 percent
accuracy on test set = 90.71999835968018 percent
 
epoch= 182 	 time= 125.83025308847428 min 	 lr= 0.0009926578580764268 	 loss= 0.0026372021238040893 	 error= 0.05195012787723786 percent
accuracy on test set = 90.91999840736389 percent
 
epoch= 183 	 time= 126.38880006074905 min 	 lr= 0.0008860645385550515 	 loss= 0.001713182428515876 	 error= 0.01998081841432225 percent
accuracy on test set = 90.97999823093414 percent
 
epoch= 184 	 time= 126.94293163220088 min 	 lr= 0.0007854209717842264 	 loss= 0.00176903409669009 	 error= 0.02597506393861893 percent
accuracy on test set = 91.15999829769135 percent
 
epoch= 185 	 time= 127.50666371981303 min 	 lr= 0.0006907519900580866 	 loss= 0.0015843325592887103 	 error= 0.01998081841432225 percent
accuracy on test set = 90.94999819993973 percent
 
epoch= 186 	 time= 128.06375538110734 min 	 lr= 0.0006020809515313173 	 loss= 0.0015479133257766248 	 error= 0.0159846547314578 percent
accuracy on test set = 90.86999839544296 percent
 
epoch= 187 	 time= 128.61993582646053 min 	 lr= 0.0005194297344558538 	 loss= 0.001827807567330063 	 error= 0.03596547314578005 percent
accuracy on test set = 91.0899983048439 percent
 
epoch= 188 	 time= 129.1775891939799 min 	 lr= 0.00044281873178278225 	 loss= 0.0015909881307207563 	 error= 0.017982736572890026 percent
accuracy on test set = 91.05999839305878 percent
 
epoch= 189 	 time= 129.73282409509022 min 	 lr= 0.0003722668461306535 	 loss= 0.0014791174494313633 	 error= 0.01998081841432225 percent
accuracy on test set = 91.15999859571457 percent
 
epoch= 190 	 time= 130.339322078228 min 	 lr= 0.0003077914851215587 	 loss= 0.0019269915889529392 	 error= 0.037963554987212274 percent
accuracy on test set = 91.04999840259552 percent
 
epoch= 191 	 time= 130.9054257551829 min 	 lr= 0.00024940855708606175 	 loss= 0.0017102711912616135 	 error= 0.021978900255754476 percent
accuracy on test set = 91.01999825239182 percent
 
epoch= 192 	 time= 131.4711961388588 min 	 lr= 0.00019713246713805603 	 loss= 0.0016347663253760132 	 error= 0.02797314578005115 percent
accuracy on test set = 91.13999861478806 percent
 
epoch= 193 	 time= 132.03425839742025 min 	 lr= 0.00015097611362051023 	 loss= 0.0015054786211008307 	 error= 0.01998081841432225 percent
accuracy on test set = 91.06999814510345 percent
 
epoch= 194 	 time= 132.59626456896464 min 	 lr= 0.00011095088492300018 	 loss= 0.0013458725979642184 	 error= 0.013986572890025575 percent
accuracy on test set = 91.08999854326248 percent
 
epoch= 195 	 time= 133.1584745526314 min 	 lr= 7.706665667180096e-05 	 loss= 0.0014068881054813771 	 error= 0.0159846547314578 percent
accuracy on test set = 91.19999837875366 percent
 
epoch= 196 	 time= 133.72029472986858 min 	 lr= 4.9331789293211064e-05 	 loss= 0.001457250871769417 	 error= 0.0159846547314578 percent
accuracy on test set = 91.13999843597412 percent
 
epoch= 197 	 time= 134.27939039468765 min 	 lr= 2.7753125950752432e-05 	 loss= 0.0013725905677082154 	 error= 0.013986572890025575 percent
accuracy on test set = 91.11999827623367 percent
 
epoch= 198 	 time= 134.83971883455914 min 	 lr= 1.2335990856710008e-05 	 loss= 0.001584980299573063 	 error= 0.0239769820971867 percent
accuracy on test set = 91.20999842882156 percent
 
epoch= 199 	 time= 135.40533217191697 min 	 lr= 3.0841879584853094e-06 	 loss= 0.0014150632760318383 	 error= 0.017982736572890026 percent
accuracy on test set = 91.10999858379364 percent
 
