nohup: ignoring input
Namespace(epoch=200, lr=0.05, model='vgg13', noise=None, resume=False, root='./data', type='train')
test mean and std: [tensor(0.4942), tensor(0.4851), tensor(0.4504)] [tensor(0.2467), tensor(0.2429), tensor(0.2616)]
train mean and std: [tensor(0.4914), tensor(0.4822), tensor(0.4465)] [tensor(0.2470), tensor(0.2435), tensor(0.2616)]
[33mThe trained model will be saved in: outputs/vgg13/no_norm[0m
epoch= 0 	 time= 0.4926767269770304 min 	 lr= 0.05 	 loss= 2.289350465740389 	 error= 88.19213555292096 percent
accuracy on test set = 12.439999699592585 percent
 
epoch= 1 	 time= 1.030918832619985 min 	 lr= 0.04999691581204152 	 loss= 2.2854748875893596 	 error= 88.49104859335038 percent
accuracy on test set = 9.999999821186067 percent
 
epoch= 2 	 time= 1.5690179864565532 min 	 lr= 0.04998766400914329 	 loss= 2.3037363068222083 	 error= 89.99600383021948 percent
accuracy on test set = 10.009999811649317 percent
 
epoch= 3 	 time= 2.07088352839152 min 	 lr= 0.049972246874049255 	 loss= 2.3034864850056445 	 error= 89.8505434813097 percent
accuracy on test set = 9.999999940395355 percent
 
epoch= 4 	 time= 2.577057977517446 min 	 lr= 0.049950668210706796 	 loss= 2.3035570697101484 	 error= 89.99600383021948 percent
accuracy on test set = 9.999999463558195 percent
 
epoch= 5 	 time= 3.0855408032735188 min 	 lr= 0.04992293334332821 	 loss= 2.303479167811401 	 error= 89.97122762758104 percent
accuracy on test set = 9.999999940395355 percent
 
epoch= 6 	 time= 3.589030595620473 min 	 lr= 0.04988904911507701 	 loss= 2.3037549498136087 	 error= 90.28812340458336 percent
accuracy on test set = 9.999999761581424 percent
 
epoch= 7 	 time= 4.088871196905772 min 	 lr= 0.049849023886379504 	 loss= 2.3035645643463525 	 error= 89.83935422604651 percent
accuracy on test set = 9.999999940395355 percent
 
epoch= 8 	 time= 4.580525656541188 min 	 lr= 0.04980286753286196 	 loss= 2.3034871118452847 	 error= 90.10589833149825 percent
accuracy on test set = 9.999999940395355 percent
 
epoch= 9 	 time= 5.081732392311096 min 	 lr= 0.049750591442913945 	 loss= 2.303439798867306 	 error= 90.0099904031095 percent
accuracy on test set = 9.999999940395355 percent
 
epoch= 10 	 time= 5.56973572174708 min 	 lr= 0.049692208514878454 	 loss= 2.303504503596469 	 error= 90.16584078674121 percent
accuracy on test set = 9.999999523162838 percent
 
epoch= 11 	 time= 6.078080936272939 min 	 lr= 0.049627733153869355 	 loss= 2.3036428985693265 	 error= 90.22418478565753 percent
accuracy on test set = 9.999999761581424 percent
 
epoch= 12 	 time= 6.5661527752876285 min 	 lr= 0.049557181268217225 	 loss= 2.303738489785158 	 error= 90.12827685726877 percent
accuracy on test set = 9.999999463558195 percent
 
epoch= 13 	 time= 7.09351905186971 min 	 lr= 0.04948057026554415 	 loss= 2.303571457753096 	 error= 90.15305307515136 percent
accuracy on test set = 9.999999940395355 percent
 
epoch= 14 	 time= 7.599245619773865 min 	 lr= 0.04939791904846869 	 loss= 2.3036988647392644 	 error= 90.07392902203533 percent
accuracy on test set = 9.999999761581424 percent
 
epoch= 15 	 time= 8.107375152905782 min 	 lr= 0.04930924800994192 	 loss= 2.3035836414912776 	 error= 90.19860933198953 percent
accuracy on test set = 9.999999642372126 percent
 
epoch= 16 	 time= 8.614788846174877 min 	 lr= 0.049214579028215785 	 loss= 2.3034303023687106 	 error= 90.06953324808184 percent
accuracy on test set = 9.999999582767483 percent
 
epoch= 17 	 time= 9.113669188817342 min 	 lr= 0.04911393546144496 	 loss= 2.303419780243388 	 error= 89.9736253196931 percent
accuracy on test set = 9.999999940395355 percent
 
epoch= 18 	 time= 9.599641756216686 min 	 lr= 0.049007342141923586 	 loss= 2.303626537322998 	 error= 89.96882992022482 percent
accuracy on test set = 9.999999940395355 percent
 
epoch= 19 	 time= 10.094453875223795 min 	 lr= 0.04889482536995826 	 loss= 2.303483309343343 	 error= 90.08312021070124 percent
accuracy on test set = 9.999999940395355 percent
 
epoch= 20 	 time= 10.60961967309316 min 	 lr= 0.04877641290737885 	 loss= 2.303508948791972 	 error= 90.22418478565753 percent
accuracy on test set = 9.999999940395355 percent
 
epoch= 21 	 time= 11.108224459489186 min 	 lr= 0.04865213397068864 	 loss= 2.3035604545222523 	 error= 89.9132832541795 percent
accuracy on test set = 9.999999582767483 percent
 
epoch= 22 	 time= 11.616283178329468 min 	 lr= 0.04852201922385564 	 loss= 2.303645382147006 	 error= 90.11988490438827 percent
accuracy on test set = 9.999999642372126 percent
 
epoch= 23 	 time= 12.124130090077719 min 	 lr= 0.04838610077074669 	 loss= 2.3034192046241078 	 error= 90.01958120204604 percent
accuracy on test set = 9.999999940395355 percent
 
epoch= 24 	 time= 12.636207207043965 min 	 lr= 0.04824441214720629 	 loss= 2.3035693363765315 	 error= 90.05754475703324 percent
accuracy on test set = 9.999999940395355 percent
 
epoch= 25 	 time= 13.130696725845336 min 	 lr= 0.048096988312782175 	 loss= 2.303586749469533 	 error= 90.0727301759793 percent
accuracy on test set = 9.999999761581424 percent
 
epoch= 26 	 time= 13.657683952649434 min 	 lr= 0.04794386564209953 	 loss= 2.303545871963891 	 error= 89.99960038363172 percent
accuracy on test set = 9.999999940395355 percent
 
epoch= 27 	 time= 14.142576694488525 min 	 lr= 0.04778508191588613 	 loss= 2.3037932784965887 	 error= 90.15425192120739 percent
accuracy on test set = 9.999999523162838 percent
 
epoch= 28 	 time= 14.662981088956197 min 	 lr= 0.04762067631165049 	 loss= 2.303460121154785 	 error= 89.92806904761078 percent
accuracy on test set = 9.999999821186067 percent
 
epoch= 29 	 time= 15.15164446036021 min 	 lr= 0.047450689394015394 	 loss= 2.303519819093787 	 error= 90.06114131044549 percent
accuracy on test set = 9.999999940395355 percent
 
epoch= 30 	 time= 15.66431867281596 min 	 lr= 0.0472751631047092 	 loss= 2.3035422822703486 	 error= 89.79659527159103 percent
accuracy on test set = 9.999999761581424 percent
 
epoch= 31 	 time= 16.222907356421153 min 	 lr= 0.04709414075221735 	 loss= 2.303470081685449 	 error= 90.15784845937549 percent
accuracy on test set = 9.999999642372126 percent
 
epoch= 32 	 time= 16.77930687268575 min 	 lr= 0.046907667001096595 	 loss= 2.303574461461333 	 error= 90.079523657289 percent
accuracy on test set = 9.999999761581424 percent
 
epoch= 33 	 time= 17.334631645679472 min 	 lr= 0.04671578786095479 	 loss= 2.303632208758303 	 error= 90.23177748750848 percent
accuracy on test set = 9.999999821186067 percent
 
epoch= 34 	 time= 17.905361183484395 min 	 lr= 0.0465185506750986 	 loss= 2.3036293891994544 	 error= 90.0491528193969 percent
accuracy on test set = 9.999999940395355 percent
 
epoch= 35 	 time= 18.490243991216023 min 	 lr= 0.04631600410885232 	 loss= 2.3033787649305886 	 error= 90.01798273047524 percent
accuracy on test set = 9.999999940395355 percent
 
epoch= 36 	 time= 19.051188627878826 min 	 lr= 0.04610819813755039 	 loss= 2.3034685658067082 	 error= 89.99040921020995 percent
accuracy on test set = 9.999999940395355 percent
 
epoch= 37 	 time= 19.62323437134425 min 	 lr= 0.045895184034206775 	 loss= 2.3035353839854755 	 error= 90.21739130434783 percent
accuracy on test set = 9.999999940395355 percent
 
epoch= 38 	 time= 20.20784073273341 min 	 lr= 0.04567701435686406 	 loss= 2.303534846781465 	 error= 89.94685101996907 percent
accuracy on test set = 9.999999642372126 percent
 
epoch= 39 	 time= 20.7829509139061 min 	 lr= 0.0454537429356256 	 loss= 2.3035705449331143 	 error= 90.0863171385987 percent
accuracy on test set = 9.999999761581424 percent
 
epoch= 40 	 time= 21.33241962591807 min 	 lr= 0.045225424859373704 	 loss= 2.3034050220723654 	 error= 90.04875319388212 percent
accuracy on test set = 9.999999642372126 percent
 
epoch= 41 	 time= 21.9130096634229 min 	 lr= 0.04499211646217729 	 loss= 2.303493244263827 	 error= 89.90369245524296 percent
accuracy on test set = 9.999999821186067 percent
 
epoch= 42 	 time= 22.468585713704428 min 	 lr= 0.044753875309392274 	 loss= 2.3036147426156437 	 error= 90.28852301485398 percent
accuracy on test set = 9.999999940395355 percent
 
epoch= 43 	 time= 23.01520425081253 min 	 lr= 0.044510760183458266 	 loss= 2.303434798784573 	 error= 90.105099110957 percent
accuracy on test set = 9.999999940395355 percent
 
epoch= 44 	 time= 23.577841222286224 min 	 lr= 0.044262831069394756 	 loss= 2.3035701559022868 	 error= 90.06713555596978 percent
accuracy on test set = 9.999999523162838 percent
 
epoch= 45 	 time= 24.146614027023315 min 	 lr= 0.0440101491400008 	 loss= 2.3034812721145124 	 error= 90.1422634301588 percent
accuracy on test set = 9.999999642372126 percent
 
epoch= 46 	 time= 24.708778929710387 min 	 lr= 0.043752776740761515 	 loss= 2.3034648450134356 	 error= 90.1718350322655 percent
accuracy on test set = 9.999999642372126 percent
 
epoch= 47 	 time= 25.2744123339653 min 	 lr= 0.04349077737446526 	 loss= 2.3034662925983636 	 error= 89.96603260259799 percent
accuracy on test set = 9.999999821186067 percent
 
epoch= 48 	 time= 25.851355457305907 min 	 lr= 0.043224215685535305 	 loss= 2.303259105633592 	 error= 89.86133312630227 percent
accuracy on test set = 9.999999821186067 percent
 
epoch= 49 	 time= 26.406091022491456 min 	 lr= 0.04295315744407974 	 loss= 2.3036058796641163 	 error= 90.28852301485398 percent
accuracy on test set = 9.999999940395355 percent
 
epoch= 50 	 time= 26.95973717768987 min 	 lr= 0.0426776695296637 	 loss= 2.3033201170089606 	 error= 89.992806902322 percent
accuracy on test set = 9.999999582767483 percent
 
epoch= 51 	 time= 27.509528720378874 min 	 lr= 0.04239781991480787 	 loss= 2.3034332115631884 	 error= 90.09630754780586 percent
accuracy on test set = 9.999999761581424 percent
 
epoch= 52 	 time= 28.099889504909516 min 	 lr= 0.04211367764821723 	 loss= 2.303233252766797 	 error= 90.12388106807113 percent
accuracy on test set = 9.999999642372126 percent
 
epoch= 53 	 time= 28.67629019021988 min 	 lr= 0.04182531283774434 	 loss= 2.3034688115424817 	 error= 90.1158887407054 percent
accuracy on test set = 9.999999642372126 percent
 
epoch= 54 	 time= 29.223094403743744 min 	 lr= 0.041532796633091305 	 loss= 2.3033464113464746 	 error= 90.0115888746803 percent
accuracy on test set = 9.999999940395355 percent
 
epoch= 55 	 time= 29.784800092379253 min 	 lr= 0.0412362012082546 	 loss= 2.303382096083268 	 error= 89.97921995494677 percent
accuracy on test set = 9.999999821186067 percent
 
epoch= 56 	 time= 30.345575642585754 min 	 lr= 0.04093559974371725 	 loss= 2.303289895167436 	 error= 89.93246483680842 percent
accuracy on test set = 9.999999463558195 percent
 
epoch= 57 	 time= 30.918789966901144 min 	 lr= 0.04063106640839264 	 loss= 2.3033047685842685 	 error= 90.1354699488491 percent
accuracy on test set = 9.999999821186067 percent
 
epoch= 58 	 time= 31.468555879592895 min 	 lr= 0.04032267634132442 	 loss= 2.303511892743123 	 error= 90.25615409512045 percent
accuracy on test set = 9.999999642372126 percent
 
epoch= 59 	 time= 32.03179061015447 min 	 lr= 0.040010505633147106 	 loss= 2.3032860652260156 	 error= 89.75863171660382 percent
accuracy on test set = 9.999999523162838 percent
 
epoch= 60 	 time= 32.58480697075526 min 	 lr= 0.03969463130731184 	 loss= 2.3031710834454393 	 error= 90.04395779441384 percent
accuracy on test set = 9.999999642372126 percent
 
epoch= 61 	 time= 33.148654369513196 min 	 lr= 0.03937513130108197 	 loss= 2.3033810326510378 	 error= 90.08831522044014 percent
accuracy on test set = 9.999999523162838 percent
 
epoch= 62 	 time= 33.70118439594905 min 	 lr= 0.03905208444630328 	 loss= 2.3034260303468046 	 error= 90.00399615758519 percent
accuracy on test set = 9.999999523162838 percent
 
epoch= 63 	 time= 34.25338690678279 min 	 lr= 0.038725570449953305 	 loss= 2.3033228140048054 	 error= 90.02717391914113 percent
accuracy on test set = 9.999999463558195 percent
 
epoch= 64 	 time= 34.80833771626155 min 	 lr= 0.03839566987447492 	 loss= 2.3033246408643016 	 error= 90.04715473755546 percent
accuracy on test set = 9.999999463558195 percent
 
epoch= 65 	 time= 35.36139804522197 min 	 lr= 0.03806246411789873 	 loss= 2.3033186358868925 	 error= 90.03756393861893 percent
accuracy on test set = 9.999999523162838 percent
 
epoch= 66 	 time= 35.91427369117737 min 	 lr= 0.037726035393759294 	 loss= 2.3033763112314523 	 error= 90.00639386494142 percent
accuracy on test set = 9.999999761581424 percent
 
epoch= 67 	 time= 36.48908341725667 min 	 lr= 0.0373864667108102 	 loss= 2.30329356778918 	 error= 90.00399615758519 percent
accuracy on test set = 9.999999463558195 percent
 
epoch= 68 	 time= 37.05006546576818 min 	 lr= 0.03704384185254289 	 loss= 2.303173854832759 	 error= 90.02757352941177 percent
accuracy on test set = 9.999999582767483 percent
 
epoch= 69 	 time= 37.621555864810944 min 	 lr= 0.03669824535651435 	 loss= 2.3033736874075497 	 error= 89.99800191206091 percent
accuracy on test set = 9.999999940395355 percent
 
epoch= 70 	 time= 38.201760339736936 min 	 lr= 0.03634976249348868 	 loss= 2.3031214899419212 	 error= 89.95164641943734 percent
accuracy on test set = 9.999999642372126 percent
 
epoch= 71 	 time= 38.76629356543223 min 	 lr= 0.03599847924639789 	 loss= 2.303255463500157 	 error= 90.09470907623506 percent
accuracy on test set = 9.999999463558195 percent
 
epoch= 72 	 time= 39.33806577126185 min 	 lr= 0.03564448228912683 	 loss= 2.3032913720211408 	 error= 90.04395779441384 percent
accuracy on test set = 9.999999642372126 percent
 
epoch= 73 	 time= 39.89460134108861 min 	 lr= 0.03528785896512774 	 loss= 2.303183795850905 	 error= 89.91807863840361 percent
accuracy on test set = 9.999999940395355 percent
 
epoch= 74 	 time= 40.45409223238627 min 	 lr= 0.03492869726586953 	 loss= 2.3031767750030285 	 error= 90.22738171355499 percent
accuracy on test set = 9.999999463558195 percent
 
epoch= 75 	 time= 41.02002814213435 min 	 lr= 0.03456708580912726 	 loss= 2.303225539834298 	 error= 89.68190537084399 percent
accuracy on test set = 9.999999940395355 percent
 
epoch= 76 	 time= 41.56720850467682 min 	 lr= 0.03420311381711697 	 loss= 2.3033200743253275 	 error= 90.17742966751918 percent
accuracy on test set = 9.999999821186067 percent
 
epoch= 77 	 time= 42.1249874273936 min 	 lr= 0.03383687109448145 	 loss= 2.3034862660995836 	 error= 90.36045396114554 percent
accuracy on test set = 9.999999523162838 percent
 
epoch= 78 	 time= 42.71596323251724 min 	 lr= 0.03346844800613231 	 loss= 2.303281562102725 	 error= 90.26374679697139 percent
accuracy on test set = 9.999999940395355 percent
 
epoch= 79 	 time= 43.285484786828356 min 	 lr= 0.03309793545495376 	 loss= 2.303280171226053 	 error= 90.20740089514067 percent
accuracy on test set = 9.999999642372126 percent
 
epoch= 80 	 time= 43.83743033011754 min 	 lr= 0.03272542485937371 	 loss= 2.303292261670008 	 error= 89.88411124709927 percent
accuracy on test set = 9.999999940395355 percent
 
epoch= 81 	 time= 44.39043493270874 min 	 lr= 0.03235100813080762 	 loss= 2.303204323629589 	 error= 90.24976022408137 percent
accuracy on test set = 9.999999523162838 percent
 
epoch= 82 	 time= 44.96990307966868 min 	 lr= 0.03197477765098076 	 loss= 2.303223448946043 	 error= 90.06713555596978 percent
accuracy on test set = 9.999999821186067 percent
 
epoch= 83 	 time= 45.51658331950505 min 	 lr= 0.03159682624913434 	 loss= 2.303339394157195 	 error= 90.22738171355499 percent
accuracy on test set = 9.999999821186067 percent
 
epoch= 84 	 time= 46.065753078460695 min 	 lr= 0.031217247179121384 	 loss= 2.3031659729950262 	 error= 90.1398657228026 percent
accuracy on test set = 9.999999523162838 percent
 
epoch= 85 	 time= 46.62026607990265 min 	 lr= 0.03083613409639766 	 loss= 2.303124808289511 	 error= 89.98401533917088 percent
accuracy on test set = 9.999999642372126 percent
 
epoch= 86 	 time= 47.1860870440801 min 	 lr= 0.03045358103491359 	 loss= 2.3033243085417294 	 error= 90.0599424491453 percent
accuracy on test set = 9.999999582767483 percent
 
epoch= 87 	 time= 47.76638241608938 min 	 lr= 0.03006968238391284 	 loss= 2.3032266831458985 	 error= 90.10190216781538 percent
accuracy on test set = 9.999999761581424 percent
 
epoch= 88 	 time= 48.32863094806671 min 	 lr= 0.029684532864643145 	 loss= 2.3032293819710423 	 error= 90.01438619230714 percent
accuracy on test set = 9.999999821186067 percent
 
epoch= 89 	 time= 48.890175239245096 min 	 lr= 0.02929822750698526 	 loss= 2.303166450441951 	 error= 89.94325448180098 percent
accuracy on test set = 9.999999821186067 percent
 
epoch= 90 	 time= 49.44027095635732 min 	 lr= 0.028910861626005795 	 loss= 2.30309330654876 	 error= 90.23177748750848 percent
accuracy on test set = 9.999999940395355 percent
 
epoch= 91 	 time= 50.00542399088542 min 	 lr= 0.028522530798439593 	 loss= 2.30317585364632 	 error= 90.04635550177007 percent
accuracy on test set = 9.999999642372126 percent
 
epoch= 92 	 time= 50.577095385392504 min 	 lr= 0.028133330839107632 	 loss= 2.3031688529207273 	 error= 90.14026534831737 percent
accuracy on test set = 9.999999642372126 percent
 
epoch= 93 	 time= 51.14472369352976 min 	 lr= 0.027743357777276153 	 loss= 2.3032118780228794 	 error= 90.15425192120739 percent
accuracy on test set = 9.999999582767483 percent
 
epoch= 94 	 time= 51.692611571153 min 	 lr= 0.027352707832962876 	 loss= 2.3030898272228972 	 error= 89.88051470893119 percent
accuracy on test set = 9.999999523162838 percent
 
epoch= 95 	 time= 52.26666467984517 min 	 lr= 0.026961477393196143 	 loss= 2.3030629408024157 	 error= 89.89649936366264 percent
accuracy on test set = 9.999999761581424 percent
 
epoch= 96 	 time= 52.85152161916097 min 	 lr= 0.026569762988232853 	 loss= 2.3031486970994175 	 error= 90.11069373096652 percent
accuracy on test set = 9.999999642372126 percent
 
epoch= 97 	 time= 53.416511702537534 min 	 lr= 0.02617766126774108 	 loss= 2.3031465153560005 	 error= 90.10150255754475 percent
accuracy on test set = 9.999999582767483 percent
 
epoch= 98 	 time= 54.0023543993632 min 	 lr= 0.025785268976953223 	 loss= 2.3029665666468 	 error= 89.95843990074704 percent
accuracy on test set = 9.999999642372126 percent
 
epoch= 99 	 time= 54.56720924774806 min 	 lr= 0.02539268293279553 	 loss= 2.3031292595826756 	 error= 89.88970588235294 percent
accuracy on test set = 9.999999463558195 percent
 
epoch= 100 	 time= 55.1191969037056 min 	 lr= 0.025000000000000012 	 loss= 2.3031631345334262 	 error= 90.01718350993399 percent
accuracy on test set = 9.999999523162838 percent
 
epoch= 101 	 time= 55.672318466504414 min 	 lr= 0.0246073170672045 	 loss= 2.3030926815384185 	 error= 89.88890664656753 percent
accuracy on test set = 9.999999642372126 percent
 
epoch= 102 	 time= 56.26018474896749 min 	 lr= 0.024214731023046804 	 loss= 2.3031356657862356 	 error= 90.13746803069054 percent
accuracy on test set = 9.999999523162838 percent
 
epoch= 103 	 time= 56.80785363515218 min 	 lr= 0.023822338732258946 	 loss= 2.3030798740094274 	 error= 89.99760230179028 percent
accuracy on test set = 9.999999940395355 percent
 
epoch= 104 	 time= 57.381546318531036 min 	 lr= 0.023430237011767177 	 loss= 2.3031665541022024 	 error= 90.19261508646524 percent
accuracy on test set = 9.999999821186067 percent
 
epoch= 105 	 time= 57.96993680795034 min 	 lr= 0.02303852260680389 	 loss= 2.303061909078027 	 error= 90.21539322250639 percent
accuracy on test set = 9.999999642372126 percent
 
epoch= 106 	 time= 58.537258919080095 min 	 lr= 0.022647292167037154 	 loss= 2.303025092615191 	 error= 89.99360613810742 percent
accuracy on test set = 9.999999642372126 percent
 
epoch= 107 	 time= 59.08537529309591 min 	 lr= 0.02225664222272388 	 loss= 2.303113572127984 	 error= 90.21779091461845 percent
accuracy on test set = 9.999999761581424 percent
 
epoch= 108 	 time= 59.63494694232941 min 	 lr= 0.02186666916089241 	 loss= 2.302930570929252 	 error= 90.07113171965266 percent
accuracy on test set = 9.999999761581424 percent
 
epoch= 109 	 time= 60.19222277005513 min 	 lr= 0.02147746920156045 	 loss= 2.303028190227421 	 error= 90.26814258616903 percent
accuracy on test set = 9.999999463558195 percent
 
epoch= 110 	 time= 60.75391620397568 min 	 lr= 0.021089138373994242 	 loss= 2.3029887651848364 	 error= 89.95324489100814 percent
accuracy on test set = 9.999999523162838 percent
 
epoch= 111 	 time= 61.30847564935684 min 	 lr= 0.02070177249301477 	 loss= 2.3030144954886276 	 error= 90.0727301759793 percent
accuracy on test set = 9.999999463558195 percent
 
epoch= 112 	 time= 61.86618324915568 min 	 lr= 0.0203154671353569 	 loss= 2.3029769290133815 	 error= 90.08351982097187 percent
accuracy on test set = 9.999999821186067 percent
 
epoch= 113 	 time= 62.41201649904251 min 	 lr= 0.019930317616087205 	 loss= 2.302841523724139 	 error= 89.84414961027063 percent
accuracy on test set = 9.999999523162838 percent
 
epoch= 114 	 time= 62.97159335215886 min 	 lr= 0.019546418965086458 	 loss= 2.3030480283605472 	 error= 90.12108376568845 percent
accuracy on test set = 9.999999940395355 percent
 
epoch= 115 	 time= 63.532286743323006 min 	 lr= 0.019163865903602376 	 loss= 2.30296168607824 	 error= 90.24456521434247 percent
accuracy on test set = 9.999999463558195 percent
 
epoch= 116 	 time= 64.09670759836833 min 	 lr= 0.018782752820878643 	 loss= 2.303015041229365 	 error= 90.24536445012788 percent
accuracy on test set = 9.999999523162838 percent
 
epoch= 117 	 time= 64.67776234149933 min 	 lr= 0.01840317375086569 	 loss= 2.3029760753407196 	 error= 90.18582160515554 percent
accuracy on test set = 9.999999523162838 percent
 
epoch= 118 	 time= 65.226384695371 min 	 lr= 0.018025222349019283 	 loss= 2.3030269767927085 	 error= 90.02477621178492 percent
accuracy on test set = 9.999999523162838 percent
 
epoch= 119 	 time= 65.79282905658086 min 	 lr= 0.017648991869192415 	 loss= 2.303050179615655 	 error= 90.23577365119134 percent
accuracy on test set = 9.999999582767483 percent
 
epoch= 120 	 time= 66.37995831569036 min 	 lr= 0.017274575140626334 	 loss= 2.303014333290822 	 error= 90.29731457800511 percent
accuracy on test set = 9.999999821186067 percent
 
epoch= 121 	 time= 66.9483868598938 min 	 lr= 0.016902064545046273 	 loss= 2.3030465832146843 	 error= 90.07832481123297 percent
accuracy on test set = 9.999999642372126 percent
 
epoch= 122 	 time= 67.5010587533315 min 	 lr= 0.016531551993867726 	 loss= 2.302944913239735 	 error= 89.92886828339618 percent
accuracy on test set = 9.999999940395355 percent
 
epoch= 123 	 time= 68.05696889162064 min 	 lr= 0.016163128905518586 	 loss= 2.3028749754971556 	 error= 90.04955242966753 percent
accuracy on test set = 9.999999463558195 percent
 
epoch= 124 	 time= 68.6290208975474 min 	 lr= 0.015796886182883066 	 loss= 2.3029050272139138 	 error= 90.00359654731457 percent
accuracy on test set = 9.999999821186067 percent
 
epoch= 125 	 time= 69.1983974814415 min 	 lr= 0.015432914190872771 	 loss= 2.302873860844566 	 error= 90.16943734015345 percent
accuracy on test set = 9.999999523162838 percent
 
epoch= 126 	 time= 69.76091588735581 min 	 lr= 0.01507130273413049 	 loss= 2.302942826010077 	 error= 90.35885550481889 percent
accuracy on test set = 9.999999463558195 percent
 
epoch= 127 	 time= 70.33622382084529 min 	 lr= 0.01471214103487229 	 loss= 2.3029005125050657 	 error= 89.8801150834164 percent
accuracy on test set = 9.999999463558195 percent
 
epoch= 128 	 time= 70.88756198485693 min 	 lr= 0.014355517710873194 	 loss= 2.302889503786326 	 error= 90.12627877542735 percent
accuracy on test set = 9.999999642372126 percent
 
epoch= 129 	 time= 71.47708275318146 min 	 lr= 0.01400152075360213 	 loss= 2.3029471943750406 	 error= 90.2026054956724 percent
accuracy on test set = 9.999999761581424 percent
 
epoch= 130 	 time= 72.0597074230512 min 	 lr= 0.01365023750651134 	 loss= 2.302886255561848 	 error= 90.24856137802534 percent
accuracy on test set = 9.999999821186067 percent
 
epoch= 131 	 time= 72.6086418747902 min 	 lr= 0.013301754643485679 	 loss= 2.302905645516827 	 error= 90.09430946596443 percent
accuracy on test set = 9.999999463558195 percent
 
epoch= 132 	 time= 73.20583758751552 min 	 lr= 0.012956158147457122 	 loss= 2.3029486541552924 	 error= 90.39522058823529 percent
accuracy on test set = 9.999999761581424 percent
 
epoch= 133 	 time= 73.78413534959158 min 	 lr= 0.012613533289189816 	 loss= 2.3027991577792353 	 error= 90.32289003167311 percent
accuracy on test set = 9.999999821186067 percent
 
epoch= 134 	 time= 74.33871748844783 min 	 lr= 0.012273964606240723 	 loss= 2.302999375726256 	 error= 90.34966431615298 percent
accuracy on test set = 9.999999821186067 percent
 
epoch= 135 	 time= 74.89543686707815 min 	 lr= 0.011937535882101285 	 loss= 2.302874420609925 	 error= 90.22178707830132 percent
accuracy on test set = 9.999999582767483 percent
 
epoch= 136 	 time= 75.45070972442628 min 	 lr= 0.011604330125525083 	 loss= 2.3028908160031603 	 error= 90.29331841432226 percent
accuracy on test set = 9.999999761581424 percent
 
epoch= 137 	 time= 76.01341922680537 min 	 lr= 0.011274429550046707 	 loss= 2.302816671483657 	 error= 90.08152173913044 percent
accuracy on test set = 9.999999582767483 percent
 
epoch= 138 	 time= 76.57826484441757 min 	 lr= 0.010947915553696737 	 loss= 2.3029124462391106 	 error= 90.30970267932433 percent
accuracy on test set = 9.999999582767483 percent
 
epoch= 139 	 time= 77.14336696863174 min 	 lr= 0.01062486869891804 	 loss= 2.3027846520514133 	 error= 90.29891304957593 percent
accuracy on test set = 9.999999940395355 percent
 
epoch= 140 	 time= 77.69928308327992 min 	 lr= 0.01030536869268818 	 loss= 2.302809264653784 	 error= 90.36005435087492 percent
accuracy on test set = 9.999999940395355 percent
 
epoch= 141 	 time= 78.2611116886139 min 	 lr= 0.009989494366852907 	 loss= 2.302776853141882 	 error= 90.07592710387677 percent
accuracy on test set = 9.999999463558195 percent
 
epoch= 142 	 time= 78.81972085634867 min 	 lr= 0.00967732365867559 	 loss= 2.3028642484903945 	 error= 90.16224424857313 percent
accuracy on test set = 9.999999463558195 percent
 
epoch= 143 	 time= 79.40246919393539 min 	 lr= 0.009368933591607374 	 loss= 2.3028370047469275 	 error= 89.92087595603046 percent
accuracy on test set = 9.999999523162838 percent
 
epoch= 144 	 time= 79.95301368633906 min 	 lr= 0.00906440025628276 	 loss= 2.302838519406136 	 error= 90.13626918463451 percent
accuracy on test set = 9.999999582767483 percent
 
epoch= 145 	 time= 80.5166898171107 min 	 lr= 0.008763798791745414 	 loss= 2.302780636131306 	 error= 90.2585517872325 percent
accuracy on test set = 9.999999761581424 percent
 
epoch= 146 	 time= 81.07610973914464 min 	 lr= 0.00846720336690871 	 loss= 2.302783611180532 	 error= 90.25335677749361 percent
accuracy on test set = 9.999999940395355 percent
 
epoch= 147 	 time= 81.63092687129975 min 	 lr= 0.008174687162255667 	 loss= 2.3028173714952396 	 error= 90.35565856167727 percent
accuracy on test set = 9.999999821186067 percent
 
epoch= 148 	 time= 82.18800369898479 min 	 lr= 0.007886322351782785 	 loss= 2.3027640712230713 	 error= 90.26054986907394 percent
accuracy on test set = 9.999999642372126 percent
 
epoch= 149 	 time= 82.74049461285273 min 	 lr= 0.007602180085192145 	 loss= 2.3027840166750466 	 error= 90.1838235233141 percent
accuracy on test set = 9.999999642372126 percent
 
epoch= 150 	 time= 83.29470024903615 min 	 lr= 0.007322330470336316 	 loss= 2.3028204819125593 	 error= 90.42479220558616 percent
accuracy on test set = 9.999999821186067 percent
 
epoch= 151 	 time= 83.86504195928573 min 	 lr= 0.007046842555920285 	 loss= 2.302746693496509 	 error= 90.27773336986141 percent
accuracy on test set = 9.999999523162838 percent
 
epoch= 152 	 time= 84.41845061779023 min 	 lr= 0.006775784314464719 	 loss= 2.3027376293221398 	 error= 90.17782927778981 percent
accuracy on test set = 9.999999582767483 percent
 
epoch= 153 	 time= 84.96881239811579 min 	 lr= 0.006509222625534758 	 loss= 2.3027426647713116 	 error= 90.02157928388746 percent
accuracy on test set = 9.999999940395355 percent
 
epoch= 154 	 time= 85.51895409027735 min 	 lr= 0.006247223259238513 	 loss= 2.3027856630437515 	 error= 90.47314578005115 percent
accuracy on test set = 9.999999940395355 percent
 
epoch= 155 	 time= 86.06692864497502 min 	 lr= 0.0059898508599992295 	 loss= 2.3027367634541545 	 error= 90.12388106807113 percent
accuracy on test set = 9.999999940395355 percent
 
epoch= 156 	 time= 86.6293141245842 min 	 lr= 0.005737168930605274 	 loss= 2.302754436307551 	 error= 90.25895141274728 percent
accuracy on test set = 9.999999940395355 percent
 
epoch= 157 	 time= 87.19764209985733 min 	 lr= 0.005489239816541763 	 loss= 2.3027318780074646 	 error= 90.28093031300303 percent
accuracy on test set = 9.999999642372126 percent
 
epoch= 158 	 time= 87.74866266647975 min 	 lr= 0.005246124690607742 	 loss= 2.3027393305698016 	 error= 90.38123401534527 percent
accuracy on test set = 9.999999642372126 percent
 
epoch= 159 	 time= 88.3016932328542 min 	 lr= 0.005007883537822737 	 loss= 2.302732004229065 	 error= 90.34566815247011 percent
accuracy on test set = 9.999999523162838 percent
 
epoch= 160 	 time= 88.85218995412191 min 	 lr= 0.004774575140626318 	 loss= 2.302719105844912 	 error= 90.44357416270029 percent
accuracy on test set = 9.999999523162838 percent
 
epoch= 161 	 time= 89.41925580104193 min 	 lr= 0.00454625706437442 	 loss= 2.302713660632863 	 error= 90.00679347521205 percent
accuracy on test set = 9.999999821186067 percent
 
epoch= 162 	 time= 89.97958495616913 min 	 lr= 0.004322985643135959 	 loss= 2.3027110361991943 	 error= 90.17623082146315 percent
accuracy on test set = 9.999999523162838 percent
 
epoch= 163 	 time= 90.55907148917517 min 	 lr= 0.0041048159657932504 	 loss= 2.3026963451024516 	 error= 89.95923913653245 percent
accuracy on test set = 9.999999940395355 percent
 
epoch= 164 	 time= 91.13067334493002 min 	 lr= 0.0038918018624496302 	 loss= 2.3027020982464257 	 error= 90.28093031300303 percent
accuracy on test set = 9.999999642372126 percent
 
epoch= 165 	 time= 91.71848395665486 min 	 lr= 0.0036839958911477027 	 loss= 2.302679582629972 	 error= 90.05115090123833 percent
accuracy on test set = 9.999999940395355 percent
 
epoch= 166 	 time= 92.29935791492463 min 	 lr= 0.0034814493249014076 	 loss= 2.302694470681193 	 error= 90.47154730848034 percent
accuracy on test set = 9.999999523162838 percent
 
epoch= 167 	 time= 92.87855491638183 min 	 lr= 0.003284212139045219 	 loss= 2.302674073392473 	 error= 90.14426151200024 percent
accuracy on test set = 9.999999821186067 percent
 
epoch= 168 	 time= 93.45732519626617 min 	 lr= 0.003092332998903412 	 loss= 2.3026881150882264 	 error= 90.33168157958009 percent
accuracy on test set = 9.999999821186067 percent
 
epoch= 169 	 time= 94.03634847799937 min 	 lr= 0.002905859247782665 	 loss= 2.302678287486591 	 error= 90.3772378516624 percent
accuracy on test set = 9.999999523162838 percent
 
epoch= 170 	 time= 94.60453592538833 min 	 lr= 0.0027248368952908068 	 loss= 2.3026680062189127 	 error= 90.18262467725808 percent
accuracy on test set = 9.999999523162838 percent
 
epoch= 171 	 time= 95.15600561300913 min 	 lr= 0.002549310605984613 	 loss= 2.3026536462252096 	 error= 90.08431905675727 percent
accuracy on test set = 9.999999463558195 percent
 
epoch= 172 	 time= 95.71972881555557 min 	 lr= 0.0023793236883495176 	 loss= 2.302650010799203 	 error= 90.20820013092606 percent
accuracy on test set = 9.999999821186067 percent
 
epoch= 173 	 time= 96.29250345627467 min 	 lr= 0.002214918084113875 	 loss= 2.3026572401871155 	 error= 90.3212915601023 percent
accuracy on test set = 9.999999463558195 percent
 
epoch= 174 	 time= 96.86000375350316 min 	 lr= 0.0020561343579004786 	 loss= 2.3026474357565956 	 error= 90.43358375349312 percent
accuracy on test set = 9.999999463558195 percent
 
epoch= 175 	 time= 97.42143821318945 min 	 lr= 0.0019030116872178384 	 loss= 2.302649437009221 	 error= 90.3816336256159 percent
accuracy on test set = 9.999999523162838 percent
 
epoch= 176 	 time= 97.98167152404785 min 	 lr= 0.0017555878527937174 	 loss= 2.302643021049402 	 error= 90.53708439897699 percent
accuracy on test set = 9.999999523162838 percent
 
epoch= 177 	 time= 98.55883247454962 min 	 lr= 0.0016138992292533167 	 loss= 2.3026408557696723 	 error= 90.22378516014274 percent
accuracy on test set = 9.999999523162838 percent
 
epoch= 178 	 time= 99.14888786474863 min 	 lr= 0.0014779807761443645 	 loss= 2.3026279555562206 	 error= 90.12148337595907 percent
accuracy on test set = 9.999999940395355 percent
 
epoch= 179 	 time= 99.70432227055231 min 	 lr= 0.0013478660293113683 	 loss= 2.3026273488388647 	 error= 90.08511829254267 percent
accuracy on test set = 9.999999821186067 percent
 
epoch= 180 	 time= 100.26276186704635 min 	 lr= 0.0012235870926211624 	 loss= 2.3026268872458613 	 error= 90.25615409512045 percent
accuracy on test set = 9.999999761581424 percent
 
epoch= 181 	 time= 100.81174521843592 min 	 lr= 0.0011051746300417477 	 loss= 2.302621290811797 	 error= 90.06313939228691 percent
accuracy on test set = 9.999999463558195 percent
 
epoch= 182 	 time= 101.36084699630737 min 	 lr= 0.0009926578580764268 	 loss= 2.30261498643919 	 error= 90.26054986907394 percent
accuracy on test set = 9.999999642372126 percent
 
epoch= 183 	 time= 101.93889699379604 min 	 lr= 0.0008860645385550515 	 loss= 2.3026140345941726 	 error= 90.414801796379 percent
accuracy on test set = 9.999999940395355 percent
 
epoch= 184 	 time= 102.5229275226593 min 	 lr= 0.0007854209717842264 	 loss= 2.3026087747510435 	 error= 90.22498402144294 percent
accuracy on test set = 9.999999642372126 percent
 
epoch= 185 	 time= 103.07368024984996 min 	 lr= 0.0006907519900580866 	 loss= 2.302608932680486 	 error= 90.21339514066497 percent
accuracy on test set = 9.999999463558195 percent
 
epoch= 186 	 time= 103.65102071762085 min 	 lr= 0.0006020809515313173 	 loss= 2.30260364844671 	 error= 90.35006394166776 percent
accuracy on test set = 9.999999463558195 percent
 
epoch= 187 	 time= 104.21765072743098 min 	 lr= 0.0005194297344558538 	 loss= 2.3026015502412607 	 error= 90.20460357751384 percent
accuracy on test set = 9.999999821186067 percent
 
epoch= 188 	 time= 104.78138854503632 min 	 lr= 0.00044281873178278225 	 loss= 2.3026004959555233 	 error= 90.33647697904836 percent
accuracy on test set = 9.999999463558195 percent
 
epoch= 189 	 time= 105.34606929222743 min 	 lr= 0.0003722668461306535 	 loss= 2.3025967300395527 	 error= 90.30091113141735 percent
accuracy on test set = 9.999999821186067 percent
 
epoch= 190 	 time= 105.90389461914698 min 	 lr= 0.0003077914851215587 	 loss= 2.3025960599065134 	 error= 90.25335677749361 percent
accuracy on test set = 9.999999821186067 percent
 
epoch= 191 	 time= 106.46600378354391 min 	 lr= 0.00024940855708606175 	 loss= 2.302593126321388 	 error= 90.1602461667317 percent
accuracy on test set = 9.999999821186067 percent
 
epoch= 192 	 time= 107.02913887898127 min 	 lr= 0.00019713246713805603 	 loss= 2.3025915525148593 	 error= 90.10909527463986 percent
accuracy on test set = 9.999999821186067 percent
 
epoch= 193 	 time= 107.61018679141998 min 	 lr= 0.00015097611362051023 	 loss= 2.3025892634525933 	 error= 90.0915121483376 percent
accuracy on test set = 9.999999821186067 percent
 
epoch= 194 	 time= 108.20017288923263 min 	 lr= 0.00011095088492300018 	 loss= 2.3025887122239603 	 error= 89.99999999390234 percent
accuracy on test set = 9.999999821186067 percent
 
epoch= 195 	 time= 108.74456837972005 min 	 lr= 7.706665667180096e-05 	 loss= 2.302587434154032 	 error= 89.99520460967823 percent
accuracy on test set = 9.999999821186067 percent
 
epoch= 196 	 time= 109.3010437965393 min 	 lr= 4.9331789293211064e-05 	 loss= 2.302586705483439 	 error= 90.02757352941177 percent
accuracy on test set = 9.999999821186067 percent
 
epoch= 197 	 time= 109.85382553736369 min 	 lr= 2.7753125950752432e-05 	 loss= 2.3025860707168384 	 error= 89.99760230179028 percent
accuracy on test set = 9.999999821186067 percent
 
epoch= 198 	 time= 110.42572571436564 min 	 lr= 1.2335990856710008e-05 	 loss= 2.302585563391371 	 error= 90.00239770125856 percent
accuracy on test set = 9.999999821186067 percent
 
epoch= 199 	 time= 111.01739873488744 min 	 lr= 3.0841879584853094e-06 	 loss= 2.302585224361371 	 error= 89.99640345573425 percent
accuracy on test set = 9.999999821186067 percent
 
