nohup: ignoring input
Namespace(epoch=200, lr=0.05, model='vgg13', noise=None, resume=False, root='./data', type='train')
test mean and std: [tensor(0.4942), tensor(0.4851), tensor(0.4504)] [tensor(0.2467), tensor(0.2429), tensor(0.2616)]
train mean and std: [tensor(0.4914), tensor(0.4822), tensor(0.4465)] [tensor(0.2470), tensor(0.2435), tensor(0.2616)]
[33mThe trained model will be saved in: outputs/vgg13/no_respec_norm[0m
epoch= 0 	 time= 0.5868229945500691 min 	 lr= 0.05 	 loss= 2.0479020112005952 	 error= 79.53404730848034 percent
accuracy on test set = 26.999998986721042 percent
 
epoch= 1 	 time= 1.257961126168569 min 	 lr= 0.04999691581204152 	 loss= 1.6660506716164787 	 error= 64.38938618620949 percent
accuracy on test set = 43.39999860525131 percent
 
epoch= 2 	 time= 1.908149536450704 min 	 lr= 0.04998766400914329 	 loss= 1.3980536357216213 	 error= 51.49656329923273 percent
accuracy on test set = 55.289999186992645 percent
 
epoch= 3 	 time= 2.5470882932345074 min 	 lr= 0.049972246874049255 	 loss= 1.1699329939339778 	 error= 41.220428388746804 percent
accuracy on test set = 64.6199985742569 percent
 
epoch= 4 	 time= 3.17491375207901 min 	 lr= 0.049950668210706796 	 loss= 1.012452149177756 	 error= 34.791000633288526 percent
accuracy on test set = 65.94999873638153 percent
 
epoch= 5 	 time= 3.831682276725769 min 	 lr= 0.04992293334332821 	 loss= 0.8924984460901422 	 error= 30.32608695347291 percent
accuracy on test set = 71.0399981737137 percent
 
epoch= 6 	 time= 4.452263394991557 min 	 lr= 0.04988904911507701 	 loss= 0.8067414937421794 	 error= 26.5133471897496 percent
accuracy on test set = 74.23999792337416 percent
 
epoch= 7 	 time= 5.083106772104899 min 	 lr= 0.049849023886379504 	 loss= 0.7484306862287204 	 error= 24.50567454938084 percent
accuracy on test set = 75.13999849557877 percent
 
epoch= 8 	 time= 5.713544432322184 min 	 lr= 0.04980286753286196 	 loss= 0.7009029286291898 	 error= 22.852461630730982 percent
accuracy on test set = 77.78999787569046 percent
 
epoch= 9 	 time= 6.355692974726359 min 	 lr= 0.049750591442913945 	 loss= 0.6512338750045318 	 error= 21.35669756728365 percent
accuracy on test set = 78.84999823570251 percent
 
epoch= 10 	 time= 6.971947515010834 min 	 lr= 0.049692208514878454 	 loss= 0.6255467720043933 	 error= 20.372442455242968 percent
accuracy on test set = 80.1199979186058 percent
 
epoch= 11 	 time= 7.587550234794617 min 	 lr= 0.049627733153869355 	 loss= 0.5979795289771331 	 error= 19.512867637912333 percent
accuracy on test set = 79.49999779462814 percent
 
epoch= 12 	 time= 8.19120008945465 min 	 lr= 0.049557181268217225 	 loss= 0.5693800166592269 	 error= 18.380754469605662 percent
accuracy on test set = 81.04999774694443 percent
 
epoch= 13 	 time= 8.806213541825612 min 	 lr= 0.04948057026554415 	 loss= 0.5579131351559973 	 error= 17.93718030080771 percent
accuracy on test set = 81.46999800205231 percent
 
epoch= 14 	 time= 9.42431128025055 min 	 lr= 0.04939791904846869 	 loss= 0.5275202681646323 	 error= 16.950927106925594 percent
accuracy on test set = 80.85999774932861 percent
 
epoch= 15 	 time= 10.03937270641327 min 	 lr= 0.04930924800994192 	 loss= 0.5149719741033472 	 error= 16.599664313104146 percent
accuracy on test set = 82.91999793052673 percent
 
epoch= 16 	 time= 10.659046912193299 min 	 lr= 0.049214579028215785 	 loss= 0.49532417514744925 	 error= 15.971067768838399 percent
accuracy on test set = 83.36999779939651 percent
 
epoch= 17 	 time= 11.28407195409139 min 	 lr= 0.04911393546144496 	 loss= 0.4793540782026013 	 error= 15.488331198997205 percent
accuracy on test set = 82.60999822616577 percent
 
epoch= 18 	 time= 11.900690074761709 min 	 lr= 0.049007342141923586 	 loss= 0.48320180242476257 	 error= 15.651374674209242 percent
accuracy on test set = 83.68999773263931 percent
 
epoch= 19 	 time= 12.522182667255402 min 	 lr= 0.04889482536995826 	 loss= 0.46613782286034217 	 error= 14.857336947375247 percent
accuracy on test set = 84.30999773740768 percent
 
epoch= 20 	 time= 13.12585784594218 min 	 lr= 0.04877641290737885 	 loss= 0.4617645441723602 	 error= 14.83335996527806 percent
accuracy on test set = 83.14999788999557 percent
 
epoch= 21 	 time= 13.731159190336863 min 	 lr= 0.04865213397068864 	 loss= 0.4364006267789075 	 error= 13.98937020765241 percent
accuracy on test set = 84.15999794006348 percent
 
epoch= 22 	 time= 14.33201481103897 min 	 lr= 0.04852201922385564 	 loss= 0.428576724417984 	 error= 13.670875959079284 percent
accuracy on test set = 84.33999770879745 percent
 
epoch= 23 	 time= 14.944506585597992 min 	 lr= 0.04838610077074669 	 loss= 0.4258534077488248 	 error= 13.625319686996967 percent
accuracy on test set = 83.50999790430069 percent
 
epoch= 24 	 time= 15.549753085772197 min 	 lr= 0.04824441214720629 	 loss= 0.41539581985119967 	 error= 13.456681576531256 percent
accuracy on test set = 85.32999807596207 percent
 
epoch= 25 	 time= 16.165920877456664 min 	 lr= 0.048096988312782175 	 loss= 0.4144144906183643 	 error= 13.339194373401533 percent
accuracy on test set = 83.72999846935272 percent
 
epoch= 26 	 time= 16.763855556646984 min 	 lr= 0.04794386564209953 	 loss= 0.40063035187056606 	 error= 12.88762787723785 percent
accuracy on test set = 84.9599980711937 percent
 
epoch= 27 	 time= 17.38336797952652 min 	 lr= 0.04778508191588613 	 loss= 0.3933587558281696 	 error= 12.618686064429903 percent
accuracy on test set = 85.75999766588211 percent
 
epoch= 28 	 time= 18.000593475500743 min 	 lr= 0.04762067631165049 	 loss= 0.39385125902302737 	 error= 12.647458430751204 percent
accuracy on test set = 85.10999792814255 percent
 
epoch= 29 	 time= 18.606153857707977 min 	 lr= 0.047450689394015394 	 loss= 0.38096436812444723 	 error= 12.221467388255517 percent
accuracy on test set = 86.20999825000763 percent
 
epoch= 30 	 time= 19.218409776687622 min 	 lr= 0.0472751631047092 	 loss= 0.37740284299758997 	 error= 12.022858050168322 percent
accuracy on test set = 84.17999786138535 percent
 
epoch= 31 	 time= 19.8462749282519 min 	 lr= 0.04709414075221735 	 loss= 0.3753248374632862 	 error= 12.121563296183906 percent
accuracy on test set = 85.29999816417694 percent
 
epoch= 32 	 time= 20.450476404031118 min 	 lr= 0.046907667001096595 	 loss= 0.3831362559286225 	 error= 12.274216751918159 percent
accuracy on test set = 84.82999783754349 percent
 
epoch= 33 	 time= 21.080061717828116 min 	 lr= 0.04671578786095479 	 loss= 0.3623500738645454 	 error= 11.618845907928389 percent
accuracy on test set = 85.23999804258347 percent
 
epoch= 34 	 time= 21.702100177605946 min 	 lr= 0.0465185506750986 	 loss= 0.3532285476127244 	 error= 11.37028452380539 percent
accuracy on test set = 85.98999804258347 percent
 
epoch= 35 	 time= 22.305896484851836 min 	 lr= 0.04631600410885232 	 loss= 0.35385577811304564 	 error= 11.515345262444537 percent
accuracy on test set = 86.37999790906906 percent
 
epoch= 36 	 time= 22.915284915765127 min 	 lr= 0.04610819813755039 	 loss= 0.34657537868565613 	 error= 11.175271739130435 percent
accuracy on test set = 85.05999779701233 percent
 
epoch= 37 	 time= 23.533108019828795 min 	 lr= 0.045895184034206775 	 loss= 0.3482364174121481 	 error= 11.291560096204128 percent
accuracy on test set = 86.67999804019928 percent
 
epoch= 38 	 time= 24.143538109461467 min 	 lr= 0.04567701435686406 	 loss= 0.33529723433734815 	 error= 10.841592071611252 percent
accuracy on test set = 85.61999785900116 percent
 
epoch= 39 	 time= 24.759027115503947 min 	 lr= 0.0454537429356256 	 loss= 0.33827506047685435 	 error= 10.980258954455481 percent
accuracy on test set = 87.4799981713295 percent
 
epoch= 40 	 time= 25.377786334355672 min 	 lr= 0.045225424859373704 	 loss= 0.3326399267634467 	 error= 10.671355489574735 percent
accuracy on test set = 85.85999774932861 percent
 
epoch= 41 	 time= 25.99261985619863 min 	 lr= 0.04499211646217729 	 loss= 0.33070279753116694 	 error= 10.547474415405937 percent
accuracy on test set = 85.81999814510345 percent
 
epoch= 42 	 time= 26.61196785767873 min 	 lr= 0.044753875309392274 	 loss= 0.3308915740922284 	 error= 10.600223779068578 percent
accuracy on test set = 86.67999798059464 percent
 
epoch= 43 	 time= 27.226990079879762 min 	 lr= 0.044510760183458266 	 loss= 0.3219707096781572 	 error= 10.431186058332244 percent
accuracy on test set = 86.69999772310257 percent
 
epoch= 44 	 time= 27.829647854963937 min 	 lr= 0.044262831069394756 	 loss= 0.3045060497796749 	 error= 9.849744242475465 percent
accuracy on test set = 87.63999819755554 percent
 
epoch= 45 	 time= 28.44242692788442 min 	 lr= 0.0440101491400008 	 loss= 0.31396612780325855 	 error= 10.187020463406887 percent
accuracy on test set = 87.64999794960022 percent
 
epoch= 46 	 time= 29.065277989705404 min 	 lr= 0.043752776740761515 	 loss= 0.31316332461888835 	 error= 10.154651528429193 percent
accuracy on test set = 86.18999767303467 percent
 
epoch= 47 	 time= 29.67625153462092 min 	 lr= 0.04349077737446526 	 loss= 0.30947440435819307 	 error= 10.090712909503361 percent
accuracy on test set = 87.43999809026718 percent
 
epoch= 48 	 time= 30.275698224703472 min 	 lr= 0.043224215685535305 	 loss= 0.2970613325800737 	 error= 9.625159840449653 percent
accuracy on test set = 86.51999795436859 percent
 
epoch= 49 	 time= 30.863955648740134 min 	 lr= 0.04295315744407974 	 loss= 0.2965773723619368 	 error= 9.631953321759353 percent
accuracy on test set = 87.82999819517136 percent
 
epoch= 50 	 time= 31.481310772895814 min 	 lr= 0.0426776695296637 	 loss= 0.2969382815158276 	 error= 9.63674872122762 percent
accuracy on test set = 87.27999818325043 percent
 
epoch= 51 	 time= 32.07549546559652 min 	 lr= 0.04239781991480787 	 loss= 0.2913026980808019 	 error= 9.396978900255755 percent
accuracy on test set = 87.15999811887741 percent
 
epoch= 52 	 time= 32.669190136591595 min 	 lr= 0.04211367764821723 	 loss= 0.29474574464666264 	 error= 9.494884910485933 percent
accuracy on test set = 87.38999801874161 percent
 
epoch= 53 	 time= 33.3031621336937 min 	 lr= 0.04182531283774434 	 loss= 0.284566107384689 	 error= 9.217151534526854 percent
accuracy on test set = 86.49999785423279 percent
 
epoch= 54 	 time= 33.900139677524564 min 	 lr= 0.041532796633091305 	 loss= 0.28236780967325203 	 error= 9.227141943734015 percent
accuracy on test set = 86.20999789237976 percent
 
epoch= 55 	 time= 34.49726715485255 min 	 lr= 0.0412362012082546 	 loss= 0.2833676437282806 	 error= 9.068494242475465 percent
accuracy on test set = 87.83999794721603 percent
 
epoch= 56 	 time= 35.12765497366588 min 	 lr= 0.04093559974371725 	 loss= 0.27809285553519986 	 error= 8.982976333564505 percent
accuracy on test set = 87.38999807834625 percent
 
epoch= 57 	 time= 35.76549568970998 min 	 lr= 0.04063106640839264 	 loss= 0.283485476737437 	 error= 9.10845587930411 percent
accuracy on test set = 86.36999815702438 percent
 
epoch= 58 	 time= 36.37329703966777 min 	 lr= 0.04032267634132442 	 loss= 0.27198275999949717 	 error= 8.747202676275503 percent
accuracy on test set = 87.89999806880951 percent
 
epoch= 59 	 time= 36.99906746149063 min 	 lr= 0.040010505633147106 	 loss= 0.26479650769011137 	 error= 8.555786445012787 percent
accuracy on test set = 87.15999758243561 percent
 
epoch= 60 	 time= 37.610596271355945 min 	 lr= 0.03969463130731184 	 loss= 0.26427313904551897 	 error= 8.513427100827933 percent
accuracy on test set = 86.55999767780304 percent
 
epoch= 61 	 time= 38.22156760295232 min 	 lr= 0.03937513130108197 	 loss= 0.257880583634157 	 error= 8.272458433800036 percent
accuracy on test set = 87.60999804735184 percent
 
epoch= 62 	 time= 38.840248024463655 min 	 lr= 0.03905208444630328 	 loss= 0.26326290430391536 	 error= 8.547394492132279 percent
accuracy on test set = 87.56999796628952 percent
 
epoch= 63 	 time= 39.476659723122914 min 	 lr= 0.038725570449953305 	 loss= 0.25381466992142254 	 error= 8.368765987703561 percent
accuracy on test set = 86.97999811172485 percent
 
epoch= 64 	 time= 40.099051928520204 min 	 lr= 0.03839566987447492 	 loss= 0.24983935976577232 	 error= 7.933983366812586 percent
accuracy on test set = 86.88999795913696 percent
 
epoch= 65 	 time= 40.71295839548111 min 	 lr= 0.03806246411789873 	 loss= 0.24851946031574704 	 error= 7.994325447570333 percent
accuracy on test set = 87.74999791383743 percent
 
epoch= 66 	 time= 41.3293846766154 min 	 lr= 0.037726035393759294 	 loss= 0.25530581614550424 	 error= 8.234894504327603 percent
accuracy on test set = 87.84999829530716 percent
 
epoch= 67 	 time= 41.94506626923879 min 	 lr= 0.0373864667108102 	 loss= 0.2405073261436294 	 error= 7.721787081350145 percent
accuracy on test set = 88.84999829530716 percent
 
epoch= 68 	 time= 42.596097910404204 min 	 lr= 0.03704384185254289 	 loss= 0.23724885246790278 	 error= 7.674632352941177 percent
accuracy on test set = 87.53999811410904 percent
 
epoch= 69 	 time= 43.20881241162618 min 	 lr= 0.03669824535651435 	 loss= 0.2384937398916925 	 error= 7.7361732645107955 percent
accuracy on test set = 88.66999816894531 percent
 
epoch= 70 	 time= 43.818038300673166 min 	 lr= 0.03634976249348868 	 loss= 0.23422077193360805 	 error= 7.623481460849342 percent
accuracy on test set = 88.7799980044365 percent
 
epoch= 71 	 time= 44.42165747086207 min 	 lr= 0.03599847924639789 	 loss= 0.22852670062152322 	 error= 7.302589504920004 percent
accuracy on test set = 88.32999813556671 percent
 
epoch= 72 	 time= 45.03927864233653 min 	 lr= 0.03564448228912683 	 loss= 0.22635556612630633 	 error= 7.347746166731696 percent
accuracy on test set = 87.22999823093414 percent
 
epoch= 73 	 time= 45.659997622172035 min 	 lr= 0.03528785896512774 	 loss= 0.23117319616439092 	 error= 7.489609977473384 percent
accuracy on test set = 88.89999806880951 percent
 
epoch= 74 	 time= 46.286665892601015 min 	 lr= 0.03492869726586953 	 loss= 0.2216821213245697 	 error= 7.215872765197169 percent
accuracy on test set = 88.99999797344208 percent
 
epoch= 75 	 time= 46.93336242437363 min 	 lr= 0.03456708580912726 	 loss= 0.2243812963023515 	 error= 7.213874683355737 percent
accuracy on test set = 88.92999804019928 percent
 
epoch= 76 	 time= 47.573420528570814 min 	 lr= 0.03420311381711697 	 loss= 0.21699188571528097 	 error= 7.056026217882591 percent
accuracy on test set = 87.88999801874161 percent
 
epoch= 77 	 time= 48.18740236361821 min 	 lr= 0.03383687109448145 	 loss= 0.20979003148043857 	 error= 6.82984334428597 percent
accuracy on test set = 89.13999778032303 percent
 
epoch= 78 	 time= 48.81857345104218 min 	 lr= 0.03346844800613231 	 loss= 0.21536955647075268 	 error= 6.924552426618688 percent
accuracy on test set = 89.04999792575836 percent
 
epoch= 79 	 time= 49.440899368127184 min 	 lr= 0.03309793545495376 	 loss= 0.21146283994245407 	 error= 6.907368925831202 percent
accuracy on test set = 87.59999805688858 percent
 
epoch= 80 	 time= 50.053651281197865 min 	 lr= 0.03272542485937371 	 loss= 0.20230657254795895 	 error= 6.54531648701719 percent
accuracy on test set = 88.96999788284302 percent
 
epoch= 81 	 time= 50.66424289544423 min 	 lr= 0.03235100813080762 	 loss= 0.2041674528528205 	 error= 6.676790278281092 percent
accuracy on test set = 87.68999809026718 percent
 
epoch= 82 	 time= 51.27141567866008 min 	 lr= 0.03197477765098076 	 loss= 0.2031304531580652 	 error= 6.614849741196693 percent
accuracy on test set = 88.62999767065048 percent
 
epoch= 83 	 time= 51.88230340878169 min 	 lr= 0.03159682624913434 	 loss= 0.19765589940730874 	 error= 6.341911764705882 percent
accuracy on test set = 88.79999792575836 percent
 
epoch= 84 	 time= 52.49739691019058 min 	 lr= 0.031217247179121384 	 loss= 0.19436980137015547 	 error= 6.244005754475703 percent
accuracy on test set = 89.67999821901321 percent
 
epoch= 85 	 time= 53.12268108129501 min 	 lr= 0.03083613409639766 	 loss= 0.19270480948183544 	 error= 6.288762790772616 percent
accuracy on test set = 89.7099979519844 percent
 
epoch= 86 	 time= 53.739756965637206 min 	 lr= 0.03045358103491359 	 loss= 0.18506375272446277 	 error= 6.016624034823055 percent
accuracy on test set = 88.44999808073044 percent
 
epoch= 87 	 time= 54.350196329752606 min 	 lr= 0.03006968238391284 	 loss= 0.18765070206483306 	 error= 6.205242963703087 percent
accuracy on test set = 89.49999839067459 percent
 
epoch= 88 	 time= 54.96125296751658 min 	 lr= 0.029684532864643145 	 loss= 0.1775307339304091 	 error= 5.884351023017903 percent
accuracy on test set = 89.62999826669693 percent
 
epoch= 89 	 time= 55.56834429502487 min 	 lr= 0.02929822750698526 	 loss= 0.17971256637321714 	 error= 5.830402813299233 percent
accuracy on test set = 88.93999779224396 percent
 
epoch= 90 	 time= 56.177264988422394 min 	 lr= 0.028910861626005795 	 loss= 0.1685208977602632 	 error= 5.421994881861655 percent
accuracy on test set = 88.65999805927277 percent
 
epoch= 91 	 time= 56.77726813952128 min 	 lr= 0.028522530798439593 	 loss= 0.17772013294841627 	 error= 5.761668794905133 percent
accuracy on test set = 89.74999803304672 percent
 
epoch= 92 	 time= 57.39409172932307 min 	 lr= 0.028133330839107632 	 loss= 0.16462721999572671 	 error= 5.388027490557308 percent
accuracy on test set = 88.94999796152115 percent
 
epoch= 93 	 time= 58.006642786661786 min 	 lr= 0.027743357777276153 	 loss= 0.168496026131122 	 error= 5.41160486238387 percent
accuracy on test set = 89.7999981045723 percent
 
epoch= 94 	 time= 58.62759459018707 min 	 lr= 0.027352707832962876 	 loss= 0.16246228827082593 	 error= 5.268941815856778 percent
accuracy on test set = 90.13999825716019 percent
 
epoch= 95 	 time= 59.24370586077372 min 	 lr= 0.026961477393196143 	 loss= 0.15568872132455297 	 error= 5.0779251948646875 percent
accuracy on test set = 88.97999840974808 percent
 
epoch= 96 	 time= 59.8627777616183 min 	 lr= 0.026569762988232853 	 loss= 0.16003247590549766 	 error= 5.183024296675192 percent
accuracy on test set = 90.28999799489975 percent
 
epoch= 97 	 time= 60.47303441762924 min 	 lr= 0.02617766126774108 	 loss= 0.15405158818606526 	 error= 5.105898340644739 percent
accuracy on test set = 89.49999803304672 percent
 
epoch= 98 	 time= 61.074221126238506 min 	 lr= 0.025785268976953223 	 loss= 0.14451720219705722 	 error= 4.776214836808422 percent
accuracy on test set = 89.95999842882156 percent
 
epoch= 99 	 time= 61.70297377109527 min 	 lr= 0.02539268293279553 	 loss= 0.1512448936510269 	 error= 4.900895131518468 percent
accuracy on test set = 89.56999784708023 percent
 
epoch= 100 	 time= 62.31429245869319 min 	 lr= 0.025000000000000012 	 loss= 0.1445078109402943 	 error= 4.7350543386795945 percent
accuracy on test set = 89.83999818563461 percent
 
epoch= 101 	 time= 62.92511690060298 min 	 lr= 0.0246073170672045 	 loss= 0.14472325990343338 	 error= 4.740648973933266 percent
accuracy on test set = 89.85999816656113 percent
 
epoch= 102 	 time= 63.530955072244005 min 	 lr= 0.024214731023046804 	 loss= 0.1404501174093055 	 error= 4.6759111192220315 percent
accuracy on test set = 89.28999775648117 percent
 
epoch= 103 	 time= 64.14404082298279 min 	 lr= 0.023822338732258946 	 loss= 0.13765668090613906 	 error= 4.55123080926783 percent
accuracy on test set = 89.6199980378151 percent
 
epoch= 104 	 time= 64.75895944436391 min 	 lr= 0.023430237011767177 	 loss= 0.12964588201716734 	 error= 4.250319686996967 percent
accuracy on test set = 89.94999849796295 percent
 
epoch= 105 	 time= 65.36748143831889 min 	 lr= 0.02303852260680389 	 loss= 0.13095095280148183 	 error= 4.190377231754001 percent
accuracy on test set = 88.59999805688858 percent
 
epoch= 106 	 time= 65.97937596638998 min 	 lr= 0.022647292167037154 	 loss= 0.12582258226068885 	 error= 4.106058184143222 percent
accuracy on test set = 90.59999799728394 percent
 
epoch= 107 	 time= 66.59199560085932 min 	 lr= 0.02225664222272388 	 loss= 0.12586102814739927 	 error= 4.087276211784928 percent
accuracy on test set = 89.79999780654907 percent
 
epoch= 108 	 time= 67.20720468362173 min 	 lr= 0.02186666916089241 	 loss= 0.12333625456904207 	 error= 4.024136828644501 percent
accuracy on test set = 89.92999821901321 percent
 
epoch= 109 	 time= 67.81490583022436 min 	 lr= 0.02147746920156045 	 loss= 0.1221531228688748 	 error= 4.0237372031297225 percent
accuracy on test set = 89.48999774456024 percent
 
epoch= 110 	 time= 68.41969226201375 min 	 lr= 0.021089138373994242 	 loss= 0.11591332917913909 	 error= 3.7799712184749907 percent
accuracy on test set = 90.24999815225601 percent
 
epoch= 111 	 time= 69.03138124545416 min 	 lr= 0.02070177249301477 	 loss= 0.11341377174781869 	 error= 3.63970587930411 percent
accuracy on test set = 90.28999799489975 percent
 
epoch= 112 	 time= 69.72230885028839 min 	 lr= 0.0203154671353569 	 loss= 0.10929488119624002 	 error= 3.6209239069458166 percent
accuracy on test set = 90.2699983716011 percent
 
epoch= 113 	 time= 70.40956266323725 min 	 lr= 0.019930317616087205 	 loss= 0.10350056626188481 	 error= 3.3256074199286263 percent
accuracy on test set = 90.68999826908112 percent
 
epoch= 114 	 time= 71.10535618464152 min 	 lr= 0.019546418965086458 	 loss= 0.10549169217648409 	 error= 3.386349095712842 percent
accuracy on test set = 90.02999824285507 percent
 
epoch= 115 	 time= 71.80538309812546 min 	 lr= 0.019163865903602376 	 loss= 0.10347473952928772 	 error= 3.4091272317540007 percent
accuracy on test set = 90.09999823570251 percent
 
epoch= 116 	 time= 72.50216256380081 min 	 lr= 0.018782752820878643 	 loss= 0.09981688142032422 	 error= 3.3036285196728716 percent
accuracy on test set = 90.54999786615372 percent
 
epoch= 117 	 time= 73.19253177642823 min 	 lr= 0.01840317375086569 	 loss= 0.10029679194778737 	 error= 3.271659210209956 percent
accuracy on test set = 90.28999817371368 percent
 
epoch= 118 	 time= 73.88171358505885 min 	 lr= 0.018025222349019283 	 loss= 0.09646412279561657 	 error= 3.198929028132992 percent
accuracy on test set = 90.83999758958817 percent
 
epoch= 119 	 time= 74.58449962536494 min 	 lr= 0.017648991869192415 	 loss= 0.09249063418782733 	 error= 3.1078164992125137 percent
accuracy on test set = 90.87999802827835 percent
 
epoch= 120 	 time= 75.287613260746 min 	 lr= 0.017274575140626334 	 loss= 0.08876570692890898 	 error= 2.9215952624445376 percent
accuracy on test set = 89.72999805212021 percent
 
epoch= 121 	 time= 75.98317095041276 min 	 lr= 0.016902064545046273 	 loss= 0.08881857572004313 	 error= 2.914801781134837 percent
accuracy on test set = 90.25999802350998 percent
 
epoch= 122 	 time= 76.66359568039576 min 	 lr= 0.016531551993867726 	 loss= 0.08382650924479718 	 error= 2.67862851357521 percent
accuracy on test set = 90.84999799728394 percent
 
epoch= 123 	 time= 77.35778572161992 min 	 lr= 0.016163128905518586 	 loss= 0.08105532952186549 	 error= 2.649856132009755 percent
accuracy on test set = 90.48999786376953 percent
 
epoch= 124 	 time= 78.0444111863772 min 	 lr= 0.015796886182883066 	 loss= 0.07512201446935039 	 error= 2.4636349104859336 percent
accuracy on test set = 90.56999850273132 percent
 
epoch= 125 	 time= 78.72707908550898 min 	 lr= 0.015432914190872771 	 loss= 0.07247561223500068 	 error= 2.410086311037888 percent
accuracy on test set = 90.90999805927277 percent
 
epoch= 126 	 time= 79.41379459698994 min 	 lr= 0.01507130273413049 	 loss= 0.07437444090976587 	 error= 2.443254466556832 percent
accuracy on test set = 90.99999809265137 percent
 
epoch= 127 	 time= 80.12870607773463 min 	 lr= 0.01471214103487229 	 loss= 0.06860169114740304 	 error= 2.207880434782609 percent
accuracy on test set = 90.47999793291092 percent
 
epoch= 128 	 time= 80.8181195616722 min 	 lr= 0.014355517710873194 	 loss= 0.07469989604714429 	 error= 2.511588874680307 percent
accuracy on test set = 90.48999845981598 percent
 
epoch= 129 	 time= 81.50161218245825 min 	 lr= 0.01400152075360213 	 loss= 0.06850560851719069 	 error= 2.269021736081604 percent
accuracy on test set = 90.97999829053879 percent
 
epoch= 130 	 time= 82.18825680414835 min 	 lr= 0.01365023750651134 	 loss= 0.062439579988265284 	 error= 2.0652173882555167 percent
accuracy on test set = 90.79999816417694 percent
 
epoch= 131 	 time= 82.87898162603378 min 	 lr= 0.013301754643485679 	 loss= 0.06185071235117705 	 error= 2.0416400164289548 percent
accuracy on test set = 90.22999793291092 percent
 
epoch= 132 	 time= 83.56813810666402 min 	 lr= 0.012956158147457122 	 loss= 0.05825482154041148 	 error= 1.8997762056872667 percent
accuracy on test set = 90.25999784469604 percent
 
epoch= 133 	 time= 84.25349155664443 min 	 lr= 0.012613533289189816 	 loss= 0.05546692006118462 	 error= 1.8598145688586223 percent
accuracy on test set = 89.52999806404114 percent
 
epoch= 134 	 time= 84.93846187591552 min 	 lr= 0.012273964606240723 	 loss= 0.05387318746455948 	 error= 1.7255434752120387 percent
accuracy on test set = 91.19999814033508 percent
 
epoch= 135 	 time= 85.6412578701973 min 	 lr= 0.011937535882101285 	 loss= 0.05303905296908772 	 error= 1.7459239038969854 percent
accuracy on test set = 91.28999799489975 percent
 
epoch= 136 	 time= 86.3410987774531 min 	 lr= 0.011604330125525083 	 loss= 0.04671848517225679 	 error= 1.5089514005519544 percent
accuracy on test set = 91.18999809026718 percent
 
epoch= 137 	 time= 87.02596551179886 min 	 lr= 0.011274429550046707 	 loss= 0.04866938068605293 	 error= 1.5920716021067043 percent
accuracy on test set = 91.66999781131744 percent
 
epoch= 138 	 time= 87.72450176874797 min 	 lr= 0.010947915553696737 	 loss= 0.044202114171955895 	 error= 1.435821608204366 percent
accuracy on test set = 91.66999834775925 percent
 
epoch= 139 	 time= 88.43268328507742 min 	 lr= 0.01062486869891804 	 loss= 0.04110945310072064 	 error= 1.3019501248284069 percent
accuracy on test set = 91.19999819993973 percent
 
epoch= 140 	 time= 89.12401090860367 min 	 lr= 0.01030536869268818 	 loss= 0.03612778119771453 	 error= 1.1460997411966933 percent
accuracy on test set = 91.69999819993973 percent
 
epoch= 141 	 time= 89.81999560594559 min 	 lr= 0.009989494366852907 	 loss= 0.03471736597073505 	 error= 1.1201246772580744 percent
accuracy on test set = 91.62999814748764 percent
 
epoch= 142 	 time= 90.51132385333379 min 	 lr= 0.00967732365867559 	 loss= 0.031999220323684574 	 error= 0.9690696930946291 percent
accuracy on test set = 91.49999809265137 percent
 
epoch= 143 	 time= 91.21100430091222 min 	 lr= 0.009368933591607374 	 loss= 0.0346668593661712 	 error= 1.124120840940939 percent
accuracy on test set = 91.53999841213226 percent
 
epoch= 144 	 time= 91.90573178927103 min 	 lr= 0.00906440025628276 	 loss= 0.03286784060318452 	 error= 1.0290121483375958 percent
accuracy on test set = 91.45999789237976 percent
 
epoch= 145 	 time= 92.59735538562138 min 	 lr= 0.008763798791745414 	 loss= 0.03223565338022264 	 error= 1.0070332480818414 percent
accuracy on test set = 91.90999799966812 percent
 
epoch= 146 	 time= 93.29319580793381 min 	 lr= 0.00846720336690871 	 loss= 0.02815265718923734 	 error= 0.905131074168798 percent
accuracy on test set = 91.27999812364578 percent
 
epoch= 147 	 time= 93.99010799328487 min 	 lr= 0.008174687162255667 	 loss= 0.026956674230792333 	 error= 0.8675671294522103 percent
accuracy on test set = 91.47999799251556 percent
 
epoch= 148 	 time= 94.68498604695002 min 	 lr= 0.007886322351782785 	 loss= 0.0246041387645885 	 error= 0.7872442455242967 percent
accuracy on test set = 91.77999818325043 percent
 
epoch= 149 	 time= 95.37615810632705 min 	 lr= 0.007602180085192145 	 loss= 0.019598352165459215 	 error= 0.5974264705882353 percent
accuracy on test set = 92.3799979686737 percent
 
epoch= 150 	 time= 96.06591609319051 min 	 lr= 0.007322330470336316 	 loss= 0.021404131932560442 	 error= 0.6505754445215016 percent
accuracy on test set = 91.95999819040298 percent
 
epoch= 151 	 time= 96.77045356432596 min 	 lr= 0.007046842555920285 	 loss= 0.019932543255074327 	 error= 0.6094149616368286 percent
accuracy on test set = 92.0399980545044 percent
 
epoch= 152 	 time= 97.46958681344987 min 	 lr= 0.006775784314464719 	 loss= 0.017469705605898483 	 error= 0.497522378516624 percent
accuracy on test set = 92.25999814271927 percent
 
epoch= 153 	 time= 98.16251728534698 min 	 lr= 0.006509222625534758 	 loss= 0.018975000964272817 	 error= 0.5934303069053708 percent
accuracy on test set = 91.89999806880951 percent
 
epoch= 154 	 time= 98.85234458446503 min 	 lr= 0.006247223259238513 	 loss= 0.016010680614644304 	 error= 0.4847346516826269 percent
accuracy on test set = 92.18999797105789 percent
 
epoch= 155 	 time= 99.55451672871908 min 	 lr= 0.0059898508599992295 	 loss= 0.01381755551880659 	 error= 0.4088075417082023 percent
accuracy on test set = 92.22999793291092 percent
 
epoch= 156 	 time= 100.2502590974172 min 	 lr= 0.005737168930605274 	 loss= 0.014364181710478595 	 error= 0.4315856777493606 percent
accuracy on test set = 92.48999816179276 percent
 
epoch= 157 	 time= 100.94389918645223 min 	 lr= 0.005489239816541763 	 loss= 0.012797829533076805 	 error= 0.3336796675191816 percent
accuracy on test set = 92.38999819755554 percent
 
epoch= 158 	 time= 101.64400578737259 min 	 lr= 0.005246124690607742 	 loss= 0.012083921343316812 	 error= 0.35366048593350385 percent
accuracy on test set = 92.57999819517136 percent
 
epoch= 159 	 time= 102.34653131167094 min 	 lr= 0.005007883537822737 	 loss= 0.011683240942561717 	 error= 0.3528612501481 percent
accuracy on test set = 91.98999816179276 percent
 
epoch= 160 	 time= 103.03915855487188 min 	 lr= 0.004774575140626318 	 loss= 0.010699224015197639 	 error= 0.29571611253196933 percent
accuracy on test set = 92.35999804735184 percent
 
epoch= 161 	 time= 103.72753880421321 min 	 lr= 0.00454625706437442 	 loss= 0.00947470291067496 	 error= 0.24176790281329924 percent
accuracy on test set = 92.3599984049797 percent
 
epoch= 162 	 time= 104.4251812060674 min 	 lr= 0.004322985643135959 	 loss= 0.009291010675356363 	 error= 0.24576406649616367 percent
accuracy on test set = 92.58999836444855 percent
 
epoch= 163 	 time= 105.13882807493209 min 	 lr= 0.0041048159657932504 	 loss= 0.009431837857855709 	 error= 0.2537563938618926 percent
accuracy on test set = 92.48999840021133 percent
 
epoch= 164 	 time= 105.83170679012935 min 	 lr= 0.0038918018624496302 	 loss= 0.007508629723392484 	 error= 0.19581202046035803 percent
accuracy on test set = 92.50999808311462 percent
 
epoch= 165 	 time= 106.5263207912445 min 	 lr= 0.0036839958911477027 	 loss= 0.006887233989965885 	 error= 0.16783887468030692 percent
accuracy on test set = 92.15999817848206 percent
 
epoch= 166 	 time= 107.21799274682999 min 	 lr= 0.0034814493249014076 	 loss= 0.007307420853916032 	 error= 0.2157928388746803 percent
accuracy on test set = 92.73999810218811 percent
 
epoch= 167 	 time= 107.92192635933559 min 	 lr= 0.003284212139045219 	 loss= 0.006608662081619158 	 error= 0.1518542199488491 percent
accuracy on test set = 92.24999791383743 percent
 
epoch= 168 	 time= 108.61904519796371 min 	 lr= 0.003092332998903412 	 loss= 0.005311991157167403 	 error= 0.12308183838339412 percent
accuracy on test set = 92.68999809026718 percent
 
epoch= 169 	 time= 109.30971743265788 min 	 lr= 0.002905859247782665 	 loss= 0.005869326050705313 	 error= 0.1370684112734197 percent
accuracy on test set = 92.80999827384949 percent
 
epoch= 170 	 time= 109.99990579684575 min 	 lr= 0.0027248368952908068 	 loss= 0.005237835039005941 	 error= 0.10789641943734014 percent
accuracy on test set = 92.82999819517136 percent
 
epoch= 171 	 time= 110.6884522040685 min 	 lr= 0.002549310605984613 	 loss= 0.004675352348067114 	 error= 0.11508951101766524 percent
accuracy on test set = 92.7899980545044 percent
 
epoch= 172 	 time= 111.37942297458649 min 	 lr= 0.0023793236883495176 	 loss= 0.00436390817845407 	 error= 0.07792519181585678 percent
accuracy on test set = 92.56999838352203 percent
 
epoch= 173 	 time= 112.06279426018396 min 	 lr= 0.002214918084113875 	 loss= 0.004721444328803845 	 error= 0.09790601023017902 percent
accuracy on test set = 92.7199981212616 percent
 
epoch= 174 	 time= 112.74132126569748 min 	 lr= 0.0020561343579004786 	 loss= 0.0050507150864338175 	 error= 0.10989450127877239 percent
accuracy on test set = 92.86999833583832 percent
 
epoch= 175 	 time= 113.4336590329806 min 	 lr= 0.0019030116872178384 	 loss= 0.0043673157710415285 	 error= 0.079923273657289 percent
accuracy on test set = 92.58999848365784 percent
 
epoch= 176 	 time= 114.12789176305135 min 	 lr= 0.0017555878527937174 	 loss= 0.004214392031740654 	 error= 0.079923273657289 percent
accuracy on test set = 92.61999821662903 percent
 
epoch= 177 	 time= 114.8128455599149 min 	 lr= 0.0016138992292533167 	 loss= 0.004325267822181573 	 error= 0.079923273657289 percent
accuracy on test set = 92.8099981546402 percent
 
epoch= 178 	 time= 115.51369158426921 min 	 lr= 0.0014779807761443645 	 loss= 0.0034184401278453103 	 error= 0.0479539641943734 percent
accuracy on test set = 92.89999806880951 percent
 
epoch= 179 	 time= 116.21561242341996 min 	 lr= 0.0013478660293113683 	 loss= 0.003908697551901183 	 error= 0.07592710997442455 percent
accuracy on test set = 92.75999796390533 percent
 
epoch= 180 	 time= 116.91853827238083 min 	 lr= 0.0012235870926211624 	 loss= 0.0033689084935628467 	 error= 0.05394820971867007 percent
accuracy on test set = 92.93999832868576 percent
 
epoch= 181 	 time= 117.63069349527359 min 	 lr= 0.0011051746300417477 	 loss= 0.0035635457176755626 	 error= 0.06793478260869565 percent
accuracy on test set = 92.79999828338623 percent
 
epoch= 182 	 time= 118.3250249783198 min 	 lr= 0.0009926578580764268 	 loss= 0.003589809676447688 	 error= 0.06593670076726342 percent
accuracy on test set = 92.78999817371368 percent
 
epoch= 183 	 time= 119.01392300128937 min 	 lr= 0.0008860645385550515 	 loss= 0.003758901753105566 	 error= 0.06993286445012788 percent
accuracy on test set = 92.93999820947647 percent
 
epoch= 184 	 time= 119.71109277009964 min 	 lr= 0.0007854209717842264 	 loss= 0.003302186248315465 	 error= 0.05394820971867007 percent
accuracy on test set = 92.75999838113785 percent
 
epoch= 185 	 time= 120.40549147923788 min 	 lr= 0.0006907519900580866 	 loss= 0.0032050985051854932 	 error= 0.05195012787723786 percent
accuracy on test set = 92.95999830961227 percent
 
epoch= 186 	 time= 121.1175164937973 min 	 lr= 0.0006020809515313173 	 loss= 0.0028378135959982224 	 error= 0.0399616368286445 percent
accuracy on test set = 92.78999829292297 percent
 
epoch= 187 	 time= 121.80744146903356 min 	 lr= 0.0005194297344558538 	 loss= 0.0029506642114468717 	 error= 0.04395780051150895 percent
accuracy on test set = 92.68999809026718 percent
 
epoch= 188 	 time= 122.50686850150426 min 	 lr= 0.00044281873178278225 	 loss= 0.0031776849765216223 	 error= 0.0479539641943734 percent
accuracy on test set = 92.73999804258347 percent
 
epoch= 189 	 time= 123.20100512504578 min 	 lr= 0.0003722668461306535 	 loss= 0.003018329155219295 	 error= 0.04195971867007673 percent
accuracy on test set = 92.79999822378159 percent
 
epoch= 190 	 time= 123.89217042922974 min 	 lr= 0.0003077914851215587 	 loss= 0.002938813719269641 	 error= 0.0479539641943734 percent
accuracy on test set = 92.83999812602997 percent
 
epoch= 191 	 time= 124.58303117752075 min 	 lr= 0.00024940855708606175 	 loss= 0.0029998886710999872 	 error= 0.0399616368286445 percent
accuracy on test set = 92.93999826908112 percent
 
epoch= 192 	 time= 125.29765460093816 min 	 lr= 0.00019713246713805603 	 loss= 0.0028276576879708204 	 error= 0.04195971867007673 percent
accuracy on test set = 92.79999804496765 percent
 
epoch= 193 	 time= 125.99231975873312 min 	 lr= 0.00015097611362051023 	 loss= 0.002829708116095694 	 error= 0.02797314578005115 percent
accuracy on test set = 92.83999842405319 percent
 
epoch= 194 	 time= 126.68571050167084 min 	 lr= 0.00011095088492300018 	 loss= 0.0034035636088870407 	 error= 0.06593670076726342 percent
accuracy on test set = 92.80999839305878 percent
 
epoch= 195 	 time= 127.37714043458303 min 	 lr= 7.706665667180096e-05 	 loss= 0.0028915004596314236 	 error= 0.04595588235294117 percent
accuracy on test set = 93.00999826192856 percent
 
epoch= 196 	 time= 128.08456441164017 min 	 lr= 4.9331789293211064e-05 	 loss= 0.002841319505344419 	 error= 0.04195971867007673 percent
accuracy on test set = 92.7599983215332 percent
 
epoch= 197 	 time= 128.78231842915218 min 	 lr= 2.7753125950752432e-05 	 loss= 0.0028366296078123705 	 error= 0.0399616368286445 percent
accuracy on test set = 92.90999817848206 percent
 
epoch= 198 	 time= 129.47191845178605 min 	 lr= 1.2335990856710008e-05 	 loss= 0.0028184938689341287 	 error= 0.033967391304347824 percent
accuracy on test set = 92.88999825716019 percent
 
epoch= 199 	 time= 130.16057467063268 min 	 lr= 3.0841879584853094e-06 	 loss= 0.002728961877372411 	 error= 0.03596547314578005 percent
accuracy on test set = 92.83999794721603 percent
 
