nohup: ignoring input
Namespace(epoch=200, lr=0.05, model='vgg13', noise=None, resume=False, root='./data', type='train')
test mean and std: [tensor(0.4942), tensor(0.4851), tensor(0.4504)] [tensor(0.2467), tensor(0.2429), tensor(0.2616)]
train mean and std: [tensor(0.4914), tensor(0.4822), tensor(0.4465)] [tensor(0.2470), tensor(0.2435), tensor(0.2616)]
[33mThe trained model will be saved in: outputs/vgg13/0.5_norm[0m
epoch= 0 	 time= 0.6244336843490601 min 	 lr= 0.05 	 loss= 2.0588282706487515 	 error= 79.42814897088444 percent
accuracy on test set = 17.339999377727512 percent
 
epoch= 1 	 time= 1.3232887665430704 min 	 lr= 0.04999691581204152 	 loss= 1.6938781168149866 	 error= 65.89673913043478 percent
accuracy on test set = 35.4499990940094 percent
 
epoch= 2 	 time= 2.0186573028564454 min 	 lr= 0.04998766400914329 	 loss= 1.4409950117930732 	 error= 53.21091751918159 percent
accuracy on test set = 50.8999987244606 percent
 
epoch= 3 	 time= 2.710080369313558 min 	 lr= 0.049972246874049255 	 loss= 1.1906867771197462 	 error= 42.01966112531969 percent
accuracy on test set = 55.60999858379364 percent
 
epoch= 4 	 time= 3.4110968192418416 min 	 lr= 0.049950668210706796 	 loss= 1.027531936650386 	 error= 35.5574648246131 percent
accuracy on test set = 61.91999888420106 percent
 
epoch= 5 	 time= 4.084660001595815 min 	 lr= 0.04992293334332821 	 loss= 0.8956836696780855 	 error= 30.324088871631478 percent
accuracy on test set = 64.02999860048294 percent
 
epoch= 6 	 time= 4.759661916891734 min 	 lr= 0.04988904911507701 	 loss= 0.8202500479757938 	 error= 27.449648337595907 percent
accuracy on test set = 68.20999819040298 percent
 
epoch= 7 	 time= 5.473537139097849 min 	 lr= 0.049849023886379504 	 loss= 0.7591596564368519 	 error= 25.02597506393862 percent
accuracy on test set = 72.39999824762344 percent
 
epoch= 8 	 time= 6.169823694229126 min 	 lr= 0.04980286753286196 	 loss= 0.7077415693751381 	 error= 23.00591432225064 percent
accuracy on test set = 69.25999850034714 percent
 
epoch= 9 	 time= 6.853297587235769 min 	 lr= 0.049750591442913945 	 loss= 0.6607396275643498 	 error= 21.55970267932433 percent
accuracy on test set = 71.90999847650528 percent
 
epoch= 10 	 time= 7.578095897038778 min 	 lr= 0.049692208514878454 	 loss= 0.6163659313755572 	 error= 19.995204597482903 percent
accuracy on test set = 73.6399981379509 percent
 
epoch= 11 	 time= 8.262729958693187 min 	 lr= 0.049627733153869355 	 loss= 0.5766719418870824 	 error= 18.76198849104859 percent
accuracy on test set = 77.07999795675278 percent
 
epoch= 12 	 time= 8.95159860054652 min 	 lr= 0.049557181268217225 	 loss= 0.5604035422167815 	 error= 18.121403455734253 percent
accuracy on test set = 77.93999791145325 percent
 
epoch= 13 	 time= 9.635128355026245 min 	 lr= 0.04948057026554415 	 loss= 0.5452238415055872 	 error= 17.820891943734015 percent
accuracy on test set = 74.30999809503555 percent
 
epoch= 14 	 time= 10.317581335703531 min 	 lr= 0.04939791904846869 	 loss= 0.5152213399672447 	 error= 16.71155689622435 percent
accuracy on test set = 76.26999843120575 percent
 
epoch= 15 	 time= 11.002826885382335 min 	 lr= 0.04930924800994192 	 loss= 0.5098978476908506 	 error= 16.34111253501814 percent
accuracy on test set = 74.2599983215332 percent
 
epoch= 16 	 time= 11.68332699139913 min 	 lr= 0.049214579028215785 	 loss= 0.4884201885031922 	 error= 15.665361247099268 percent
accuracy on test set = 78.5399979352951 percent
 
epoch= 17 	 time= 12.362806880474091 min 	 lr= 0.04911393546144496 	 loss= 0.47522114358289774 	 error= 15.356857407733301 percent
accuracy on test set = 79.20999819040298 percent
 
epoch= 18 	 time= 13.06638605594635 min 	 lr= 0.049007342141923586 	 loss= 0.46720386420369453 	 error= 14.948049866025102 percent
accuracy on test set = 79.17999809980392 percent
 
epoch= 19 	 time= 13.79703311920166 min 	 lr= 0.04889482536995826 	 loss= 0.45564544749686786 	 error= 14.820572253688216 percent
accuracy on test set = 79.7999981045723 percent
 
epoch= 20 	 time= 14.48760913213094 min 	 lr= 0.04877641290737885 	 loss= 0.4528171549672666 	 error= 14.447330559611016 percent
accuracy on test set = 76.04999852180481 percent
 
epoch= 21 	 time= 15.159038333098094 min 	 lr= 0.04865213397068864 	 loss= 0.4339112662674521 	 error= 13.95899935451615 percent
accuracy on test set = 80.1199979186058 percent
 
epoch= 22 	 time= 15.83044261932373 min 	 lr= 0.04852201922385564 	 loss= 0.42394911697910875 	 error= 13.724024933012549 percent
accuracy on test set = 80.16999822854996 percent
 
epoch= 23 	 time= 16.508187099297842 min 	 lr= 0.04838610077074669 	 loss= 0.4112836261234625 	 error= 13.192934773462204 percent
accuracy on test set = 82.19999796152115 percent
 
epoch= 24 	 time= 17.20207414229711 min 	 lr= 0.04824441214720629 	 loss= 0.3982593659549723 	 error= 12.826886186209482 percent
accuracy on test set = 79.16999793052673 percent
 
epoch= 25 	 time= 17.89881093899409 min 	 lr= 0.048096988312782175 	 loss= 0.4006995294633729 	 error= 12.894820968818177 percent
accuracy on test set = 73.52999830245972 percent
 
epoch= 26 	 time= 18.577905209859214 min 	 lr= 0.04794386564209953 	 loss= 0.3908582392632199 	 error= 12.557944373401533 percent
accuracy on test set = 82.66999793052673 percent
 
epoch= 27 	 time= 19.251833498477936 min 	 lr= 0.04778508191588613 	 loss= 0.39166059263069614 	 error= 12.629076083907693 percent
accuracy on test set = 79.64999771118164 percent
 
epoch= 28 	 time= 19.954473547140758 min 	 lr= 0.04762067631165049 	 loss= 0.38203363577880517 	 error= 12.428868289493844 percent
accuracy on test set = 81.97999775409698 percent
 
epoch= 29 	 time= 20.63544822136561 min 	 lr= 0.047450689394015394 	 loss= 0.3755211202461091 	 error= 12.054427749360613 percent
accuracy on test set = 77.28999817371368 percent
 
epoch= 30 	 time= 21.330413476626077 min 	 lr= 0.0472751631047092 	 loss= 0.37107401971926773 	 error= 11.850223776019748 percent
accuracy on test set = 78.15999799966812 percent
 
epoch= 31 	 time= 21.992052459716795 min 	 lr= 0.04709414075221735 	 loss= 0.3663633239010106 	 error= 11.675191809759115 percent
accuracy on test set = 80.31999778747559 percent
 
epoch= 32 	 time= 22.65512856642405 min 	 lr= 0.046907667001096595 	 loss= 0.35517609188013977 	 error= 11.501358689554513 percent
accuracy on test set = 77.8199982047081 percent
 
epoch= 33 	 time= 23.321350808938345 min 	 lr= 0.04671578786095479 	 loss= 0.3659121518016166 	 error= 11.773097819989294 percent
accuracy on test set = 81.94999778270721 percent
 
epoch= 34 	 time= 23.98998954296112 min 	 lr= 0.0465185506750986 	 loss= 0.3415888535320911 	 error= 11.192854850188546 percent
accuracy on test set = 77.44999808073044 percent
 
epoch= 35 	 time= 24.664293972651162 min 	 lr= 0.04631600410885232 	 loss= 0.34253741400626003 	 error= 11.090153455734253 percent
accuracy on test set = 80.03999799489975 percent
 
epoch= 36 	 time= 25.343889816602072 min 	 lr= 0.04610819813755039 	 loss= 0.34333539390198103 	 error= 11.118126601514303 percent
accuracy on test set = 80.25999796390533 percent
 
epoch= 37 	 time= 26.0453825990359 min 	 lr= 0.045895184034206775 	 loss= 0.3447454270651883 	 error= 11.006633628664723 percent
accuracy on test set = 81.62999814748764 percent
 
epoch= 38 	 time= 26.710422190030418 min 	 lr= 0.04567701435686406 	 loss= 0.3314646626143809 	 error= 10.758871480327128 percent
accuracy on test set = 80.22999811172485 percent
 
epoch= 39 	 time= 27.37738984823227 min 	 lr= 0.0454537429356256 	 loss= 0.32163729345249703 	 error= 10.43078644806162 percent
accuracy on test set = 83.1999979019165 percent
 
epoch= 40 	 time= 28.075818490982055 min 	 lr= 0.045225424859373704 	 loss= 0.32485633385379603 	 error= 10.439577995968596 percent
accuracy on test set = 80.40999788045883 percent
 
epoch= 41 	 time= 28.752097590764365 min 	 lr= 0.04499211646217729 	 loss= 0.3182269266956603 	 error= 10.297314574956285 percent
accuracy on test set = 81.34999763965607 percent
 
epoch= 42 	 time= 29.429749929904936 min 	 lr= 0.044753875309392274 	 loss= 0.3197675316839877 	 error= 10.345668149421282 percent
accuracy on test set = 83.74999785423279 percent
 
epoch= 43 	 time= 30.122224867343903 min 	 lr= 0.044510760183458266 	 loss= 0.31288538564501517 	 error= 10.101102944225302 percent
accuracy on test set = 79.36999773979187 percent
 
epoch= 44 	 time= 30.810038550694784 min 	 lr= 0.044262831069394756 	 loss= 0.3162097728923154 	 error= 10.193414319201809 percent
accuracy on test set = 83.06999814510345 percent
 
epoch= 45 	 time= 31.475180741151174 min 	 lr= 0.0440101491400008 	 loss= 0.29985223598111316 	 error= 9.763027487508475 percent
accuracy on test set = 80.71999776363373 percent
 
epoch= 46 	 time= 32.13727246522903 min 	 lr= 0.043752776740761515 	 loss= 0.30000077702505207 	 error= 9.770620204603581 percent
accuracy on test set = 80.75999826192856 percent
 
epoch= 47 	 time= 32.818432009220125 min 	 lr= 0.04349077737446526 	 loss= 0.30385870494119954 	 error= 9.828964188275739 percent
accuracy on test set = 79.94999772310257 percent
 
epoch= 48 	 time= 33.48422488768895 min 	 lr= 0.043224215685535305 	 loss= 0.30170191397599855 	 error= 9.740648976982097 percent
accuracy on test set = 81.89999806880951 percent
 
epoch= 49 	 time= 34.14970530668894 min 	 lr= 0.04295315744407974 	 loss= 0.2910871050318184 	 error= 9.318654082925118 percent
accuracy on test set = 82.41999769210815 percent
 
epoch= 50 	 time= 34.821217056115465 min 	 lr= 0.0426776695296637 	 loss= 0.2881476262684368 	 error= 9.369005754475705 percent
accuracy on test set = 77.2899980545044 percent
 
epoch= 51 	 time= 35.50467689037323 min 	 lr= 0.04239781991480787 	 loss= 0.28268737479320266 	 error= 9.063698843007199 percent
accuracy on test set = 82.1699977517128 percent
 
epoch= 52 	 time= 36.20176527897517 min 	 lr= 0.04211367764821723 	 loss= 0.2723040491190103 	 error= 8.771579283887467 percent
accuracy on test set = 83.72999745607376 percent
 
epoch= 53 	 time= 36.863843417167665 min 	 lr= 0.04182531283774434 	 loss= 0.2837822497119684 	 error= 9.261109335038363 percent
accuracy on test set = 78.45999771356583 percent
 
epoch= 54 	 time= 37.556014291445415 min 	 lr= 0.041532796633091305 	 loss= 0.2823894715979886 	 error= 9.171595262444537 percent
accuracy on test set = 80.9699981212616 percent
 
epoch= 55 	 time= 38.233554391066235 min 	 lr= 0.0412362012082546 	 loss= 0.26879676117006773 	 error= 8.800351665452922 percent
accuracy on test set = 85.06999772787094 percent
 
epoch= 56 	 time= 38.9195011138916 min 	 lr= 0.04093559974371725 	 loss= 0.27394459045985164 	 error= 8.88906648701719 percent
accuracy on test set = 82.97999799251556 percent
 
epoch= 57 	 time= 39.61713502407074 min 	 lr= 0.04063106640839264 	 loss= 0.2710144814970853 	 error= 8.767982730475229 percent
accuracy on test set = 82.32999789714813 percent
 
epoch= 58 	 time= 40.28577091693878 min 	 lr= 0.04032267634132442 	 loss= 0.2674267802892439 	 error= 8.785166231262714 percent
accuracy on test set = 81.70999765396118 percent
 
epoch= 59 	 time= 40.96532169183095 min 	 lr= 0.040010505633147106 	 loss= 0.26115365029143556 	 error= 8.460278126894666 percent
accuracy on test set = 83.1199979186058 percent
 
epoch= 60 	 time= 41.63448603153229 min 	 lr= 0.03969463130731184 	 loss= 0.25906052118372125 	 error= 8.430306899273182 percent
accuracy on test set = 84.42999792098999 percent
 
epoch= 61 	 time= 42.31055352687836 min 	 lr= 0.03937513130108197 	 loss= 0.25379362050682075 	 error= 8.200527487508475 percent
accuracy on test set = 84.1699977517128 percent
 
epoch= 62 	 time= 43.00001669327418 min 	 lr= 0.03905208444630328 	 loss= 0.2554398701166558 	 error= 8.210118286445013 percent
accuracy on test set = 84.76999789476395 percent
 
epoch= 63 	 time= 43.72791630824407 min 	 lr= 0.038725570449953305 	 loss= 0.25069162477274687 	 error= 8.264466106434307 percent
accuracy on test set = 83.21999800205231 percent
 
epoch= 64 	 time= 44.434118370215096 min 	 lr= 0.03839566987447492 	 loss= 0.24702132767652307 	 error= 8.085038366220186 percent
accuracy on test set = 80.91999810934067 percent
 
epoch= 65 	 time= 45.12606143951416 min 	 lr= 0.03806246411789873 	 loss= 0.23622053349033342 	 error= 7.784926464490573 percent
accuracy on test set = 83.59999793767929 percent
 
epoch= 66 	 time= 45.8175122777621 min 	 lr= 0.037726035393759294 	 loss= 0.2384338396246476 	 error= 7.736972500296201 percent
accuracy on test set = 81.78999775648117 percent
 
epoch= 67 	 time= 46.51137290795644 min 	 lr= 0.0373864667108102 	 loss= 0.2432272744072063 	 error= 7.798513427109974 percent
accuracy on test set = 83.56999790668488 percent
 
epoch= 68 	 time= 47.20585489273071 min 	 lr= 0.03704384185254289 	 loss= 0.23903554077724667 	 error= 7.835677746311783 percent
accuracy on test set = 85.54999762773514 percent
 
epoch= 69 	 time= 47.89195838371913 min 	 lr= 0.03669824535651435 	 loss= 0.23396703214063058 	 error= 7.510789641943734 percent
accuracy on test set = 84.68999803066254 percent
 
epoch= 70 	 time= 48.561748516559604 min 	 lr= 0.03634976249348868 	 loss= 0.2248436335255118 	 error= 7.361732739621721 percent
accuracy on test set = 83.85999792814255 percent
 
epoch= 71 	 time= 49.23780682484309 min 	 lr= 0.03599847924639789 	 loss= 0.22201352438810842 	 error= 7.200287720736336 percent
accuracy on test set = 82.58999812602997 percent
 
epoch= 72 	 time= 49.927610166867574 min 	 lr= 0.03564448228912683 	 loss= 0.2247621760991833 	 error= 7.19988811046571 percent
accuracy on test set = 83.84999781847 percent
 
epoch= 73 	 time= 50.59290420611699 min 	 lr= 0.03528785896512774 	 loss= 0.22090753194544932 	 error= 7.303788366220186 percent
accuracy on test set = 84.67999774217606 percent
 
epoch= 74 	 time= 51.259413011868794 min 	 lr= 0.03492869726586953 	 loss= 0.22096223805261694 	 error= 7.141544111549397 percent
accuracy on test set = 82.46999800205231 percent
 
epoch= 75 	 time= 51.95577971935272 min 	 lr= 0.03456708580912726 	 loss= 0.21927087581561655 	 error= 7.197090792838874 percent
accuracy on test set = 86.01999771595001 percent
 
epoch= 76 	 time= 52.63920458952586 min 	 lr= 0.03420311381711697 	 loss= 0.21659734629837754 	 error= 6.9765025544959265 percent
accuracy on test set = 84.06999778747559 percent
 
epoch= 77 	 time= 53.32891392707825 min 	 lr= 0.03383687109448145 	 loss= 0.2034263266893604 	 error= 6.551310732541486 percent
accuracy on test set = 86.07999801635742 percent
 
epoch= 78 	 time= 54.01088964144389 min 	 lr= 0.03346844800613231 	 loss= 0.2117189159593009 	 error= 6.893382352941177 percent
accuracy on test set = 85.27999806404114 percent
 
epoch= 79 	 time= 54.67277695735296 min 	 lr= 0.03309793545495376 	 loss= 0.20230735938453004 	 error= 6.475383622567062 percent
accuracy on test set = 81.83999764919281 percent
 
epoch= 80 	 time= 55.334792415301 min 	 lr= 0.03272542485937371 	 loss= 0.19880520958272394 	 error= 6.399856138107417 percent
accuracy on test set = 84.81999808549881 percent
 
epoch= 81 	 time= 55.99682719310125 min 	 lr= 0.03235100813080762 	 loss= 0.20293238637087596 	 error= 6.600463558036044 percent
accuracy on test set = 83.40999776124954 percent
 
epoch= 82 	 time= 56.680750588576 min 	 lr= 0.03197477765098076 	 loss= 0.19822534724422122 	 error= 6.369085674700529 percent
accuracy on test set = 85.4199982881546 percent
 
epoch= 83 	 time= 57.34407066106796 min 	 lr= 0.03159682624913434 	 loss= 0.1943032065277819 	 error= 6.254795399468269 percent
accuracy on test set = 82.00999796390533 percent
 
epoch= 84 	 time= 58.008186046282454 min 	 lr= 0.031217247179121384 	 loss= 0.18593758866762566 	 error= 6.222026854219949 percent
accuracy on test set = 85.89999800920486 percent
 
epoch= 85 	 time= 58.680651009082794 min 	 lr= 0.03083613409639766 	 loss= 0.19207126188956564 	 error= 6.289961636828645 percent
accuracy on test set = 85.08999800682068 percent
 
epoch= 86 	 time= 59.35604212284088 min 	 lr= 0.03045358103491359 	 loss= 0.17519887204251022 	 error= 5.796035796480106 percent
accuracy on test set = 85.15999805927277 percent
 
epoch= 87 	 time= 60.045367153485614 min 	 lr= 0.03006968238391284 	 loss= 0.1744179180477891 	 error= 5.579443737064176 percent
accuracy on test set = 84.98999798297882 percent
 
epoch= 88 	 time= 60.71506443421046 min 	 lr= 0.029684532864643145 	 loss= 0.17604843185990668 	 error= 5.7660645688586225 percent
accuracy on test set = 84.77999806404114 percent
 
epoch= 89 	 time= 61.379290167490645 min 	 lr= 0.02929822750698526 	 loss= 0.1697268077765432 	 error= 5.608216103385477 percent
accuracy on test set = 85.6899978518486 percent
 
epoch= 90 	 time= 62.079905486106874 min 	 lr= 0.028910861626005795 	 loss= 0.1712571136615313 	 error= 5.7149136767667885 percent
accuracy on test set = 85.0299978852272 percent
 
epoch= 91 	 time= 62.772245065371195 min 	 lr= 0.028522530798439593 	 loss= 0.17070352385187393 	 error= 5.617806902322013 percent
accuracy on test set = 85.94999778270721 percent
 
epoch= 92 	 time= 63.43884551525116 min 	 lr= 0.028133330839107632 	 loss= 0.16039467665850354 	 error= 5.197810105350621 percent
accuracy on test set = 81.66999787092209 percent
 
epoch= 93 	 time= 64.12169470389684 min 	 lr= 0.027743357777276153 	 loss= 0.1626681616277341 	 error= 5.314098462424314 percent
accuracy on test set = 82.09999787807465 percent
 
epoch= 94 	 time= 64.79978215297064 min 	 lr= 0.027352707832962876 	 loss= 0.15988153461700358 	 error= 5.3117007703122585 percent
accuracy on test set = 84.67999792098999 percent
 
epoch= 95 	 time= 65.48729875087739 min 	 lr= 0.026961477393196143 	 loss= 0.16158696933818595 	 error= 5.268142580071373 percent
accuracy on test set = 83.27999782562256 percent
 
epoch= 96 	 time= 66.16352875232697 min 	 lr= 0.026569762988232853 	 loss= 0.15685450359988395 	 error= 5.151054987212277 percent
accuracy on test set = 85.93999803066254 percent
 
epoch= 97 	 time= 66.84670818249384 min 	 lr= 0.02617766126774108 	 loss= 0.14962533407885095 	 error= 4.977621477278297 percent
accuracy on test set = 85.47999793291092 percent
 
epoch= 98 	 time= 67.52095775206884 min 	 lr= 0.025785268976953223 	 loss= 0.14220250768544118 	 error= 4.620364453176708 percent
accuracy on test set = 83.1799978017807 percent
 
epoch= 99 	 time= 68.18446371555328 min 	 lr= 0.02539268293279553 	 loss= 0.14266014096262813 	 error= 4.544437343202284 percent
accuracy on test set = 86.98999756574631 percent
 
epoch= 100 	 time= 68.87787954807281 min 	 lr= 0.025000000000000012 	 loss= 0.14224156969800936 	 error= 4.689897692112057 percent
accuracy on test set = 86.48999810218811 percent
 
epoch= 101 	 time= 69.56644934415817 min 	 lr= 0.0246073170672045 	 loss= 0.13710274617842702 	 error= 4.429747442455243 percent
accuracy on test set = 84.84999793767929 percent
 
epoch= 102 	 time= 70.2788547873497 min 	 lr= 0.024214731023046804 	 loss= 0.1363331039562402 	 error= 4.400975060889787 percent
accuracy on test set = 86.3699979186058 percent
 
epoch= 103 	 time= 70.95584701299667 min 	 lr= 0.023822338732258946 	 loss= 0.13130741898456347 	 error= 4.356617650107655 percent
accuracy on test set = 87.15999799966812 percent
 
epoch= 104 	 time= 71.63391734361649 min 	 lr= 0.023430237011767177 	 loss= 0.1318552191071498 	 error= 4.373001915109737 percent
accuracy on test set = 85.5899983048439 percent
 
epoch= 105 	 time= 72.31842855612437 min 	 lr= 0.02303852260680389 	 loss= 0.12808290639382494 	 error= 4.2267423304145595 percent
accuracy on test set = 84.4499980211258 percent
 
epoch= 106 	 time= 72.9985555211703 min 	 lr= 0.022647292167037154 	 loss= 0.12827102249235753 	 error= 4.216352295692619 percent
accuracy on test set = 85.24999797344208 percent
 
epoch= 107 	 time= 73.69035597642262 min 	 lr= 0.02225664222272388 	 loss= 0.1229381910179887 	 error= 4.0900735294117645 percent
accuracy on test set = 85.85999798774719 percent
 
epoch= 108 	 time= 74.35778829654058 min 	 lr= 0.02186666916089241 	 loss= 0.1255808156984084 	 error= 4.046115728900255 percent
accuracy on test set = 83.22999781370163 percent
 
epoch= 109 	 time= 75.02036757866541 min 	 lr= 0.02147746920156045 	 loss= 0.11813121999297148 	 error= 3.851502554495926 percent
accuracy on test set = 85.37999790906906 percent
 
epoch= 110 	 time= 75.71410873730977 min 	 lr= 0.021089138373994242 	 loss= 0.11388948221531366 	 error= 3.7547953903217755 percent
accuracy on test set = 85.13999801874161 percent
 
epoch= 111 	 time= 76.37663416862488 min 	 lr= 0.02070177249301477 	 loss= 0.10736309166264046 	 error= 3.488251269625886 percent
accuracy on test set = 84.66999769210815 percent
 
epoch= 112 	 time= 77.03813655376435 min 	 lr= 0.0203154671353569 	 loss= 0.11270702801301809 	 error= 3.7559942363778043 percent
accuracy on test set = 84.37999790906906 percent
 
epoch= 113 	 time= 77.7206268509229 min 	 lr= 0.019930317616087205 	 loss= 0.10928588398182026 	 error= 3.6548912982501647 percent
accuracy on test set = 84.76999777555466 percent
 
epoch= 114 	 time= 78.38263597091039 min 	 lr= 0.019546418965086458 	 loss= 0.10019992301454934 	 error= 3.282049229687742 percent
accuracy on test set = 84.85999804735184 percent
 
epoch= 115 	 time= 79.06813694238663 min 	 lr= 0.019163865903602376 	 loss= 0.10255738359678279 	 error= 3.3335997472943553 percent
accuracy on test set = 87.09999817609787 percent
 
epoch= 116 	 time= 79.76051497856776 min 	 lr= 0.018782752820878643 	 loss= 0.09719632121989184 	 error= 3.2225063847153996 percent
accuracy on test set = 86.58999788761139 percent
 
epoch= 117 	 time= 80.45032916466396 min 	 lr= 0.01840317375086569 	 loss= 0.09279723645990615 	 error= 2.998321608204366 percent
accuracy on test set = 86.57999819517136 percent
 
epoch= 118 	 time= 81.12333962519963 min 	 lr= 0.018025222349019283 	 loss= 0.08810813490139402 	 error= 2.9611572890025575 percent
accuracy on test set = 88.38999801874161 percent
 
epoch= 119 	 time= 81.8140817006429 min 	 lr= 0.017648991869192415 	 loss= 0.09083236324722352 	 error= 2.89442135244989 percent
accuracy on test set = 88.01999807357788 percent
 
epoch= 120 	 time= 82.50590647061667 min 	 lr= 0.017274575140626334 	 loss= 0.08923885529227268 	 error= 2.9355818353345633 percent
accuracy on test set = 87.18999809026718 percent
 
epoch= 121 	 time= 83.16588989893596 min 	 lr= 0.016902064545046273 	 loss= 0.08455602940924638 	 error= 2.824888098270387 percent
accuracy on test set = 86.17999786138535 percent
 
epoch= 122 	 time= 83.84929116169612 min 	 lr= 0.016531551993867726 	 loss= 0.0827471731930895 	 error= 2.726982088040208 percent
accuracy on test set = 85.95999819040298 percent
 
epoch= 123 	 time= 84.5303889632225 min 	 lr= 0.016163128905518586 	 loss= 0.07921468603241322 	 error= 2.601902167815382 percent
accuracy on test set = 85.55999773740768 percent
 
epoch= 124 	 time= 85.21648484071096 min 	 lr= 0.015796886182883066 	 loss= 0.08070889777977906 	 error= 2.6186860583322433 percent
accuracy on test set = 87.08999812602997 percent
 
epoch= 125 	 time= 85.89453092813491 min 	 lr= 0.015432914190872771 	 loss= 0.0756055735947226 	 error= 2.478420719161363 percent
accuracy on test set = 86.04999804496765 percent
 
epoch= 126 	 time= 86.55358772277832 min 	 lr= 0.01507130273413049 	 loss= 0.0727786160862583 	 error= 2.384910482884673 percent
accuracy on test set = 86.23999792337418 percent
 
epoch= 127 	 time= 87.24568791389466 min 	 lr= 0.01471214103487229 	 loss= 0.06458404849347708 	 error= 2.0871962885112714 percent
accuracy on test set = 87.14999788999557 percent
 
epoch= 128 	 time= 87.9049584945043 min 	 lr= 0.014355517710873194 	 loss= 0.06717688806564606 	 error= 2.1791080532171536 percent
accuracy on test set = 85.51999807357788 percent
 
epoch= 129 	 time= 88.59017619291942 min 	 lr= 0.01400152075360213 	 loss= 0.0639220094665542 	 error= 2.129156007181348 percent
accuracy on test set = 85.39999800920486 percent
 
epoch= 130 	 time= 89.2777639667193 min 	 lr= 0.01365023750651134 	 loss= 0.06516380127414566 	 error= 2.1395460266591337 percent
accuracy on test set = 86.84999787807465 percent
 
epoch= 131 	 time= 89.94310957590739 min 	 lr= 0.013301754643485679 	 loss= 0.06396669080800108 	 error= 2.120364444030215 percent
accuracy on test set = 86.27999770641327 percent
 
epoch= 132 	 time= 90.63593462705612 min 	 lr= 0.012956158147457122 	 loss= 0.056528201488697014 	 error= 1.8546195591197294 percent
accuracy on test set = 86.46999806165695 percent
 
epoch= 133 	 time= 91.31442643801371 min 	 lr= 0.012613533289189816 	 loss= 0.05597532901655682 	 error= 1.8046675130839236 percent
accuracy on test set = 87.94999808073044 percent
 
epoch= 134 	 time= 91.97845531702042 min 	 lr= 0.012273964606240723 	 loss= 0.0513313457827129 	 error= 1.6795875928590973 percent
accuracy on test set = 86.71999794244766 percent
 
epoch= 135 	 time= 92.6716609676679 min 	 lr= 0.011937535882101285 	 loss= 0.050069231568547465 	 error= 1.624440537084399 percent
accuracy on test set = 87.11999815702438 percent
 
epoch= 136 	 time= 93.3597109913826 min 	 lr= 0.011604330125525083 	 loss= 0.05196917523413211 	 error= 1.7435262117849286 percent
accuracy on test set = 88.01999819278717 percent
 
epoch= 137 	 time= 94.03453249136606 min 	 lr= 0.011274429550046707 	 loss= 0.04266973725184227 	 error= 1.3894661155808004 percent
accuracy on test set = 87.49999779462814 percent
 
epoch= 138 	 time= 94.71404430468877 min 	 lr= 0.010947915553696737 	 loss= 0.04488456998106159 	 error= 1.4030530629560465 percent
accuracy on test set = 87.4699981212616 percent
 
epoch= 139 	 time= 95.37168547312419 min 	 lr= 0.01062486869891804 	 loss= 0.039516803748962825 	 error= 1.2587915601023019 percent
accuracy on test set = 86.66999810934067 percent
 
epoch= 140 	 time= 95.96493227879206 min 	 lr= 0.01030536869268818 	 loss= 0.0391346296948164 	 error= 1.2587915601023019 percent
accuracy on test set = 88.20999836921692 percent
 
epoch= 141 	 time= 96.54976048469544 min 	 lr= 0.009989494366852907 	 loss= 0.036285898602946336 	 error= 1.1580882322452868 percent
accuracy on test set = 87.32999789714813 percent
 
epoch= 142 	 time= 97.13842913707097 min 	 lr= 0.00967732365867559 	 loss= 0.03502118134933055 	 error= 1.152893222506394 percent
accuracy on test set = 87.98999798297882 percent
 
epoch= 143 	 time= 97.72608427206676 min 	 lr= 0.009368933591607374 	 loss= 0.031145049230483793 	 error= 0.9810581841432224 percent
accuracy on test set = 87.67999798059464 percent
 
epoch= 144 	 time= 98.3157021164894 min 	 lr= 0.00906440025628276 	 loss= 0.030737673966190242 	 error= 0.9930466751918159 percent
accuracy on test set = 88.00999796390533 percent
 
epoch= 145 	 time= 98.89580032428105 min 	 lr= 0.008763798791745414 	 loss= 0.02582349862112566 	 error= 0.8555786384036168 percent
accuracy on test set = 88.35999810695648 percent
 
epoch= 146 	 time= 99.48495825529099 min 	 lr= 0.00846720336690871 	 loss= 0.03428470204129358 	 error= 1.0889546035805626 percent
accuracy on test set = 89.0199978351593 percent
 
epoch= 147 	 time= 100.08509756326676 min 	 lr= 0.008174687162255667 	 loss= 0.02693097375314254 	 error= 0.8351982097186701 percent
accuracy on test set = 88.1199979186058 percent
 
epoch= 148 	 time= 100.6794534087181 min 	 lr= 0.007886322351782785 	 loss= 0.024813660977841795 	 error= 0.7832480818414321 percent
accuracy on test set = 87.9599980711937 percent
 
epoch= 149 	 time= 101.2673224846522 min 	 lr= 0.007602180085192145 	 loss= 0.025695325035001614 	 error= 0.8184143192018085 percent
accuracy on test set = 89.1999980211258 percent
 
epoch= 150 	 time= 101.85772575934728 min 	 lr= 0.007322330470336316 	 loss= 0.0259635958027409 	 error= 0.8292039641943734 percent
accuracy on test set = 88.34999805688858 percent
 
epoch= 151 	 time= 102.43662226994833 min 	 lr= 0.007046842555920285 	 loss= 0.021852774316888025 	 error= 0.6645620174115271 percent
accuracy on test set = 87.96999806165695 percent
 
epoch= 152 	 time= 103.02954920132954 min 	 lr= 0.006775784314464719 	 loss= 0.01853171116231805 	 error= 0.5294916879795396 percent
accuracy on test set = 88.85999792814255 percent
 
epoch= 153 	 time= 103.62026519378027 min 	 lr= 0.006509222625534758 	 loss= 0.01815686521627714 	 error= 0.5534686700767263 percent
accuracy on test set = 88.75999808311462 percent
 
epoch= 154 	 time= 104.20577737490336 min 	 lr= 0.006247223259238513 	 loss= 0.015042473966984646 	 error= 0.43997761538571406 percent
accuracy on test set = 88.27999818325043 percent
 
epoch= 155 	 time= 104.79251814285914 min 	 lr= 0.0059898508599992295 	 loss= 0.013680213179243991 	 error= 0.4056106138107417 percent
accuracy on test set = 88.89999812841415 percent
 
epoch= 156 	 time= 105.37458259264628 min 	 lr= 0.005737168930605274 	 loss= 0.014836284272429888 	 error= 0.4315856777493606 percent
accuracy on test set = 89.09999817609787 percent
 
epoch= 157 	 time= 105.96074498891831 min 	 lr= 0.005489239816541763 	 loss= 0.013671253076599686 	 error= 0.3676470588235294 percent
accuracy on test set = 89.12999802827835 percent
 
epoch= 158 	 time= 106.54050332307816 min 	 lr= 0.005246124690607742 	 loss= 0.012431838729506945 	 error= 0.36365089514066495 percent
accuracy on test set = 87.95999813079834 percent
 
epoch= 159 	 time= 107.1254416624705 min 	 lr= 0.005007883537822737 	 loss= 0.012045440830938194 	 error= 0.35366048593350385 percent
accuracy on test set = 87.85999792814255 percent
 
epoch= 160 	 time= 107.70773065884909 min 	 lr= 0.004774575140626318 	 loss= 0.011244625474809838 	 error= 0.319693094629156 percent
accuracy on test set = 87.74999779462814 percent
 
epoch= 161 	 time= 108.32570264339446 min 	 lr= 0.00454625706437442 	 loss= 0.009642286048106411 	 error= 0.265744884910486 percent
accuracy on test set = 89.18999809026718 percent
 
epoch= 162 	 time= 108.90641012589137 min 	 lr= 0.004322985643135959 	 loss= 0.009025611875095235 	 error= 0.24176790281329924 percent
accuracy on test set = 88.72999793291092 percent
 
epoch= 163 	 time= 109.51758686701457 min 	 lr= 0.0041048159657932504 	 loss= 0.010089888388667341 	 error= 0.2717391304347826 percent
accuracy on test set = 88.08999800682068 percent
 
epoch= 164 	 time= 110.11480161746343 min 	 lr= 0.0038918018624496302 	 loss= 0.008379239388896377 	 error= 0.23697250334503095 percent
accuracy on test set = 88.15999817848206 percent
 
epoch= 165 	 time= 110.70468999147415 min 	 lr= 0.0036839958911477027 	 loss= 0.008510944516876775 	 error= 0.23097825782073428 percent
accuracy on test set = 89.11999815702438 percent
 
epoch= 166 	 time= 111.29612549940745 min 	 lr= 0.0034814493249014076 	 loss= 0.006939109424343499 	 error= 0.1758312020460358 percent
accuracy on test set = 89.55999779701233 percent
 
epoch= 167 	 time= 111.92529931863149 min 	 lr= 0.003284212139045219 	 loss= 0.006836866003299213 	 error= 0.16783887468030692 percent
accuracy on test set = 89.92999804019928 percent
 
epoch= 168 	 time= 112.5291464249293 min 	 lr= 0.003092332998903412 	 loss= 0.007292198803266296 	 error= 0.18582161125319693 percent
accuracy on test set = 89.47999793291092 percent
 
epoch= 169 	 time= 113.122418653965 min 	 lr= 0.002905859247782665 	 loss= 0.0061110836010702585 	 error= 0.1438618925831202 percent
accuracy on test set = 89.12999814748764 percent
 
epoch= 170 	 time= 113.71467068592708 min 	 lr= 0.0027248368952908068 	 loss= 0.005552118660196129 	 error= 0.12587915601023017 percent
accuracy on test set = 89.1899978518486 percent
 
epoch= 171 	 time= 114.30403627157212 min 	 lr= 0.002549310605984613 	 loss= 0.005035919450518802 	 error= 0.12388107416879796 percent
accuracy on test set = 89.01999795436859 percent
 
epoch= 172 	 time= 114.89086668491363 min 	 lr= 0.0023793236883495176 	 loss= 0.005358547040754382 	 error= 0.12987531969309463 percent
accuracy on test set = 88.68999832868576 percent
 
epoch= 173 	 time= 115.48970987399419 min 	 lr= 0.002214918084113875 	 loss= 0.004930707811832885 	 error= 0.09390984654731457 percent
accuracy on test set = 88.7499982714653 percent
 
epoch= 174 	 time= 116.0895925561587 min 	 lr= 0.0020561343579004786 	 loss= 0.004164371969978637 	 error= 0.08391943734015346 percent
accuracy on test set = 88.87999784946442 percent
 
epoch= 175 	 time= 116.67660645246505 min 	 lr= 0.0019030116872178384 	 loss= 0.0035172559206595507 	 error= 0.06593670076726342 percent
accuracy on test set = 89.00999808311462 percent
 
epoch= 176 	 time= 117.26198854446412 min 	 lr= 0.0017555878527937174 	 loss= 0.004598673823696878 	 error= 0.09910485628620742 percent
accuracy on test set = 89.23999810218811 percent
 
epoch= 177 	 time= 117.84765730698903 min 	 lr= 0.0016138992292533167 	 loss= 0.004276931471646289 	 error= 0.07792519181585678 percent
accuracy on test set = 89.57999807596207 percent
 
epoch= 178 	 time= 118.43740179141362 min 	 lr= 0.0014779807761443645 	 loss= 0.0037311858502323825 	 error= 0.06194053708439898 percent
accuracy on test set = 89.12999814748764 percent
 
epoch= 179 	 time= 119.03113651672999 min 	 lr= 0.0013478660293113683 	 loss= 0.0037841400276879063 	 error= 0.07392902813299233 percent
accuracy on test set = 89.2499982714653 percent
 
epoch= 180 	 time= 119.61967437664667 min 	 lr= 0.0012235870926211624 	 loss= 0.0037068318363631626 	 error= 0.05794437340153453 percent
accuracy on test set = 89.47999811172485 percent
 
epoch= 181 	 time= 120.20692469676335 min 	 lr= 0.0011051746300417477 	 loss= 0.0037773439655904573 	 error= 0.0583439836721591 percent
accuracy on test set = 89.07999813556671 percent
 
epoch= 182 	 time= 120.82001983722051 min 	 lr= 0.0009926578580764268 	 loss= 0.0034879909481738917 	 error= 0.04595588235294117 percent
accuracy on test set = 88.98999834060669 percent
 
epoch= 183 	 time= 121.40556974013647 min 	 lr= 0.0008860645385550515 	 loss= 0.003659875188713603 	 error= 0.0639386189258312 percent
accuracy on test set = 88.9199982881546 percent
 
epoch= 184 	 time= 122.00724755525589 min 	 lr= 0.0007854209717842264 	 loss= 0.0036996849700915713 	 error= 0.06593670076726342 percent
accuracy on test set = 89.10999804735184 percent
 
epoch= 185 	 time= 122.59928318659465 min 	 lr= 0.0006907519900580866 	 loss= 0.0036479574220274072 	 error= 0.05794437340153453 percent
accuracy on test set = 89.40999805927277 percent
 
epoch= 186 	 time= 123.19014236132304 min 	 lr= 0.0006020809515313173 	 loss= 0.0038137990828601125 	 error= 0.079923273657289 percent
accuracy on test set = 89.22999823093414 percent
 
epoch= 187 	 time= 123.78170127471289 min 	 lr= 0.0005194297344558538 	 loss= 0.0034740147936512785 	 error= 0.04195971867007673 percent
accuracy on test set = 89.38999819755554 percent
 
epoch= 188 	 time= 124.36508426268895 min 	 lr= 0.00044281873178278225 	 loss= 0.0032751559710982817 	 error= 0.05514705577469847 percent
accuracy on test set = 89.16999822854996 percent
 
epoch= 189 	 time= 124.97207985321681 min 	 lr= 0.0003722668461306535 	 loss= 0.003092279594898929 	 error= 0.033967391304347824 percent
accuracy on test set = 89.32999795675278 percent
 
epoch= 190 	 time= 125.57530967791875 min 	 lr= 0.0003077914851215587 	 loss= 0.0031624136659640658 	 error= 0.037963554987212274 percent
accuracy on test set = 89.15999847650528 percent
 
epoch= 191 	 time= 126.16822998921076 min 	 lr= 0.00024940855708606175 	 loss= 0.0032725848618994856 	 error= 0.0479539641943734 percent
accuracy on test set = 89.44999819993973 percent
 
epoch= 192 	 time= 126.7605424841245 min 	 lr= 0.00019713246713805603 	 loss= 0.003233054446180344 	 error= 0.04595588235294117 percent
accuracy on test set = 89.45999825000763 percent
 
epoch= 193 	 time= 127.35501319567362 min 	 lr= 0.00015097611362051023 	 loss= 0.003116834923015226 	 error= 0.04395780051150895 percent
accuracy on test set = 89.47999811172485 percent
 
epoch= 194 	 time= 127.94785659710566 min 	 lr= 0.00011095088492300018 	 loss= 0.003304245723935459 	 error= 0.05394820971867007 percent
accuracy on test set = 89.15999817848206 percent
 
epoch= 195 	 time= 128.54144837856293 min 	 lr= 7.706665667180096e-05 	 loss= 0.0031575649873117734 	 error= 0.04995204603580563 percent
accuracy on test set = 89.16999804973602 percent
 
epoch= 196 	 time= 129.12810289859772 min 	 lr= 4.9331789293211064e-05 	 loss= 0.0027574698010202296 	 error= 0.02797314578005115 percent
accuracy on test set = 89.31999814510345 percent
 
epoch= 197 	 time= 129.7189881046613 min 	 lr= 2.7753125950752432e-05 	 loss= 0.003160311837199494 	 error= 0.04995204603580563 percent
accuracy on test set = 89.49999803304672 percent
 
epoch= 198 	 time= 130.33446971575418 min 	 lr= 1.2335990856710008e-05 	 loss= 0.003282706953508927 	 error= 0.05394820971867007 percent
accuracy on test set = 89.34999811649323 percent
 
epoch= 199 	 time= 130.92662379741668 min 	 lr= 3.0841879584853094e-06 	 loss= 0.002972707544784526 	 error= 0.04195971867007673 percent
accuracy on test set = 89.38999807834625 percent
 
